00:00:01 : Lost Connection!
﻿00:00:01 : Closing socket & exiting!
﻿00:00:34 : Rcon client logging in
﻿00:00:34 : RCon admin #0 (127.0.0.1:53433) logged in
﻿02:55:00 : RCon admin #0: (Global) AUTO SERVER RESTART IN 5 MINUTES
﻿02:57:00 : RCon admin #0: (Global) AUTO SERVER RESTART IN 3 MINUTES
﻿02:59:00 : RCon admin #0: (Global) AUTO SERVER RESTART IN 1 MINUTE
﻿02:59:30 : RCon admin #0: (Global) AUTO SERVER RESTART IN 30 SECONDS! - LOG OUT NOW OR YOU MAY LOSE YOUR GEAR
﻿03:00:01 : Lost Connection!
﻿03:00:01 : Closing socket & exiting!
﻿03:00:33 : Rcon client logging in
﻿03:00:34 : RCon admin #0 (127.0.0.1:51268) logged in
﻿05:55:00 : RCon admin #0: (Global) AUTO SERVER RESTART IN 5 MINUTES
﻿05:57:00 : RCon admin #0: (Global) AUTO SERVER RESTART IN 3 MINUTES
﻿05:59:00 : RCon admin #0: (Global) AUTO SERVER RESTART IN 1 MINUTE
﻿05:59:30 : RCon admin #0: (Global) AUTO SERVER RESTART IN 30 SECONDS! - LOG OUT NOW OR YOU MAY LOSE YOUR GEAR
﻿06:00:02 : Lost Connection!
﻿06:00:02 : Closing socket & exiting!
﻿06:00:34 : Rcon client logging in
﻿06:00:34 : RCon admin #0 (127.0.0.1:49325) logged in
﻿08:55:00 : RCon admin #0: (Global) AUTO SERVER RESTART IN 5 MINUTES
﻿08:57:00 : RCon admin #0: (Global) AUTO SERVER RESTART IN 3 MINUTES
﻿08:59:00 : RCon admin #0: (Global) AUTO SERVER RESTART IN 1 MINUTE
﻿08:59:30 : RCon admin #0: (Global) AUTO SERVER RESTART IN 30 SECONDS! - LOG OUT NOW OR YOU MAY LOSE YOUR GEAR
﻿09:00:01 : Lost Connection!
﻿09:00:01 : Closing socket & exiting!
﻿09:00:34 : Rcon client logging in
﻿09:00:34 : RCon admin #0 (127.0.0.1:53884) logged in
﻿11:55:00 : RCon admin #0: (Global) AUTO SERVER RESTART IN 5 MINUTES
﻿11:57:00 : RCon admin #0: (Global) AUTO SERVER RESTART IN 3 MINUTES
﻿11:59:00 : RCon admin #0: (Global) AUTO SERVER RESTART IN 1 MINUTE
﻿11:59:30 : RCon admin #0: (Global) AUTO SERVER RESTART IN 30 SECONDS! - LOG OUT NOW OR YOU MAY LOSE YOUR GEAR
﻿12:00:01 : Lost Connection!
﻿12:00:01 : Closing socket & exiting!
﻿12:00:34 : Rcon client logging in
﻿12:00:34 : RCon admin #0 (127.0.0.1:64768) logged in
﻿14:55:00 : RCon admin #0: (Global) AUTO SERVER RESTART IN 5 MINUTES
﻿14:57:00 : RCon admin #0: (Global) AUTO SERVER RESTART IN 3 MINUTES
﻿14:59:00 : RCon admin #0: (Global) AUTO SERVER RESTART IN 1 MINUTE
﻿14:59:30 : RCon admin #0: (Global) AUTO SERVER RESTART IN 30 SECONDS! - LOG OUT NOW OR YOU MAY LOSE YOUR GEAR
﻿15:00:01 : Lost Connection!
﻿15:00:01 : Closing socket & exiting!
﻿15:00:34 : Rcon client logging in
﻿15:00:34 : RCon admin #0 (127.0.0.1:58878) logged in
﻿16:37:31 : Player #0 Mist (122.106.162.172:2304) connected
﻿16:37:32 : Player #0 Mist - GUID: d43966d0a56434cc4e46dcbd390ce9dd (unverified)
﻿16:37:32 : Verified GUID (d43966d0a56434cc4e46dcbd390ce9dd) of player #0 Mist
﻿16:37:33 : Player #0 Mist - Legacy GUID: 120f1d0d1e0c3868438416a1512268b7
﻿16:38:43 : Player #1 iConnorN (108.18.107.95:4446) connected
﻿16:38:43 : Player #1 iConnorN - GUID: e38ca0239fe347ee94010856ee3d349f (unverified)
﻿16:38:44 : Verified GUID (e38ca0239fe347ee94010856ee3d349f) of player #1 iConnorN
﻿16:38:45 : Player #1 iConnorN - Legacy GUID: 013c22835fcd45c286edd9a006ea863a
﻿16:42:07 : Player #2 Noodlehax (60.242.154.121:2304) connected
﻿16:42:09 : Player #2 Noodlehax - GUID: 1b58aaf79339b864cacd93c0d565e46c (unverified)
﻿16:42:09 : Verified GUID (1b58aaf79339b864cacd93c0d565e46c) of player #2 Noodlehax
﻿16:42:09 : Player #2 Noodlehax - Legacy GUID: 7498d2df99c4cc9ab84f52fb07c0a8dd
﻿16:44:10 : RCon admin #0: (To Noodlehax) BEC : You have about 60 seconds left to join the mission.
﻿16:58:56 : Player #3 Ron Jeremy (72.208.171.215:2304) connected
﻿16:58:57 : Player #3 Ron Jeremy - GUID: 0fc5f881e0f006794fff4a7a4ceef459 (unverified)
﻿16:58:57 : Verified GUID (0fc5f881e0f006794fff4a7a4ceef459) of player #3 Ron Jeremy
﻿16:58:58 : Player #3 Ron Jeremy disconnected
﻿17:15:05 : Player #3 satan (107.134.193.58:2304) connected
﻿17:15:07 : Player #3 satan - GUID: 0c7a3ea74e946e92f515a75fd3a8858f (unverified)
﻿17:15:07 : Verified GUID (0c7a3ea74e946e92f515a75fd3a8858f) of player #3 satan
﻿17:15:07 : Player #3 satan - Legacy GUID: 267f73542f9729198d886e28a9ba8862
﻿17:15:08 : Player #3 satan disconnected
﻿17:23:28 : Player #1 iConnorN disconnected
﻿17:24:45 : Player #0 Mist disconnected
﻿17:25:19 : Player #2 Noodlehax disconnected
﻿17:55:00 : RCon admin #0: (Global) AUTO SERVER RESTART IN 5 MINUTES
﻿17:57:00 : RCon admin #0: (Global) AUTO SERVER RESTART IN 3 MINUTES
﻿17:59:00 : RCon admin #0: (Global) AUTO SERVER RESTART IN 1 MINUTE
﻿17:59:30 : RCon admin #0: (Global) AUTO SERVER RESTART IN 30 SECONDS! - LOG OUT NOW OR YOU MAY LOSE YOUR GEAR
﻿18:00:01 : Lost Connection!
﻿18:00:01 : Closing socket & exiting!
﻿18:00:34 : Rcon client logging in
﻿18:00:34 : RCon admin #0 (127.0.0.1:62689) logged in
﻿20:32:08 : Player #0 iConnorN (108.18.107.95:2604) connected
﻿20:32:09 : Player #0 iConnorN - GUID: e38ca0239fe347ee94010856ee3d349f (unverified)
﻿20:32:09 : Verified GUID (e38ca0239fe347ee94010856ee3d349f) of player #0 iConnorN
﻿20:32:09 : Player #0 iConnorN - Legacy GUID: 013c22835fcd45c286edd9a006ea863a
﻿20:46:29 : Player #0 iConnorN disconnected
﻿20:49:44 : Player #0 iConnorN (108.18.107.95:2304) connected
﻿20:49:45 : Player #0 iConnorN - GUID: e38ca0239fe347ee94010856ee3d349f (unverified)
﻿20:49:45 : Verified GUID (e38ca0239fe347ee94010856ee3d349f) of player #0 iConnorN
﻿20:49:46 : Player #0 iConnorN - Legacy GUID: 013c22835fcd45c286edd9a006ea863a
﻿20:55:00 : RCon admin #0: (Global) AUTO SERVER RESTART IN 5 MINUTES
﻿20:57:00 : RCon admin #0: (Global) AUTO SERVER RESTART IN 3 MINUTES
﻿20:59:00 : RCon admin #0: (Global) AUTO SERVER RESTART IN 1 MINUTE
﻿20:59:30 : RCon admin #0: (Global) AUTO SERVER RESTART IN 30 SECONDS! - LOG OUT NOW OR YOU MAY LOSE YOUR GEAR
﻿21:00:01 : Lost Connection!
﻿21:00:01 : Closing socket & exiting!
﻿21:00:34 : Rcon client logging in
﻿21:00:34 : RCon admin #0 (127.0.0.1:59257) logged in
﻿21:04:16 : Player #0 Mist (122.106.162.172:2304) connected
﻿21:04:17 : Player #0 Mist - GUID: d43966d0a56434cc4e46dcbd390ce9dd (unverified)
﻿21:04:18 : Verified GUID (d43966d0a56434cc4e46dcbd390ce9dd) of player #0 Mist
﻿21:04:18 : Player #0 Mist - Legacy GUID: 120f1d0d1e0c3868438416a1512268b7
﻿21:04:31 : Player #1 iConnorN (108.18.107.95:2304) connected
﻿21:04:32 : Player #1 iConnorN - GUID: e38ca0239fe347ee94010856ee3d349f (unverified)
﻿21:04:32 : Verified GUID (e38ca0239fe347ee94010856ee3d349f) of player #1 iConnorN
﻿21:04:33 : Player #1 iConnorN - Legacy GUID: 013c22835fcd45c286edd9a006ea863a
﻿21:10:49 : Player #1 iConnorN disconnected
﻿21:12:01 : Player #1 iConnorN (108.18.107.95:2304) connected
﻿21:12:02 : Player #1 iConnorN - GUID: e38ca0239fe347ee94010856ee3d349f (unverified)
﻿21:12:02 : Verified GUID (e38ca0239fe347ee94010856ee3d349f) of player #1 iConnorN
﻿21:12:03 : Player #1 iConnorN - Legacy GUID: 013c22835fcd45c286edd9a006ea863a
﻿21:12:30 : Player #0 Mist (d43966d0a56434cc4e46dcbd390ce9dd) has been kicked by BattlEye: Client not responding
﻿21:12:54 : Player #1 iConnorN disconnected
﻿21:13:22 : Player #0 Mist (122.106.162.172:2304) connected
﻿21:13:23 : Player #0 Mist - GUID: d43966d0a56434cc4e46dcbd390ce9dd (unverified)
﻿21:13:24 : Verified GUID (d43966d0a56434cc4e46dcbd390ce9dd) of player #0 Mist
﻿21:13:24 : Player #0 Mist - Legacy GUID: 120f1d0d1e0c3868438416a1512268b7
﻿21:13:40 : Player #1 iConnorN (108.18.107.95:2174) connected
﻿21:13:40 : Player #1 iConnorN - GUID: e38ca0239fe347ee94010856ee3d349f (unverified)
﻿21:13:41 : Verified GUID (e38ca0239fe347ee94010856ee3d349f) of player #1 iConnorN
﻿21:13:42 : Player #1 iConnorN - Legacy GUID: 013c22835fcd45c286edd9a006ea863a
﻿21:51:20 : Player #0 Mist disconnected
﻿21:52:11 : Player #0 Mist (122.106.162.172:2304) connected
﻿21:52:12 : Player #0 Mist - GUID: d43966d0a56434cc4e46dcbd390ce9dd (unverified)
﻿21:52:12 : Verified GUID (d43966d0a56434cc4e46dcbd390ce9dd) of player #0 Mist
﻿21:52:13 : Player #0 Mist - Legacy GUID: 120f1d0d1e0c3868438416a1512268b7
﻿22:30:00 : Player #2 AVDPiXELS (122.106.147.141:2304) connected
﻿22:30:01 : Player #2 AVDPiXELS - GUID: 9eb5ab5e675818b887f95b90ffb4cbf9 (unverified)
﻿22:30:02 : Verified GUID (9eb5ab5e675818b887f95b90ffb4cbf9) of player #2 AVDPiXELS
﻿22:30:03 : Player #2 AVDPiXELS - Legacy GUID: 2719b3b8d3863484fd32cef9fdbfb4b6
﻿22:34:02 : Player #3 paynekiller (70.52.228.198:61577) connected
﻿22:34:03 : Player #3 paynekiller - GUID: 97809b5e1d79f5030484edde46703c36 (unverified)
﻿22:34:03 : Verified GUID (97809b5e1d79f5030484edde46703c36) of player #3 paynekiller
﻿22:34:04 : Player #3 paynekiller disconnected
﻿22:35:03 : Player #3 Fufflz (72.252.28.236:2304) connected
﻿22:35:04 : Player #3 Fufflz - GUID: 19e0e4be1e9a4666ddf34a253583d1c4 (unverified)
﻿22:35:05 : Verified GUID (19e0e4be1e9a4666ddf34a253583d1c4) of player #3 Fufflz
﻿22:35:06 : Player #3 Fufflz disconnected
﻿23:01:10 : Player #2 AVDPiXELS disconnected
﻿23:10:41 : Player #0 Mist disconnected
﻿23:10:46 : Player #1 iConnorN disconnected
﻿23:55:00 : RCon admin #0: (Global) AUTO SERVER RESTART IN 5 MINUTES
﻿23:57:00 : RCon admin #0: (Global) AUTO SERVER RESTART IN 3 MINUTES
﻿23:59:00 : RCon admin #0: (Global) AUTO SERVER RESTART IN 1 MINUTE
﻿23:59:30 : RCon admin #0: (Global) AUTO SERVER RESTART IN 30 SECONDS! - LOG OUT NOW OR YOU MAY LOSE YOUR GEAR
