17:08:50 : Lost Connection!
﻿17:08:50 : Closing socket & exiting!
﻿17:09:24 : Rcon client logging in
﻿17:09:24 : RCon admin #0 (127.0.0.1:63228) logged in
﻿17:09:53 : Closing socket & exiting!
﻿17:13:51 : Rcon client logging in
﻿17:13:51 : RCon admin #0 (127.0.0.1:58465) logged in
﻿17:18:14 : Player #0 iConnorN (108.18.107.95:2304) connected
﻿17:18:15 : Player #0 iConnorN - GUID: e38ca0239fe347ee94010856ee3d349f (unverified)
﻿17:18:15 : Verified GUID (e38ca0239fe347ee94010856ee3d349f) of player #0 iConnorN
﻿17:18:15 : Player #0 iConnorN - Legacy GUID: 013c22835fcd45c286edd9a006ea863a
﻿17:19:57 : Player #0 iConnorN disconnected
﻿17:20:06 : Player #0 iConnorN (108.18.107.95:2304) connected
﻿17:20:07 : Player #0 iConnorN - GUID: e38ca0239fe347ee94010856ee3d349f (unverified)
﻿17:20:07 : Verified GUID (e38ca0239fe347ee94010856ee3d349f) of player #0 iConnorN
﻿17:20:07 : Player #0 iConnorN - Legacy GUID: 013c22835fcd45c286edd9a006ea863a
﻿17:20:52 : Player #0 iConnorN disconnected
﻿17:22:05 : Player #0 iConnorN (108.18.107.95:2304) connected
﻿17:22:06 : Player #0 iConnorN - GUID: e38ca0239fe347ee94010856ee3d349f (unverified)
﻿17:22:06 : Verified GUID (e38ca0239fe347ee94010856ee3d349f) of player #0 iConnorN
﻿17:22:07 : Player #0 iConnorN - Legacy GUID: 013c22835fcd45c286edd9a006ea863a
﻿17:28:15 : Player #1 Ayzerr (86.45.245.224:2304) connected
﻿17:28:16 : Player #1 Ayzerr - GUID: d842b56617216edff01a64989c7b4612 (unverified)
﻿17:28:16 : Verified GUID (d842b56617216edff01a64989c7b4612) of player #1 Ayzerr
﻿17:28:17 : Player #1 Ayzerr - Legacy GUID: a25d60ea1262ccb50f759a0c90319762
﻿17:30:08 : Player #2 Gav (188.141.13.253:2304) connected
﻿17:30:09 : Player #2 Gav - GUID: 6861b02307ec6f5e46050c7082f68a2d (unverified)
﻿17:30:09 : Verified GUID (6861b02307ec6f5e46050c7082f68a2d) of player #2 Gav
﻿17:30:10 : Player #2 Gav - Legacy GUID: 383aa8b51c53aca37ba4ff0435bd22c6
﻿17:36:55 : Player #3 NcA (66.31.45.174:2304) connected
﻿17:36:56 : Player #3 NcA - GUID: 004e52e117c4353b9126ff8cae92894b (unverified)
﻿17:36:56 : Verified GUID (004e52e117c4353b9126ff8cae92894b) of player #3 NcA
﻿17:36:57 : Player #3 NcA - Legacy GUID: 0b47253664861c70f6399123e9106d52
﻿17:48:17 : Player #4 Naz (85.152.129.167:2306) connected
﻿17:48:18 : Player #4 Naz - GUID: 707381fb37f79a218396c82290d3a9c0 (unverified)
﻿17:48:18 : Verified GUID (707381fb37f79a218396c82290d3a9c0) of player #4 Naz
﻿17:48:19 : Player #4 Naz - Legacy GUID: b46d5a060a653deae0347ee16cc0eb58
﻿17:50:25 : Player #0 iConnorN disconnected
﻿17:53:52 : Player #0 iConnorN (108.18.107.95:2304) connected
﻿17:53:53 : Player #0 iConnorN - GUID: e38ca0239fe347ee94010856ee3d349f (unverified)
﻿17:53:53 : Verified GUID (e38ca0239fe347ee94010856ee3d349f) of player #0 iConnorN
﻿17:53:54 : Player #0 iConnorN - Legacy GUID: 013c22835fcd45c286edd9a006ea863a
﻿17:55:00 : RCon admin #0: (Global) AUTO SERVER RESTART IN 5 MINUTES
﻿17:56:57 : Player #5 Devin (216.164.56.45:2304) connected
﻿17:56:59 : Player #5 Devin - GUID: 70d0226d5fe225de9b766952171301bb (unverified)
﻿17:56:59 : Verified GUID (70d0226d5fe225de9b766952171301bb) of player #5 Devin
﻿17:56:59 : Player #5 Devin - Legacy GUID: 493138e0bd15927af73605234a5a90a5
﻿17:57:00 : RCon admin #0: (Global) AUTO SERVER RESTART IN 3 MINUTES
﻿17:59:00 : RCon admin #0: (Global) AUTO SERVER RESTART IN 1 MINUTE
﻿17:59:11 : Player #5 Devin disconnected
﻿17:59:13 : Player #1 Ayzerr disconnected
﻿17:59:30 : RCon admin #0: (Global) AUTO SERVER RESTART IN 30 SECONDS! - LOG OUT NOW OR YOU MAY LOSE YOUR GEAR
﻿17:59:49 : Player #4 Naz disconnected
﻿18:00:23 : RCon admin #0: (To NcA) BEC : You have about 60 seconds left to join the mission.
﻿18:00:27 : Lost Connection!
﻿18:00:27 : Closing socket & exiting!
﻿18:01:25 : Rcon client logging in
﻿18:01:25 : RCon admin #0 (127.0.0.1:55105) logged in
﻿18:02:05 : Player #0 Naz (85.152.129.167:2306) connected
﻿18:02:06 : Player #0 Naz - GUID: 707381fb37f79a218396c82290d3a9c0 (unverified)
﻿18:02:06 : Verified GUID (707381fb37f79a218396c82290d3a9c0) of player #0 Naz
﻿18:02:07 : Player #0 Naz - Legacy GUID: b46d5a060a653deae0347ee16cc0eb58
﻿18:03:25 : Player #1 Devin (216.164.56.45:2304) connected
﻿18:03:26 : Player #1 Devin - GUID: 70d0226d5fe225de9b766952171301bb (unverified)
﻿18:03:26 : Verified GUID (70d0226d5fe225de9b766952171301bb) of player #1 Devin
﻿18:03:27 : Player #1 Devin - Legacy GUID: 493138e0bd15927af73605234a5a90a5
﻿18:03:53 : Player #2 Ayzerr (86.45.245.224:2304) connected
﻿18:03:54 : Player #2 Ayzerr - GUID: d842b56617216edff01a64989c7b4612 (unverified)
﻿18:03:54 : Verified GUID (d842b56617216edff01a64989c7b4612) of player #2 Ayzerr
﻿18:03:55 : Player #2 Ayzerr - Legacy GUID: a25d60ea1262ccb50f759a0c90319762
﻿18:04:08 : Player #0 Naz disconnected
﻿18:04:28 : Player #0 Gav (188.141.13.253:2304) connected
﻿18:04:29 : Player #0 Gav - GUID: 6861b02307ec6f5e46050c7082f68a2d (unverified)
﻿18:04:29 : Verified GUID (6861b02307ec6f5e46050c7082f68a2d) of player #0 Gav
﻿18:04:31 : Player #0 Gav - Legacy GUID: 383aa8b51c53aca37ba4ff0435bd22c6
﻿18:05:12 : Player #3 iConnorN (108.18.107.95:2304) connected
﻿18:05:13 : Player #3 iConnorN - GUID: e38ca0239fe347ee94010856ee3d349f (unverified)
﻿18:05:13 : Verified GUID (e38ca0239fe347ee94010856ee3d349f) of player #3 iConnorN
﻿18:05:14 : Player #3 iConnorN - Legacy GUID: 013c22835fcd45c286edd9a006ea863a
﻿18:06:15 : Player #4 Ali G. (90.210.248.176:2304) connected
﻿18:06:16 : Player #4 Ali G. - GUID: e61d2ab0252931ad70102a59f6174578 (unverified)
﻿18:06:17 : Verified GUID (e61d2ab0252931ad70102a59f6174578) of player #4 Ali G.
﻿18:06:17 : Player #4 Ali G. disconnected
﻿18:06:23 : Player #4 NcA (66.31.45.174:2304) connected
﻿18:06:23 : Player #4 NcA - GUID: 004e52e117c4353b9126ff8cae92894b (unverified)
﻿18:06:24 : Verified GUID (004e52e117c4353b9126ff8cae92894b) of player #4 NcA
﻿18:06:25 : Player #4 NcA - Legacy GUID: 0b47253664861c70f6399123e9106d52
﻿18:07:28 : Player #5 Ali G. (90.210.248.176:2304) connected
﻿18:07:29 : Player #5 Ali G. - GUID: e61d2ab0252931ad70102a59f6174578 (unverified)
﻿18:07:29 : Verified GUID (e61d2ab0252931ad70102a59f6174578) of player #5 Ali G.
﻿18:07:29 : Player #5 Ali G. disconnected
﻿18:08:44 : Player #5 Ali G. (90.210.248.176:2304) connected
﻿18:08:45 : Player #5 Ali G. - GUID: e61d2ab0252931ad70102a59f6174578 (unverified)
﻿18:08:45 : Verified GUID (e61d2ab0252931ad70102a59f6174578) of player #5 Ali G.
﻿18:08:45 : Player #5 Ali G. disconnected
﻿18:16:11 : Player #5 Tubenstulle (178.8.74.183:2304) connected
﻿18:16:13 : Player #5 Tubenstulle - GUID: 1e56ecd50b434231e0bda25b72e1e655 (unverified)
﻿18:16:13 : Verified GUID (1e56ecd50b434231e0bda25b72e1e655) of player #5 Tubenstulle
﻿18:16:14 : Player #5 Tubenstulle - Legacy GUID: 4e9dca8f2b33fe87a0b7723b6ec7c96c
﻿18:17:16 : Player #5 Tubenstulle (1e56ecd50b434231e0bda25b72e1e655) has been kicked by BattlEye: Client not responding
﻿18:17:59 : Player #5 Tubenstulle (188.103.96.163:2304) connected
﻿18:18:00 : Player #5 Tubenstulle - GUID: 1e56ecd50b434231e0bda25b72e1e655 (unverified)
﻿18:18:01 : Player #5 Tubenstulle - Legacy GUID: 4e9dca8f2b33fe87a0b7723b6ec7c96c
﻿18:18:23 : Verified GUID (1e56ecd50b434231e0bda25b72e1e655) of player #5 Tubenstulle
﻿18:18:50 : Player #6 Ali G. (90.210.248.176:2304) connected
﻿18:18:51 : Player #6 Ali G. - GUID: e61d2ab0252931ad70102a59f6174578 (unverified)
﻿18:18:52 : Verified GUID (e61d2ab0252931ad70102a59f6174578) of player #6 Ali G.
﻿18:18:52 : Player #6 Ali G. - Legacy GUID: 7c02950eee0c8cc0c763e89f2a7c4c93
﻿18:19:01 : Player #6 Ali G. disconnected
﻿18:19:49 : Player #6 crygaming (71.9.179.131:2304) connected
﻿18:19:52 : Player #6 crygaming - GUID: 14b25d4620f08105e76ea26476cb7d30 (unverified)
﻿18:19:52 : Verified GUID (14b25d4620f08105e76ea26476cb7d30) of player #6 crygaming
﻿18:19:53 : Player #6 crygaming - Legacy GUID: 99468cd9b00058319f44df4f45a526da
﻿18:19:57 : Player #7 Peahead (90.210.248.176:2304) connected
﻿18:19:58 : Player #7 Peahead - GUID: e61d2ab0252931ad70102a59f6174578 (unverified)
﻿18:19:58 : Verified GUID (e61d2ab0252931ad70102a59f6174578) of player #7 Peahead
﻿18:19:59 : Player #7 Peahead - Legacy GUID: 7c02950eee0c8cc0c763e89f2a7c4c93
﻿18:20:01 : RCon admin #0: (To Tubenstulle) BEC : You have about 60 seconds left to join the mission.
﻿18:20:03 : Player #5 Tubenstulle (1e56ecd50b434231e0bda25b72e1e655) has been kicked by BattlEye: Client not responding
﻿18:20:16 : Player #5 Medicman (216.164.56.45:1091) connected
﻿18:20:18 : Player #5 Medicman - GUID: 93391c9ce622d9531a6c923b22678d44 (unverified)
﻿18:20:18 : Verified GUID (93391c9ce622d9531a6c923b22678d44) of player #5 Medicman
﻿18:20:18 : Player #5 Medicman - Legacy GUID: bbcf5fe37aa6aa66e2212e399d08ec73
﻿18:21:15 : Player #8 Tubenstulle (88.75.15.6:2304) connected
﻿18:21:23 : Player #8 Tubenstulle disconnected
﻿18:21:49 : Player #8 [DFM]VolatileRipper (174.49.146.244:2304) connected
﻿18:21:50 : Player #8 [DFM]VolatileRipper - GUID: d5ebf6cb1bd5aa7703d03dd90c6466a1 (unverified)
﻿18:21:50 : Player #8 [DFM]VolatileRipper (d5ebf6cb1bd5aa7703d03dd90c6466a1) has been kicked by BattlEye: Admin Kick (BEC : Your player name is to long)
﻿18:21:54 : RCon admin #0: (To crygaming) BEC : You have about 60 seconds left to join the mission.
﻿18:22:25 : RCon admin #0: (To crygaming) BEC : You have about 30 seconds left to join the mission.
﻿18:22:37 : Player #8 Tubenstulle (178.5.72.244:2304) connected
﻿18:22:38 : Player #8 Tubenstulle - GUID: 1e56ecd50b434231e0bda25b72e1e655 (unverified)
﻿18:22:42 : Player #8 Tubenstulle - Legacy GUID: 4e9dca8f2b33fe87a0b7723b6ec7c96c
﻿18:22:42 : Verified GUID (1e56ecd50b434231e0bda25b72e1e655) of player #8 Tubenstulle
﻿18:22:48 : Player #5 Medicman - Legacy GUID: bbcf5fe37aa6aa66e2212e399d08ec73
﻿18:23:58 : Player #8 Tubenstulle (1e56ecd50b434231e0bda25b72e1e655) has been kicked by BattlEye: Client not responding
﻿18:24:58 : Player #5 Medicman disconnected
﻿18:25:35 : Player #5 Medicman (216.164.56.45:1091) connected
﻿18:25:36 : Player #5 Medicman - GUID: 93391c9ce622d9531a6c923b22678d44 (unverified)
﻿18:25:39 : Player #5 Medicman - Legacy GUID: bbcf5fe37aa6aa66e2212e399d08ec73
﻿18:25:42 : Verified GUID (93391c9ce622d9531a6c923b22678d44) of player #5 Medicman
﻿18:28:46 : Player #8 Tubenstulle (178.5.72.104:2304) connected
﻿18:28:47 : Player #8 Tubenstulle - GUID: 1e56ecd50b434231e0bda25b72e1e655 (unverified)
﻿18:28:47 : Verified GUID (1e56ecd50b434231e0bda25b72e1e655) of player #8 Tubenstulle
﻿18:28:48 : Player #8 Tubenstulle - Legacy GUID: 4e9dca8f2b33fe87a0b7723b6ec7c96c
﻿18:31:28 : Player #9 Roy (173.20.136.194:2304) connected
﻿18:31:30 : Player #9 Roy - GUID: e636fc521a6cb8ed7e00d2750429c22c (unverified)
﻿18:31:30 : Verified GUID (e636fc521a6cb8ed7e00d2750429c22c) of player #9 Roy
﻿18:31:30 : Player #9 Roy - Legacy GUID: dce9f0f5de1cd350335982934e42d0a2
﻿18:32:01 : Player #10 JIgnatius (49.145.81.230:15385) connected
﻿18:32:02 : Player #10 JIgnatius - GUID: 7d94d2ad11c9e100d165ecb7338f6641 (unverified)
﻿18:32:02 : Verified GUID (7d94d2ad11c9e100d165ecb7338f6641) of player #10 JIgnatius
﻿18:32:03 : Player #10 JIgnatius - Legacy GUID: 0caad0393f0de84927b41e7970cb03a7
﻿18:32:03 : Player #10 JIgnatius disconnected
﻿18:36:05 : Player #10 JIgnatius (49.145.81.230:15789) connected
﻿18:36:06 : Player #10 JIgnatius - GUID: 7d94d2ad11c9e100d165ecb7338f6641 (unverified)
﻿18:36:06 : Verified GUID (7d94d2ad11c9e100d165ecb7338f6641) of player #10 JIgnatius
﻿18:36:07 : Player #10 JIgnatius - Legacy GUID: 0caad0393f0de84927b41e7970cb03a7
﻿18:36:07 : Player #10 JIgnatius disconnected
﻿18:36:33 : Player #8 Tubenstulle (1e56ecd50b434231e0bda25b72e1e655) has been kicked by BattlEye: Client not responding
﻿18:36:47 : Player #6 crygaming disconnected
﻿18:37:13 : Player #6 Tubenstulle (188.103.120.95:2304) connected
﻿18:37:14 : Player #6 Tubenstulle - GUID: 1e56ecd50b434231e0bda25b72e1e655 (unverified)
﻿18:37:18 : Verified GUID (1e56ecd50b434231e0bda25b72e1e655) of player #6 Tubenstulle
﻿18:41:01 : Player #6 Tubenstulle (1e56ecd50b434231e0bda25b72e1e655) has been kicked by BattlEye: Client not responding
﻿18:41:35 : Player #6 Tubenstulle (188.103.116.78:2304) connected
﻿18:41:36 : Player #6 Tubenstulle - GUID: 1e56ecd50b434231e0bda25b72e1e655 (unverified)
﻿18:41:37 : Verified GUID (1e56ecd50b434231e0bda25b72e1e655) of player #6 Tubenstulle
﻿18:41:38 : Player #6 Tubenstulle - Legacy GUID: 4e9dca8f2b33fe87a0b7723b6ec7c96c
﻿18:44:54 : Player #8 JIgnatius (49.145.81.230:19645) connected
﻿18:44:55 : Player #8 JIgnatius - GUID: 7d94d2ad11c9e100d165ecb7338f6641 (unverified)
﻿18:44:55 : Verified GUID (7d94d2ad11c9e100d165ecb7338f6641) of player #8 JIgnatius
﻿18:44:56 : Player #8 JIgnatius - Legacy GUID: 0caad0393f0de84927b41e7970cb03a7
﻿18:45:04 : Player #6 Tubenstulle (1e56ecd50b434231e0bda25b72e1e655) has been kicked by BattlEye: Client not responding
﻿18:45:10 : Player #4 NcA disconnected
﻿18:45:43 : Player #4 Tubenstulle (178.5.65.184:2304) connected
﻿18:45:44 : Player #4 Tubenstulle - GUID: 1e56ecd50b434231e0bda25b72e1e655 (unverified)
﻿18:45:45 : Player #4 Tubenstulle - Legacy GUID: 4e9dca8f2b33fe87a0b7723b6ec7c96c
﻿18:45:45 : Verified GUID (1e56ecd50b434231e0bda25b72e1e655) of player #4 Tubenstulle
﻿18:46:56 : RCon admin #0: (To JIgnatius) BEC : You have about 60 seconds left to join the mission.
﻿18:47:28 : RCon admin #0: (To JIgnatius) BEC : You have about 30 seconds left to join the mission.
﻿18:47:42 : RCon admin #0: (To JIgnatius) BEC : You have about 15 seconds left to join the mission.
﻿18:47:59 : Player #8 JIgnatius (7d94d2ad11c9e100d165ecb7338f6641) has been kicked by BattlEye: Admin Kick (BEC : Lobby idling to long)
﻿18:49:17 : Player #6 jesquik (66.31.45.174:2304) connected
﻿18:49:19 : Player #6 jesquik - GUID: 3c96bf37ad015cb45df0628318a128d4 (unverified)
﻿18:49:19 : Player #6 jesquik - Legacy GUID: 6eb27d76b28885f2c56fe9c7469de086
﻿18:49:19 : Verified GUID (3c96bf37ad015cb45df0628318a128d4) of player #6 jesquik
﻿18:49:57 : Player #4 Tubenstulle (1e56ecd50b434231e0bda25b72e1e655) has been kicked by BattlEye: Client not responding
﻿18:51:08 : Player #4 JIgnatius (49.145.81.230:19645) connected
﻿18:51:09 : Player #4 JIgnatius - GUID: 7d94d2ad11c9e100d165ecb7338f6641 (unverified)
﻿18:51:10 : Verified GUID (7d94d2ad11c9e100d165ecb7338f6641) of player #4 JIgnatius
﻿18:51:11 : Player #4 JIgnatius - Legacy GUID: 0caad0393f0de84927b41e7970cb03a7
﻿18:51:20 : RCon admin #0: (To jesquik) BEC : You have about 60 seconds left to join the mission.
﻿18:51:52 : RCon admin #0: (To jesquik) BEC : You have about 30 seconds left to join the mission.
﻿18:52:06 : RCon admin #0: (To jesquik) BEC : You have about 15 seconds left to join the mission.
﻿18:52:23 : Player #6 jesquik (3c96bf37ad015cb45df0628318a128d4) has been kicked by BattlEye: Admin Kick (BEC : Lobby idling to long)
﻿18:55:26 : Player #6 jesquik (66.31.45.174:2304) connected
﻿18:55:27 : Player #6 jesquik - GUID: 3c96bf37ad015cb45df0628318a128d4 (unverified)
﻿18:55:28 : Verified GUID (3c96bf37ad015cb45df0628318a128d4) of player #6 jesquik
﻿18:55:29 : Player #6 jesquik - Legacy GUID: 6eb27d76b28885f2c56fe9c7469de086
﻿18:57:28 : RCon admin #0: (To jesquik) BEC : You have about 60 seconds left to join the mission.
﻿19:06:57 : Player #8 NcA (66.31.45.174:1027) connected
﻿19:06:58 : Player #8 NcA - GUID: 004e52e117c4353b9126ff8cae92894b (unverified)
﻿19:06:58 : Verified GUID (004e52e117c4353b9126ff8cae92894b) of player #8 NcA
﻿19:06:59 : Player #8 NcA - Legacy GUID: 0b47253664861c70f6399123e9106d52
﻿19:08:08 : Player #10 Michael (50.32.104.155:2175) connected
﻿19:08:09 : Player #10 Michael - GUID: f67dec76c9188c3ea879cd490ddf1fae (unverified)
﻿19:08:10 : Verified GUID (f67dec76c9188c3ea879cd490ddf1fae) of player #10 Michael
﻿19:08:11 : Player #10 Michael - Legacy GUID: bf89a9d866f9cb853c60c3fa2ecf4abf
﻿19:10:11 : RCon admin #0: (To Michael) BEC : You have about 60 seconds left to join the mission.
﻿19:20:21 : Player #10 Michael disconnected
﻿19:20:26 : Player #10 Tubenstulle (178.5.71.11:2312) connected
﻿19:20:27 : Player #10 Tubenstulle - GUID: 1e56ecd50b434231e0bda25b72e1e655 (unverified)
﻿19:20:27 : Verified GUID (1e56ecd50b434231e0bda25b72e1e655) of player #10 Tubenstulle
﻿19:20:28 : Player #10 Tubenstulle - Legacy GUID: 4e9dca8f2b33fe87a0b7723b6ec7c96c
﻿19:20:28 : Player #10 Tubenstulle disconnected
﻿19:20:32 : Player #10 Tubenstulle (178.5.71.11:2312) connected
﻿19:20:33 : Player #10 Tubenstulle - GUID: 1e56ecd50b434231e0bda25b72e1e655 (unverified)
﻿19:20:33 : Verified GUID (1e56ecd50b434231e0bda25b72e1e655) of player #10 Tubenstulle
﻿19:20:33 : Player #10 Tubenstulle disconnected
﻿19:21:47 : Player #10 Tubenstulle (178.5.71.11:2312) connected
﻿19:21:48 : Player #10 Tubenstulle - GUID: 1e56ecd50b434231e0bda25b72e1e655 (unverified)
﻿19:21:49 : Verified GUID (1e56ecd50b434231e0bda25b72e1e655) of player #10 Tubenstulle
﻿19:21:50 : Player #10 Tubenstulle - Legacy GUID: 4e9dca8f2b33fe87a0b7723b6ec7c96c
﻿19:26:41 : Player #11 crygaming (71.9.179.131:2304) connected
﻿19:26:42 : Player #11 crygaming - GUID: 14b25d4620f08105e76ea26476cb7d30 (unverified)
﻿19:26:43 : Verified GUID (14b25d4620f08105e76ea26476cb7d30) of player #11 crygaming
﻿19:26:43 : Player #11 crygaming - Legacy GUID: 99468cd9b00058319f44df4f45a526da
﻿19:28:44 : RCon admin #0: (To crygaming) BEC : You have about 60 seconds left to join the mission.
﻿19:29:07 : Player #2 Ayzerr disconnected
﻿19:29:16 : RCon admin #0: (To crygaming) BEC : You have about 30 seconds left to join the mission.
﻿19:29:30 : RCon admin #0: (To crygaming) BEC : You have about 15 seconds left to join the mission.
﻿19:33:15 : Player #2 neB (82.45.36.210:2304) connected
﻿19:33:17 : Player #2 neB - GUID: 5bf4327b174f63c3fcce14efa48d0d3c (unverified)
﻿19:33:17 : Verified GUID (5bf4327b174f63c3fcce14efa48d0d3c) of player #2 neB
﻿19:33:17 : Player #2 neB - Legacy GUID: eb87f77c8855c9cd5434b81ead3bfdf6
﻿19:34:08 : Player #2 neB disconnected
﻿19:34:21 : Player #2 neB (82.45.36.210:2304) connected
﻿19:34:22 : Player #2 neB - GUID: 5bf4327b174f63c3fcce14efa48d0d3c (unverified)
﻿19:34:23 : Verified GUID (5bf4327b174f63c3fcce14efa48d0d3c) of player #2 neB
﻿19:34:24 : Player #2 neB - Legacy GUID: eb87f77c8855c9cd5434b81ead3bfdf6
﻿19:34:46 : Player #9 Roy disconnected
﻿19:38:11 : Player #9 nick (79.26.120.132:2304) connected
﻿19:38:14 : Player #9 nick - GUID: e601aba616cf439bc3eacf3817fa8b91 (unverified)
﻿19:38:14 : Verified GUID (e601aba616cf439bc3eacf3817fa8b91) of player #9 nick
﻿19:38:15 : Player #9 nick - Legacy GUID: 21d68b290a2ca482cb24c3213497b5af
﻿19:40:45 : Player #9 nick - Legacy GUID: 21d68b290a2ca482cb24c3213497b5af
﻿19:41:23 : Player #12 Ayzerr (86.45.245.224:2304) connected
﻿19:41:24 : Player #12 Ayzerr - GUID: d842b56617216edff01a64989c7b4612 (unverified)
﻿19:41:24 : Verified GUID (d842b56617216edff01a64989c7b4612) of player #12 Ayzerr
﻿19:41:25 : Player #12 Ayzerr - Legacy GUID: a25d60ea1262ccb50f759a0c90319762
﻿19:45:42 : Player #12 Ayzerr disconnected
﻿19:45:55 : Player #11 crygaming disconnected
﻿19:46:18 : RCon admin #0: (To Gav) BEC : You have about 60 seconds left to join the mission.
﻿19:46:49 : RCon admin #0: (To Gav) BEC : You have about 30 seconds left to join the mission.
﻿19:47:04 : RCon admin #0: (To Gav) BEC : You have about 15 seconds left to join the mission.
﻿19:47:18 : Player #0 Gav (6861b02307ec6f5e46050c7082f68a2d) has been kicked by BattlEye: Admin Kick (BEC : Lobby idling to long)
﻿19:48:39 : Player #0 Gav (188.141.13.253:2304) connected
﻿19:48:40 : Player #0 Gav - GUID: 6861b02307ec6f5e46050c7082f68a2d (unverified)
﻿19:48:40 : Verified GUID (6861b02307ec6f5e46050c7082f68a2d) of player #0 Gav
﻿19:48:41 : Player #0 Gav - Legacy GUID: 383aa8b51c53aca37ba4ff0435bd22c6
﻿19:49:49 : Player #11 Ayzerr (86.45.245.224:2304) connected
﻿19:49:50 : Player #11 Ayzerr - GUID: d842b56617216edff01a64989c7b4612 (unverified)
﻿19:49:50 : Verified GUID (d842b56617216edff01a64989c7b4612) of player #11 Ayzerr
﻿19:49:51 : Player #11 Ayzerr - Legacy GUID: a25d60ea1262ccb50f759a0c90319762
﻿19:51:18 : Player #12 Bible Ranger (184.148.116.207:2304) connected
﻿19:51:19 : Player #12 Bible Ranger - GUID: a9099035e0732d7f4658ccb1d73739a2 (unverified)
﻿19:51:19 : Verified GUID (a9099035e0732d7f4658ccb1d73739a2) of player #12 Bible Ranger
﻿19:51:20 : Player #12 Bible Ranger - Legacy GUID: d125a81d36306fb456b1f36710610ee1
﻿19:53:20 : RCon admin #0: (To Bible Ranger) BEC : You have about 60 seconds left to join the mission.
﻿19:53:52 : RCon admin #0: (To Bible Ranger) BEC : You have about 30 seconds left to join the mission.
﻿19:54:06 : RCon admin #0: (To Bible Ranger) BEC : You have about 15 seconds left to join the mission.
﻿19:54:23 : Player #12 Bible Ranger (a9099035e0732d7f4658ccb1d73739a2) has been kicked by BattlEye: Admin Kick (BEC : Lobby idling to long)
﻿19:54:36 : Player #12 Bible Ranger (184.148.116.207:2304) connected
﻿19:54:37 : Player #12 Bible Ranger - GUID: a9099035e0732d7f4658ccb1d73739a2 (unverified)
﻿19:54:37 : Verified GUID (a9099035e0732d7f4658ccb1d73739a2) of player #12 Bible Ranger
﻿19:54:38 : Player #12 Bible Ranger - Legacy GUID: d125a81d36306fb456b1f36710610ee1
﻿19:55:16 : Player #0 Gav (6861b02307ec6f5e46050c7082f68a2d) has been kicked by BattlEye: Client not responding
﻿19:55:22 : Player #0 Gav (188.141.13.253:2304) connected
﻿19:55:23 : Player #0 Gav - GUID: 6861b02307ec6f5e46050c7082f68a2d (unverified)
﻿19:55:24 : Player #0 Gav - Legacy GUID: 383aa8b51c53aca37ba4ff0435bd22c6
﻿19:55:59 : Player #0 Gav disconnected
﻿19:56:37 : RCon admin #0: (To Bible Ranger) BEC : You have about 60 seconds left to join the mission.
﻿19:56:41 : Player #5 Medicman (93391c9ce622d9531a6c923b22678d44) has been kicked by BattlEye: Client not responding
﻿19:57:45 : Player #0 Gav (188.141.13.253:2304) connected
﻿19:57:47 : Player #0 Gav - GUID: 6861b02307ec6f5e46050c7082f68a2d (unverified)
﻿19:57:47 : Player #0 Gav - Legacy GUID: 383aa8b51c53aca37ba4ff0435bd22c6
﻿19:57:47 : Verified GUID (6861b02307ec6f5e46050c7082f68a2d) of player #0 Gav
﻿19:57:50 : Player #11 Ayzerr disconnected
﻿19:57:58 : Player #5 Ayzerr (86.45.245.224:2304) connected
﻿19:57:59 : Player #5 Ayzerr - GUID: d842b56617216edff01a64989c7b4612 (unverified)
﻿19:57:59 : Verified GUID (d842b56617216edff01a64989c7b4612) of player #5 Ayzerr
﻿19:58:00 : Player #5 Ayzerr - Legacy GUID: a25d60ea1262ccb50f759a0c90319762
﻿19:58:39 : Player #0 Gav disconnected
﻿19:59:16 : Player #0 Gav (188.141.13.253:2304) connected
﻿19:59:17 : Player #0 Gav - GUID: 6861b02307ec6f5e46050c7082f68a2d (unverified)
﻿19:59:17 : Verified GUID (6861b02307ec6f5e46050c7082f68a2d) of player #0 Gav
﻿19:59:18 : Player #0 Gav - Legacy GUID: 383aa8b51c53aca37ba4ff0435bd22c6
﻿20:06:08 : Player #10 Tubenstulle disconnected
﻿20:08:35 : Player #10 [PR] Darkest Path (67.166.46.149:2304) connected
﻿20:08:36 : Player #10 [PR] Darkest Path - GUID: 9f72e8c128304854224378aab2691c02 (unverified)
﻿20:08:36 : Player #10 [PR] Darkest Path (9f72e8c128304854224378aab2691c02) has been kicked by BattlEye: Admin Kick (BEC : Your player name is to long)
﻿20:09:12 : Player #10 [PR] Darkest (67.166.46.149:2304) connected
﻿20:09:13 : Player #10 [PR] Darkest - GUID: 9f72e8c128304854224378aab2691c02 (unverified)
﻿20:09:13 : Player #10 [PR] Darkest (9f72e8c128304854224378aab2691c02) has been kicked by BattlEye: Admin Kick (BEC : Your player name can not contain any of the chars:[]{}()01)
﻿20:10:02 : Player #10 Derpasoures (67.166.46.149:2304) connected
﻿20:10:03 : Player #10 Derpasoures - GUID: 9f72e8c128304854224378aab2691c02 (unverified)
﻿20:10:03 : Verified GUID (9f72e8c128304854224378aab2691c02) of player #10 Derpasoures
﻿20:10:04 : Player #10 Derpasoures disconnected
﻿20:10:45 : Player #10 Merican Man (74.104.136.161:2304) connected
﻿20:10:46 : Player #10 Merican Man - GUID: 8e1a05d847bed52704aef4deb7f9e075 (unverified)
﻿20:10:47 : Verified GUID (8e1a05d847bed52704aef4deb7f9e075) of player #10 Merican Man
﻿20:10:48 : Player #10 Merican Man - Legacy GUID: 4d25eca34da2c795f1569864e9568567
﻿20:11:21 : Player #11 Derpasoures (67.166.46.149:2304) connected
﻿20:11:22 : Player #11 Derpasoures - GUID: 9f72e8c128304854224378aab2691c02 (unverified)
﻿20:11:22 : Verified GUID (9f72e8c128304854224378aab2691c02) of player #11 Derpasoures
﻿20:11:22 : Player #11 Derpasoures disconnected
﻿20:13:18 : Player #10 Merican Man - Legacy GUID: 4d25eca34da2c795f1569864e9568567
﻿20:15:45 : Player #11 Derpasoures (67.166.46.149:2304) connected
﻿20:15:46 : Player #11 Derpasoures - GUID: 9f72e8c128304854224378aab2691c02 (unverified)
﻿20:15:47 : Verified GUID (9f72e8c128304854224378aab2691c02) of player #11 Derpasoures
﻿20:15:47 : Player #11 Derpasoures - Legacy GUID: 7c905aae9e03fd73a3aae19c8b0f913b
﻿20:29:00 : Player #13 Norris (75.111.32.95:2304) connected
﻿20:29:01 : Player #13 Norris - GUID: 4e2c4105bb26d8ab4119c809da1af09d (unverified)
﻿20:29:02 : Player #13 Norris - Legacy GUID: c699d88a6adf74f6c773b1cef1928e78
﻿20:29:05 : Verified GUID (4e2c4105bb26d8ab4119c809da1af09d) of player #13 Norris
﻿20:38:54 : RCon admin #0: (To Derpasoures) BEC : You have about 60 seconds left to join the mission.
﻿20:39:25 : RCon admin #0: (To Derpasoures) BEC : You have about 30 seconds left to join the mission.
﻿20:39:40 : RCon admin #0: (To Derpasoures) BEC : You have about 15 seconds left to join the mission.
﻿20:39:54 : Player #11 Derpasoures (9f72e8c128304854224378aab2691c02) has been kicked by BattlEye: Admin Kick (BEC : Lobby idling to long)
﻿20:47:14 : Player #12 Bible Ranger disconnected
﻿20:50:55 : Player #9 nick disconnected
﻿20:51:08 : Player #9 nick (79.26.120.132:2304) connected
﻿20:51:09 : Player #9 nick - GUID: e601aba616cf439bc3eacf3817fa8b91 (unverified)
﻿20:51:09 : Verified GUID (e601aba616cf439bc3eacf3817fa8b91) of player #9 nick
﻿20:51:10 : Player #9 nick - Legacy GUID: 21d68b290a2ca482cb24c3213497b5af
﻿20:51:55 : Player #11 TylerTaz (162.198.41.140:2304) connected
﻿20:51:56 : Player #11 TylerTaz - GUID: 804f2e5a21b17debb5c2fc96f62ac702 (unverified)
﻿20:51:57 : Verified GUID (804f2e5a21b17debb5c2fc96f62ac702) of player #11 TylerTaz
﻿20:52:00 : Player #11 TylerTaz disconnected
﻿20:53:17 : Player #11 TylerTaz (162.198.41.140:2304) connected
﻿20:53:18 : Player #11 TylerTaz - GUID: 804f2e5a21b17debb5c2fc96f62ac702 (unverified)
﻿20:53:18 : Verified GUID (804f2e5a21b17debb5c2fc96f62ac702) of player #11 TylerTaz
﻿20:53:19 : Player #11 TylerTaz - Legacy GUID: aefba1c80b5c53a1bef20be4e54b8819
﻿20:55:00 : RCon admin #0: (Global) AUTO SERVER RESTART IN 5 MINUTES
﻿20:55:49 : Player #11 TylerTaz - Legacy GUID: aefba1c80b5c53a1bef20be4e54b8819
﻿20:55:57 : Player #2 neB disconnected
﻿20:56:12 : Player #9 nick disconnected
﻿20:56:39 : Player #2 Derpasoures (67.166.46.149:2304) connected
﻿20:56:40 : Player #2 Derpasoures - GUID: 9f72e8c128304854224378aab2691c02 (unverified)
﻿20:56:40 : Verified GUID (9f72e8c128304854224378aab2691c02) of player #2 Derpasoures
﻿20:56:41 : Player #2 Derpasoures - Legacy GUID: 7c905aae9e03fd73a3aae19c8b0f913b
﻿20:56:47 : Player #2 Derpasoures disconnected
﻿20:56:49 : Player #10 Merican Man disconnected
﻿20:57:00 : RCon admin #0: (Global) AUTO SERVER RESTART IN 3 MINUTES
﻿20:58:30 : Player #13 Norris disconnected
﻿20:59:00 : RCon admin #0: (Global) AUTO SERVER RESTART IN 1 MINUTE
﻿20:59:23 : Player #5 Ayzerr disconnected
﻿20:59:30 : RCon admin #0: (Global) AUTO SERVER RESTART IN 30 SECONDS! - LOG OUT NOW OR YOU MAY LOSE YOUR GEAR
﻿20:59:33 : Player #11 TylerTaz disconnected
﻿20:59:36 : Player #4 JIgnatius (7d94d2ad11c9e100d165ecb7338f6641) has been kicked by BattlEye: Ping too high (328)
﻿20:59:54 : Player #2 Merican Man (74.104.136.161:2304) connected
﻿20:59:55 : Player #2 Merican Man - GUID: 8e1a05d847bed52704aef4deb7f9e075 (unverified)
﻿20:59:56 : Verified GUID (8e1a05d847bed52704aef4deb7f9e075) of player #2 Merican Man
﻿20:59:57 : Player #2 Merican Man - Legacy GUID: 4d25eca34da2c795f1569864e9568567
﻿21:00:00 : Player #4 Derpasoures (67.166.46.149:2304) connected
﻿21:00:01 : Player #4 Derpasoures - GUID: 9f72e8c128304854224378aab2691c02 (unverified)
﻿21:00:01 : Verified GUID (9f72e8c128304854224378aab2691c02) of player #4 Derpasoures
﻿21:00:02 : Player #4 Derpasoures - Legacy GUID: 7c905aae9e03fd73a3aae19c8b0f913b
﻿21:00:45 : Player #7 Peahead disconnected
﻿21:01:10 : Player #0 Gav disconnected
﻿21:01:21 : RCon admin #0: (To iConnorN) BEC : You have about 60 seconds left to join the mission.
﻿21:01:52 : RCon admin #0: (To iConnorN) BEC : You have about 30 seconds left to join the mission.
﻿21:01:55 : Player #0 Gav (188.141.13.253:2304) connected
﻿21:01:56 : Player #0 Gav - GUID: 6861b02307ec6f5e46050c7082f68a2d (unverified)
﻿21:01:56 : Verified GUID (6861b02307ec6f5e46050c7082f68a2d) of player #0 Gav
﻿21:01:57 : Player #0 Gav - Legacy GUID: 383aa8b51c53aca37ba4ff0435bd22c6
﻿21:02:06 : RCon admin #0: (To iConnorN) BEC : You have about 15 seconds left to join the mission.
﻿21:02:21 : Player #3 iConnorN (e38ca0239fe347ee94010856ee3d349f) has been kicked by BattlEye: Admin Kick (BEC : Lobby idling to long)
﻿21:02:59 : Player #3 Roy (173.20.136.194:2304) connected
﻿21:03:00 : Player #3 Roy - GUID: e636fc521a6cb8ed7e00d2750429c22c (unverified)
﻿21:03:00 : Verified GUID (e636fc521a6cb8ed7e00d2750429c22c) of player #3 Roy
﻿21:03:01 : Player #3 Roy disconnected
﻿21:03:02 : Player #3 Peahead (90.210.248.176:2304) connected
﻿21:03:03 : Player #3 Peahead - GUID: e61d2ab0252931ad70102a59f6174578 (unverified)
﻿21:03:03 : Verified GUID (e61d2ab0252931ad70102a59f6174578) of player #3 Peahead
﻿21:03:06 : Player #3 Peahead disconnected
﻿21:03:23 : Player #3 JIgnatius (49.145.81.230:13235) connected
﻿21:03:24 : Player #3 JIgnatius - GUID: 7d94d2ad11c9e100d165ecb7338f6641 (unverified)
﻿21:03:24 : Verified GUID (7d94d2ad11c9e100d165ecb7338f6641) of player #3 JIgnatius
﻿21:03:25 : Player #5 Peahead (90.210.248.176:2304) connected
﻿21:03:25 : Player #3 JIgnatius - Legacy GUID: 0caad0393f0de84927b41e7970cb03a7
﻿21:03:26 : Player #5 Peahead - GUID: e61d2ab0252931ad70102a59f6174578 (unverified)
﻿21:03:27 : Verified GUID (e61d2ab0252931ad70102a59f6174578) of player #5 Peahead
﻿21:03:28 : Player #5 Peahead - Legacy GUID: 7c02950eee0c8cc0c763e89f2a7c4c93
﻿21:06:12 : Player #3 JIgnatius (7d94d2ad11c9e100d165ecb7338f6641) has been kicked by BattlEye: Ping too high (358)
﻿21:07:12 : Player #3 Roy (173.20.136.194:2304) connected
﻿21:07:14 : Player #3 Roy - Legacy GUID: dce9f0f5de1cd350335982934e42d0a2
﻿21:07:15 : Player #3 Roy - GUID: e636fc521a6cb8ed7e00d2750429c22c (unverified)
﻿21:07:15 : Verified GUID (e636fc521a6cb8ed7e00d2750429c22c) of player #3 Roy
﻿21:08:08 : Player #7 Norris (75.111.32.95:2304) connected
﻿21:08:09 : Player #7 Norris - GUID: 4e2c4105bb26d8ab4119c809da1af09d (unverified)
﻿21:08:10 : Verified GUID (4e2c4105bb26d8ab4119c809da1af09d) of player #7 Norris
﻿21:08:10 : Player #7 Norris - Legacy GUID: c699d88a6adf74f6c773b1cef1928e78
﻿21:09:30 : RCon admin #0: (Global) AUTO SERVER RESTART IN 30 SECONDS! - LOG OUT NOW OR YOU MAY LOSE YOUR GEAR
﻿21:09:47 : Player #7 Norris disconnected
﻿21:10:04 : Player #2 Merican Man disconnected
﻿21:10:28 : Player #2 JIgnatius (49.145.81.230:15789) connected
﻿21:10:30 : Player #2 JIgnatius - GUID: 7d94d2ad11c9e100d165ecb7338f6641 (unverified)
﻿21:10:30 : Verified GUID (7d94d2ad11c9e100d165ecb7338f6641) of player #2 JIgnatius
﻿21:10:31 : Player #2 JIgnatius - Legacy GUID: 0caad0393f0de84927b41e7970cb03a7
﻿21:10:44 : Player #4 Derpasoures disconnected
﻿21:10:48 : Player #3 Roy disconnected
﻿21:12:09 : Player #3 Roy (173.20.136.194:2304) connected
﻿21:12:10 : Player #3 Roy - GUID: e636fc521a6cb8ed7e00d2750429c22c (unverified)
﻿21:12:10 : Verified GUID (e636fc521a6cb8ed7e00d2750429c22c) of player #3 Roy
﻿21:12:11 : Player #3 Roy - Legacy GUID: dce9f0f5de1cd350335982934e42d0a2
﻿21:13:39 : Player #4 Merican Man (74.104.136.161:2304) connected
﻿21:13:40 : Player #4 Merican Man - GUID: 8e1a05d847bed52704aef4deb7f9e075 (unverified)
﻿21:13:40 : Verified GUID (8e1a05d847bed52704aef4deb7f9e075) of player #4 Merican Man
﻿21:13:41 : Player #4 Merican Man - Legacy GUID: 4d25eca34da2c795f1569864e9568567
﻿21:15:48 : Player #7 Norris (75.111.32.95:2304) connected
﻿21:15:49 : Player #7 Norris - GUID: 4e2c4105bb26d8ab4119c809da1af09d (unverified)
﻿21:15:49 : Verified GUID (4e2c4105bb26d8ab4119c809da1af09d) of player #7 Norris
﻿21:15:50 : Player #7 Norris - Legacy GUID: c699d88a6adf74f6c773b1cef1928e78
﻿21:15:51 : Player #9 Medicman (216.164.56.45:1091) connected
﻿21:15:52 : Player #9 Medicman - GUID: 93391c9ce622d9531a6c923b22678d44 (unverified)
﻿21:15:53 : Verified GUID (93391c9ce622d9531a6c923b22678d44) of player #9 Medicman
﻿21:15:54 : Player #9 Medicman - Legacy GUID: bbcf5fe37aa6aa66e2212e399d08ec73
﻿21:16:52 : Player #10 Derpasoures (67.166.46.149:2304) connected
﻿21:16:53 : Player #10 Derpasoures - GUID: 9f72e8c128304854224378aab2691c02 (unverified)
﻿21:16:53 : Verified GUID (9f72e8c128304854224378aab2691c02) of player #10 Derpasoures
﻿21:16:54 : Player #10 Derpasoures - Legacy GUID: 7c905aae9e03fd73a3aae19c8b0f913b
﻿21:19:30 : RCon admin #0: (Global) AUTO SERVER RESTART IN 30 SECONDS! - LOG OUT NOW OR YOU MAY LOSE YOUR GEAR
﻿21:20:13 : Player #4 Merican Man disconnected
﻿21:20:14 : Player #5 Peahead disconnected
﻿21:20:17 : Player #0 Gav disconnected
﻿21:20:30 : Player #2 JIgnatius disconnected
﻿21:20:39 : Player #10 Derpasoures disconnected
﻿21:22:30 : Player #0 Peahead (90.210.248.176:2304) connected
﻿21:22:31 : Player #0 Peahead - GUID: e61d2ab0252931ad70102a59f6174578 (unverified)
﻿21:22:32 : Verified GUID (e61d2ab0252931ad70102a59f6174578) of player #0 Peahead
﻿21:22:32 : Player #0 Peahead - Legacy GUID: 7c02950eee0c8cc0c763e89f2a7c4c93
﻿21:22:38 : Player #2 Derpasoures (67.166.46.149:2304) connected
﻿21:22:38 : Player #2 Derpasoures - GUID: 9f72e8c128304854224378aab2691c02 (unverified)
﻿21:22:39 : Verified GUID (9f72e8c128304854224378aab2691c02) of player #2 Derpasoures
﻿21:22:40 : Player #2 Derpasoures - Legacy GUID: 7c905aae9e03fd73a3aae19c8b0f913b
﻿21:23:19 : Player #4 Gav (188.141.13.253:2304) connected
﻿21:23:20 : Player #4 Gav - GUID: 6861b02307ec6f5e46050c7082f68a2d (unverified)
﻿21:23:20 : Verified GUID (6861b02307ec6f5e46050c7082f68a2d) of player #4 Gav
﻿21:23:21 : Player #4 Gav - Legacy GUID: 383aa8b51c53aca37ba4ff0435bd22c6
﻿21:23:56 : Player #5 Daniel (69.249.148.185:2304) connected
﻿21:24:05 : Player #10 Merican Man (74.104.136.161:2304) connected
﻿21:24:06 : Player #10 Merican Man - GUID: 8e1a05d847bed52704aef4deb7f9e075 (unverified)
﻿21:24:06 : Verified GUID (8e1a05d847bed52704aef4deb7f9e075) of player #10 Merican Man
﻿21:24:07 : Player #10 Merican Man - Legacy GUID: 4d25eca34da2c795f1569864e9568567
﻿21:24:29 : Player #5 Daniel (-) has been kicked by BattlEye: Client not responding
﻿21:26:25 : Player #2 Derpasoures disconnected
﻿21:26:39 : Player #10 Merican Man disconnected
﻿21:27:35 : Player #2 JIgnatius (49.145.81.230:19121) connected
﻿21:27:37 : Player #2 JIgnatius - GUID: 7d94d2ad11c9e100d165ecb7338f6641 (unverified)
﻿21:27:37 : Player #2 JIgnatius - Legacy GUID: 0caad0393f0de84927b41e7970cb03a7
﻿21:27:37 : Verified GUID (7d94d2ad11c9e100d165ecb7338f6641) of player #2 JIgnatius
﻿21:29:30 : RCon admin #0: (Global) AUTO SERVER RESTART IN 30 SECONDS! - LOG OUT NOW OR YOU MAY LOSE YOUR GEAR
﻿21:30:31 : Player #0 Peahead disconnected
﻿21:31:27 : Player #4 Gav disconnected
﻿21:31:35 : RCon admin #0: (To NcA) BEC : You have about 60 seconds left to join the mission.
﻿21:32:06 : RCon admin #0: (To NcA) BEC : You have about 30 seconds left to join the mission.
﻿21:32:21 : RCon admin #0: (To NcA) BEC : You have about 15 seconds left to join the mission.
﻿21:32:35 : Player #8 NcA (004e52e117c4353b9126ff8cae92894b) has been kicked by BattlEye: Admin Kick (BEC : Lobby idling to long)
﻿21:32:45 : Player #0 NcA (66.31.45.174:1027) connected
﻿21:32:46 : Player #0 NcA - GUID: 004e52e117c4353b9126ff8cae92894b (unverified)
﻿21:32:46 : Verified GUID (004e52e117c4353b9126ff8cae92894b) of player #0 NcA
﻿21:32:47 : Player #0 NcA - Legacy GUID: 0b47253664861c70f6399123e9106d52
﻿21:39:30 : RCon admin #0: (Global) AUTO SERVER RESTART IN 30 SECONDS! - LOG OUT NOW OR YOU MAY LOSE YOUR GEAR
﻿21:39:55 : Player #1 Devin disconnected
﻿21:40:23 : Lost Connection!
﻿21:40:23 : Closing socket & exiting!
﻿21:41:05 : Rcon client logging in
﻿21:41:05 : RCon admin #0 (127.0.0.1:60315) logged in
﻿21:43:40 : Player #0 NcA (66.31.45.174:1027) connected
﻿21:43:42 : Player #0 NcA - GUID: 004e52e117c4353b9126ff8cae92894b (unverified)
﻿21:43:42 : Player #0 NcA - Legacy GUID: 0b47253664861c70f6399123e9106d52
﻿21:43:42 : Verified GUID (004e52e117c4353b9126ff8cae92894b) of player #0 NcA
﻿21:44:17 : Player #1 Roy (173.20.136.194:2304) connected
﻿21:44:17 : Player #1 Roy - GUID: e636fc521a6cb8ed7e00d2750429c22c (unverified)
﻿21:44:18 : Verified GUID (e636fc521a6cb8ed7e00d2750429c22c) of player #1 Roy
﻿21:44:19 : Player #1 Roy - Legacy GUID: dce9f0f5de1cd350335982934e42d0a2
﻿21:44:47 : Player #2 JIgnatius (49.145.81.230:23580) connected
﻿21:44:48 : Player #2 JIgnatius - GUID: 7d94d2ad11c9e100d165ecb7338f6641 (unverified)
﻿21:44:49 : Verified GUID (7d94d2ad11c9e100d165ecb7338f6641) of player #2 JIgnatius
﻿21:44:49 : Player #2 JIgnatius - Legacy GUID: 0caad0393f0de84927b41e7970cb03a7
﻿21:45:20 : Player #3 Norris (75.111.32.95:2304) connected
﻿21:45:21 : Player #3 Norris - GUID: 4e2c4105bb26d8ab4119c809da1af09d (unverified)
﻿21:45:22 : Verified GUID (4e2c4105bb26d8ab4119c809da1af09d) of player #3 Norris
﻿21:45:22 : Player #3 Norris - Legacy GUID: c699d88a6adf74f6c773b1cef1928e78
﻿21:49:39 : Player #3 Norris disconnected
﻿22:10:51 : RCon admin #0: (To Roy) BEC : You have about 60 seconds left to join the mission.
﻿22:11:22 : RCon admin #0: (To Roy) BEC : You have about 30 seconds left to join the mission.
﻿22:11:36 : RCon admin #0: (To Roy) BEC : You have about 15 seconds left to join the mission.
﻿22:11:53 : Player #1 Roy (e636fc521a6cb8ed7e00d2750429c22c) has been kicked by BattlEye: Admin Kick (BEC : Lobby idling to long)
﻿22:15:33 : Player #1 Medicman (216.164.56.45:2304) connected
﻿22:15:34 : Player #1 Medicman - GUID: 93391c9ce622d9531a6c923b22678d44 (unverified)
﻿22:15:34 : Verified GUID (93391c9ce622d9531a6c923b22678d44) of player #1 Medicman
﻿22:15:35 : Player #1 Medicman - Legacy GUID: bbcf5fe37aa6aa66e2212e399d08ec73
﻿22:23:24 : Player #3 Roy (173.20.136.194:2304) connected
﻿22:23:26 : Player #3 Roy - GUID: e636fc521a6cb8ed7e00d2750429c22c (unverified)
﻿22:23:26 : Verified GUID (e636fc521a6cb8ed7e00d2750429c22c) of player #3 Roy
﻿22:23:26 : Player #3 Roy - Legacy GUID: dce9f0f5de1cd350335982934e42d0a2
﻿23:02:50 : Player #2 JIgnatius disconnected
﻿23:14:08 : Player #2 [[[GanjaBro]]] (71.236.183.130:2304) connected
﻿23:14:09 : Player #2 [[[GanjaBro]]] - GUID: 575d217a3b1bab0401313fcf036e82a1 (unverified)
﻿23:14:09 : Player #2 [[[GanjaBro]]] (575d217a3b1bab0401313fcf036e82a1) has been kicked by BattlEye: Admin Kick (BEC : Your player name can not contain any of the chars:[]{}()01)
﻿23:15:35 : Player #2 GanjaBro (71.236.183.130:2304) connected
﻿23:15:36 : Player #2 GanjaBro - GUID: 575d217a3b1bab0401313fcf036e82a1 (unverified)
﻿23:15:36 : Verified GUID (575d217a3b1bab0401313fcf036e82a1) of player #2 GanjaBro
﻿23:15:36 : Player #2 GanjaBro disconnected
﻿23:17:05 : No Valid response. Trying to reconnect.!
﻿23:17:05 : Rcon client logging in
﻿23:17:05 : RCon admin #0 (127.0.0.1:60315) logged in
﻿23:31:42 : Player #4 Norris (75.111.32.95:2304) connected
﻿23:31:43 : Player #4 Norris - GUID: 4e2c4105bb26d8ab4119c809da1af09d (unverified)
﻿23:31:43 : Verified GUID (4e2c4105bb26d8ab4119c809da1af09d) of player #4 Norris
﻿23:31:44 : Player #4 Norris - Legacy GUID: c699d88a6adf74f6c773b1cef1928e78
﻿23:45:40 : Player #2 GanjaBro disconnected
﻿23:55:00 : RCon admin #0: (Global) AUTO SERVER RESTART IN 5 MINUTES
﻿23:57:00 : RCon admin #0: (Global) AUTO SERVER RESTART IN 3 MINUTES
﻿23:59:00 : RCon admin #0: (Global) AUTO SERVER RESTART IN 1 MINUTE
﻿23:59:26 : Player #4 Norris disconnected
﻿23:59:30 : RCon admin #0: (Global) AUTO SERVER RESTART IN 30 SECONDS! - LOG OUT NOW OR YOU MAY LOSE YOUR GEAR
