00:00:01 : Lost Connection!
﻿00:00:01 : Closing socket & exiting!
﻿00:00:34 : Rcon client logging in
﻿00:00:34 : RCon admin #0 (127.0.0.1:61047) logged in
﻿02:55:00 : RCon admin #0: (Global) AUTO SERVER RESTART IN 5 MINUTES
﻿02:57:00 : RCon admin #0: (Global) AUTO SERVER RESTART IN 3 MINUTES
﻿02:59:00 : RCon admin #0: (Global) AUTO SERVER RESTART IN 1 MINUTE
﻿02:59:30 : RCon admin #0: (Global) AUTO SERVER RESTART IN 30 SECONDS! - LOG OUT NOW OR YOU MAY LOSE YOUR GEAR
﻿03:00:01 : Lost Connection!
﻿03:00:01 : Closing socket & exiting!
﻿03:00:34 : Rcon client logging in
﻿03:00:34 : RCon admin #0 (127.0.0.1:55563) logged in
﻿05:55:00 : RCon admin #0: (Global) AUTO SERVER RESTART IN 5 MINUTES
﻿05:57:00 : RCon admin #0: (Global) AUTO SERVER RESTART IN 3 MINUTES
﻿05:59:00 : RCon admin #0: (Global) AUTO SERVER RESTART IN 1 MINUTE
﻿05:59:30 : RCon admin #0: (Global) AUTO SERVER RESTART IN 30 SECONDS! - LOG OUT NOW OR YOU MAY LOSE YOUR GEAR
﻿06:00:01 : Lost Connection!
﻿06:00:01 : Closing socket & exiting!
﻿06:00:34 : Rcon client logging in
﻿06:00:34 : RCon admin #0 (127.0.0.1:49927) logged in
﻿08:55:00 : RCon admin #0: (Global) AUTO SERVER RESTART IN 5 MINUTES
﻿08:57:00 : RCon admin #0: (Global) AUTO SERVER RESTART IN 3 MINUTES
﻿08:59:00 : RCon admin #0: (Global) AUTO SERVER RESTART IN 1 MINUTE
﻿08:59:30 : RCon admin #0: (Global) AUTO SERVER RESTART IN 30 SECONDS! - LOG OUT NOW OR YOU MAY LOSE YOUR GEAR
﻿09:00:01 : Lost Connection!
﻿09:00:01 : Closing socket & exiting!
﻿09:00:34 : Rcon client logging in
﻿09:00:34 : RCon admin #0 (127.0.0.1:61393) logged in
﻿11:55:00 : RCon admin #0: (Global) AUTO SERVER RESTART IN 5 MINUTES
﻿11:57:00 : RCon admin #0: (Global) AUTO SERVER RESTART IN 3 MINUTES
﻿11:59:00 : RCon admin #0: (Global) AUTO SERVER RESTART IN 1 MINUTE
﻿11:59:30 : RCon admin #0: (Global) AUTO SERVER RESTART IN 30 SECONDS! - LOG OUT NOW OR YOU MAY LOSE YOUR GEAR
﻿12:00:01 : Lost Connection!
﻿12:00:01 : Closing socket & exiting!
﻿12:00:33 : Rcon client logging in
﻿12:00:33 : RCon admin #0 (127.0.0.1:51209) logged in
﻿14:55:00 : RCon admin #0: (Global) AUTO SERVER RESTART IN 5 MINUTES
﻿14:57:00 : RCon admin #0: (Global) AUTO SERVER RESTART IN 3 MINUTES
﻿14:59:00 : RCon admin #0: (Global) AUTO SERVER RESTART IN 1 MINUTE
﻿14:59:30 : RCon admin #0: (Global) AUTO SERVER RESTART IN 30 SECONDS! - LOG OUT NOW OR YOU MAY LOSE YOUR GEAR
﻿15:00:02 : Lost Connection!
﻿15:00:02 : Closing socket & exiting!
﻿15:00:34 : Rcon client logging in
﻿15:00:34 : RCon admin #0 (127.0.0.1:51919) logged in
﻿15:38:32 : Player #0 Noodlehax (60.242.154.121:2304) connected
﻿15:38:34 : Player #0 Noodlehax - GUID: 1b58aaf79339b864cacd93c0d565e46c (unverified)
﻿15:38:34 : Verified GUID (1b58aaf79339b864cacd93c0d565e46c) of player #0 Noodlehax
﻿15:38:35 : Player #0 Noodlehax - Legacy GUID: 7498d2df99c4cc9ab84f52fb07c0a8dd
﻿15:41:06 : Player #0 Noodlehax - Legacy GUID: 7498d2df99c4cc9ab84f52fb07c0a8dd
﻿15:57:29 : Player #0 Noodlehax disconnected
﻿16:01:28 : Player #0 Noodlehax (60.242.154.121:2304) connected
﻿16:01:29 : Player #0 Noodlehax - GUID: 1b58aaf79339b864cacd93c0d565e46c (unverified)
﻿16:01:29 : Verified GUID (1b58aaf79339b864cacd93c0d565e46c) of player #0 Noodlehax
﻿16:01:30 : Player #0 Noodlehax - Legacy GUID: 7498d2df99c4cc9ab84f52fb07c0a8dd
﻿16:17:53 : RCon admin #0: (To Noodlehax) BEC : You have about 60 seconds left to join the mission.
﻿16:18:24 : RCon admin #0: (To Noodlehax) BEC : You have about 30 seconds left to join the mission.
﻿16:18:39 : RCon admin #0: (To Noodlehax) BEC : You have about 15 seconds left to join the mission.
﻿16:18:56 : Player #0 Noodlehax (1b58aaf79339b864cacd93c0d565e46c) has been kicked by BattlEye: Admin Kick (BEC : Lobby idling to long)
﻿17:05:47 : Player #0 Noodlehax (60.242.154.121:2304) connected
﻿17:05:48 : Player #0 Noodlehax - GUID: 1b58aaf79339b864cacd93c0d565e46c (unverified)
﻿17:05:48 : Verified GUID (1b58aaf79339b864cacd93c0d565e46c) of player #0 Noodlehax
﻿17:05:49 : Player #0 Noodlehax - Legacy GUID: 7498d2df99c4cc9ab84f52fb07c0a8dd
﻿17:26:00 : Player #0 Noodlehax disconnected
﻿17:55:00 : RCon admin #0: (Global) AUTO SERVER RESTART IN 5 MINUTES
﻿17:57:00 : RCon admin #0: (Global) AUTO SERVER RESTART IN 3 MINUTES
﻿17:59:00 : RCon admin #0: (Global) AUTO SERVER RESTART IN 1 MINUTE
﻿17:59:30 : RCon admin #0: (Global) AUTO SERVER RESTART IN 30 SECONDS! - LOG OUT NOW OR YOU MAY LOSE YOUR GEAR
﻿18:00:01 : Lost Connection!
﻿18:00:01 : Closing socket & exiting!
﻿18:00:34 : Rcon client logging in
﻿18:00:34 : RCon admin #0 (127.0.0.1:62108) logged in
﻿18:00:45 : Player #0 Carbonoid (66.30.112.69:2304) connected
﻿18:00:46 : Player #0 Carbonoid - GUID: 972fa863a0555009a12bd329b177b181 (unverified)
﻿18:00:47 : Verified GUID (972fa863a0555009a12bd329b177b181) of player #0 Carbonoid
﻿18:00:48 : Player #0 Carbonoid - Legacy GUID: d0998e822d3a3466c43f64fbaefb64c4
﻿18:03:18 : Player #0 Carbonoid - Legacy GUID: d0998e822d3a3466c43f64fbaefb64c4
﻿18:03:20 : RCon admin #0: (To Carbonoid) BEC : You have about 30 seconds left to join the mission.
﻿18:16:08 : RCon admin #0: (To Carbonoid) BEC : You have about 60 seconds left to join the mission.
﻿18:16:39 : RCon admin #0: (To Carbonoid) BEC : You have about 30 seconds left to join the mission.
﻿18:16:53 : RCon admin #0: (To Carbonoid) BEC : You have about 15 seconds left to join the mission.
﻿18:17:10 : Player #0 Carbonoid (972fa863a0555009a12bd329b177b181) has been kicked by BattlEye: Admin Kick (BEC : Lobby idling to long)
﻿18:18:11 : Player #0 Carbonoid (66.30.112.69:2304) connected
﻿18:18:12 : Player #0 Carbonoid - GUID: 972fa863a0555009a12bd329b177b181 (unverified)
﻿18:18:12 : Verified GUID (972fa863a0555009a12bd329b177b181) of player #0 Carbonoid
﻿18:18:13 : Player #0 Carbonoid - Legacy GUID: d0998e822d3a3466c43f64fbaefb64c4
﻿18:21:38 : No Valid response. Trying to reconnect.!
﻿18:21:38 : Rcon client logging in
﻿18:21:38 : RCon admin #0 (127.0.0.1:62108) logged in
﻿18:47:31 : Player #1 jesquik (66.31.45.174:2304) connected
﻿18:47:32 : Player #1 jesquik - GUID: 3c96bf37ad015cb45df0628318a128d4 (unverified)
﻿18:47:33 : Verified GUID (3c96bf37ad015cb45df0628318a128d4) of player #1 jesquik
﻿18:47:33 : Player #1 jesquik - Legacy GUID: 6eb27d76b28885f2c56fe9c7469de086
﻿18:50:03 : Player #1 jesquik - Legacy GUID: 6eb27d76b28885f2c56fe9c7469de086
﻿18:51:07 : Lost Connection!
﻿18:51:07 : Closing socket & exiting!
