12:17:10 : Rcon client logging in
﻿12:17:10 : RCon admin #0 (127.0.0.1:60235) logged in
﻿12:23:59 : Player #0 Devin (216.164.56.45:2304) connected
﻿12:24:01 : Player #0 Devin - GUID: 70d0226d5fe225de9b766952171301bb (unverified)
﻿12:24:01 : Verified GUID (70d0226d5fe225de9b766952171301bb) of player #0 Devin
﻿12:24:01 : Player #0 Devin - Legacy GUID: 493138e0bd15927af73605234a5a90a5
﻿12:24:06 : Player #0 Devin disconnected
﻿12:26:13 : Player #0 Devin (216.164.56.45:2304) connected
﻿12:26:14 : Player #0 Devin - GUID: 70d0226d5fe225de9b766952171301bb (unverified)
﻿12:26:14 : Verified GUID (70d0226d5fe225de9b766952171301bb) of player #0 Devin
﻿12:26:15 : Player #0 Devin - Legacy GUID: 493138e0bd15927af73605234a5a90a5
﻿12:26:53 : RCon admin #0: (To Devin) BEC : You have about 60 seconds left to join the mission.
﻿12:32:14 : Lost Connection!
﻿12:32:14 : Closing socket & exiting!
﻿12:32:47 : Rcon client logging in
﻿12:32:47 : RCon admin #0 (127.0.0.1:61828) logged in
﻿12:41:12 : Player #0 Devin (216.164.56.45:2304) connected
﻿12:41:13 : Player #0 Devin - GUID: 70d0226d5fe225de9b766952171301bb (unverified)
﻿12:41:13 : Verified GUID (70d0226d5fe225de9b766952171301bb) of player #0 Devin
﻿12:41:14 : Player #0 Devin - Legacy GUID: 493138e0bd15927af73605234a5a90a5
﻿12:41:48 : RCon admin #0: (To Devin) BEC : You have about 60 seconds left to join the mission.
﻿12:47:45 : Player #0 Devin disconnected
﻿12:56:06 : Lost Connection!
﻿12:56:06 : Closing socket & exiting!
﻿13:55:35 : Rcon client logging in
﻿13:55:35 : RCon admin #0 (127.0.0.1:60382) logged in
﻿13:56:37 : Player #0 Devin (216.164.56.45:2304) connected
﻿13:56:38 : Player #0 Devin - GUID: 70d0226d5fe225de9b766952171301bb (unverified)
﻿13:56:38 : Verified GUID (70d0226d5fe225de9b766952171301bb) of player #0 Devin
﻿13:56:39 : Player #0 Devin - Legacy GUID: 493138e0bd15927af73605234a5a90a5
﻿13:57:18 : RCon admin #0: (To Devin) BEC : You have about 60 seconds left to join the mission.
﻿13:57:40 : RCon admin #0: (To Devin) BEC : You have about 30 seconds left to join the mission.
﻿14:06:40 : Player #0 Devin disconnected
﻿14:14:15 : Player #0 Devin (216.164.56.45:2304) connected
﻿14:14:16 : Player #0 Devin - GUID: 70d0226d5fe225de9b766952171301bb (unverified)
﻿14:14:16 : Verified GUID (70d0226d5fe225de9b766952171301bb) of player #0 Devin
﻿14:14:17 : Player #0 Devin - Legacy GUID: 493138e0bd15927af73605234a5a90a5
﻿14:14:49 : RCon admin #0: (To Devin) BEC : You have about 60 seconds left to join the mission.
﻿14:19:41 : Player #0 Devin disconnected
﻿15:39:26 : Rcon client logging in
﻿15:39:26 : RCon admin #0 (127.0.0.1:54313) logged in
﻿15:42:51 : Rcon client logging in
﻿15:42:51 : RCon admin #0 (127.0.0.1:54400) logged in
﻿15:55:31 : Rcon client logging in
﻿15:55:31 : RCon admin #0 (127.0.0.1:53036) logged in
﻿15:56:37 : Player #0 Devin (216.164.56.45:2304) connected
﻿16:03:18 : Player #0 Devin disconnected
﻿16:05:43 : Lost Connection!
﻿16:05:43 : Closing socket & exiting!
﻿16:07:44 : Rcon client logging in
﻿16:07:44 : RCon admin #0 (127.0.0.1:64606) logged in
﻿16:11:13 : Player #0 NcA (66.31.44.105:2304) connected
﻿16:11:13 : Player #0 NcA - GUID: 004e52e117c4353b9126ff8cae92894b (unverified)
﻿16:11:14 : Verified GUID (004e52e117c4353b9126ff8cae92894b) of player #0 NcA
﻿16:11:14 : Player #0 NcA - Legacy GUID: 0b47253664861c70f6399123e9106d52
﻿16:11:14 : Player #0 NcA disconnected
﻿16:11:20 : Player #0 NcA (66.31.44.105:2304) connected
﻿16:11:21 : Player #0 NcA - GUID: 004e52e117c4353b9126ff8cae92894b (unverified)
﻿16:11:21 : Verified GUID (004e52e117c4353b9126ff8cae92894b) of player #0 NcA
﻿16:11:22 : Player #0 NcA disconnected
﻿16:13:43 : Player #0 NcA (66.31.44.105:2304) connected
﻿16:13:43 : Player #0 NcA - GUID: 004e52e117c4353b9126ff8cae92894b (unverified)
﻿16:13:44 : Verified GUID (004e52e117c4353b9126ff8cae92894b) of player #0 NcA
﻿16:13:44 : Player #0 NcA - Legacy GUID: 0b47253664861c70f6399123e9106d52
﻿16:16:36 : Player #0 NcA - Legacy GUID: 0b47253664861c70f6399123e9106d52
﻿16:18:49 : Player #1 Devin (216.164.56.45:2304) connected
﻿16:18:50 : Player #1 Devin - GUID: 70d0226d5fe225de9b766952171301bb (unverified)
﻿16:18:50 : Verified GUID (70d0226d5fe225de9b766952171301bb) of player #1 Devin
﻿16:18:51 : Player #1 Devin - Legacy GUID: 493138e0bd15927af73605234a5a90a5
﻿16:20:38 : Player #0 NcA (004e52e117c4353b9126ff8cae92894b) has been kicked by BattlEye: Client not responding
﻿16:21:04 : Player #0 NcA (66.31.44.105:2304) connected
﻿16:21:05 : Player #0 NcA - GUID: 004e52e117c4353b9126ff8cae92894b (unverified)
﻿16:21:05 : Verified GUID (004e52e117c4353b9126ff8cae92894b) of player #0 NcA
﻿16:21:06 : Player #0 NcA - Legacy GUID: 0b47253664861c70f6399123e9106d52
﻿16:21:11 : Player #0 NcA disconnected
﻿16:22:50 : Player #0 NcA (66.31.44.105:2304) connected
﻿16:22:51 : Player #0 NcA - GUID: 004e52e117c4353b9126ff8cae92894b (unverified)
﻿16:22:51 : Verified GUID (004e52e117c4353b9126ff8cae92894b) of player #0 NcA
﻿16:22:52 : Player #0 NcA - Legacy GUID: 0b47253664861c70f6399123e9106d52
﻿16:23:23 : RCon admin #0: (To NcA) BEC : You have about 60 seconds left to join the mission.
﻿16:28:36 : Could not connect to BE Master
﻿16:28:36 : Update attempt failed
﻿16:33:13 : Could not connect to BE Master
﻿16:33:13 : Update attempt failed
﻿16:38:00 : Could not connect to BE Master
﻿16:38:00 : Update attempt failed
﻿16:39:32 : Player #1 Devin disconnected
﻿16:39:47 : Lost Connection!
﻿16:39:47 : Closing socket & exiting!
﻿16:40:31 : Rcon client logging in
﻿16:40:31 : RCon admin #0 (127.0.0.1:65515) logged in
﻿16:40:38 : Player #0 NcA (66.31.44.105:2304) connected
﻿16:40:38 : Player #0 NcA - GUID: 004e52e117c4353b9126ff8cae92894b (unverified)
﻿16:40:39 : Verified GUID (004e52e117c4353b9126ff8cae92894b) of player #0 NcA
﻿16:40:39 : Player #0 NcA - Legacy GUID: 0b47253664861c70f6399123e9106d52
﻿16:41:15 : RCon admin #0: (To NcA) BEC : You have about 60 seconds left to join the mission.
﻿16:41:15 : Could not connect to BE Master
﻿16:41:15 : Update attempt failed
﻿16:43:06 : Player #1 Devin (216.164.56.45:2304) connected
﻿16:43:07 : Player #1 Devin - GUID: 70d0226d5fe225de9b766952171301bb (unverified)
﻿16:43:07 : Verified GUID (70d0226d5fe225de9b766952171301bb) of player #1 Devin
﻿16:43:08 : Player #1 Devin - Legacy GUID: 493138e0bd15927af73605234a5a90a5
﻿16:43:31 : Could not connect to BE Master
﻿16:43:31 : Update attempt failed
﻿16:51:20 : Could not connect to BE Master
﻿16:51:20 : Update attempt failed
﻿16:53:36 : Could not connect to BE Master
﻿16:53:36 : Update attempt failed
﻿16:55:52 : Could not connect to BE Master
﻿16:55:52 : Update attempt failed
﻿16:58:06 : Failed to receive from BE Master (2)
﻿16:58:06 : Update attempt failed
﻿16:58:53 : Player #1 Devin disconnected
﻿17:00:22 : Could not connect to BE Master
﻿17:00:22 : Update attempt failed
﻿17:02:38 : Could not connect to BE Master
﻿17:02:38 : Update attempt failed
﻿17:03:49 : Player #1 Devin (216.164.56.45:2304) connected
﻿17:03:49 : Player #1 Devin - GUID: 70d0226d5fe225de9b766952171301bb (unverified)
﻿17:03:50 : Verified GUID (70d0226d5fe225de9b766952171301bb) of player #1 Devin
﻿17:03:51 : Player #1 Devin - Legacy GUID: 493138e0bd15927af73605234a5a90a5
﻿17:04:54 : Could not connect to BE Master
﻿17:04:54 : Update attempt failed
﻿17:07:05 : Player #1 Devin disconnected
﻿17:07:10 : Could not connect to BE Master
﻿17:07:10 : Update attempt failed
﻿17:09:49 : Player #1 Devin (216.164.56.45:2304) connected
﻿17:09:50 : Player #1 Devin - GUID: 70d0226d5fe225de9b766952171301bb (unverified)
﻿17:09:50 : Verified GUID (70d0226d5fe225de9b766952171301bb) of player #1 Devin
﻿17:09:51 : Player #1 Devin - Legacy GUID: 493138e0bd15927af73605234a5a90a5
﻿17:13:08 : Could not connect to BE Master
﻿17:13:08 : Update attempt failed
﻿17:15:24 : Could not connect to BE Master
﻿17:15:24 : Update attempt failed
﻿17:18:15 : Rcon client logging in
﻿17:18:15 : RCon admin #0 (127.0.0.1:60935) logged in
﻿17:18:57 : Player #0 Devin (216.164.56.45:2304) connected
﻿17:18:58 : Player #0 Devin - GUID: 70d0226d5fe225de9b766952171301bb (unverified)
﻿17:18:58 : Verified GUID (70d0226d5fe225de9b766952171301bb) of player #0 Devin
﻿17:18:59 : Player #0 Devin - Legacy GUID: 493138e0bd15927af73605234a5a90a5
﻿17:19:18 : Could not connect to BE Master
﻿17:19:18 : Update attempt failed
﻿17:19:30 : RCon admin #0: (To Devin) BEC : You have about 60 seconds left to join the mission.
﻿17:20:01 : RCon admin #0: (To Devin) BEC : You have about 30 seconds left to join the mission.
﻿17:20:19 : RCon admin #0: (To Devin) BEC : You have about 15 seconds left to join the mission.
﻿17:21:34 : Could not connect to BE Master
﻿17:21:34 : Update attempt failed
﻿17:23:50 : Could not connect to BE Master
﻿17:23:50 : Update attempt failed
﻿17:25:28 : Player #1 NcA (66.31.44.105:2304) connected
﻿17:25:29 : Player #1 NcA - GUID: 004e52e117c4353b9126ff8cae92894b (unverified)
﻿17:25:29 : Verified GUID (004e52e117c4353b9126ff8cae92894b) of player #1 NcA
﻿17:25:30 : Player #1 NcA - Legacy GUID: 0b47253664861c70f6399123e9106d52
﻿17:26:01 : RCon admin #0: (To NcA) BEC : You have about 60 seconds left to join the mission.
﻿17:26:04 : Failed to receive from BE Master (2)
﻿17:26:04 : Update attempt failed
﻿17:28:20 : Could not connect to BE Master
﻿17:28:20 : Update attempt failed
﻿17:31:51 : Failed to receive from BE Master (2)
﻿17:31:51 : Update attempt failed
﻿17:34:03 : Player #0 Devin disconnected
﻿17:34:07 : Could not connect to BE Master
﻿17:34:07 : Update attempt failed
﻿17:34:57 : Player #1 NcA disconnected
﻿17:35:01 : Lost Connection!
﻿17:35:01 : Closing socket & exiting!
﻿17:35:33 : Rcon client logging in
﻿17:35:33 : RCon admin #0 (127.0.0.1:65514) logged in
﻿17:36:01 : Player #0 NcA (66.31.44.105:2304) connected
﻿17:36:02 : Player #0 NcA - GUID: 004e52e117c4353b9126ff8cae92894b (unverified)
﻿17:36:02 : Verified GUID (004e52e117c4353b9126ff8cae92894b) of player #0 NcA
﻿17:36:03 : Player #0 NcA - Legacy GUID: 0b47253664861c70f6399123e9106d52
﻿17:36:38 : Player #1 Devin (216.164.56.45:2304) connected
﻿17:36:39 : RCon admin #0: (To NcA) BEC : You have about 60 seconds left to join the mission.
﻿17:36:39 : Player #1 Devin - GUID: 70d0226d5fe225de9b766952171301bb (unverified)
﻿17:36:40 : Verified GUID (70d0226d5fe225de9b766952171301bb) of player #1 Devin
﻿17:36:41 : Player #1 Devin - Legacy GUID: 493138e0bd15927af73605234a5a90a5
﻿17:37:53 : Failed to receive from BE Master (2)
﻿17:37:53 : Update attempt failed
﻿17:40:09 : Could not connect to BE Master
﻿17:40:09 : Update attempt failed
﻿17:42:25 : Could not connect to BE Master
﻿17:42:25 : Update attempt failed
﻿17:43:55 : Player #2 Simon (173.182.140.7:2304) connected
﻿17:43:56 : Player #2 Simon - GUID: 4bc83ec5406aa9f2e32aaa241e7681a8 (unverified)
﻿17:43:57 : Verified GUID (4bc83ec5406aa9f2e32aaa241e7681a8) of player #2 Simon
﻿17:43:57 : Player #2 Simon disconnected
﻿17:44:41 : Could not connect to BE Master
﻿17:44:41 : Update attempt failed
﻿17:46:57 : Could not connect to BE Master
﻿17:46:57 : Update attempt failed
﻿17:49:13 : Could not connect to BE Master
﻿17:49:13 : Update attempt failed
﻿17:50:29 : Lost Connection!
﻿17:50:29 : Closing socket & exiting!
﻿21:45:41 : Rcon client logging in
﻿21:45:41 : RCon admin #0 (127.0.0.1:49346) logged in
﻿21:47:00 : Player #0 Devin (216.164.56.45:2304) connected
﻿21:47:02 : Player #0 Devin - GUID: 70d0226d5fe225de9b766952171301bb (unverified)
﻿21:47:02 : Verified GUID (70d0226d5fe225de9b766952171301bb) of player #0 Devin
﻿21:47:02 : Player #0 Devin - Legacy GUID: 493138e0bd15927af73605234a5a90a5
﻿21:47:20 : Failed to receive from BE Master (2)
﻿21:47:20 : Update attempt failed
﻿21:47:42 : RCon admin #0: (To Devin) BEC : You have about 60 seconds left to join the mission.
﻿21:48:03 : RCon admin #0: (To Devin) BEC : You have about 30 seconds left to join the mission.
﻿21:48:46 : Player #1 jesquik (66.31.44.105:2304) connected
﻿21:48:48 : Player #1 jesquik - GUID: 3c96bf37ad015cb45df0628318a128d4 (unverified)
﻿21:48:48 : Verified GUID (3c96bf37ad015cb45df0628318a128d4) of player #1 jesquik
﻿21:48:48 : Player #1 jesquik - Legacy GUID: 6eb27d76b28885f2c56fe9c7469de086
﻿21:49:19 : RCon admin #0: (To jesquik) BEC : You have about 60 seconds left to join the mission.
﻿21:49:36 : Could not connect to BE Master
﻿21:49:36 : Update attempt failed
﻿21:49:48 : RCon admin #0: (To jesquik) BEC : You have about 30 seconds left to join the mission.
﻿21:50:05 : RCon admin #0: (To jesquik) BEC : You have about 15 seconds left to join the mission.
﻿21:51:01 : Player #0 Devin disconnected
﻿21:51:52 : Could not connect to BE Master
﻿21:51:52 : Update attempt failed
﻿21:53:44 : Player #1 jesquik disconnected
﻿22:00:08 : Lost Connection!
﻿22:00:08 : Closing socket & exiting!
﻿22:00:40 : Rcon client logging in
﻿22:00:40 : RCon admin #0 (127.0.0.1:65242) logged in
﻿22:01:32 : Player #0 Devin (216.164.56.45:2304) connected
﻿22:01:33 : Player #0 Devin - GUID: 70d0226d5fe225de9b766952171301bb (unverified)
﻿22:01:33 : Verified GUID (70d0226d5fe225de9b766952171301bb) of player #0 Devin
﻿22:01:34 : Player #0 Devin - Legacy GUID: 493138e0bd15927af73605234a5a90a5
﻿22:01:36 : Player #1 Devin (2) (216.164.56.45:2316) connected
﻿22:01:51 : Player #1 Devin (2) disconnected
﻿22:02:10 : Player #0 Devin disconnected
﻿22:02:10 : Player #0 Devin (216.164.56.45:2316) connected
﻿22:02:10 : RCon admin #0: (To Devin) BEC : You have about 60 seconds left to join the mission.
﻿22:02:10 : Could not connect to BE Master
﻿22:02:10 : Update attempt failed
﻿22:02:11 : Player #0 Devin - GUID: 70d0226d5fe225de9b766952171301bb (unverified)
﻿22:02:12 : Verified GUID (70d0226d5fe225de9b766952171301bb) of player #0 Devin
﻿22:02:12 : Player #0 Devin - Legacy GUID: 493138e0bd15927af73605234a5a90a5
﻿22:02:28 : Player #0 Devin disconnected
﻿22:03:18 : Player #0 Devin (216.164.56.45:2304) connected
﻿22:03:19 : Player #0 Devin - GUID: 70d0226d5fe225de9b766952171301bb (unverified)
﻿22:03:19 : Verified GUID (70d0226d5fe225de9b766952171301bb) of player #0 Devin
﻿22:03:20 : Player #0 Devin - Legacy GUID: 493138e0bd15927af73605234a5a90a5
﻿22:03:52 : RCon admin #0: (To Devin) BEC : You have about 60 seconds left to join the mission.
﻿22:04:26 : Could not connect to BE Master
﻿22:04:26 : Update attempt failed
﻿22:06:54 : Player #1 jesquik (66.31.44.105:2304) connected
﻿22:06:55 : Player #1 jesquik - GUID: 3c96bf37ad015cb45df0628318a128d4 (unverified)
﻿22:06:55 : Verified GUID (3c96bf37ad015cb45df0628318a128d4) of player #1 jesquik
﻿22:06:56 : Player #1 jesquik - Legacy GUID: 6eb27d76b28885f2c56fe9c7469de086
﻿22:08:03 : Failed to receive from BE Master (2)
﻿22:08:03 : Update attempt failed
﻿22:10:01 : Player #0 Devin disconnected
﻿22:10:19 : Could not connect to BE Master
﻿22:10:19 : Update attempt failed
﻿22:12:35 : Could not connect to BE Master
﻿22:12:35 : Update attempt failed
﻿22:15:11 : Player #1 jesquik disconnected
﻿22:16:06 : Failed to receive from BE Master (2)
﻿22:16:06 : Update attempt failed
﻿22:30:30 : Lost Connection!
﻿22:30:30 : Closing socket & exiting!
﻿22:32:04 : Rcon client logging in
﻿22:32:04 : RCon admin #0 (127.0.0.1:59869) logged in
﻿22:32:48 : Player #0 Devin (216.164.56.45:2304) connected
﻿22:32:49 : Player #0 Devin - GUID: 70d0226d5fe225de9b766952171301bb (unverified)
﻿22:32:49 : Verified GUID (70d0226d5fe225de9b766952171301bb) of player #0 Devin
﻿22:32:50 : Player #0 Devin - Legacy GUID: 493138e0bd15927af73605234a5a90a5
﻿22:33:28 : RCon admin #0: (To Devin) BEC : You have about 60 seconds left to join the mission.
﻿22:33:28 : Could not connect to BE Master
﻿22:33:28 : Update attempt failed
﻿22:33:50 : RCon admin #0: (To Devin) BEC : You have about 30 seconds left to join the mission.
﻿22:36:59 : Failed to receive from BE Master (2)
﻿22:36:59 : Update attempt failed
﻿22:38:07 : Player #0 Devin disconnected
﻿22:39:00 : Player #0 jesquik (66.31.44.105:2304) connected
﻿22:39:01 : Player #0 jesquik - GUID: 3c96bf37ad015cb45df0628318a128d4 (unverified)
﻿22:39:01 : Verified GUID (3c96bf37ad015cb45df0628318a128d4) of player #0 jesquik
﻿22:39:02 : Player #0 jesquik - Legacy GUID: 6eb27d76b28885f2c56fe9c7469de086
﻿22:39:21 : Could not connect to BE Master
﻿22:39:21 : Update attempt failed
﻿22:39:33 : RCon admin #0: (To jesquik) BEC : You have about 60 seconds left to join the mission.
﻿22:40:02 : RCon admin #0: (To jesquik) BEC : You have about 30 seconds left to join the mission.
﻿22:44:02 : Lost Connection!
﻿22:44:02 : Closing socket & exiting!
﻿23:02:00 : Rcon client logging in
﻿23:02:00 : RCon admin #0 (127.0.0.1:60133) logged in
﻿23:02:09 : Player #0 Devin (216.164.56.45:2304) connected
﻿23:02:09 : Player #0 Devin - GUID: 70d0226d5fe225de9b766952171301bb (unverified)
﻿23:02:10 : Verified GUID (70d0226d5fe225de9b766952171301bb) of player #0 Devin
﻿23:02:10 : Player #0 Devin - Legacy GUID: 493138e0bd15927af73605234a5a90a5
﻿23:02:45 : Player #1 jesquik (66.31.44.105:2304) connected
﻿23:02:46 : RCon admin #0: (To Devin) BEC : You have about 60 seconds left to join the mission.
﻿23:02:46 : Could not connect to BE Master
﻿23:02:46 : Update attempt failed
﻿23:02:46 : Player #1 jesquik - GUID: 3c96bf37ad015cb45df0628318a128d4 (unverified)
﻿23:02:46 : Verified GUID (3c96bf37ad015cb45df0628318a128d4) of player #1 jesquik
﻿23:02:48 : Player #1 jesquik - Legacy GUID: 6eb27d76b28885f2c56fe9c7469de086
﻿23:03:12 : RCon admin #0: (To Devin) BEC : You have about 30 seconds left to join the mission.
﻿23:03:19 : RCon admin #0: (To jesquik) BEC : You have about 60 seconds left to join the mission.
﻿23:03:26 : RCon admin #0: (To Devin) BEC : You have about 15 seconds left to join the mission.
﻿23:03:41 : Player #0 Devin (70d0226d5fe225de9b766952171301bb) has been kicked by BattlEye: Admin Kick (BEC : Lobby idling to long)
﻿23:03:48 : RCon admin #0: (To jesquik) BEC : You have about 30 seconds left to join the mission.
﻿23:04:05 : RCon admin #0: (To jesquik) BEC : You have about 15 seconds left to join the mission.
﻿23:04:19 : Player #1 jesquik (3c96bf37ad015cb45df0628318a128d4) has been kicked by BattlEye: Admin Kick (BEC : Lobby idling to long)
﻿23:09:09 : Lost Connection!
﻿23:09:09 : Closing socket & exiting!
﻿23:10:12 : Rcon client logging in
﻿23:10:12 : RCon admin #0 (127.0.0.1:50765) logged in
﻿23:11:12 : Lost Connection!
﻿23:11:12 : Closing socket & exiting!
﻿23:11:44 : Rcon client logging in
﻿23:11:44 : RCon admin #0 (127.0.0.1:59503) logged in
﻿23:12:03 : Player #0 Devin (216.164.56.45:2304) connected
﻿23:12:04 : Player #0 Devin - GUID: 70d0226d5fe225de9b766952171301bb (unverified)
﻿23:12:04 : Verified GUID (70d0226d5fe225de9b766952171301bb) of player #0 Devin
﻿23:12:05 : Player #0 Devin - Legacy GUID: 493138e0bd15927af73605234a5a90a5
﻿23:12:37 : RCon admin #0: (To Devin) BEC : You have about 60 seconds left to join the mission.
﻿23:12:55 : Player #1 jesquik (66.31.44.105:2304) connected
﻿23:12:56 : Player #1 jesquik - GUID: 3c96bf37ad015cb45df0628318a128d4 (unverified)
﻿23:12:56 : Verified GUID (3c96bf37ad015cb45df0628318a128d4) of player #1 jesquik
﻿23:12:57 : Player #1 jesquik - Legacy GUID: 6eb27d76b28885f2c56fe9c7469de086
﻿23:13:06 : RCon admin #0: (To Devin) BEC : You have about 30 seconds left to join the mission.
﻿23:13:23 : RCon admin #0: (To Devin) BEC : You have about 15 seconds left to join the mission.
﻿23:13:27 : RCon admin #0: (To jesquik) BEC : You have about 60 seconds left to join the mission.
﻿23:13:52 : Failed to receive from BE Master (2)
﻿23:13:52 : Update attempt failed
﻿23:14:21 : Player #0 Devin disconnected
﻿23:16:28 : Rcon client logging in
﻿23:16:29 : RCon admin #0 (127.0.0.1:51382) logged in
﻿23:16:51 : Player #0 Devin (216.164.56.45:2304) connected
﻿23:16:52 : Player #0 Devin - GUID: 70d0226d5fe225de9b766952171301bb (unverified)
﻿23:16:53 : Verified GUID (70d0226d5fe225de9b766952171301bb) of player #0 Devin
﻿23:16:53 : Player #0 Devin - Legacy GUID: 493138e0bd15927af73605234a5a90a5
﻿23:17:23 : Could not connect to BE Master
﻿23:17:23 : Update attempt failed
﻿23:17:40 : RCon admin #0: (To Devin) BEC : You have about 60 seconds left to join the mission.
﻿23:19:17 : Player #0 Devin disconnected
﻿23:55:00 : RCon admin #0: (Global) AUTO SERVER RESTART IN 5 MINUTES
﻿23:57:00 : RCon admin #0: (Global) AUTO SERVER RESTART IN 3 MINUTES
﻿23:59:00 : RCon admin #0: (Global) AUTO SERVER RESTART IN 1 MINUTE
﻿23:59:30 : RCon admin #0: (Global) AUTO SERVER RESTART IN 30 SECONDS! - LOG OUT NOW OR YOU MAY LOSE YOUR GEAR
