09:54:41 : Rcon client logging in
﻿09:54:41 : RCon admin #0 (127.0.0.1:53713) logged in
﻿09:58:23 : Player #0 Devin (216.164.56.45:2304) connected
﻿09:58:24 : Player #0 Devin - GUID: 70d0226d5fe225de9b766952171301bb (unverified)
﻿09:58:25 : Verified GUID (70d0226d5fe225de9b766952171301bb) of player #0 Devin
﻿09:58:25 : Player #0 Devin - Legacy GUID: 493138e0bd15927af73605234a5a90a5
﻿09:58:46 : Player #0 Devin (70d0226d5fe225de9b766952171301bb) has been kicked by BattlEye: Game restart required
﻿10:00:24 : Player #0 Devin (216.164.56.45:2304) connected
﻿10:00:24 : Player #0 Devin - GUID: 70d0226d5fe225de9b766952171301bb (unverified)
﻿10:00:25 : Verified GUID (70d0226d5fe225de9b766952171301bb) of player #0 Devin
﻿10:00:25 : Player #0 Devin - Legacy GUID: 493138e0bd15927af73605234a5a90a5
﻿10:00:56 : RCon admin #0: (To Devin) BEC : You have about 60 seconds left to join the mission.
﻿10:01:27 : RCon admin #0: (To Devin) BEC : You have about 30 seconds left to join the mission.
﻿10:01:41 : RCon admin #0: (To Devin) BEC : You have about 15 seconds left to join the mission.
﻿10:01:56 : Player #0 Devin (70d0226d5fe225de9b766952171301bb) has been kicked by BattlEye: Admin Kick (BEC : Lobby idling to long)
﻿10:03:01 : Player #0 Devin (216.164.56.45:2304) connected
﻿10:03:02 : Player #0 Devin - GUID: 70d0226d5fe225de9b766952171301bb (unverified)
﻿10:03:02 : Verified GUID (70d0226d5fe225de9b766952171301bb) of player #0 Devin
﻿10:03:03 : Player #0 Devin - Legacy GUID: 493138e0bd15927af73605234a5a90a5
﻿10:03:34 : RCon admin #0: (To Devin) BEC : You have about 60 seconds left to join the mission.
﻿11:55:00 : RCon admin #0: (Global) AUTO SERVER RESTART IN 5 MINUTES
﻿11:57:00 : RCon admin #0: (Global) AUTO SERVER RESTART IN 3 MINUTES
﻿11:59:00 : RCon admin #0: (Global) AUTO SERVER RESTART IN 1 MINUTE
﻿11:59:30 : RCon admin #0: (Global) AUTO SERVER RESTART IN 30 SECONDS! - LOG OUT NOW OR YOU MAY LOSE YOUR GEAR
﻿12:09:30 : RCon admin #0: (Global) AUTO SERVER RESTART IN 30 SECONDS! - LOG OUT NOW OR YOU MAY LOSE YOUR GEAR
﻿12:19:30 : RCon admin #0: (Global) AUTO SERVER RESTART IN 30 SECONDS! - LOG OUT NOW OR YOU MAY LOSE YOUR GEAR
﻿12:29:30 : RCon admin #0: (Global) AUTO SERVER RESTART IN 30 SECONDS! - LOG OUT NOW OR YOU MAY LOSE YOUR GEAR
﻿12:39:30 : RCon admin #0: (Global) AUTO SERVER RESTART IN 30 SECONDS! - LOG OUT NOW OR YOU MAY LOSE YOUR GEAR
﻿12:49:30 : RCon admin #0: (Global) AUTO SERVER RESTART IN 30 SECONDS! - LOG OUT NOW OR YOU MAY LOSE YOUR GEAR
﻿12:59:30 : RCon admin #0: (Global) AUTO SERVER RESTART IN 30 SECONDS! - LOG OUT NOW OR YOU MAY LOSE YOUR GEAR
﻿13:09:30 : RCon admin #0: (Global) AUTO SERVER RESTART IN 30 SECONDS! - LOG OUT NOW OR YOU MAY LOSE YOUR GEAR
﻿13:19:30 : RCon admin #0: (Global) AUTO SERVER RESTART IN 30 SECONDS! - LOG OUT NOW OR YOU MAY LOSE YOUR GEAR
﻿13:22:26 : Player #0 Devin disconnected
﻿13:26:44 : Rcon client logging in
﻿13:26:44 : RCon admin #0 (127.0.0.1:64338) logged in
﻿13:28:15 : Player #0 Devin (216.164.56.45:2304) connected
﻿13:28:16 : Player #0 Devin - GUID: 70d0226d5fe225de9b766952171301bb (unverified)
﻿13:28:17 : Verified GUID (70d0226d5fe225de9b766952171301bb) of player #0 Devin
﻿13:28:17 : Player #0 Devin - Legacy GUID: 493138e0bd15927af73605234a5a90a5
﻿13:28:55 : RCon admin #0: (To Devin) BEC : You have about 60 seconds left to join the mission.
﻿13:29:18 : RCon admin #0: (To Devin) BEC : You have about 30 seconds left to join the mission.
﻿13:29:35 : RCon admin #0: (To Devin) BEC : You have about 15 seconds left to join the mission.
﻿13:29:49 : Player #0 Devin (70d0226d5fe225de9b766952171301bb) has been kicked by BattlEye: Admin Kick (BEC : Lobby idling to long)
﻿13:30:19 : Player #0 Devin (216.164.56.45:2304) connected
﻿13:30:19 : Player #0 Devin - GUID: 70d0226d5fe225de9b766952171301bb (unverified)
﻿13:30:20 : Verified GUID (70d0226d5fe225de9b766952171301bb) of player #0 Devin
﻿13:30:20 : Player #0 Devin - Legacy GUID: 493138e0bd15927af73605234a5a90a5
﻿13:30:52 : RCon admin #0: (To Devin) BEC : You have about 60 seconds left to join the mission.
﻿13:32:15 : Player #0 Devin disconnected
﻿13:52:24 : Rcon client logging in
﻿13:52:24 : RCon admin #0 (127.0.0.1:57742) logged in
﻿13:52:42 : Player #0 Devin (216.164.56.45:2304) connected
﻿13:52:43 : Player #0 Devin - GUID: 70d0226d5fe225de9b766952171301bb (unverified)
﻿13:52:43 : Verified GUID (70d0226d5fe225de9b766952171301bb) of player #0 Devin
﻿13:52:43 : Player #0 Devin - Legacy GUID: 493138e0bd15927af73605234a5a90a5
﻿13:54:23 : Player #0 Devin disconnected
﻿13:59:00 : Rcon client logging in
﻿13:59:00 : RCon admin #0 (127.0.0.1:62634) logged in
﻿13:59:21 : Player #0 Devin (216.164.56.45:2304) connected
﻿13:59:22 : Player #0 Devin - GUID: 70d0226d5fe225de9b766952171301bb (unverified)
﻿13:59:22 : Verified GUID (70d0226d5fe225de9b766952171301bb) of player #0 Devin
﻿13:59:23 : Player #0 Devin - Legacy GUID: 493138e0bd15927af73605234a5a90a5
﻿13:59:54 : RCon admin #0: (To Devin) BEC : You have about 60 seconds left to join the mission.
﻿14:00:25 : RCon admin #0: (To Devin) BEC : You have about 30 seconds left to join the mission.
﻿14:00:55 : Player #0 Devin disconnected
﻿18:41:23 : Rcon client logging in
﻿18:41:24 : RCon admin #0 (127.0.0.1:50305) logged in
﻿18:41:59 : Player #0 jesquik (66.31.44.105:2304) connected
﻿18:42:00 : Player #0 jesquik - GUID: 3c96bf37ad015cb45df0628318a128d4 (unverified)
﻿18:42:00 : Verified GUID (3c96bf37ad015cb45df0628318a128d4) of player #0 jesquik
﻿18:42:00 : Player #0 jesquik - Legacy GUID: 6eb27d76b28885f2c56fe9c7469de086
﻿18:42:22 : Player #1 Devin (216.164.56.45:2304) connected
﻿18:42:23 : Player #1 Devin - GUID: 70d0226d5fe225de9b766952171301bb (unverified)
﻿18:42:23 : Verified GUID (70d0226d5fe225de9b766952171301bb) of player #1 Devin
﻿18:42:24 : Player #1 Devin - Legacy GUID: 493138e0bd15927af73605234a5a90a5
﻿18:42:33 : RCon admin #0: (To jesquik) BEC : You have about 60 seconds left to join the mission.
﻿18:42:55 : RCon admin #0: (To Devin) BEC : You have about 60 seconds left to join the mission.
﻿18:43:02 : RCon admin #0: (To jesquik) BEC : You have about 30 seconds left to join the mission.
﻿18:43:12 : Player #1 Devin disconnected
﻿18:43:19 : RCon admin #0: (To jesquik) BEC : You have about 15 seconds left to join the mission.
﻿18:44:44 : Rcon client logging in
﻿18:44:44 : RCon admin #0 (127.0.0.1:56921) logged in
﻿18:45:20 : Player #0 Devin (216.164.56.45:2304) connected
﻿18:45:21 : Player #0 Devin - GUID: 70d0226d5fe225de9b766952171301bb (unverified)
﻿18:45:21 : Verified GUID (70d0226d5fe225de9b766952171301bb) of player #0 Devin
﻿18:45:22 : Player #0 Devin - Legacy GUID: 493138e0bd15927af73605234a5a90a5
﻿18:45:54 : RCon admin #0: (To Devin) BEC : You have about 60 seconds left to join the mission.
﻿18:46:11 : Player #1 jesquik (66.31.44.105:2304) connected
﻿18:46:12 : Player #1 jesquik - GUID: 3c96bf37ad015cb45df0628318a128d4 (unverified)
﻿18:46:12 : Verified GUID (3c96bf37ad015cb45df0628318a128d4) of player #1 jesquik
﻿18:46:13 : Player #1 jesquik - Legacy GUID: 6eb27d76b28885f2c56fe9c7469de086
﻿18:48:09 : Player #1 jesquik disconnected
﻿18:48:11 : Player #0 Devin disconnected
﻿18:49:25 : Lost Connection!
﻿18:49:25 : Closing socket & exiting!
﻿18:55:29 : Rcon client logging in
﻿18:55:29 : RCon admin #0 (127.0.0.1:63067) logged in
﻿18:55:29 : Player #0 jesquik - GUID: 3c96bf37ad015cb45df0628318a128d4 (unverified)
﻿18:55:30 : Verified GUID (3c96bf37ad015cb45df0628318a128d4) of player #0 jesquik
﻿18:55:30 : Player #0 jesquik - Legacy GUID: 6eb27d76b28885f2c56fe9c7469de086
﻿18:55:52 : Player #1 Devin (216.164.56.45:2304) connected
﻿18:56:10 : Player #1 Devin - GUID: 70d0226d5fe225de9b766952171301bb (unverified)
﻿18:56:10 : RCon admin #0: (To jesquik) BEC : You have about 60 seconds left to join the mission.
﻿18:56:11 : Player #1 Devin - Legacy GUID: 493138e0bd15927af73605234a5a90a5
﻿18:56:11 : Verified GUID (70d0226d5fe225de9b766952171301bb) of player #1 Devin
﻿18:56:31 : RCon admin #0: (To jesquik) BEC : You have about 30 seconds left to join the mission.
﻿18:56:43 : RCon admin #0: (To Devin) BEC : You have about 60 seconds left to join the mission.
﻿18:56:48 : RCon admin #0: (To jesquik) BEC : You have about 15 seconds left to join the mission.
﻿18:57:03 : Player #0 jesquik (3c96bf37ad015cb45df0628318a128d4) has been kicked by BattlEye: Admin Kick (BEC : Lobby idling to long)
﻿18:57:09 : Player #0 jesquik (66.31.44.105:2304) connected
﻿18:57:11 : Player #0 jesquik - GUID: 3c96bf37ad015cb45df0628318a128d4 (unverified)
﻿18:57:11 : Verified GUID (3c96bf37ad015cb45df0628318a128d4) of player #0 jesquik
﻿18:57:11 : Player #0 jesquik - Legacy GUID: 6eb27d76b28885f2c56fe9c7469de086
﻿19:01:52 : Player #1 Devin disconnected
﻿19:01:57 : Player #0 jesquik disconnected
﻿19:02:02 : Lost Connection!
﻿19:02:03 : Closing socket & exiting!
﻿19:12:07 : Rcon client logging in
﻿19:12:07 : RCon admin #0 (127.0.0.1:59060) logged in
﻿19:12:41 : RCon admin #0: (To jesquik) BEC : You have about 60 seconds left to join the mission.
﻿19:12:41 : RCon admin #0: (To Devin) BEC : You have about 60 seconds left to join the mission.
﻿19:13:10 : RCon admin #0: (To Devin) BEC : You have about 30 seconds left to join the mission.
﻿19:13:24 : RCon admin #0: (To Devin) BEC : You have about 15 seconds left to join the mission.
﻿19:15:00 : Player #0 jesquik disconnected
﻿19:15:52 : Player #0 jesquik (66.31.44.105:2304) connected
﻿19:15:53 : Player #0 jesquik - GUID: 3c96bf37ad015cb45df0628318a128d4 (unverified)
﻿19:15:54 : Verified GUID (3c96bf37ad015cb45df0628318a128d4) of player #0 jesquik
﻿19:15:54 : Player #0 jesquik - Legacy GUID: 6eb27d76b28885f2c56fe9c7469de086
﻿19:16:26 : RCon admin #0: (To jesquik) BEC : You have about 60 seconds left to join the mission.
﻿19:16:55 : RCon admin #0: (To jesquik) BEC : You have about 30 seconds left to join the mission.
﻿19:17:12 : RCon admin #0: (To jesquik) BEC : You have about 15 seconds left to join the mission.
﻿19:18:47 : Player #1 Devin disconnected
﻿19:29:47 : Rcon client logging in
﻿19:29:47 : RCon admin #0 (127.0.0.1:61636) logged in
﻿19:30:25 : Player #0 Devin (216.164.56.45:2304) connected
﻿19:30:26 : Player #0 Devin - GUID: 70d0226d5fe225de9b766952171301bb (unverified)
﻿19:30:26 : Verified GUID (70d0226d5fe225de9b766952171301bb) of player #0 Devin
﻿19:30:27 : Player #0 Devin - Legacy GUID: 493138e0bd15927af73605234a5a90a5
﻿19:31:00 : Player #1 jesquik (66.31.44.105:2304) connected
﻿19:31:01 : RCon admin #0: (To Devin) BEC : You have about 60 seconds left to join the mission.
﻿19:31:01 : Player #1 jesquik - GUID: 3c96bf37ad015cb45df0628318a128d4 (unverified)
﻿19:31:02 : Verified GUID (3c96bf37ad015cb45df0628318a128d4) of player #1 jesquik
﻿19:31:03 : Player #1 jesquik - Legacy GUID: 6eb27d76b28885f2c56fe9c7469de086
﻿19:31:28 : RCon admin #0: (To Devin) BEC : You have about 30 seconds left to join the mission.
﻿19:31:35 : RCon admin #0: (To jesquik) BEC : You have about 60 seconds left to join the mission.
﻿19:32:04 : RCon admin #0: (To jesquik) BEC : You have about 30 seconds left to join the mission.
﻿19:32:20 : RCon admin #0: (To jesquik) BEC : You have about 15 seconds left to join the mission.
﻿19:32:35 : Player #1 jesquik (3c96bf37ad015cb45df0628318a128d4) has been kicked by BattlEye: Admin Kick (BEC : Lobby idling to long)
﻿19:33:56 : Player #1 jesquik (66.31.44.105:2304) connected
﻿19:33:57 : Player #1 jesquik - GUID: 3c96bf37ad015cb45df0628318a128d4 (unverified)
﻿19:33:57 : Verified GUID (3c96bf37ad015cb45df0628318a128d4) of player #1 jesquik
﻿19:33:58 : Player #1 jesquik - Legacy GUID: 6eb27d76b28885f2c56fe9c7469de086
﻿19:42:19 : Player #0 Devin disconnected
﻿20:25:57 : Rcon client logging in
﻿20:25:57 : RCon admin #0 (127.0.0.1:57519) logged in
﻿20:26:12 : Player #0 Devin (216.164.56.45:2304) connected
﻿20:26:13 : Player #0 Devin - GUID: 70d0226d5fe225de9b766952171301bb (unverified)
﻿20:26:13 : Verified GUID (70d0226d5fe225de9b766952171301bb) of player #0 Devin
﻿20:26:14 : Player #0 Devin - Legacy GUID: 493138e0bd15927af73605234a5a90a5
﻿20:26:48 : RCon admin #0: (To Devin) BEC : You have about 60 seconds left to join the mission.
﻿20:27:14 : RCon admin #0: (To Devin) BEC : You have about 30 seconds left to join the mission.
﻿20:29:49 : Lost Connection!
﻿20:29:49 : Closing socket & exiting!
﻿20:35:54 : Rcon client logging in
﻿20:35:54 : RCon admin #0 (127.0.0.1:51446) logged in
﻿20:36:14 : Player #1 Devin (216.164.56.45:2304) connected
﻿20:36:33 : Player #1 Devin - GUID: 70d0226d5fe225de9b766952171301bb (unverified)
﻿20:36:33 : RCon admin #0: (To jesquik) BEC : You have about 60 seconds left to join the mission.
﻿20:36:33 : Player #1 Devin - Legacy GUID: 493138e0bd15927af73605234a5a90a5
﻿20:36:33 : Verified GUID (70d0226d5fe225de9b766952171301bb) of player #1 Devin
﻿20:37:06 : RCon admin #0: (To Devin) BEC : You have about 60 seconds left to join the mission.
﻿20:38:13 : Player #1 Devin disconnected
﻿20:38:32 : Player #1 Devin (216.164.56.45:2304) connected
﻿20:38:33 : Player #1 Devin - GUID: 70d0226d5fe225de9b766952171301bb (unverified)
﻿20:38:33 : Verified GUID (70d0226d5fe225de9b766952171301bb) of player #1 Devin
﻿20:38:34 : Player #1 Devin - Legacy GUID: 493138e0bd15927af73605234a5a90a5
﻿20:39:04 : RCon admin #0: (To Devin) BEC : You have about 60 seconds left to join the mission.
﻿20:39:43 : Player #1 Devin disconnected
﻿20:40:30 : Lost Connection!
﻿20:40:30 : Closing socket & exiting!
﻿20:44:28 : Rcon client logging in
﻿20:44:28 : RCon admin #0 (127.0.0.1:64920) logged in
﻿20:44:52 : Player #0 Devin (216.164.56.45:2304) connected
﻿20:44:53 : Player #0 Devin - GUID: 70d0226d5fe225de9b766952171301bb (unverified)
﻿20:44:53 : Verified GUID (70d0226d5fe225de9b766952171301bb) of player #0 Devin
﻿20:44:54 : Player #0 Devin - Legacy GUID: 493138e0bd15927af73605234a5a90a5
﻿20:45:33 : RCon admin #0: (To Devin) BEC : You have about 60 seconds left to join the mission.
﻿20:45:55 : RCon admin #0: (To Devin) BEC : You have about 30 seconds left to join the mission.
﻿20:46:11 : RCon admin #0: (To Devin) BEC : You have about 15 seconds left to join the mission.
﻿20:47:16 : Player #1 jesquik (66.31.44.105:2304) connected
﻿20:47:17 : Player #1 jesquik - GUID: 3c96bf37ad015cb45df0628318a128d4 (unverified)
﻿20:47:17 : Verified GUID (3c96bf37ad015cb45df0628318a128d4) of player #1 jesquik
﻿20:47:18 : Player #1 jesquik - Legacy GUID: 6eb27d76b28885f2c56fe9c7469de086
﻿20:47:50 : RCon admin #0: (To jesquik) BEC : You have about 60 seconds left to join the mission.
﻿20:53:50 : Lost Connection!
﻿20:53:50 : Closing socket & exiting!
