00:00:02 : Lost Connection!
﻿00:00:02 : Closing socket & exiting!
﻿00:00:33 : Rcon client logging in
﻿00:00:33 : RCon admin #0 (127.0.0.1:54494) logged in
﻿02:55:00 : RCon admin #0: (Global) AUTO SERVER RESTART IN 5 MINUTES
﻿02:57:00 : RCon admin #0: (Global) AUTO SERVER RESTART IN 3 MINUTES
﻿02:59:00 : RCon admin #0: (Global) AUTO SERVER RESTART IN 1 MINUTE
﻿02:59:30 : RCon admin #0: (Global) AUTO SERVER RESTART IN 30 SECONDS! - LOG OUT NOW OR YOU MAY LOSE YOUR GEAR
﻿03:00:02 : Lost Connection!
﻿03:00:02 : Closing socket & exiting!
﻿03:00:33 : Rcon client logging in
﻿03:00:33 : RCon admin #0 (127.0.0.1:64063) logged in
﻿03:44:36 : Player #0 Patrick (209.91.107.220:8777) connected
﻿03:44:38 : Player #0 Patrick disconnected
﻿04:40:04 : Player #0 JIgnatius (49.147.170.88:20019) connected
﻿04:40:05 : Player #0 JIgnatius - GUID: 7d94d2ad11c9e100d165ecb7338f6641 (unverified)
﻿04:40:05 : Verified GUID (7d94d2ad11c9e100d165ecb7338f6641) of player #0 JIgnatius
﻿04:40:06 : Player #0 JIgnatius - Legacy GUID: 0caad0393f0de84927b41e7970cb03a7
﻿04:42:07 : RCon admin #0: (To JIgnatius) BEC : You have about 60 seconds left to join the mission.
﻿04:42:38 : RCon admin #0: (To JIgnatius) BEC : You have about 30 seconds left to join the mission.
﻿04:42:52 : RCon admin #0: (To JIgnatius) BEC : You have about 15 seconds left to join the mission.
﻿04:43:09 : Player #0 JIgnatius (7d94d2ad11c9e100d165ecb7338f6641) has been kicked by BattlEye: Admin Kick (BEC : Lobby idling to long)
﻿05:55:00 : RCon admin #0: (Global) AUTO SERVER RESTART IN 5 MINUTES
﻿05:57:00 : RCon admin #0: (Global) AUTO SERVER RESTART IN 3 MINUTES
﻿05:59:00 : RCon admin #0: (Global) AUTO SERVER RESTART IN 1 MINUTE
﻿05:59:30 : RCon admin #0: (Global) AUTO SERVER RESTART IN 30 SECONDS! - LOG OUT NOW OR YOU MAY LOSE YOUR GEAR
﻿06:00:02 : Lost Connection!
﻿06:00:02 : Closing socket & exiting!
﻿06:00:33 : Rcon client logging in
﻿06:00:33 : RCon admin #0 (127.0.0.1:58419) logged in
﻿08:07:05 : Player #0 Handsome Nipple (95.90.195.77:50126) connected
﻿08:07:05 : Player #0 Handsome Nipple - GUID: a4e5f7d0f88451624fbe7608217d18ec (unverified)
﻿08:07:06 : Verified GUID (a4e5f7d0f88451624fbe7608217d18ec) of player #0 Handsome Nipple
﻿08:07:06 : Player #0 Handsome Nipple - Legacy GUID: 16af87ca99b0b98590d17789d0920d36
﻿08:55:00 : RCon admin #0: (Global) AUTO SERVER RESTART IN 5 MINUTES
﻿08:57:00 : RCon admin #0: (Global) AUTO SERVER RESTART IN 3 MINUTES
﻿08:58:24 : Player #0 Handsome Nipple disconnected
﻿08:59:00 : RCon admin #0: (Global) AUTO SERVER RESTART IN 1 MINUTE
﻿08:59:30 : RCon admin #0: (Global) AUTO SERVER RESTART IN 30 SECONDS! - LOG OUT NOW OR YOU MAY LOSE YOUR GEAR
﻿09:00:02 : Lost Connection!
﻿09:00:02 : Closing socket & exiting!
﻿09:00:33 : Rcon client logging in
﻿09:00:33 : RCon admin #0 (127.0.0.1:64163) logged in
﻿09:05:11 : Player #0 Handsome Nipple (95.90.195.77:50126) connected
﻿09:05:13 : Player #0 Handsome Nipple - Legacy GUID: 16af87ca99b0b98590d17789d0920d36
﻿09:05:15 : Player #0 Handsome Nipple - GUID: a4e5f7d0f88451624fbe7608217d18ec (unverified)
﻿09:05:16 : Verified GUID (a4e5f7d0f88451624fbe7608217d18ec) of player #0 Handsome Nipple
﻿09:07:47 : Player #0 Handsome Nipple disconnected
﻿09:13:38 : Player #0 Handsome Nipple (95.90.195.77:50150) connected
﻿09:13:39 : Player #0 Handsome Nipple - GUID: a4e5f7d0f88451624fbe7608217d18ec (unverified)
﻿09:13:39 : Verified GUID (a4e5f7d0f88451624fbe7608217d18ec) of player #0 Handsome Nipple
﻿09:13:40 : Player #0 Handsome Nipple - Legacy GUID: 16af87ca99b0b98590d17789d0920d36
﻿09:14:19 : Player #1 Tr4c3 (91.7.223.217:2304) connected
﻿09:14:20 : Player #1 Tr4c3 - GUID: bc06c82a8011a569e529c44cbdd1001e (unverified)
﻿09:14:20 : Player #1 Tr4c3 (bc06c82a8011a569e529c44cbdd1001e) has been kicked by BattlEye: Admin Kick (BEC : Your player name can not contain any of the chars:[]{}()01)
﻿09:18:44 : Player #1 Tr4c3 (91.7.223.217:2304) connected
﻿09:18:44 : Player #1 Tr4c3 - GUID: bc06c82a8011a569e529c44cbdd1001e (unverified)
﻿09:18:44 : Player #1 Tr4c3 (bc06c82a8011a569e529c44cbdd1001e) has been kicked by BattlEye: Admin Kick (BEC : Your player name can not contain any of the chars:[]{}()01)
﻿10:39:01 : Player #1 Devin (216.164.56.45:2304) connected
﻿10:39:02 : Player #1 Devin - GUID: 70d0226d5fe225de9b766952171301bb (unverified)
﻿10:39:02 : Verified GUID (70d0226d5fe225de9b766952171301bb) of player #1 Devin
﻿10:39:03 : Player #1 Devin - Legacy GUID: 493138e0bd15927af73605234a5a90a5
﻿10:39:11 : Player #1 Devin disconnected
﻿11:16:01 : Player #1 Ngotie (77.102.211.5:2304) connected
﻿11:16:03 : Player #1 Ngotie - GUID: b34af695e4654d02870b193bc0bd0475 (unverified)
﻿11:16:03 : Verified GUID (b34af695e4654d02870b193bc0bd0475) of player #1 Ngotie
﻿11:16:04 : Player #1 Ngotie - Legacy GUID: 91fb16b0d17d136dc600e8eeb2e900bf
﻿11:24:43 : Player #0 Handsome Nipple disconnected
﻿11:29:10 : Player #0 Leopoldo Tomada (79.27.17.247:2304) connected
﻿11:29:11 : Player #0 Leopoldo Tomada - GUID: 56fb2876daf20c1a8ac7c8a10296b36a (unverified)
﻿11:29:11 : Verified GUID (56fb2876daf20c1a8ac7c8a10296b36a) of player #0 Leopoldo Tomada
﻿11:29:12 : Player #0 Leopoldo Tomada - Legacy GUID: 445c153551969d534c8e4d6c5e6fefc4
﻿11:45:28 : Player #1 Ngotie disconnected
﻿11:55:00 : RCon admin #0: (Global) AUTO SERVER RESTART IN 5 MINUTES
﻿11:57:00 : RCon admin #0: (Global) AUTO SERVER RESTART IN 3 MINUTES
﻿11:59:00 : RCon admin #0: (Global) AUTO SERVER RESTART IN 1 MINUTE
﻿11:59:30 : RCon admin #0: (Global) AUTO SERVER RESTART IN 30 SECONDS! - LOG OUT NOW OR YOU MAY LOSE YOUR GEAR
﻿11:59:46 : Player #0 Leopoldo Tomada disconnected
﻿12:00:02 : Lost Connection!
﻿12:00:02 : Closing socket & exiting!
﻿12:00:37 : Rcon client logging in
﻿12:00:37 : RCon admin #0 (127.0.0.1:49288) logged in
﻿12:02:09 : Player #0 Leopoldo Tomada (79.27.17.247:2304) connected
﻿12:02:10 : Player #0 Leopoldo Tomada - GUID: 56fb2876daf20c1a8ac7c8a10296b36a (unverified)
﻿12:02:11 : Verified GUID (56fb2876daf20c1a8ac7c8a10296b36a) of player #0 Leopoldo Tomada
﻿12:02:12 : Player #0 Leopoldo Tomada - Legacy GUID: 445c153551969d534c8e4d6c5e6fefc4
﻿12:03:07 : Player #0 Leopoldo Tomada disconnected
﻿12:03:29 : Player #0 Leopoldo Tomada (79.27.17.247:2304) connected
﻿12:03:29 : Player #0 Leopoldo Tomada - GUID: 56fb2876daf20c1a8ac7c8a10296b36a (unverified)
﻿12:03:30 : Verified GUID (56fb2876daf20c1a8ac7c8a10296b36a) of player #0 Leopoldo Tomada
﻿12:03:31 : Player #0 Leopoldo Tomada - Legacy GUID: 445c153551969d534c8e4d6c5e6fefc4
﻿12:09:58 : Player #1 nick (79.46.3.206:2304) connected
﻿12:09:59 : Player #1 nick - GUID: e601aba616cf439bc3eacf3817fa8b91 (unverified)
﻿12:09:59 : Verified GUID (e601aba616cf439bc3eacf3817fa8b91) of player #1 nick
﻿12:10:00 : Player #1 nick - Legacy GUID: 21d68b290a2ca482cb24c3213497b5af
﻿12:11:49 : Player #2 NcA (66.31.45.174:2304) connected
﻿12:11:49 : Player #2 NcA - GUID: 004e52e117c4353b9126ff8cae92894b (unverified)
﻿12:11:50 : Verified GUID (004e52e117c4353b9126ff8cae92894b) of player #2 NcA
﻿12:11:51 : Player #2 NcA - Legacy GUID: 0b47253664861c70f6399123e9106d52
﻿12:39:08 : Player #3 neB (82.45.36.210:2304) connected
﻿12:39:10 : Player #3 neB - GUID: 5bf4327b174f63c3fcce14efa48d0d3c (unverified)
﻿12:39:10 : Verified GUID (5bf4327b174f63c3fcce14efa48d0d3c) of player #3 neB
﻿12:39:10 : Player #3 neB - Legacy GUID: eb87f77c8855c9cd5434b81ead3bfdf6
﻿12:41:03 : Player #3 neB disconnected
﻿12:41:33 : Player #3 neB (82.45.36.210:2304) connected
﻿12:41:34 : Player #3 neB - GUID: 5bf4327b174f63c3fcce14efa48d0d3c (unverified)
﻿12:41:34 : Verified GUID (5bf4327b174f63c3fcce14efa48d0d3c) of player #3 neB
﻿12:41:35 : Player #3 neB - Legacy GUID: eb87f77c8855c9cd5434b81ead3bfdf6
﻿12:48:14 : Player #2 NcA disconnected
﻿12:49:55 : Player #2 Handsome Nipple (95.90.195.77:50156) connected
﻿12:49:56 : Player #2 Handsome Nipple - GUID: a4e5f7d0f88451624fbe7608217d18ec (unverified)
﻿12:49:56 : Verified GUID (a4e5f7d0f88451624fbe7608217d18ec) of player #2 Handsome Nipple
﻿12:49:57 : Player #2 Handsome Nipple - Legacy GUID: 16af87ca99b0b98590d17789d0920d36
﻿12:51:27 : Player #2 Handsome Nipple disconnected
﻿13:05:21 : Player #2 LoneWolfie (109.242.238.239:2304) connected
﻿13:05:22 : Player #2 LoneWolfie - GUID: 1053dd5320ee6b26f4ee1febed5d0bd9 (unverified)
﻿13:05:22 : Verified GUID (1053dd5320ee6b26f4ee1febed5d0bd9) of player #2 LoneWolfie
﻿13:05:23 : Player #2 LoneWolfie - Legacy GUID: 1f50935991e66439e1389f70d4fe7236
﻿13:33:29 : Player #2 LoneWolfie (1053dd5320ee6b26f4ee1febed5d0bd9) has been kicked by BattlEye: Client not responding
﻿13:33:54 : Player #0 Leopoldo Tomada (56fb2876daf20c1a8ac7c8a10296b36a) has been kicked by BattlEye: Client not responding
﻿13:34:04 : Player #0 LoneWolfie (109.242.238.239:2304) connected
﻿13:34:05 : Player #0 LoneWolfie - GUID: 1053dd5320ee6b26f4ee1febed5d0bd9 (unverified)
﻿13:34:05 : Verified GUID (1053dd5320ee6b26f4ee1febed5d0bd9) of player #0 LoneWolfie
﻿13:35:00 : Player #2 Leopoldo Tomada (79.27.17.247:2304) connected
﻿13:35:01 : Player #2 Leopoldo Tomada - GUID: 56fb2876daf20c1a8ac7c8a10296b36a (unverified)
﻿13:35:01 : Verified GUID (56fb2876daf20c1a8ac7c8a10296b36a) of player #2 Leopoldo Tomada
﻿13:35:02 : Player #2 Leopoldo Tomada - Legacy GUID: 445c153551969d534c8e4d6c5e6fefc4
﻿14:24:23 : Player #4 NcA (66.31.45.174:2304) connected
﻿14:24:24 : Player #4 NcA - GUID: 004e52e117c4353b9126ff8cae92894b (unverified)
﻿14:24:24 : Verified GUID (004e52e117c4353b9126ff8cae92894b) of player #4 NcA
﻿14:24:25 : Player #4 NcA - Legacy GUID: 0b47253664861c70f6399123e9106d52
﻿14:28:18 : Player #0 LoneWolfie disconnected
﻿14:55:00 : RCon admin #0: (Global) AUTO SERVER RESTART IN 5 MINUTES
﻿14:57:00 : RCon admin #0: (Global) AUTO SERVER RESTART IN 3 MINUTES
﻿14:58:22 : Player #1 nick disconnected
﻿14:59:00 : RCon admin #0: (Global) AUTO SERVER RESTART IN 1 MINUTE
﻿14:59:12 : Player #2 Leopoldo Tomada disconnected
﻿14:59:16 : Player #3 neB disconnected
﻿14:59:24 : Player #4 NcA disconnected
﻿14:59:30 : RCon admin #0: (Global) AUTO SERVER RESTART IN 30 SECONDS! - LOG OUT NOW OR YOU MAY LOSE YOUR GEAR
﻿15:00:01 : Lost Connection!
﻿15:00:01 : Closing socket & exiting!
﻿15:00:33 : Rcon client logging in
﻿15:00:33 : RCon admin #0 (127.0.0.1:52954) logged in
﻿15:00:33 : Player #0 NcA - GUID: 004e52e117c4353b9126ff8cae92894b (unverified)
﻿15:00:33 : Verified GUID (004e52e117c4353b9126ff8cae92894b) of player #0 NcA
﻿15:00:34 : Player #0 NcA - Legacy GUID: 0b47253664861c70f6399123e9106d52
﻿15:01:18 : Player #1 neB (82.45.36.210:2304) connected
﻿15:01:37 : Player #1 neB - GUID: 5bf4327b174f63c3fcce14efa48d0d3c (unverified)
﻿15:01:37 : Player #1 neB - Legacy GUID: eb87f77c8855c9cd5434b81ead3bfdf6
﻿15:01:37 : Verified GUID (5bf4327b174f63c3fcce14efa48d0d3c) of player #1 neB
﻿15:02:30 : Player #2 nick (79.46.3.206:2304) connected
﻿15:02:31 : Player #2 nick - GUID: e601aba616cf439bc3eacf3817fa8b91 (unverified)
﻿15:02:31 : Verified GUID (e601aba616cf439bc3eacf3817fa8b91) of player #2 nick
﻿15:02:32 : Player #2 nick - Legacy GUID: 21d68b290a2ca482cb24c3213497b5af
﻿15:02:43 : Player #3 Leopoldo Tomada (79.27.17.247:2304) connected
﻿15:02:44 : Player #3 Leopoldo Tomada - GUID: 56fb2876daf20c1a8ac7c8a10296b36a (unverified)
﻿15:02:45 : Verified GUID (56fb2876daf20c1a8ac7c8a10296b36a) of player #3 Leopoldo Tomada
﻿15:02:46 : Player #3 Leopoldo Tomada - Legacy GUID: 445c153551969d534c8e4d6c5e6fefc4
﻿15:28:41 : Player #4 iyori (66.65.169.64:39281) connected
﻿15:28:41 : Player #4 iyori - GUID: c5b78501f9e733b354546f76bc84f6cc (unverified)
﻿15:28:42 : Verified GUID (c5b78501f9e733b354546f76bc84f6cc) of player #4 iyori
﻿15:28:42 : Player #4 iyori disconnected
﻿16:32:55 : RCon admin #1 (66.31.45.174:52419) logged in
﻿16:56:37 : Player #4 zac (174.49.237.122:2304) connected
﻿16:56:38 : Player #4 zac - GUID: 1a2de66f6227e802ea59156f287fbe9c (unverified)
﻿16:56:38 : Verified GUID (1a2de66f6227e802ea59156f287fbe9c) of player #4 zac
﻿16:56:39 : Player #4 zac disconnected
﻿17:20:26 : Player #3 Leopoldo Tomada disconnected
﻿18:45:15 : Rcon client logging in
﻿18:45:15 : RCon admin #0 (127.0.0.1:50135) logged in
﻿18:55:39 : Player #0 NcA (66.31.45.174:2304) connected
﻿18:55:39 : Player #0 NcA - GUID: 004e52e117c4353b9126ff8cae92894b (unverified)
﻿18:55:40 : Verified GUID (004e52e117c4353b9126ff8cae92894b) of player #0 NcA
﻿18:55:40 : Player #0 NcA - Legacy GUID: 0b47253664861c70f6399123e9106d52
﻿18:56:16 : Player #1 Devin (216.164.56.45:2304) connected
﻿18:56:33 : Player #1 Devin - GUID: 70d0226d5fe225de9b766952171301bb (unverified)
﻿18:56:33 : Player #1 Devin - Legacy GUID: 493138e0bd15927af73605234a5a90a5
﻿18:56:33 : Verified GUID (70d0226d5fe225de9b766952171301bb) of player #1 Devin
﻿18:57:44 : RCon admin #0: (To NcA) BEC : You have about 60 seconds left to join the mission.
﻿18:58:43 : Player #1 Devin disconnected
﻿18:59:32 : Player #1 neB (82.45.36.210:2304) connected
﻿18:59:33 : Player #1 neB - GUID: 5bf4327b174f63c3fcce14efa48d0d3c (unverified)
﻿18:59:33 : Verified GUID (5bf4327b174f63c3fcce14efa48d0d3c) of player #1 neB
﻿18:59:34 : Player #1 neB - Legacy GUID: eb87f77c8855c9cd5434b81ead3bfdf6
﻿19:30:20 : Player #2 crygaming (71.9.179.131:2304) connected
﻿19:30:22 : Player #2 crygaming - GUID: 14b25d4620f08105e76ea26476cb7d30 (unverified)
﻿19:30:22 : Verified GUID (14b25d4620f08105e76ea26476cb7d30) of player #2 crygaming
﻿19:30:24 : Player #2 crygaming - Legacy GUID: 99468cd9b00058319f44df4f45a526da
﻿19:41:15 : Player #2 crygaming disconnected
﻿20:37:33 : Player #2 Shylar (97.93.6.156:2304) connected
﻿20:37:34 : Player #2 Shylar - GUID: 7adcd991b92770b641537d2b76b14068 (unverified)
﻿20:37:34 : Verified GUID (7adcd991b92770b641537d2b76b14068) of player #2 Shylar
﻿20:37:35 : Player #2 Shylar - Legacy GUID: bec87ab287a2cd63343a149ae3091a31
﻿20:42:12 : Player #3 Kinz (97.93.6.156:55240) connected
﻿20:42:15 : Player #3 Kinz - Legacy GUID: 02ec7f1241c103169093f811f196e59e
﻿20:42:15 : Player #3 Kinz - GUID: f5e90903ab1cb97d4dc8f23bf6b1949c (unverified)
﻿20:42:15 : Verified GUID (f5e90903ab1cb97d4dc8f23bf6b1949c) of player #3 Kinz
﻿20:55:00 : RCon admin #0: (Global) AUTO SERVER RESTART IN 5 MINUTES
﻿20:55:45 : Player #2 Shylar disconnected
﻿20:56:13 : Player #3 Kinz disconnected
﻿20:57:00 : RCon admin #0: (Global) AUTO SERVER RESTART IN 3 MINUTES
﻿20:59:00 : RCon admin #0: (Global) AUTO SERVER RESTART IN 1 MINUTE
﻿20:59:25 : Player #1 neB disconnected
﻿20:59:30 : RCon admin #0: (Global) AUTO SERVER RESTART IN 30 SECONDS! - LOG OUT NOW OR YOU MAY LOSE YOUR GEAR
﻿20:59:41 : Player #0 NcA disconnected
﻿21:00:01 : Lost Connection!
﻿21:00:01 : Closing socket & exiting!
﻿21:00:39 : Rcon client logging in
﻿21:00:39 : RCon admin #0 (127.0.0.1:56981) logged in
﻿21:01:59 : Player #0 NcA (66.31.45.174:2304) connected
﻿21:02:00 : Player #0 NcA - GUID: 004e52e117c4353b9126ff8cae92894b (unverified)
﻿21:02:01 : Verified GUID (004e52e117c4353b9126ff8cae92894b) of player #0 NcA
﻿21:02:01 : Player #0 NcA - Legacy GUID: 0b47253664861c70f6399123e9106d52
﻿21:05:23 : RCon admin #1 (66.31.45.174:52871) logged in
﻿21:09:43 : Player #0 NcA (004e52e117c4353b9126ff8cae92894b) has been kicked by BattlEye: Client not responding
﻿21:49:24 : Player #0 NcA (66.31.45.174:2304) connected
﻿21:49:25 : Player #0 NcA - GUID: 004e52e117c4353b9126ff8cae92894b (unverified)
﻿21:49:25 : Verified GUID (004e52e117c4353b9126ff8cae92894b) of player #0 NcA
﻿21:49:26 : Player #0 NcA - Legacy GUID: 0b47253664861c70f6399123e9106d52
﻿22:18:50 : Player #0 NcA disconnected
﻿23:35:46 : Lost Connection!
﻿23:35:46 : Closing socket & exiting!
﻿23:38:18 : Rcon client logging in
﻿23:38:18 : RCon admin #0 (127.0.0.1:57715) logged in
﻿23:38:45 : Lost Connection!
﻿23:38:45 : Closing socket & exiting!
﻿23:44:28 : Rcon client logging in
﻿23:44:28 : RCon admin #0 (127.0.0.1:59112) logged in
﻿23:55:00 : RCon admin #0: (Global) AUTO SERVER RESTART IN 5 MINUTES
﻿23:57:00 : RCon admin #0: (Global) AUTO SERVER RESTART IN 3 MINUTES
﻿23:59:00 : RCon admin #0: (Global) AUTO SERVER RESTART IN 1 MINUTE
﻿23:59:30 : RCon admin #0: (Global) AUTO SERVER RESTART IN 30 SECONDS! - LOG OUT NOW OR YOU MAY LOSE YOUR GEAR
