00:01:42 : Rcon client logging in
﻿00:01:42 : RCon admin #0 (127.0.0.1:60882) logged in
﻿00:01:45 : Player #0 jesquik (66.31.45.174:2304) connected
﻿00:01:45 : Player #0 jesquik - GUID: 3c96bf37ad015cb45df0628318a128d4 (unverified)
﻿00:01:46 : Verified GUID (3c96bf37ad015cb45df0628318a128d4) of player #0 jesquik
﻿00:01:46 : Player #0 jesquik - Legacy GUID: 6eb27d76b28885f2c56fe9c7469de086
﻿00:02:27 : Player #1 NcA (66.31.45.174:1027) connected
﻿00:02:27 : Player #1 NcA - GUID: 004e52e117c4353b9126ff8cae92894b (unverified)
﻿00:02:28 : Verified GUID (004e52e117c4353b9126ff8cae92894b) of player #1 NcA
﻿00:02:29 : Player #1 NcA - Legacy GUID: 0b47253664861c70f6399123e9106d52
﻿00:12:48 : Player #2 Roy (173.20.136.194:2304) connected
﻿00:12:49 : Player #2 Roy - GUID: e636fc521a6cb8ed7e00d2750429c22c (unverified)
﻿00:12:49 : Verified GUID (e636fc521a6cb8ed7e00d2750429c22c) of player #2 Roy
﻿00:12:50 : Player #2 Roy - Legacy GUID: dce9f0f5de1cd350335982934e42d0a2
﻿00:14:49 : RCon admin #0: (To Roy) BEC : You have about 60 seconds left to join the mission.
﻿00:37:47 : Player #0 jesquik disconnected
﻿00:38:00 : Player #1 NcA disconnected
﻿01:07:16 : Player #2 Roy (e636fc521a6cb8ed7e00d2750429c22c) has been kicked by BattlEye: Client not responding
﻿01:26:40 : Player #0 Mist (122.106.162.172:2304) connected
﻿01:26:41 : Player #0 Mist - GUID: d43966d0a56434cc4e46dcbd390ce9dd (unverified)
﻿01:26:41 : Verified GUID (d43966d0a56434cc4e46dcbd390ce9dd) of player #0 Mist
﻿01:26:42 : Player #0 Mist - Legacy GUID: 120f1d0d1e0c3868438416a1512268b7
﻿01:27:54 : Player #0 Mist disconnected
﻿02:12:29 : Player #0 TheAmazingAussie (118.208.157.149:2304) connected
﻿02:12:33 : Player #0 TheAmazingAussie - GUID: bdffbac2d40364f7c6a5ab398cf94403 (unverified)
﻿02:12:33 : Verified GUID (bdffbac2d40364f7c6a5ab398cf94403) of player #0 TheAmazingAussie
﻿02:12:33 : Player #0 TheAmazingAussie - Legacy GUID: 58022cc8be7afe6bab36ed7a07b58ee4
﻿02:14:41 : Player #0 TheAmazingAussie disconnected
﻿02:15:40 : Player #0 TheAmazingAussie (118.208.157.149:2304) connected
﻿02:15:43 : Player #0 TheAmazingAussie - GUID: bdffbac2d40364f7c6a5ab398cf94403 (unverified)
﻿02:15:43 : Verified GUID (bdffbac2d40364f7c6a5ab398cf94403) of player #0 TheAmazingAussie
﻿02:15:45 : Player #0 TheAmazingAussie - Legacy GUID: 58022cc8be7afe6bab36ed7a07b58ee4
﻿02:34:15 : Player #0 TheAmazingAussie disconnected
﻿02:55:00 : RCon admin #0: (Global) AUTO SERVER RESTART IN 5 MINUTES
﻿02:57:00 : RCon admin #0: (Global) AUTO SERVER RESTART IN 3 MINUTES
﻿02:59:00 : RCon admin #0: (Global) AUTO SERVER RESTART IN 1 MINUTE
﻿02:59:30 : RCon admin #0: (Global) AUTO SERVER RESTART IN 30 SECONDS! - LOG OUT NOW OR YOU MAY LOSE YOUR GEAR
﻿03:00:43 : Rcon client logging in
﻿03:00:43 : RCon admin #0 (127.0.0.1:59234) logged in
﻿05:55:00 : RCon admin #0: (Global) AUTO SERVER RESTART IN 5 MINUTES
﻿05:57:00 : RCon admin #0: (Global) AUTO SERVER RESTART IN 3 MINUTES
﻿05:59:00 : RCon admin #0: (Global) AUTO SERVER RESTART IN 1 MINUTE
﻿05:59:30 : RCon admin #0: (Global) AUTO SERVER RESTART IN 30 SECONDS! - LOG OUT NOW OR YOU MAY LOSE YOUR GEAR
﻿06:00:44 : Rcon client logging in
﻿06:00:44 : RCon admin #0 (127.0.0.1:64216) logged in
﻿08:08:49 : Player #0 Johny (194.166.137.47:58854) connected
﻿08:08:51 : Player #0 Johny - GUID: 19fe010bb9117445f91721b1571abd27 (unverified)
﻿08:08:52 : Verified GUID (19fe010bb9117445f91721b1571abd27) of player #0 Johny
﻿08:08:53 : Player #0 Johny - Legacy GUID: da799e78aa6b04a944355cff4d87f246
﻿08:11:23 : Player #0 Johny - Legacy GUID: da799e78aa6b04a944355cff4d87f246
﻿08:11:25 : RCon admin #0: (To Johny) BEC : You have about 30 seconds left to join the mission.
﻿08:11:39 : RCon admin #0: (To Johny) BEC : You have about 15 seconds left to join the mission.
﻿08:11:53 : Player #0 Johny (19fe010bb9117445f91721b1571abd27) has been kicked by BattlEye: Admin Kick (BEC : Lobby idling to long)
﻿08:18:41 : Player #0 Johny (194.166.137.47:60252) connected
﻿08:18:42 : Player #0 Johny - GUID: 19fe010bb9117445f91721b1571abd27 (unverified)
﻿08:18:43 : Verified GUID (19fe010bb9117445f91721b1571abd27) of player #0 Johny
﻿08:18:43 : Player #0 Johny - Legacy GUID: da799e78aa6b04a944355cff4d87f246
﻿08:21:13 : Player #0 Johny disconnected
﻿08:21:56 : Player #0 Johny (194.166.137.47:60252) connected
﻿08:21:57 : Player #0 Johny - GUID: 19fe010bb9117445f91721b1571abd27 (unverified)
﻿08:21:57 : Verified GUID (19fe010bb9117445f91721b1571abd27) of player #0 Johny
﻿08:21:58 : Player #0 Johny - Legacy GUID: da799e78aa6b04a944355cff4d87f246
﻿08:55:00 : RCon admin #0: (Global) AUTO SERVER RESTART IN 5 MINUTES
﻿08:57:00 : RCon admin #0: (Global) AUTO SERVER RESTART IN 3 MINUTES
﻿08:59:00 : RCon admin #0: (Global) AUTO SERVER RESTART IN 1 MINUTE
﻿08:59:18 : Player #0 Johny disconnected
﻿08:59:30 : RCon admin #0: (Global) AUTO SERVER RESTART IN 30 SECONDS! - LOG OUT NOW OR YOU MAY LOSE YOUR GEAR
﻿09:00:45 : Rcon client logging in
﻿09:00:45 : RCon admin #0 (127.0.0.1:60361) logged in
﻿09:06:22 : Player #0 Johny (194.166.137.47:51018) connected
﻿09:06:23 : Player #0 Johny - GUID: 19fe010bb9117445f91721b1571abd27 (unverified)
﻿09:06:23 : Verified GUID (19fe010bb9117445f91721b1571abd27) of player #0 Johny
﻿09:06:23 : Player #0 Johny - Legacy GUID: da799e78aa6b04a944355cff4d87f246
﻿09:08:26 : RCon admin #0: (To Johny) BEC : You have about 60 seconds left to join the mission.
﻿09:18:30 : No Valid response. Trying to reconnect.!
﻿09:18:30 : Rcon client logging in
﻿09:18:30 : RCon admin #0 (127.0.0.1:60361) logged in
﻿09:25:27 : No Valid response. Trying to reconnect.!
﻿09:25:27 : Rcon client logging in
﻿09:25:27 : RCon admin #0 (127.0.0.1:60361) logged in
﻿09:28:20 : No Valid response. Trying to reconnect.!
﻿09:28:20 : Rcon client logging in
﻿09:28:20 : RCon admin #0 (127.0.0.1:60361) logged in
﻿09:34:58 : No Valid response. Trying to reconnect.!
﻿09:34:58 : Rcon client logging in
﻿09:34:58 : RCon admin #0 (127.0.0.1:60361) logged in
﻿09:49:09 : No Valid response. Trying to reconnect.!
﻿09:49:09 : Rcon client logging in
﻿09:49:09 : RCon admin #0 (127.0.0.1:60361) logged in
﻿10:31:23 : Player #1 neB (82.45.36.210:2304) connected
﻿10:31:24 : Player #1 neB - GUID: 5bf4327b174f63c3fcce14efa48d0d3c (unverified)
﻿10:31:25 : Verified GUID (5bf4327b174f63c3fcce14efa48d0d3c) of player #1 neB
﻿10:31:25 : Player #1 neB - Legacy GUID: eb87f77c8855c9cd5434b81ead3bfdf6
﻿10:31:32 : Player #1 neB disconnected
﻿11:17:40 : Player #0 Johny disconnected
﻿11:36:32 : Player #0 neB (82.45.36.210:2304) connected
﻿11:36:33 : Player #0 neB - GUID: 5bf4327b174f63c3fcce14efa48d0d3c (unverified)
﻿11:36:34 : Verified GUID (5bf4327b174f63c3fcce14efa48d0d3c) of player #0 neB
﻿11:36:35 : Player #0 neB - Legacy GUID: eb87f77c8855c9cd5434b81ead3bfdf6
﻿11:55:00 : RCon admin #0: (Global) AUTO SERVER RESTART IN 5 MINUTES
﻿11:57:00 : RCon admin #0: (Global) AUTO SERVER RESTART IN 3 MINUTES
﻿11:58:10 : Player #0 neB disconnected
﻿11:59:00 : RCon admin #0: (Global) AUTO SERVER RESTART IN 1 MINUTE
﻿11:59:30 : RCon admin #0: (Global) AUTO SERVER RESTART IN 30 SECONDS! - LOG OUT NOW OR YOU MAY LOSE YOUR GEAR
﻿12:00:45 : Rcon client logging in
﻿12:00:45 : RCon admin #0 (127.0.0.1:55745) logged in
﻿12:01:58 : Player #0 neB (82.45.36.210:2304) connected
﻿12:01:59 : Player #0 neB - GUID: 5bf4327b174f63c3fcce14efa48d0d3c (unverified)
﻿12:02:00 : Verified GUID (5bf4327b174f63c3fcce14efa48d0d3c) of player #0 neB
﻿12:02:00 : Player #0 neB - Legacy GUID: eb87f77c8855c9cd5434b81ead3bfdf6
﻿12:12:22 : Player #1 BooSakNoodle (72.228.34.138:2304) connected
﻿12:12:23 : Player #1 BooSakNoodle - GUID: 72243719a853f14860237a3e56814d11 (unverified)
﻿12:12:23 : Verified GUID (72243719a853f14860237a3e56814d11) of player #1 BooSakNoodle
﻿12:12:24 : Player #1 BooSakNoodle disconnected
﻿12:20:07 : Player #1 TheAmazingAussie (118.208.157.149:2304) connected
﻿12:20:09 : Player #1 TheAmazingAussie - GUID: bdffbac2d40364f7c6a5ab398cf94403 (unverified)
﻿12:20:09 : Player #1 TheAmazingAussie - Legacy GUID: 58022cc8be7afe6bab36ed7a07b58ee4
﻿12:20:09 : Verified GUID (bdffbac2d40364f7c6a5ab398cf94403) of player #1 TheAmazingAussie
﻿12:22:11 : RCon admin #0: (To TheAmazingAussie) BEC : You have about 60 seconds left to join the mission.
﻿12:22:42 : RCon admin #0: (To TheAmazingAussie) BEC : You have about 30 seconds left to join the mission.
﻿12:22:57 : RCon admin #0: (To TheAmazingAussie) BEC : You have about 15 seconds left to join the mission.
﻿12:43:05 : Player #1 TheAmazingAussie disconnected
﻿13:27:57 : Player #0 neB (5bf4327b174f63c3fcce14efa48d0d3c) has been kicked by BattlEye: Client not responding
﻿13:29:07 : Player #0 neB (82.45.36.210:2304) connected
﻿13:29:08 : Player #0 neB - GUID: 5bf4327b174f63c3fcce14efa48d0d3c (unverified)
﻿13:29:08 : Verified GUID (5bf4327b174f63c3fcce14efa48d0d3c) of player #0 neB
﻿13:29:09 : Player #0 neB - Legacy GUID: eb87f77c8855c9cd5434b81ead3bfdf6
﻿13:31:46 : Player #1 TheAmazingAussie (118.208.157.149:2304) connected
﻿13:31:49 : Player #1 TheAmazingAussie - GUID: bdffbac2d40364f7c6a5ab398cf94403 (unverified)
﻿13:31:49 : Verified GUID (bdffbac2d40364f7c6a5ab398cf94403) of player #1 TheAmazingAussie
﻿13:31:51 : Player #1 TheAmazingAussie - Legacy GUID: 58022cc8be7afe6bab36ed7a07b58ee4
﻿13:33:26 : Player #1 TheAmazingAussie disconnected
﻿13:34:49 : Player #1 TheAmazingAussie (118.208.157.149:2304) connected
﻿13:34:51 : Player #1 TheAmazingAussie - GUID: bdffbac2d40364f7c6a5ab398cf94403 (unverified)
﻿13:34:52 : Player #1 TheAmazingAussie - Legacy GUID: 58022cc8be7afe6bab36ed7a07b58ee4
﻿13:34:52 : Verified GUID (bdffbac2d40364f7c6a5ab398cf94403) of player #1 TheAmazingAussie
﻿14:01:35 : Player #2 Roy (173.20.136.194:2304) connected
﻿14:01:36 : Player #2 Roy - GUID: e636fc521a6cb8ed7e00d2750429c22c (unverified)
﻿14:01:37 : Verified GUID (e636fc521a6cb8ed7e00d2750429c22c) of player #2 Roy
﻿14:01:37 : Player #2 Roy - Legacy GUID: dce9f0f5de1cd350335982934e42d0a2
﻿14:12:08 : Player #1 TheAmazingAussie disconnected
﻿14:13:25 : Player #1 TheAmazingAussie (118.208.157.149:2304) connected
﻿14:13:27 : Player #1 TheAmazingAussie - GUID: bdffbac2d40364f7c6a5ab398cf94403 (unverified)
﻿14:13:28 : Verified GUID (bdffbac2d40364f7c6a5ab398cf94403) of player #1 TheAmazingAussie
﻿14:13:28 : Player #1 TheAmazingAussie - Legacy GUID: 58022cc8be7afe6bab36ed7a07b58ee4
﻿14:55:00 : RCon admin #0: (Global) AUTO SERVER RESTART IN 5 MINUTES
﻿14:55:27 : Player #1 TheAmazingAussie disconnected
﻿14:59:00 : RCon admin #0: (Global) AUTO SERVER RESTART IN 1 MINUTE
﻿14:59:30 : RCon admin #0: (Global) AUTO SERVER RESTART IN 30 SECONDS! - LOG OUT NOW OR YOU MAY LOSE YOUR GEAR
﻿14:59:46 : Player #0 neB disconnected
﻿14:59:55 : Player #2 Roy disconnected
﻿15:00:46 : Rcon client logging in
﻿15:00:46 : RCon admin #0 (127.0.0.1:62823) logged in
﻿15:02:09 : Player #0 Peahead (90.210.248.176:2304) connected
﻿15:02:11 : Player #0 Peahead - GUID: e61d2ab0252931ad70102a59f6174578 (unverified)
﻿15:02:12 : Verified GUID (e61d2ab0252931ad70102a59f6174578) of player #0 Peahead
﻿15:02:13 : Player #0 Peahead - Legacy GUID: 7c02950eee0c8cc0c763e89f2a7c4c93
﻿15:03:10 : Player #1 neB (82.45.36.210:2304) connected
﻿15:03:10 : Player #1 neB - GUID: 5bf4327b174f63c3fcce14efa48d0d3c (unverified)
﻿15:03:11 : Verified GUID (5bf4327b174f63c3fcce14efa48d0d3c) of player #1 neB
﻿15:03:12 : Player #1 neB - Legacy GUID: eb87f77c8855c9cd5434b81ead3bfdf6
﻿15:04:12 : RCon admin #0: (To Peahead) BEC : You have about 60 seconds left to join the mission.
﻿15:05:46 : Player #2 Roy (173.20.136.194:2304) connected
﻿15:05:46 : Player #2 Roy - GUID: e636fc521a6cb8ed7e00d2750429c22c (unverified)
﻿15:05:47 : Verified GUID (e636fc521a6cb8ed7e00d2750429c22c) of player #2 Roy
﻿15:05:48 : Player #2 Roy - Legacy GUID: dce9f0f5de1cd350335982934e42d0a2
﻿15:22:17 : Player #2 Roy disconnected
﻿15:48:15 : RCon admin #0: (To Peahead) BEC : You have about 60 seconds left to join the mission.
﻿15:48:46 : RCon admin #0: (To Peahead) BEC : You have about 30 seconds left to join the mission.
﻿15:49:00 : RCon admin #0: (To Peahead) BEC : You have about 15 seconds left to join the mission.
﻿15:49:17 : Player #0 Peahead (e61d2ab0252931ad70102a59f6174578) has been kicked by BattlEye: Admin Kick (BEC : Lobby idling to long)
﻿16:04:36 : Player #0 Peahead (90.210.248.176:2304) connected
﻿16:04:37 : Player #0 Peahead - GUID: e61d2ab0252931ad70102a59f6174578 (unverified)
﻿16:04:37 : Verified GUID (e61d2ab0252931ad70102a59f6174578) of player #0 Peahead
﻿16:04:38 : Player #0 Peahead - Legacy GUID: 7c02950eee0c8cc0c763e89f2a7c4c93
﻿16:06:39 : RCon admin #0: (To Peahead) BEC : You have about 60 seconds left to join the mission.
﻿16:07:10 : RCon admin #0: (To Peahead) BEC : You have about 30 seconds left to join the mission.
﻿16:07:24 : RCon admin #0: (To Peahead) BEC : You have about 15 seconds left to join the mission.
﻿16:07:41 : Player #0 Peahead (e61d2ab0252931ad70102a59f6174578) has been kicked by BattlEye: Admin Kick (BEC : Lobby idling to long)
﻿16:18:57 : Player #0 Peahead (90.210.248.176:2304) connected
﻿16:18:57 : Player #0 Peahead - GUID: e61d2ab0252931ad70102a59f6174578 (unverified)
﻿16:18:58 : Verified GUID (e61d2ab0252931ad70102a59f6174578) of player #0 Peahead
﻿16:18:59 : Player #0 Peahead - Legacy GUID: 7c02950eee0c8cc0c763e89f2a7c4c93
﻿16:40:28 : Player #0 Peahead disconnected
﻿17:32:27 : Player #0 NcA (66.31.45.174:2304) connected
﻿17:32:28 : Player #0 NcA - GUID: 004e52e117c4353b9126ff8cae92894b (unverified)
﻿17:32:28 : Verified GUID (004e52e117c4353b9126ff8cae92894b) of player #0 NcA
﻿17:32:29 : Player #0 NcA - Legacy GUID: 0b47253664861c70f6399123e9106d52
﻿17:38:12 : Player #2 Mist (122.106.162.172:2304) connected
﻿17:38:15 : Player #2 Mist - GUID: d43966d0a56434cc4e46dcbd390ce9dd (unverified)
﻿17:38:15 : Verified GUID (d43966d0a56434cc4e46dcbd390ce9dd) of player #2 Mist
﻿17:38:17 : Player #2 Mist - Legacy GUID: 120f1d0d1e0c3868438416a1512268b7
﻿17:40:04 : Player #2 Mist disconnected
﻿17:55:00 : RCon admin #0: (Global) AUTO SERVER RESTART IN 5 MINUTES
﻿17:57:00 : RCon admin #0: (Global) AUTO SERVER RESTART IN 3 MINUTES
﻿17:59:00 : RCon admin #0: (Global) AUTO SERVER RESTART IN 1 MINUTE
﻿17:59:30 : RCon admin #0: (Global) AUTO SERVER RESTART IN 30 SECONDS! - LOG OUT NOW OR YOU MAY LOSE YOUR GEAR
﻿17:59:50 : Player #1 neB disconnected
﻿17:59:59 : Player #0 NcA disconnected
﻿18:00:46 : Rcon client logging in
﻿18:00:47 : RCon admin #0 (127.0.0.1:61302) logged in
﻿18:00:48 : Player #0 NcA - GUID: 004e52e117c4353b9126ff8cae92894b (unverified)
﻿18:00:48 : Player #0 NcA - Legacy GUID: 0b47253664861c70f6399123e9106d52
﻿18:00:48 : Verified GUID (004e52e117c4353b9126ff8cae92894b) of player #0 NcA
﻿18:01:08 : Player #1 neB (82.45.36.210:2304) connected
﻿18:01:29 : Player #1 neB - GUID: 5bf4327b174f63c3fcce14efa48d0d3c (unverified)
﻿18:01:30 : Player #1 neB - Legacy GUID: eb87f77c8855c9cd5434b81ead3bfdf6
﻿18:01:30 : Verified GUID (5bf4327b174f63c3fcce14efa48d0d3c) of player #1 neB
﻿18:11:48 : Player #2 Mist (122.106.162.172:2304) connected
﻿18:11:50 : Player #2 Mist - GUID: d43966d0a56434cc4e46dcbd390ce9dd (unverified)
﻿18:11:50 : Verified GUID (d43966d0a56434cc4e46dcbd390ce9dd) of player #2 Mist
﻿18:11:50 : Player #2 Mist - Legacy GUID: 120f1d0d1e0c3868438416a1512268b7
﻿18:13:24 : Player #1 neB disconnected
﻿18:13:40 : Player #0 NcA disconnected
﻿18:22:27 : Player #0 Roy (173.20.136.194:2304) connected
﻿18:22:29 : Player #0 Roy - GUID: e636fc521a6cb8ed7e00d2750429c22c (unverified)
﻿18:22:29 : Verified GUID (e636fc521a6cb8ed7e00d2750429c22c) of player #0 Roy
﻿18:22:29 : Player #0 Roy - Legacy GUID: dce9f0f5de1cd350335982934e42d0a2
﻿18:40:46 : Player #1 an old survivor (24.59.82.151:2304) connected
﻿18:40:48 : Player #1 an old survivor - GUID: 71d2a1d03422bd497d280c840dc52be0 (unverified)
﻿18:40:48 : Verified GUID (71d2a1d03422bd497d280c840dc52be0) of player #1 an old survivor
﻿18:40:48 : Player #1 an old survivor - Legacy GUID: c09c064648612ae26264811a27d279a1
﻿18:40:49 : Player #1 an old survivor disconnected
﻿18:41:46 : Player #1 an old survivor (24.59.82.151:2304) connected
﻿18:41:47 : Player #1 an old survivor - GUID: 71d2a1d03422bd497d280c840dc52be0 (unverified)
﻿18:41:47 : Verified GUID (71d2a1d03422bd497d280c840dc52be0) of player #1 an old survivor
﻿18:41:48 : Player #1 an old survivor - Legacy GUID: c09c064648612ae26264811a27d279a1
﻿18:44:18 : Player #1 an old survivor - Legacy GUID: c09c064648612ae26264811a27d279a1
﻿19:00:49 : Player #3 BTTFGuyman (50.34.160.154:2304) connected
﻿19:00:51 : Player #3 BTTFGuyman - GUID: 2538bb902c1d0643276ac3d17340d88e (unverified)
﻿19:00:51 : Player #3 BTTFGuyman - Legacy GUID: be6e98b8aa1326b534182d7c92037365
﻿19:01:22 : Player #3 BTTFGuyman disconnected
﻿19:02:00 : Player #3 BTTFGuyman (50.34.160.154:2304) connected
﻿19:02:00 : Player #3 BTTFGuyman - GUID: 2538bb902c1d0643276ac3d17340d88e (unverified)
﻿19:02:02 : Player #3 BTTFGuyman - Legacy GUID: be6e98b8aa1326b534182d7c92037365
﻿19:02:25 : Player #3 BTTFGuyman disconnected
﻿19:05:50 : Player #3 neB (82.45.36.210:2304) connected
﻿19:05:51 : Player #3 neB - GUID: 5bf4327b174f63c3fcce14efa48d0d3c (unverified)
﻿19:05:51 : Verified GUID (5bf4327b174f63c3fcce14efa48d0d3c) of player #3 neB
﻿19:05:52 : Player #3 neB - Legacy GUID: eb87f77c8855c9cd5434b81ead3bfdf6
﻿19:07:25 : Player #3 neB disconnected
﻿19:07:41 : Player #3 neB (82.45.36.210:2304) connected
﻿19:07:42 : Player #3 neB - GUID: 5bf4327b174f63c3fcce14efa48d0d3c (unverified)
﻿19:07:43 : Verified GUID (5bf4327b174f63c3fcce14efa48d0d3c) of player #3 neB
﻿19:07:44 : Player #3 neB - Legacy GUID: eb87f77c8855c9cd5434b81ead3bfdf6
﻿19:09:53 : Player #4 BTTFGuyman (50.34.160.154:2304) connected
﻿19:09:54 : Player #4 BTTFGuyman - GUID: 2538bb902c1d0643276ac3d17340d88e (unverified)
﻿19:09:54 : Verified GUID (2538bb902c1d0643276ac3d17340d88e) of player #4 BTTFGuyman
﻿19:09:55 : Player #4 BTTFGuyman - Legacy GUID: be6e98b8aa1326b534182d7c92037365
﻿19:11:55 : Player #5 Taylor (50.47.211.108:2304) connected
﻿19:11:57 : Player #5 Taylor - GUID: 5c6da4fbf8a0e707001b27444e66a16b (unverified)
﻿19:11:57 : Verified GUID (5c6da4fbf8a0e707001b27444e66a16b) of player #5 Taylor
﻿19:11:57 : Player #5 Taylor - Legacy GUID: 2510fadebb132aa66684179a927ba34c
﻿19:14:01 : RCon admin #0: (To Taylor) BEC : You have about 60 seconds left to join the mission.
﻿19:14:30 : RCon admin #0: (To Taylor) BEC : You have about 30 seconds left to join the mission.
﻿19:14:44 : RCon admin #0: (To Taylor) BEC : You have about 15 seconds left to join the mission.
﻿19:15:01 : Player #5 Taylor (5c6da4fbf8a0e707001b27444e66a16b) has been kicked by BattlEye: Admin Kick (BEC : Lobby idling to long)
﻿19:15:13 : Player #5 Taylor (50.47.211.108:2304) connected
﻿19:15:14 : Player #5 Taylor - GUID: 5c6da4fbf8a0e707001b27444e66a16b (unverified)
﻿19:15:15 : Verified GUID (5c6da4fbf8a0e707001b27444e66a16b) of player #5 Taylor
﻿19:15:16 : Player #5 Taylor - Legacy GUID: 2510fadebb132aa66684179a927ba34c
﻿19:15:59 : Player #6 NcA (66.31.45.174:2304) connected
﻿19:16:00 : Player #6 NcA - GUID: 004e52e117c4353b9126ff8cae92894b (unverified)
﻿19:16:00 : Verified GUID (004e52e117c4353b9126ff8cae92894b) of player #6 NcA
﻿19:16:01 : Player #6 NcA - Legacy GUID: 0b47253664861c70f6399123e9106d52
﻿19:26:44 : RCon admin #0: (To Mist) BEC : You have about 60 seconds left to join the mission.
﻿19:27:15 : RCon admin #0: (To Mist) BEC : You have about 30 seconds left to join the mission.
﻿19:27:30 : RCon admin #0: (To Mist) BEC : You have about 15 seconds left to join the mission.
﻿19:27:47 : Player #2 Mist (d43966d0a56434cc4e46dcbd390ce9dd) has been kicked by BattlEye: Admin Kick (BEC : Lobby idling to long)
﻿19:35:03 : Player #0 Roy disconnected
﻿19:35:24 : Player #0 Roy (173.20.136.194:2304) connected
﻿19:35:25 : Player #0 Roy - GUID: e636fc521a6cb8ed7e00d2750429c22c (unverified)
﻿19:35:25 : Verified GUID (e636fc521a6cb8ed7e00d2750429c22c) of player #0 Roy
﻿19:35:26 : Player #0 Roy - Legacy GUID: dce9f0f5de1cd350335982934e42d0a2
﻿19:35:58 : Player #2 Mist (122.106.162.172:2304) connected
﻿19:35:59 : Player #2 Mist - GUID: d43966d0a56434cc4e46dcbd390ce9dd (unverified)
﻿19:35:59 : Verified GUID (d43966d0a56434cc4e46dcbd390ce9dd) of player #2 Mist
﻿19:36:00 : Player #2 Mist - Legacy GUID: 120f1d0d1e0c3868438416a1512268b7
﻿19:36:54 : Player #7 Hawk (74.105.62.70:2304) connected
﻿19:36:56 : Player #7 Hawk - GUID: e57649adbb8ea1c0737ed0cb99de8456 (unverified)
﻿19:36:56 : Verified GUID (e57649adbb8ea1c0737ed0cb99de8456) of player #7 Hawk
﻿19:36:56 : Player #7 Hawk - Legacy GUID: e1a5a7d6cd844288229eb5106bec1f77
﻿19:43:09 : Player #1 an old survivor disconnected
﻿19:45:21 : Player #5 Taylor (5c6da4fbf8a0e707001b27444e66a16b) has been kicked by BattlEye: Ping too high (640)
﻿19:45:29 : Player #1 Taylor (50.47.211.108:2304) connected
﻿19:45:32 : Player #1 Taylor - GUID: 5c6da4fbf8a0e707001b27444e66a16b (unverified)
﻿19:45:32 : Verified GUID (5c6da4fbf8a0e707001b27444e66a16b) of player #1 Taylor
﻿19:45:34 : Player #1 Taylor - Legacy GUID: 2510fadebb132aa66684179a927ba34c
﻿19:46:20 : Player #1 Taylor (5c6da4fbf8a0e707001b27444e66a16b) has been kicked by BattlEye: Ping too high (422)
﻿19:52:13 : Player #1 Taylor (50.47.211.108:2304) connected
﻿19:52:19 : Player #1 Taylor - GUID: 5c6da4fbf8a0e707001b27444e66a16b (unverified)
﻿19:52:19 : Verified GUID (5c6da4fbf8a0e707001b27444e66a16b) of player #1 Taylor
﻿19:52:19 : Player #1 Taylor - Legacy GUID: 2510fadebb132aa66684179a927ba34c
﻿19:53:12 : Player #1 Taylor (5c6da4fbf8a0e707001b27444e66a16b) has been kicked by BattlEye: Ping too high (406)
﻿20:02:02 : Player #1 Taylor (50.47.211.108:2304) connected
﻿20:02:03 : Player #1 Taylor - GUID: 5c6da4fbf8a0e707001b27444e66a16b (unverified)
﻿20:02:03 : Verified GUID (5c6da4fbf8a0e707001b27444e66a16b) of player #1 Taylor
﻿20:02:04 : Player #1 Taylor - Legacy GUID: 2510fadebb132aa66684179a927ba34c
﻿20:04:29 : Player #1 Taylor (5c6da4fbf8a0e707001b27444e66a16b) has been kicked by BattlEye: Ping too high (343)
﻿20:06:01 : Player #1 Taylor (50.47.211.108:2304) connected
﻿20:06:03 : Player #1 Taylor - GUID: 5c6da4fbf8a0e707001b27444e66a16b (unverified)
﻿20:06:03 : Verified GUID (5c6da4fbf8a0e707001b27444e66a16b) of player #1 Taylor
﻿20:06:03 : Player #1 Taylor - Legacy GUID: 2510fadebb132aa66684179a927ba34c
﻿20:08:38 : Player #1 Taylor (5c6da4fbf8a0e707001b27444e66a16b) has been kicked by BattlEye: Ping too high (421)
﻿20:13:19 : Player #6 NcA disconnected
﻿20:13:40 : Player #1 Taylor (50.47.211.108:2304) connected
﻿20:13:41 : Player #1 Taylor - GUID: 5c6da4fbf8a0e707001b27444e66a16b (unverified)
﻿20:13:41 : Verified GUID (5c6da4fbf8a0e707001b27444e66a16b) of player #1 Taylor
﻿20:13:42 : Player #1 Taylor - Legacy GUID: 2510fadebb132aa66684179a927ba34c
﻿20:14:28 : Player #1 Taylor (5c6da4fbf8a0e707001b27444e66a16b) has been kicked by BattlEye: Ping too high (359)
﻿20:16:13 : Player #1 Taylor (50.47.211.108:2304) connected
﻿20:16:14 : Player #1 Taylor - GUID: 5c6da4fbf8a0e707001b27444e66a16b (unverified)
﻿20:16:14 : Verified GUID (5c6da4fbf8a0e707001b27444e66a16b) of player #1 Taylor
﻿20:16:15 : Player #1 Taylor - Legacy GUID: 2510fadebb132aa66684179a927ba34c
﻿20:17:55 : Player #1 Taylor (5c6da4fbf8a0e707001b27444e66a16b) has been kicked by BattlEye: Ping too high (375)
﻿20:25:06 : Player #2 Mist disconnected
﻿20:25:11 : Player #7 Hawk disconnected
﻿20:31:01 : Player #1 Hawk (74.105.62.70:2304) connected
﻿20:31:04 : Player #1 Hawk - GUID: e57649adbb8ea1c0737ed0cb99de8456 (unverified)
﻿20:31:04 : Verified GUID (e57649adbb8ea1c0737ed0cb99de8456) of player #1 Hawk
﻿20:31:05 : Player #1 Hawk - Legacy GUID: e1a5a7d6cd844288229eb5106bec1f77
﻿20:31:27 : Player #2 Mist (122.106.162.172:2304) connected
﻿20:31:29 : Player #2 Mist - GUID: d43966d0a56434cc4e46dcbd390ce9dd (unverified)
﻿20:31:29 : Player #2 Mist - Legacy GUID: 120f1d0d1e0c3868438416a1512268b7
﻿20:31:29 : Verified GUID (d43966d0a56434cc4e46dcbd390ce9dd) of player #2 Mist
﻿20:31:43 : Player #4 BTTFGuyman disconnected
﻿20:33:32 : Player #2 Mist disconnected
﻿20:40:46 : Player #2 Mist (122.106.162.172:2304) connected
﻿20:40:49 : Player #2 Mist - GUID: d43966d0a56434cc4e46dcbd390ce9dd (unverified)
﻿20:40:49 : Player #2 Mist - Legacy GUID: 120f1d0d1e0c3868438416a1512268b7
﻿20:40:49 : Verified GUID (d43966d0a56434cc4e46dcbd390ce9dd) of player #2 Mist
﻿20:53:35 : RCon admin #0: (To Roy) BEC : You have about 60 seconds left to join the mission.
﻿20:55:00 : RCon admin #0: (Global) AUTO SERVER RESTART IN 5 MINUTES
﻿20:57:00 : RCon admin #0: (Global) AUTO SERVER RESTART IN 3 MINUTES
﻿20:57:21 : Player #2 Mist disconnected
﻿20:58:11 : Player #3 neB disconnected
﻿20:58:39 : Player #1 Hawk disconnected
﻿20:59:00 : RCon admin #0: (Global) AUTO SERVER RESTART IN 1 MINUTE
﻿20:59:30 : RCon admin #0: (Global) AUTO SERVER RESTART IN 30 SECONDS! - LOG OUT NOW OR YOU MAY LOSE YOUR GEAR
﻿20:59:43 : Player #0 Roy disconnected
﻿21:00:42 : Rcon client logging in
﻿21:00:42 : RCon admin #0 (127.0.0.1:50282) logged in
﻿21:01:44 : Player #0 Mist (122.106.162.172:2304) connected
﻿21:01:45 : Player #0 Mist - GUID: d43966d0a56434cc4e46dcbd390ce9dd (unverified)
﻿21:01:46 : Verified GUID (d43966d0a56434cc4e46dcbd390ce9dd) of player #0 Mist
﻿21:01:46 : Player #0 Mist - Legacy GUID: 120f1d0d1e0c3868438416a1512268b7
﻿21:02:44 : Player #1 Roy (173.20.136.194:2304) connected
﻿21:02:45 : Player #1 Roy - GUID: e636fc521a6cb8ed7e00d2750429c22c (unverified)
﻿21:02:45 : Verified GUID (e636fc521a6cb8ed7e00d2750429c22c) of player #1 Roy
﻿21:02:46 : Player #1 Roy - Legacy GUID: dce9f0f5de1cd350335982934e42d0a2
﻿21:03:34 : Player #2 Hawk (74.105.62.70:2304) connected
﻿21:03:35 : Player #2 Hawk - GUID: e57649adbb8ea1c0737ed0cb99de8456 (unverified)
﻿21:03:35 : Verified GUID (e57649adbb8ea1c0737ed0cb99de8456) of player #2 Hawk
﻿21:03:36 : Player #2 Hawk - Legacy GUID: e1a5a7d6cd844288229eb5106bec1f77
﻿21:35:28 : RCon admin #0: (To Hawk) BEC : You have about 60 seconds left to join the mission.
﻿21:35:59 : RCon admin #0: (To Hawk) BEC : You have about 30 seconds left to join the mission.
﻿21:36:14 : RCon admin #0: (To Hawk) BEC : You have about 15 seconds left to join the mission.
﻿21:36:30 : Player #2 Hawk (e57649adbb8ea1c0737ed0cb99de8456) has been kicked by BattlEye: Admin Kick (BEC : Lobby idling to long)
﻿21:37:40 : Player #2 DosBOT (78.60.146.44:2304) connected
﻿21:37:42 : Player #2 DosBOT - GUID: b97a385c88662a8b7c5ae04774f63fb3 (unverified)
﻿21:37:42 : Verified GUID (b97a385c88662a8b7c5ae04774f63fb3) of player #2 DosBOT
﻿21:37:42 : Player #2 DosBOT disconnected
﻿21:38:29 : Player #2 Thomas (24.186.35.57:2304) connected
﻿21:38:30 : Player #2 Thomas - GUID: 28cf43b97037389373a2056d582fcfa7 (unverified)
﻿21:38:31 : Verified GUID (28cf43b97037389373a2056d582fcfa7) of player #2 Thomas
﻿21:38:31 : Player #2 Thomas disconnected
﻿21:40:07 : Player #2 DosBOT (78.60.146.44:2304) connected
﻿21:40:08 : Player #2 DosBOT - GUID: b97a385c88662a8b7c5ae04774f63fb3 (unverified)
﻿21:40:08 : Verified GUID (b97a385c88662a8b7c5ae04774f63fb3) of player #2 DosBOT
﻿21:40:09 : Player #2 DosBOT disconnected
﻿21:43:50 : Player #0 Mist disconnected
﻿21:52:26 : Player #0 Ngotie (77.102.211.5:2304) connected
﻿21:52:27 : Player #0 Ngotie - GUID: b34af695e4654d02870b193bc0bd0475 (unverified)
﻿21:52:27 : Verified GUID (b34af695e4654d02870b193bc0bd0475) of player #0 Ngotie
﻿21:52:28 : Player #0 Ngotie - Legacy GUID: 91fb16b0d17d136dc600e8eeb2e900bf
﻿21:56:13 : Player #0 Ngotie disconnected
﻿21:56:38 : Player #0 Ngotie (77.102.211.5:2304) connected
﻿21:56:39 : Player #0 Ngotie - GUID: b34af695e4654d02870b193bc0bd0475 (unverified)
﻿21:56:39 : Verified GUID (b34af695e4654d02870b193bc0bd0475) of player #0 Ngotie
﻿21:56:40 : Player #0 Ngotie - Legacy GUID: 91fb16b0d17d136dc600e8eeb2e900bf
﻿22:23:31 : Player #2 Mist (122.106.162.172:2304) connected
﻿22:23:32 : Player #2 Mist - GUID: d43966d0a56434cc4e46dcbd390ce9dd (unverified)
﻿22:23:33 : Verified GUID (d43966d0a56434cc4e46dcbd390ce9dd) of player #2 Mist
﻿22:23:34 : Player #2 Mist - Legacy GUID: 120f1d0d1e0c3868438416a1512268b7
﻿22:41:16 : Player #0 Ngotie disconnected
﻿22:43:29 : Player #0 Seb (47.54.96.204:60630) connected
﻿22:43:32 : Player #0 Seb - GUID: fb6a3493adcbec22fc7ebdf41ec9bb7d (unverified)
﻿22:43:32 : Verified GUID (fb6a3493adcbec22fc7ebdf41ec9bb7d) of player #0 Seb
﻿22:43:33 : Player #0 Seb disconnected
﻿22:44:10 : Player #2 Mist (d43966d0a56434cc4e46dcbd390ce9dd) has been kicked by BattlEye: Ping too high (562)
﻿22:44:40 : Player #0 Seb (47.54.96.204:60630) connected
﻿22:44:41 : Player #0 Seb - GUID: fb6a3493adcbec22fc7ebdf41ec9bb7d (unverified)
﻿22:44:42 : Verified GUID (fb6a3493adcbec22fc7ebdf41ec9bb7d) of player #0 Seb
﻿22:44:43 : Player #0 Seb - Legacy GUID: 628fdfd31461173481ca84d31bdb5952
﻿22:46:16 : Player #2 Mist (122.106.162.172:2304) connected
﻿22:46:17 : Player #2 Mist - GUID: d43966d0a56434cc4e46dcbd390ce9dd (unverified)
﻿22:46:17 : Verified GUID (d43966d0a56434cc4e46dcbd390ce9dd) of player #2 Mist
﻿22:46:18 : Player #2 Mist - Legacy GUID: 120f1d0d1e0c3868438416a1512268b7
﻿22:46:42 : RCon admin #0: (To Seb) BEC : You have about 60 seconds left to join the mission.
﻿22:55:18 : Player #2 Mist (d43966d0a56434cc4e46dcbd390ce9dd) has been kicked by BattlEye: Ping too high (1310)
﻿22:57:27 : Player #2 Mist (122.106.162.172:2304) connected
﻿22:57:28 : Player #2 Mist - GUID: d43966d0a56434cc4e46dcbd390ce9dd (unverified)
﻿22:57:29 : Verified GUID (d43966d0a56434cc4e46dcbd390ce9dd) of player #2 Mist
﻿22:57:29 : Player #2 Mist - Legacy GUID: 120f1d0d1e0c3868438416a1512268b7
﻿23:15:23 : Player #0 Seb disconnected
﻿23:21:03 : Player #0 Martin (70.30.222.108:2304) connected
﻿23:21:04 : Player #0 Martin - GUID: 80715108858f218a94301689e65f1ead (unverified)
﻿23:21:04 : Verified GUID (80715108858f218a94301689e65f1ead) of player #0 Martin
﻿23:21:05 : Player #0 Martin disconnected
﻿23:26:13 : Player #0 THUNDERDOWNUNDER (123.211.19.175:56676) connected
﻿23:26:15 : Player #0 THUNDERDOWNUNDER - GUID: e8615de2585f78be7299f4987518870e (unverified)
﻿23:26:15 : Verified GUID (e8615de2585f78be7299f4987518870e) of player #0 THUNDERDOWNUNDER
﻿23:26:16 : Player #0 THUNDERDOWNUNDER - Legacy GUID: 6100eb927f8d52554e38ffdeb941cd3c
﻿23:26:16 : Player #0 THUNDERDOWNUNDER disconnected
﻿23:38:17 : Player #2 Mist disconnected
﻿23:55:00 : RCon admin #0: (Global) AUTO SERVER RESTART IN 5 MINUTES
﻿23:57:00 : RCon admin #0: (Global) AUTO SERVER RESTART IN 3 MINUTES
﻿23:59:00 : RCon admin #0: (Global) AUTO SERVER RESTART IN 1 MINUTE
﻿23:59:30 : RCon admin #0: (Global) AUTO SERVER RESTART IN 30 SECONDS! - LOG OUT NOW OR YOU MAY LOSE YOUR GEAR
