00:00:01 : Lost Connection!
﻿00:00:01 : Closing socket & exiting!
﻿00:00:33 : Rcon client logging in
﻿00:00:33 : RCon admin #0 (127.0.0.1:63774) logged in
﻿02:23:53 : Player #0 dvp95 (24.22.95.201:2304) connected
﻿02:23:57 : Player #0 dvp95 disconnected
﻿02:55:00 : RCon admin #0: (Global) AUTO SERVER RESTART IN 5 MINUTES
﻿02:57:00 : RCon admin #0: (Global) AUTO SERVER RESTART IN 3 MINUTES
﻿02:59:00 : RCon admin #0: (Global) AUTO SERVER RESTART IN 1 MINUTE
﻿02:59:30 : RCon admin #0: (Global) AUTO SERVER RESTART IN 30 SECONDS! - LOG OUT NOW OR YOU MAY LOSE YOUR GEAR
﻿03:00:02 : Lost Connection!
﻿03:00:02 : Closing socket & exiting!
﻿03:00:34 : Rcon client logging in
﻿03:00:34 : RCon admin #0 (127.0.0.1:62456) logged in
﻿03:53:32 : Player #0 Noodlehax (60.242.154.121:2304) connected
﻿03:53:33 : Player #0 Noodlehax - GUID: 1b58aaf79339b864cacd93c0d565e46c (unverified)
﻿03:53:34 : Player #0 Noodlehax - Legacy GUID: 7498d2df99c4cc9ab84f52fb07c0a8dd
﻿03:53:34 : Verified GUID (1b58aaf79339b864cacd93c0d565e46c) of player #0 Noodlehax
﻿05:39:47 : Player #1 AVDPiXELS (122.106.147.141:2304) connected
﻿05:39:48 : Player #1 AVDPiXELS - GUID: 9eb5ab5e675818b887f95b90ffb4cbf9 (unverified)
﻿05:39:49 : Verified GUID (9eb5ab5e675818b887f95b90ffb4cbf9) of player #1 AVDPiXELS
﻿05:39:50 : Player #1 AVDPiXELS - Legacy GUID: 2719b3b8d3863484fd32cef9fdbfb4b6
﻿05:42:31 : Player #1 AVDPiXELS disconnected
﻿05:55:00 : RCon admin #0: (Global) AUTO SERVER RESTART IN 5 MINUTES
﻿05:57:00 : RCon admin #0: (Global) AUTO SERVER RESTART IN 3 MINUTES
﻿05:57:26 : Player #0 Noodlehax disconnected
﻿05:59:00 : RCon admin #0: (Global) AUTO SERVER RESTART IN 1 MINUTE
﻿05:59:30 : RCon admin #0: (Global) AUTO SERVER RESTART IN 30 SECONDS! - LOG OUT NOW OR YOU MAY LOSE YOUR GEAR
﻿06:00:01 : Lost Connection!
﻿06:00:01 : Closing socket & exiting!
﻿06:00:34 : Rcon client logging in
﻿06:00:34 : RCon admin #0 (127.0.0.1:59623) logged in
﻿08:55:00 : RCon admin #0: (Global) AUTO SERVER RESTART IN 5 MINUTES
﻿08:57:00 : RCon admin #0: (Global) AUTO SERVER RESTART IN 3 MINUTES
﻿08:59:00 : RCon admin #0: (Global) AUTO SERVER RESTART IN 1 MINUTE
﻿08:59:30 : RCon admin #0: (Global) AUTO SERVER RESTART IN 30 SECONDS! - LOG OUT NOW OR YOU MAY LOSE YOUR GEAR
﻿09:00:01 : Lost Connection!
﻿09:00:01 : Closing socket & exiting!
﻿09:00:34 : Rcon client logging in
﻿09:00:34 : RCon admin #0 (127.0.0.1:54429) logged in
﻿11:55:00 : RCon admin #0: (Global) AUTO SERVER RESTART IN 5 MINUTES
﻿11:57:00 : RCon admin #0: (Global) AUTO SERVER RESTART IN 3 MINUTES
﻿11:59:00 : RCon admin #0: (Global) AUTO SERVER RESTART IN 1 MINUTE
﻿11:59:30 : RCon admin #0: (Global) AUTO SERVER RESTART IN 30 SECONDS! - LOG OUT NOW OR YOU MAY LOSE YOUR GEAR
﻿12:00:01 : Lost Connection!
﻿12:00:01 : Closing socket & exiting!
﻿12:00:34 : Rcon client logging in
﻿12:00:34 : RCon admin #0 (127.0.0.1:60477) logged in
﻿14:55:00 : RCon admin #0: (Global) AUTO SERVER RESTART IN 5 MINUTES
﻿14:57:00 : RCon admin #0: (Global) AUTO SERVER RESTART IN 3 MINUTES
﻿14:59:00 : RCon admin #0: (Global) AUTO SERVER RESTART IN 1 MINUTE
﻿14:59:30 : RCon admin #0: (Global) AUTO SERVER RESTART IN 30 SECONDS! - LOG OUT NOW OR YOU MAY LOSE YOUR GEAR
﻿15:00:01 : Lost Connection!
﻿15:00:01 : Closing socket & exiting!
﻿15:00:34 : Rcon client logging in
﻿15:00:34 : RCon admin #0 (127.0.0.1:53219) logged in
﻿17:55:00 : RCon admin #0: (Global) AUTO SERVER RESTART IN 5 MINUTES
﻿17:57:00 : RCon admin #0: (Global) AUTO SERVER RESTART IN 3 MINUTES
﻿17:59:00 : RCon admin #0: (Global) AUTO SERVER RESTART IN 1 MINUTE
﻿17:59:30 : RCon admin #0: (Global) AUTO SERVER RESTART IN 30 SECONDS! - LOG OUT NOW OR YOU MAY LOSE YOUR GEAR
﻿18:00:01 : Lost Connection!
﻿18:00:01 : Closing socket & exiting!
﻿18:00:34 : Rcon client logging in
﻿18:00:34 : RCon admin #0 (127.0.0.1:60385) logged in
﻿18:05:17 : Player #0 Noodlehax (60.242.154.121:2304) connected
﻿18:05:19 : Player #0 Noodlehax - GUID: 1b58aaf79339b864cacd93c0d565e46c (unverified)
﻿18:05:19 : Verified GUID (1b58aaf79339b864cacd93c0d565e46c) of player #0 Noodlehax
﻿18:05:20 : Player #0 Noodlehax - Legacy GUID: 7498d2df99c4cc9ab84f52fb07c0a8dd
﻿19:15:43 : Player #1 PLAYER 1 (65.96.85.15:2304) connected
﻿19:15:44 : Player #1 PLAYER 1 - GUID: e0e50299526b1110973688c8bc531b49 (unverified)
﻿19:15:44 : Player #1 PLAYER 1 (e0e50299526b1110973688c8bc531b49) has been kicked by BattlEye: Admin Kick (BEC : Your player name can not contain any of the chars:[]{}()01)
﻿19:16:17 : Player #1 watzy8 (65.96.85.15:2304) connected
﻿19:16:18 : Player #1 watzy8 - GUID: e0e50299526b1110973688c8bc531b49 (unverified)
﻿19:16:18 : Player #1 watzy8 (e0e50299526b1110973688c8bc531b49) has been kicked by BattlEye: Admin Kick (BEC : Your player name can not contain any of the chars:[]{}()01)
﻿19:16:46 : Player #1 watzy (65.96.85.15:2304) connected
﻿19:16:47 : Player #1 watzy - GUID: e0e50299526b1110973688c8bc531b49 (unverified)
﻿19:16:47 : Verified GUID (e0e50299526b1110973688c8bc531b49) of player #1 watzy
﻿19:16:47 : Player #1 watzy disconnected
﻿19:16:53 : Player #1 watzy (65.96.85.15:2304) connected
﻿19:16:54 : Player #1 watzy - GUID: e0e50299526b1110973688c8bc531b49 (unverified)
﻿19:16:54 : Verified GUID (e0e50299526b1110973688c8bc531b49) of player #1 watzy
﻿19:16:54 : Player #1 watzy disconnected
﻿19:32:44 : Player #1 jonkl_000 (24.208.145.40:2304) connected
﻿19:32:46 : Player #1 jonkl_000 - GUID: 1011495bff9bda56050d57dc043dfa1f (unverified)
﻿19:32:46 : Player #1 jonkl_000 (1011495bff9bda56050d57dc043dfa1f) has been kicked by BattlEye: Admin Kick (BEC : Your player name can not contain any of the chars:[]{}()01)
﻿20:09:58 : Player #1 Batman (72.228.36.198:2304) connected
﻿20:09:59 : Player #1 Batman - GUID: 218855e5484e299a53e99ffb444fd2b7 (unverified)
﻿20:09:59 : Verified GUID (218855e5484e299a53e99ffb444fd2b7) of player #1 Batman
﻿20:10:00 : Player #1 Batman - Legacy GUID: 8dc31e3ce7d482f1f33b8d27b8f0a612
﻿20:14:06 : Player #1 Batman disconnected
﻿20:22:33 : Player #0 Noodlehax disconnected
﻿20:55:00 : RCon admin #0: (Global) AUTO SERVER RESTART IN 5 MINUTES
﻿20:57:00 : RCon admin #0: (Global) AUTO SERVER RESTART IN 3 MINUTES
﻿20:59:00 : RCon admin #0: (Global) AUTO SERVER RESTART IN 1 MINUTE
﻿20:59:30 : RCon admin #0: (Global) AUTO SERVER RESTART IN 30 SECONDS! - LOG OUT NOW OR YOU MAY LOSE YOUR GEAR
﻿21:00:01 : Lost Connection!
﻿21:00:01 : Closing socket & exiting!
﻿21:00:34 : Rcon client logging in
﻿21:00:34 : RCon admin #0 (127.0.0.1:60184) logged in
﻿23:55:00 : RCon admin #0: (Global) AUTO SERVER RESTART IN 5 MINUTES
﻿23:57:00 : RCon admin #0: (Global) AUTO SERVER RESTART IN 3 MINUTES
﻿23:59:00 : RCon admin #0: (Global) AUTO SERVER RESTART IN 1 MINUTE
﻿23:59:30 : RCon admin #0: (Global) AUTO SERVER RESTART IN 30 SECONDS! - LOG OUT NOW OR YOU MAY LOSE YOUR GEAR
