00:11:10 : Rcon client logging in
﻿00:11:10 : RCon admin #0 (127.0.0.1:52021) logged in
﻿00:18:54 : Player #0 jesquik disconnected
﻿02:55:00 : RCon admin #0: (Global) AUTO SERVER RESTART IN 5 MINUTES
﻿02:57:00 : RCon admin #0: (Global) AUTO SERVER RESTART IN 3 MINUTES
﻿02:59:00 : RCon admin #0: (Global) AUTO SERVER RESTART IN 1 MINUTE
﻿02:59:30 : RCon admin #0: (Global) AUTO SERVER RESTART IN 30 SECONDS! - LOG OUT NOW OR YOU MAY LOSE YOUR GEAR
﻿03:09:30 : RCon admin #0: (Global) AUTO SERVER RESTART IN 30 SECONDS! - LOG OUT NOW OR YOU MAY LOSE YOUR GEAR
﻿03:19:30 : RCon admin #0: (Global) AUTO SERVER RESTART IN 30 SECONDS! - LOG OUT NOW OR YOU MAY LOSE YOUR GEAR
﻿03:29:30 : RCon admin #0: (Global) AUTO SERVER RESTART IN 30 SECONDS! - LOG OUT NOW OR YOU MAY LOSE YOUR GEAR
﻿03:39:30 : RCon admin #0: (Global) AUTO SERVER RESTART IN 30 SECONDS! - LOG OUT NOW OR YOU MAY LOSE YOUR GEAR
﻿03:49:30 : RCon admin #0: (Global) AUTO SERVER RESTART IN 30 SECONDS! - LOG OUT NOW OR YOU MAY LOSE YOUR GEAR
﻿03:59:30 : RCon admin #0: (Global) AUTO SERVER RESTART IN 30 SECONDS! - LOG OUT NOW OR YOU MAY LOSE YOUR GEAR
﻿04:09:30 : RCon admin #0: (Global) AUTO SERVER RESTART IN 30 SECONDS! - LOG OUT NOW OR YOU MAY LOSE YOUR GEAR
﻿04:19:30 : RCon admin #0: (Global) AUTO SERVER RESTART IN 30 SECONDS! - LOG OUT NOW OR YOU MAY LOSE YOUR GEAR
﻿04:29:30 : RCon admin #0: (Global) AUTO SERVER RESTART IN 30 SECONDS! - LOG OUT NOW OR YOU MAY LOSE YOUR GEAR
﻿04:39:30 : RCon admin #0: (Global) AUTO SERVER RESTART IN 30 SECONDS! - LOG OUT NOW OR YOU MAY LOSE YOUR GEAR
﻿04:49:30 : RCon admin #0: (Global) AUTO SERVER RESTART IN 30 SECONDS! - LOG OUT NOW OR YOU MAY LOSE YOUR GEAR
﻿04:59:30 : RCon admin #0: (Global) AUTO SERVER RESTART IN 30 SECONDS! - LOG OUT NOW OR YOU MAY LOSE YOUR GEAR
﻿05:09:30 : RCon admin #0: (Global) AUTO SERVER RESTART IN 30 SECONDS! - LOG OUT NOW OR YOU MAY LOSE YOUR GEAR
﻿05:19:30 : RCon admin #0: (Global) AUTO SERVER RESTART IN 30 SECONDS! - LOG OUT NOW OR YOU MAY LOSE YOUR GEAR
﻿05:29:30 : RCon admin #0: (Global) AUTO SERVER RESTART IN 30 SECONDS! - LOG OUT NOW OR YOU MAY LOSE YOUR GEAR
﻿05:39:30 : RCon admin #0: (Global) AUTO SERVER RESTART IN 30 SECONDS! - LOG OUT NOW OR YOU MAY LOSE YOUR GEAR
﻿05:49:30 : RCon admin #0: (Global) AUTO SERVER RESTART IN 30 SECONDS! - LOG OUT NOW OR YOU MAY LOSE YOUR GEAR
﻿05:55:00 : RCon admin #0: (Global) AUTO SERVER RESTART IN 5 MINUTES
﻿05:57:00 : RCon admin #0: (Global) AUTO SERVER RESTART IN 3 MINUTES
﻿05:59:00 : RCon admin #0: (Global) AUTO SERVER RESTART IN 1 MINUTE
﻿05:59:30 : RCon admin #0: (Global) AUTO SERVER RESTART IN 30 SECONDS! - LOG OUT NOW OR YOU MAY LOSE YOUR GEAR
﻿05:59:30 : RCon admin #0: (Global) AUTO SERVER RESTART IN 30 SECONDS! - LOG OUT NOW OR YOU MAY LOSE YOUR GEAR
﻿06:09:30 : RCon admin #0: (Global) AUTO SERVER RESTART IN 30 SECONDS! - LOG OUT NOW OR YOU MAY LOSE YOUR GEAR
﻿06:09:30 : RCon admin #0: (Global) AUTO SERVER RESTART IN 30 SECONDS! - LOG OUT NOW OR YOU MAY LOSE YOUR GEAR
﻿06:19:30 : RCon admin #0: (Global) AUTO SERVER RESTART IN 30 SECONDS! - LOG OUT NOW OR YOU MAY LOSE YOUR GEAR
﻿06:19:30 : RCon admin #0: (Global) AUTO SERVER RESTART IN 30 SECONDS! - LOG OUT NOW OR YOU MAY LOSE YOUR GEAR
﻿06:29:30 : RCon admin #0: (Global) AUTO SERVER RESTART IN 30 SECONDS! - LOG OUT NOW OR YOU MAY LOSE YOUR GEAR
﻿06:29:30 : RCon admin #0: (Global) AUTO SERVER RESTART IN 30 SECONDS! - LOG OUT NOW OR YOU MAY LOSE YOUR GEAR
﻿06:39:30 : RCon admin #0: (Global) AUTO SERVER RESTART IN 30 SECONDS! - LOG OUT NOW OR YOU MAY LOSE YOUR GEAR
﻿06:39:30 : RCon admin #0: (Global) AUTO SERVER RESTART IN 30 SECONDS! - LOG OUT NOW OR YOU MAY LOSE YOUR GEAR
﻿06:49:30 : RCon admin #0: (Global) AUTO SERVER RESTART IN 30 SECONDS! - LOG OUT NOW OR YOU MAY LOSE YOUR GEAR
﻿06:49:30 : RCon admin #0: (Global) AUTO SERVER RESTART IN 30 SECONDS! - LOG OUT NOW OR YOU MAY LOSE YOUR GEAR
﻿06:59:30 : RCon admin #0: (Global) AUTO SERVER RESTART IN 30 SECONDS! - LOG OUT NOW OR YOU MAY LOSE YOUR GEAR
﻿06:59:30 : RCon admin #0: (Global) AUTO SERVER RESTART IN 30 SECONDS! - LOG OUT NOW OR YOU MAY LOSE YOUR GEAR
﻿07:09:30 : RCon admin #0: (Global) AUTO SERVER RESTART IN 30 SECONDS! - LOG OUT NOW OR YOU MAY LOSE YOUR GEAR
﻿07:09:30 : RCon admin #0: (Global) AUTO SERVER RESTART IN 30 SECONDS! - LOG OUT NOW OR YOU MAY LOSE YOUR GEAR
﻿07:19:30 : RCon admin #0: (Global) AUTO SERVER RESTART IN 30 SECONDS! - LOG OUT NOW OR YOU MAY LOSE YOUR GEAR
﻿07:19:30 : RCon admin #0: (Global) AUTO SERVER RESTART IN 30 SECONDS! - LOG OUT NOW OR YOU MAY LOSE YOUR GEAR
﻿07:29:30 : RCon admin #0: (Global) AUTO SERVER RESTART IN 30 SECONDS! - LOG OUT NOW OR YOU MAY LOSE YOUR GEAR
﻿07:29:30 : RCon admin #0: (Global) AUTO SERVER RESTART IN 30 SECONDS! - LOG OUT NOW OR YOU MAY LOSE YOUR GEAR
﻿07:39:30 : RCon admin #0: (Global) AUTO SERVER RESTART IN 30 SECONDS! - LOG OUT NOW OR YOU MAY LOSE YOUR GEAR
﻿07:39:30 : RCon admin #0: (Global) AUTO SERVER RESTART IN 30 SECONDS! - LOG OUT NOW OR YOU MAY LOSE YOUR GEAR
﻿07:49:30 : RCon admin #0: (Global) AUTO SERVER RESTART IN 30 SECONDS! - LOG OUT NOW OR YOU MAY LOSE YOUR GEAR
﻿07:49:30 : RCon admin #0: (Global) AUTO SERVER RESTART IN 30 SECONDS! - LOG OUT NOW OR YOU MAY LOSE YOUR GEAR
﻿07:59:30 : RCon admin #0: (Global) AUTO SERVER RESTART IN 30 SECONDS! - LOG OUT NOW OR YOU MAY LOSE YOUR GEAR
﻿07:59:30 : RCon admin #0: (Global) AUTO SERVER RESTART IN 30 SECONDS! - LOG OUT NOW OR YOU MAY LOSE YOUR GEAR
﻿08:09:30 : RCon admin #0: (Global) AUTO SERVER RESTART IN 30 SECONDS! - LOG OUT NOW OR YOU MAY LOSE YOUR GEAR
﻿08:09:30 : RCon admin #0: (Global) AUTO SERVER RESTART IN 30 SECONDS! - LOG OUT NOW OR YOU MAY LOSE YOUR GEAR
﻿08:19:30 : RCon admin #0: (Global) AUTO SERVER RESTART IN 30 SECONDS! - LOG OUT NOW OR YOU MAY LOSE YOUR GEAR
﻿08:19:30 : RCon admin #0: (Global) AUTO SERVER RESTART IN 30 SECONDS! - LOG OUT NOW OR YOU MAY LOSE YOUR GEAR
﻿08:29:30 : RCon admin #0: (Global) AUTO SERVER RESTART IN 30 SECONDS! - LOG OUT NOW OR YOU MAY LOSE YOUR GEAR
﻿08:29:30 : RCon admin #0: (Global) AUTO SERVER RESTART IN 30 SECONDS! - LOG OUT NOW OR YOU MAY LOSE YOUR GEAR
﻿08:39:30 : RCon admin #0: (Global) AUTO SERVER RESTART IN 30 SECONDS! - LOG OUT NOW OR YOU MAY LOSE YOUR GEAR
﻿08:39:30 : RCon admin #0: (Global) AUTO SERVER RESTART IN 30 SECONDS! - LOG OUT NOW OR YOU MAY LOSE YOUR GEAR
﻿08:49:30 : RCon admin #0: (Global) AUTO SERVER RESTART IN 30 SECONDS! - LOG OUT NOW OR YOU MAY LOSE YOUR GEAR
﻿08:49:30 : RCon admin #0: (Global) AUTO SERVER RESTART IN 30 SECONDS! - LOG OUT NOW OR YOU MAY LOSE YOUR GEAR
﻿08:55:00 : RCon admin #0: (Global) AUTO SERVER RESTART IN 5 MINUTES
﻿08:57:00 : RCon admin #0: (Global) AUTO SERVER RESTART IN 3 MINUTES
﻿08:59:00 : RCon admin #0: (Global) AUTO SERVER RESTART IN 1 MINUTE
﻿08:59:30 : RCon admin #0: (Global) AUTO SERVER RESTART IN 30 SECONDS! - LOG OUT NOW OR YOU MAY LOSE YOUR GEAR
﻿08:59:30 : RCon admin #0: (Global) AUTO SERVER RESTART IN 30 SECONDS! - LOG OUT NOW OR YOU MAY LOSE YOUR GEAR
﻿08:59:30 : RCon admin #0: (Global) AUTO SERVER RESTART IN 30 SECONDS! - LOG OUT NOW OR YOU MAY LOSE YOUR GEAR
﻿09:09:30 : RCon admin #0: (Global) AUTO SERVER RESTART IN 30 SECONDS! - LOG OUT NOW OR YOU MAY LOSE YOUR GEAR
﻿09:09:30 : RCon admin #0: (Global) AUTO SERVER RESTART IN 30 SECONDS! - LOG OUT NOW OR YOU MAY LOSE YOUR GEAR
﻿09:09:30 : RCon admin #0: (Global) AUTO SERVER RESTART IN 30 SECONDS! - LOG OUT NOW OR YOU MAY LOSE YOUR GEAR
﻿09:19:30 : RCon admin #0: (Global) AUTO SERVER RESTART IN 30 SECONDS! - LOG OUT NOW OR YOU MAY LOSE YOUR GEAR
﻿09:19:30 : RCon admin #0: (Global) AUTO SERVER RESTART IN 30 SECONDS! - LOG OUT NOW OR YOU MAY LOSE YOUR GEAR
﻿09:19:30 : RCon admin #0: (Global) AUTO SERVER RESTART IN 30 SECONDS! - LOG OUT NOW OR YOU MAY LOSE YOUR GEAR
﻿09:29:30 : RCon admin #0: (Global) AUTO SERVER RESTART IN 30 SECONDS! - LOG OUT NOW OR YOU MAY LOSE YOUR GEAR
﻿09:29:30 : RCon admin #0: (Global) AUTO SERVER RESTART IN 30 SECONDS! - LOG OUT NOW OR YOU MAY LOSE YOUR GEAR
﻿09:29:30 : RCon admin #0: (Global) AUTO SERVER RESTART IN 30 SECONDS! - LOG OUT NOW OR YOU MAY LOSE YOUR GEAR
﻿09:39:30 : RCon admin #0: (Global) AUTO SERVER RESTART IN 30 SECONDS! - LOG OUT NOW OR YOU MAY LOSE YOUR GEAR
﻿09:39:30 : RCon admin #0: (Global) AUTO SERVER RESTART IN 30 SECONDS! - LOG OUT NOW OR YOU MAY LOSE YOUR GEAR
﻿09:39:30 : RCon admin #0: (Global) AUTO SERVER RESTART IN 30 SECONDS! - LOG OUT NOW OR YOU MAY LOSE YOUR GEAR
﻿09:49:30 : RCon admin #0: (Global) AUTO SERVER RESTART IN 30 SECONDS! - LOG OUT NOW OR YOU MAY LOSE YOUR GEAR
﻿09:49:30 : RCon admin #0: (Global) AUTO SERVER RESTART IN 30 SECONDS! - LOG OUT NOW OR YOU MAY LOSE YOUR GEAR
﻿09:49:30 : RCon admin #0: (Global) AUTO SERVER RESTART IN 30 SECONDS! - LOG OUT NOW OR YOU MAY LOSE YOUR GEAR
﻿09:59:30 : RCon admin #0: (Global) AUTO SERVER RESTART IN 30 SECONDS! - LOG OUT NOW OR YOU MAY LOSE YOUR GEAR
﻿09:59:30 : RCon admin #0: (Global) AUTO SERVER RESTART IN 30 SECONDS! - LOG OUT NOW OR YOU MAY LOSE YOUR GEAR
﻿09:59:30 : RCon admin #0: (Global) AUTO SERVER RESTART IN 30 SECONDS! - LOG OUT NOW OR YOU MAY LOSE YOUR GEAR
﻿10:09:30 : RCon admin #0: (Global) AUTO SERVER RESTART IN 30 SECONDS! - LOG OUT NOW OR YOU MAY LOSE YOUR GEAR
﻿10:09:30 : RCon admin #0: (Global) AUTO SERVER RESTART IN 30 SECONDS! - LOG OUT NOW OR YOU MAY LOSE YOUR GEAR
﻿10:09:30 : RCon admin #0: (Global) AUTO SERVER RESTART IN 30 SECONDS! - LOG OUT NOW OR YOU MAY LOSE YOUR GEAR
﻿10:19:30 : RCon admin #0: (Global) AUTO SERVER RESTART IN 30 SECONDS! - LOG OUT NOW OR YOU MAY LOSE YOUR GEAR
﻿10:19:30 : RCon admin #0: (Global) AUTO SERVER RESTART IN 30 SECONDS! - LOG OUT NOW OR YOU MAY LOSE YOUR GEAR
﻿10:19:30 : RCon admin #0: (Global) AUTO SERVER RESTART IN 30 SECONDS! - LOG OUT NOW OR YOU MAY LOSE YOUR GEAR
﻿10:29:30 : RCon admin #0: (Global) AUTO SERVER RESTART IN 30 SECONDS! - LOG OUT NOW OR YOU MAY LOSE YOUR GEAR
﻿10:29:30 : RCon admin #0: (Global) AUTO SERVER RESTART IN 30 SECONDS! - LOG OUT NOW OR YOU MAY LOSE YOUR GEAR
﻿10:29:30 : RCon admin #0: (Global) AUTO SERVER RESTART IN 30 SECONDS! - LOG OUT NOW OR YOU MAY LOSE YOUR GEAR
﻿10:39:30 : RCon admin #0: (Global) AUTO SERVER RESTART IN 30 SECONDS! - LOG OUT NOW OR YOU MAY LOSE YOUR GEAR
﻿10:39:30 : RCon admin #0: (Global) AUTO SERVER RESTART IN 30 SECONDS! - LOG OUT NOW OR YOU MAY LOSE YOUR GEAR
﻿10:39:30 : RCon admin #0: (Global) AUTO SERVER RESTART IN 30 SECONDS! - LOG OUT NOW OR YOU MAY LOSE YOUR GEAR
﻿10:49:30 : RCon admin #0: (Global) AUTO SERVER RESTART IN 30 SECONDS! - LOG OUT NOW OR YOU MAY LOSE YOUR GEAR
﻿10:49:30 : RCon admin #0: (Global) AUTO SERVER RESTART IN 30 SECONDS! - LOG OUT NOW OR YOU MAY LOSE YOUR GEAR
﻿10:49:30 : RCon admin #0: (Global) AUTO SERVER RESTART IN 30 SECONDS! - LOG OUT NOW OR YOU MAY LOSE YOUR GEAR
﻿10:59:30 : RCon admin #0: (Global) AUTO SERVER RESTART IN 30 SECONDS! - LOG OUT NOW OR YOU MAY LOSE YOUR GEAR
﻿10:59:30 : RCon admin #0: (Global) AUTO SERVER RESTART IN 30 SECONDS! - LOG OUT NOW OR YOU MAY LOSE YOUR GEAR
﻿10:59:30 : RCon admin #0: (Global) AUTO SERVER RESTART IN 30 SECONDS! - LOG OUT NOW OR YOU MAY LOSE YOUR GEAR
﻿11:09:30 : RCon admin #0: (Global) AUTO SERVER RESTART IN 30 SECONDS! - LOG OUT NOW OR YOU MAY LOSE YOUR GEAR
﻿11:09:30 : RCon admin #0: (Global) AUTO SERVER RESTART IN 30 SECONDS! - LOG OUT NOW OR YOU MAY LOSE YOUR GEAR
﻿11:09:30 : RCon admin #0: (Global) AUTO SERVER RESTART IN 30 SECONDS! - LOG OUT NOW OR YOU MAY LOSE YOUR GEAR
﻿11:19:30 : RCon admin #0: (Global) AUTO SERVER RESTART IN 30 SECONDS! - LOG OUT NOW OR YOU MAY LOSE YOUR GEAR
﻿11:19:30 : RCon admin #0: (Global) AUTO SERVER RESTART IN 30 SECONDS! - LOG OUT NOW OR YOU MAY LOSE YOUR GEAR
﻿11:19:30 : RCon admin #0: (Global) AUTO SERVER RESTART IN 30 SECONDS! - LOG OUT NOW OR YOU MAY LOSE YOUR GEAR
﻿11:29:30 : RCon admin #0: (Global) AUTO SERVER RESTART IN 30 SECONDS! - LOG OUT NOW OR YOU MAY LOSE YOUR GEAR
﻿11:29:30 : RCon admin #0: (Global) AUTO SERVER RESTART IN 30 SECONDS! - LOG OUT NOW OR YOU MAY LOSE YOUR GEAR
﻿11:29:30 : RCon admin #0: (Global) AUTO SERVER RESTART IN 30 SECONDS! - LOG OUT NOW OR YOU MAY LOSE YOUR GEAR
﻿11:39:30 : RCon admin #0: (Global) AUTO SERVER RESTART IN 30 SECONDS! - LOG OUT NOW OR YOU MAY LOSE YOUR GEAR
﻿11:39:30 : RCon admin #0: (Global) AUTO SERVER RESTART IN 30 SECONDS! - LOG OUT NOW OR YOU MAY LOSE YOUR GEAR
﻿11:39:30 : RCon admin #0: (Global) AUTO SERVER RESTART IN 30 SECONDS! - LOG OUT NOW OR YOU MAY LOSE YOUR GEAR
﻿11:49:30 : RCon admin #0: (Global) AUTO SERVER RESTART IN 30 SECONDS! - LOG OUT NOW OR YOU MAY LOSE YOUR GEAR
﻿11:49:30 : RCon admin #0: (Global) AUTO SERVER RESTART IN 30 SECONDS! - LOG OUT NOW OR YOU MAY LOSE YOUR GEAR
﻿11:49:30 : RCon admin #0: (Global) AUTO SERVER RESTART IN 30 SECONDS! - LOG OUT NOW OR YOU MAY LOSE YOUR GEAR
﻿11:55:00 : RCon admin #0: (Global) AUTO SERVER RESTART IN 5 MINUTES
﻿11:57:00 : RCon admin #0: (Global) AUTO SERVER RESTART IN 3 MINUTES
﻿11:59:00 : RCon admin #0: (Global) AUTO SERVER RESTART IN 1 MINUTE
﻿11:59:30 : RCon admin #0: (Global) AUTO SERVER RESTART IN 30 SECONDS! - LOG OUT NOW OR YOU MAY LOSE YOUR GEAR
﻿11:59:30 : RCon admin #0: (Global) AUTO SERVER RESTART IN 30 SECONDS! - LOG OUT NOW OR YOU MAY LOSE YOUR GEAR
﻿11:59:30 : RCon admin #0: (Global) AUTO SERVER RESTART IN 30 SECONDS! - LOG OUT NOW OR YOU MAY LOSE YOUR GEAR
﻿11:59:30 : RCon admin #0: (Global) AUTO SERVER RESTART IN 30 SECONDS! - LOG OUT NOW OR YOU MAY LOSE YOUR GEAR
﻿12:09:30 : RCon admin #0: (Global) AUTO SERVER RESTART IN 30 SECONDS! - LOG OUT NOW OR YOU MAY LOSE YOUR GEAR
﻿12:09:30 : RCon admin #0: (Global) AUTO SERVER RESTART IN 30 SECONDS! - LOG OUT NOW OR YOU MAY LOSE YOUR GEAR
﻿12:09:30 : RCon admin #0: (Global) AUTO SERVER RESTART IN 30 SECONDS! - LOG OUT NOW OR YOU MAY LOSE YOUR GEAR
﻿12:09:30 : RCon admin #0: (Global) AUTO SERVER RESTART IN 30 SECONDS! - LOG OUT NOW OR YOU MAY LOSE YOUR GEAR
﻿12:19:30 : RCon admin #0: (Global) AUTO SERVER RESTART IN 30 SECONDS! - LOG OUT NOW OR YOU MAY LOSE YOUR GEAR
﻿12:19:30 : RCon admin #0: (Global) AUTO SERVER RESTART IN 30 SECONDS! - LOG OUT NOW OR YOU MAY LOSE YOUR GEAR
﻿12:19:30 : RCon admin #0: (Global) AUTO SERVER RESTART IN 30 SECONDS! - LOG OUT NOW OR YOU MAY LOSE YOUR GEAR
﻿12:19:30 : RCon admin #0: (Global) AUTO SERVER RESTART IN 30 SECONDS! - LOG OUT NOW OR YOU MAY LOSE YOUR GEAR
﻿12:29:30 : RCon admin #0: (Global) AUTO SERVER RESTART IN 30 SECONDS! - LOG OUT NOW OR YOU MAY LOSE YOUR GEAR
﻿12:29:30 : RCon admin #0: (Global) AUTO SERVER RESTART IN 30 SECONDS! - LOG OUT NOW OR YOU MAY LOSE YOUR GEAR
﻿12:29:30 : RCon admin #0: (Global) AUTO SERVER RESTART IN 30 SECONDS! - LOG OUT NOW OR YOU MAY LOSE YOUR GEAR
﻿12:29:30 : RCon admin #0: (Global) AUTO SERVER RESTART IN 30 SECONDS! - LOG OUT NOW OR YOU MAY LOSE YOUR GEAR
﻿12:39:30 : RCon admin #0: (Global) AUTO SERVER RESTART IN 30 SECONDS! - LOG OUT NOW OR YOU MAY LOSE YOUR GEAR
﻿12:39:30 : RCon admin #0: (Global) AUTO SERVER RESTART IN 30 SECONDS! - LOG OUT NOW OR YOU MAY LOSE YOUR GEAR
﻿12:39:30 : RCon admin #0: (Global) AUTO SERVER RESTART IN 30 SECONDS! - LOG OUT NOW OR YOU MAY LOSE YOUR GEAR
﻿12:39:30 : RCon admin #0: (Global) AUTO SERVER RESTART IN 30 SECONDS! - LOG OUT NOW OR YOU MAY LOSE YOUR GEAR
﻿12:49:30 : RCon admin #0: (Global) AUTO SERVER RESTART IN 30 SECONDS! - LOG OUT NOW OR YOU MAY LOSE YOUR GEAR
﻿12:49:30 : RCon admin #0: (Global) AUTO SERVER RESTART IN 30 SECONDS! - LOG OUT NOW OR YOU MAY LOSE YOUR GEAR
﻿12:49:30 : RCon admin #0: (Global) AUTO SERVER RESTART IN 30 SECONDS! - LOG OUT NOW OR YOU MAY LOSE YOUR GEAR
﻿12:49:30 : RCon admin #0: (Global) AUTO SERVER RESTART IN 30 SECONDS! - LOG OUT NOW OR YOU MAY LOSE YOUR GEAR
﻿12:59:30 : RCon admin #0: (Global) AUTO SERVER RESTART IN 30 SECONDS! - LOG OUT NOW OR YOU MAY LOSE YOUR GEAR
﻿12:59:30 : RCon admin #0: (Global) AUTO SERVER RESTART IN 30 SECONDS! - LOG OUT NOW OR YOU MAY LOSE YOUR GEAR
﻿12:59:30 : RCon admin #0: (Global) AUTO SERVER RESTART IN 30 SECONDS! - LOG OUT NOW OR YOU MAY LOSE YOUR GEAR
﻿12:59:30 : RCon admin #0: (Global) AUTO SERVER RESTART IN 30 SECONDS! - LOG OUT NOW OR YOU MAY LOSE YOUR GEAR
﻿13:09:30 : RCon admin #0: (Global) AUTO SERVER RESTART IN 30 SECONDS! - LOG OUT NOW OR YOU MAY LOSE YOUR GEAR
﻿13:09:30 : RCon admin #0: (Global) AUTO SERVER RESTART IN 30 SECONDS! - LOG OUT NOW OR YOU MAY LOSE YOUR GEAR
﻿13:09:30 : RCon admin #0: (Global) AUTO SERVER RESTART IN 30 SECONDS! - LOG OUT NOW OR YOU MAY LOSE YOUR GEAR
﻿13:09:30 : RCon admin #0: (Global) AUTO SERVER RESTART IN 30 SECONDS! - LOG OUT NOW OR YOU MAY LOSE YOUR GEAR
﻿13:19:30 : RCon admin #0: (Global) AUTO SERVER RESTART IN 30 SECONDS! - LOG OUT NOW OR YOU MAY LOSE YOUR GEAR
﻿13:19:30 : RCon admin #0: (Global) AUTO SERVER RESTART IN 30 SECONDS! - LOG OUT NOW OR YOU MAY LOSE YOUR GEAR
﻿13:19:30 : RCon admin #0: (Global) AUTO SERVER RESTART IN 30 SECONDS! - LOG OUT NOW OR YOU MAY LOSE YOUR GEAR
﻿13:19:30 : RCon admin #0: (Global) AUTO SERVER RESTART IN 30 SECONDS! - LOG OUT NOW OR YOU MAY LOSE YOUR GEAR
﻿13:29:30 : RCon admin #0: (Global) AUTO SERVER RESTART IN 30 SECONDS! - LOG OUT NOW OR YOU MAY LOSE YOUR GEAR
﻿13:29:30 : RCon admin #0: (Global) AUTO SERVER RESTART IN 30 SECONDS! - LOG OUT NOW OR YOU MAY LOSE YOUR GEAR
﻿13:29:30 : RCon admin #0: (Global) AUTO SERVER RESTART IN 30 SECONDS! - LOG OUT NOW OR YOU MAY LOSE YOUR GEAR
﻿13:29:30 : RCon admin #0: (Global) AUTO SERVER RESTART IN 30 SECONDS! - LOG OUT NOW OR YOU MAY LOSE YOUR GEAR
﻿13:39:30 : RCon admin #0: (Global) AUTO SERVER RESTART IN 30 SECONDS! - LOG OUT NOW OR YOU MAY LOSE YOUR GEAR
﻿13:39:30 : RCon admin #0: (Global) AUTO SERVER RESTART IN 30 SECONDS! - LOG OUT NOW OR YOU MAY LOSE YOUR GEAR
﻿13:39:30 : RCon admin #0: (Global) AUTO SERVER RESTART IN 30 SECONDS! - LOG OUT NOW OR YOU MAY LOSE YOUR GEAR
﻿13:39:30 : RCon admin #0: (Global) AUTO SERVER RESTART IN 30 SECONDS! - LOG OUT NOW OR YOU MAY LOSE YOUR GEAR
﻿13:49:30 : RCon admin #0: (Global) AUTO SERVER RESTART IN 30 SECONDS! - LOG OUT NOW OR YOU MAY LOSE YOUR GEAR
﻿13:49:30 : RCon admin #0: (Global) AUTO SERVER RESTART IN 30 SECONDS! - LOG OUT NOW OR YOU MAY LOSE YOUR GEAR
﻿13:49:30 : RCon admin #0: (Global) AUTO SERVER RESTART IN 30 SECONDS! - LOG OUT NOW OR YOU MAY LOSE YOUR GEAR
﻿13:49:30 : RCon admin #0: (Global) AUTO SERVER RESTART IN 30 SECONDS! - LOG OUT NOW OR YOU MAY LOSE YOUR GEAR
﻿13:59:30 : RCon admin #0: (Global) AUTO SERVER RESTART IN 30 SECONDS! - LOG OUT NOW OR YOU MAY LOSE YOUR GEAR
﻿13:59:30 : RCon admin #0: (Global) AUTO SERVER RESTART IN 30 SECONDS! - LOG OUT NOW OR YOU MAY LOSE YOUR GEAR
﻿13:59:30 : RCon admin #0: (Global) AUTO SERVER RESTART IN 30 SECONDS! - LOG OUT NOW OR YOU MAY LOSE YOUR GEAR
﻿13:59:30 : RCon admin #0: (Global) AUTO SERVER RESTART IN 30 SECONDS! - LOG OUT NOW OR YOU MAY LOSE YOUR GEAR
﻿14:09:30 : RCon admin #0: (Global) AUTO SERVER RESTART IN 30 SECONDS! - LOG OUT NOW OR YOU MAY LOSE YOUR GEAR
﻿14:09:30 : RCon admin #0: (Global) AUTO SERVER RESTART IN 30 SECONDS! - LOG OUT NOW OR YOU MAY LOSE YOUR GEAR
﻿14:09:30 : RCon admin #0: (Global) AUTO SERVER RESTART IN 30 SECONDS! - LOG OUT NOW OR YOU MAY LOSE YOUR GEAR
﻿14:09:30 : RCon admin #0: (Global) AUTO SERVER RESTART IN 30 SECONDS! - LOG OUT NOW OR YOU MAY LOSE YOUR GEAR
﻿14:19:30 : RCon admin #0: (Global) AUTO SERVER RESTART IN 30 SECONDS! - LOG OUT NOW OR YOU MAY LOSE YOUR GEAR
﻿14:19:30 : RCon admin #0: (Global) AUTO SERVER RESTART IN 30 SECONDS! - LOG OUT NOW OR YOU MAY LOSE YOUR GEAR
﻿14:19:30 : RCon admin #0: (Global) AUTO SERVER RESTART IN 30 SECONDS! - LOG OUT NOW OR YOU MAY LOSE YOUR GEAR
﻿14:19:30 : RCon admin #0: (Global) AUTO SERVER RESTART IN 30 SECONDS! - LOG OUT NOW OR YOU MAY LOSE YOUR GEAR
﻿14:29:30 : RCon admin #0: (Global) AUTO SERVER RESTART IN 30 SECONDS! - LOG OUT NOW OR YOU MAY LOSE YOUR GEAR
﻿14:29:30 : RCon admin #0: (Global) AUTO SERVER RESTART IN 30 SECONDS! - LOG OUT NOW OR YOU MAY LOSE YOUR GEAR
﻿14:29:30 : RCon admin #0: (Global) AUTO SERVER RESTART IN 30 SECONDS! - LOG OUT NOW OR YOU MAY LOSE YOUR GEAR
﻿14:29:30 : RCon admin #0: (Global) AUTO SERVER RESTART IN 30 SECONDS! - LOG OUT NOW OR YOU MAY LOSE YOUR GEAR
﻿14:39:30 : RCon admin #0: (Global) AUTO SERVER RESTART IN 30 SECONDS! - LOG OUT NOW OR YOU MAY LOSE YOUR GEAR
﻿14:39:30 : RCon admin #0: (Global) AUTO SERVER RESTART IN 30 SECONDS! - LOG OUT NOW OR YOU MAY LOSE YOUR GEAR
﻿14:39:30 : RCon admin #0: (Global) AUTO SERVER RESTART IN 30 SECONDS! - LOG OUT NOW OR YOU MAY LOSE YOUR GEAR
﻿14:39:30 : RCon admin #0: (Global) AUTO SERVER RESTART IN 30 SECONDS! - LOG OUT NOW OR YOU MAY LOSE YOUR GEAR
﻿14:49:30 : RCon admin #0: (Global) AUTO SERVER RESTART IN 30 SECONDS! - LOG OUT NOW OR YOU MAY LOSE YOUR GEAR
﻿14:49:30 : RCon admin #0: (Global) AUTO SERVER RESTART IN 30 SECONDS! - LOG OUT NOW OR YOU MAY LOSE YOUR GEAR
﻿14:49:30 : RCon admin #0: (Global) AUTO SERVER RESTART IN 30 SECONDS! - LOG OUT NOW OR YOU MAY LOSE YOUR GEAR
﻿14:49:30 : RCon admin #0: (Global) AUTO SERVER RESTART IN 30 SECONDS! - LOG OUT NOW OR YOU MAY LOSE YOUR GEAR
﻿14:55:00 : RCon admin #0: (Global) AUTO SERVER RESTART IN 5 MINUTES
﻿14:57:00 : RCon admin #0: (Global) AUTO SERVER RESTART IN 3 MINUTES
﻿14:59:00 : RCon admin #0: (Global) AUTO SERVER RESTART IN 1 MINUTE
﻿14:59:30 : RCon admin #0: (Global) AUTO SERVER RESTART IN 30 SECONDS! - LOG OUT NOW OR YOU MAY LOSE YOUR GEAR
﻿14:59:30 : RCon admin #0: (Global) AUTO SERVER RESTART IN 30 SECONDS! - LOG OUT NOW OR YOU MAY LOSE YOUR GEAR
﻿14:59:30 : RCon admin #0: (Global) AUTO SERVER RESTART IN 30 SECONDS! - LOG OUT NOW OR YOU MAY LOSE YOUR GEAR
﻿14:59:30 : RCon admin #0: (Global) AUTO SERVER RESTART IN 30 SECONDS! - LOG OUT NOW OR YOU MAY LOSE YOUR GEAR
﻿14:59:30 : RCon admin #0: (Global) AUTO SERVER RESTART IN 30 SECONDS! - LOG OUT NOW OR YOU MAY LOSE YOUR GEAR
﻿15:09:30 : RCon admin #0: (Global) AUTO SERVER RESTART IN 30 SECONDS! - LOG OUT NOW OR YOU MAY LOSE YOUR GEAR
﻿15:09:30 : RCon admin #0: (Global) AUTO SERVER RESTART IN 30 SECONDS! - LOG OUT NOW OR YOU MAY LOSE YOUR GEAR
﻿15:09:30 : RCon admin #0: (Global) AUTO SERVER RESTART IN 30 SECONDS! - LOG OUT NOW OR YOU MAY LOSE YOUR GEAR
﻿15:09:30 : RCon admin #0: (Global) AUTO SERVER RESTART IN 30 SECONDS! - LOG OUT NOW OR YOU MAY LOSE YOUR GEAR
﻿15:09:30 : RCon admin #0: (Global) AUTO SERVER RESTART IN 30 SECONDS! - LOG OUT NOW OR YOU MAY LOSE YOUR GEAR
﻿15:19:30 : RCon admin #0: (Global) AUTO SERVER RESTART IN 30 SECONDS! - LOG OUT NOW OR YOU MAY LOSE YOUR GEAR
﻿15:19:30 : RCon admin #0: (Global) AUTO SERVER RESTART IN 30 SECONDS! - LOG OUT NOW OR YOU MAY LOSE YOUR GEAR
﻿15:19:30 : RCon admin #0: (Global) AUTO SERVER RESTART IN 30 SECONDS! - LOG OUT NOW OR YOU MAY LOSE YOUR GEAR
﻿15:19:30 : RCon admin #0: (Global) AUTO SERVER RESTART IN 30 SECONDS! - LOG OUT NOW OR YOU MAY LOSE YOUR GEAR
﻿15:19:30 : RCon admin #0: (Global) AUTO SERVER RESTART IN 30 SECONDS! - LOG OUT NOW OR YOU MAY LOSE YOUR GEAR
﻿15:29:30 : RCon admin #0: (Global) AUTO SERVER RESTART IN 30 SECONDS! - LOG OUT NOW OR YOU MAY LOSE YOUR GEAR
﻿15:29:30 : RCon admin #0: (Global) AUTO SERVER RESTART IN 30 SECONDS! - LOG OUT NOW OR YOU MAY LOSE YOUR GEAR
﻿15:29:30 : RCon admin #0: (Global) AUTO SERVER RESTART IN 30 SECONDS! - LOG OUT NOW OR YOU MAY LOSE YOUR GEAR
﻿15:29:30 : RCon admin #0: (Global) AUTO SERVER RESTART IN 30 SECONDS! - LOG OUT NOW OR YOU MAY LOSE YOUR GEAR
﻿15:29:30 : RCon admin #0: (Global) AUTO SERVER RESTART IN 30 SECONDS! - LOG OUT NOW OR YOU MAY LOSE YOUR GEAR
﻿15:39:30 : RCon admin #0: (Global) AUTO SERVER RESTART IN 30 SECONDS! - LOG OUT NOW OR YOU MAY LOSE YOUR GEAR
﻿15:39:30 : RCon admin #0: (Global) AUTO SERVER RESTART IN 30 SECONDS! - LOG OUT NOW OR YOU MAY LOSE YOUR GEAR
﻿15:39:30 : RCon admin #0: (Global) AUTO SERVER RESTART IN 30 SECONDS! - LOG OUT NOW OR YOU MAY LOSE YOUR GEAR
﻿15:39:30 : RCon admin #0: (Global) AUTO SERVER RESTART IN 30 SECONDS! - LOG OUT NOW OR YOU MAY LOSE YOUR GEAR
﻿15:39:30 : RCon admin #0: (Global) AUTO SERVER RESTART IN 30 SECONDS! - LOG OUT NOW OR YOU MAY LOSE YOUR GEAR
﻿15:49:30 : RCon admin #0: (Global) AUTO SERVER RESTART IN 30 SECONDS! - LOG OUT NOW OR YOU MAY LOSE YOUR GEAR
﻿15:49:30 : RCon admin #0: (Global) AUTO SERVER RESTART IN 30 SECONDS! - LOG OUT NOW OR YOU MAY LOSE YOUR GEAR
﻿15:49:30 : RCon admin #0: (Global) AUTO SERVER RESTART IN 30 SECONDS! - LOG OUT NOW OR YOU MAY LOSE YOUR GEAR
﻿15:49:30 : RCon admin #0: (Global) AUTO SERVER RESTART IN 30 SECONDS! - LOG OUT NOW OR YOU MAY LOSE YOUR GEAR
﻿15:49:30 : RCon admin #0: (Global) AUTO SERVER RESTART IN 30 SECONDS! - LOG OUT NOW OR YOU MAY LOSE YOUR GEAR
﻿15:59:30 : RCon admin #0: (Global) AUTO SERVER RESTART IN 30 SECONDS! - LOG OUT NOW OR YOU MAY LOSE YOUR GEAR
﻿15:59:30 : RCon admin #0: (Global) AUTO SERVER RESTART IN 30 SECONDS! - LOG OUT NOW OR YOU MAY LOSE YOUR GEAR
﻿15:59:30 : RCon admin #0: (Global) AUTO SERVER RESTART IN 30 SECONDS! - LOG OUT NOW OR YOU MAY LOSE YOUR GEAR
﻿15:59:30 : RCon admin #0: (Global) AUTO SERVER RESTART IN 30 SECONDS! - LOG OUT NOW OR YOU MAY LOSE YOUR GEAR
﻿15:59:30 : RCon admin #0: (Global) AUTO SERVER RESTART IN 30 SECONDS! - LOG OUT NOW OR YOU MAY LOSE YOUR GEAR
﻿16:09:30 : RCon admin #0: (Global) AUTO SERVER RESTART IN 30 SECONDS! - LOG OUT NOW OR YOU MAY LOSE YOUR GEAR
﻿16:09:30 : RCon admin #0: (Global) AUTO SERVER RESTART IN 30 SECONDS! - LOG OUT NOW OR YOU MAY LOSE YOUR GEAR
﻿16:09:30 : RCon admin #0: (Global) AUTO SERVER RESTART IN 30 SECONDS! - LOG OUT NOW OR YOU MAY LOSE YOUR GEAR
﻿16:09:30 : RCon admin #0: (Global) AUTO SERVER RESTART IN 30 SECONDS! - LOG OUT NOW OR YOU MAY LOSE YOUR GEAR
﻿16:09:30 : RCon admin #0: (Global) AUTO SERVER RESTART IN 30 SECONDS! - LOG OUT NOW OR YOU MAY LOSE YOUR GEAR
﻿16:19:30 : RCon admin #0: (Global) AUTO SERVER RESTART IN 30 SECONDS! - LOG OUT NOW OR YOU MAY LOSE YOUR GEAR
﻿16:19:30 : RCon admin #0: (Global) AUTO SERVER RESTART IN 30 SECONDS! - LOG OUT NOW OR YOU MAY LOSE YOUR GEAR
﻿16:19:30 : RCon admin #0: (Global) AUTO SERVER RESTART IN 30 SECONDS! - LOG OUT NOW OR YOU MAY LOSE YOUR GEAR
﻿16:19:30 : RCon admin #0: (Global) AUTO SERVER RESTART IN 30 SECONDS! - LOG OUT NOW OR YOU MAY LOSE YOUR GEAR
﻿16:19:30 : RCon admin #0: (Global) AUTO SERVER RESTART IN 30 SECONDS! - LOG OUT NOW OR YOU MAY LOSE YOUR GEAR
﻿16:29:30 : RCon admin #0: (Global) AUTO SERVER RESTART IN 30 SECONDS! - LOG OUT NOW OR YOU MAY LOSE YOUR GEAR
﻿16:29:30 : RCon admin #0: (Global) AUTO SERVER RESTART IN 30 SECONDS! - LOG OUT NOW OR YOU MAY LOSE YOUR GEAR
﻿16:29:30 : RCon admin #0: (Global) AUTO SERVER RESTART IN 30 SECONDS! - LOG OUT NOW OR YOU MAY LOSE YOUR GEAR
﻿16:29:30 : RCon admin #0: (Global) AUTO SERVER RESTART IN 30 SECONDS! - LOG OUT NOW OR YOU MAY LOSE YOUR GEAR
﻿16:29:30 : RCon admin #0: (Global) AUTO SERVER RESTART IN 30 SECONDS! - LOG OUT NOW OR YOU MAY LOSE YOUR GEAR
﻿16:39:30 : RCon admin #0: (Global) AUTO SERVER RESTART IN 30 SECONDS! - LOG OUT NOW OR YOU MAY LOSE YOUR GEAR
﻿16:39:30 : RCon admin #0: (Global) AUTO SERVER RESTART IN 30 SECONDS! - LOG OUT NOW OR YOU MAY LOSE YOUR GEAR
﻿16:39:30 : RCon admin #0: (Global) AUTO SERVER RESTART IN 30 SECONDS! - LOG OUT NOW OR YOU MAY LOSE YOUR GEAR
﻿16:39:30 : RCon admin #0: (Global) AUTO SERVER RESTART IN 30 SECONDS! - LOG OUT NOW OR YOU MAY LOSE YOUR GEAR
﻿16:39:30 : RCon admin #0: (Global) AUTO SERVER RESTART IN 30 SECONDS! - LOG OUT NOW OR YOU MAY LOSE YOUR GEAR
﻿16:49:30 : RCon admin #0: (Global) AUTO SERVER RESTART IN 30 SECONDS! - LOG OUT NOW OR YOU MAY LOSE YOUR GEAR
﻿16:49:30 : RCon admin #0: (Global) AUTO SERVER RESTART IN 30 SECONDS! - LOG OUT NOW OR YOU MAY LOSE YOUR GEAR
﻿16:49:30 : RCon admin #0: (Global) AUTO SERVER RESTART IN 30 SECONDS! - LOG OUT NOW OR YOU MAY LOSE YOUR GEAR
﻿16:49:30 : RCon admin #0: (Global) AUTO SERVER RESTART IN 30 SECONDS! - LOG OUT NOW OR YOU MAY LOSE YOUR GEAR
﻿16:49:30 : RCon admin #0: (Global) AUTO SERVER RESTART IN 30 SECONDS! - LOG OUT NOW OR YOU MAY LOSE YOUR GEAR
﻿16:59:30 : RCon admin #0: (Global) AUTO SERVER RESTART IN 30 SECONDS! - LOG OUT NOW OR YOU MAY LOSE YOUR GEAR
﻿16:59:30 : RCon admin #0: (Global) AUTO SERVER RESTART IN 30 SECONDS! - LOG OUT NOW OR YOU MAY LOSE YOUR GEAR
﻿16:59:30 : RCon admin #0: (Global) AUTO SERVER RESTART IN 30 SECONDS! - LOG OUT NOW OR YOU MAY LOSE YOUR GEAR
﻿16:59:30 : RCon admin #0: (Global) AUTO SERVER RESTART IN 30 SECONDS! - LOG OUT NOW OR YOU MAY LOSE YOUR GEAR
﻿16:59:30 : RCon admin #0: (Global) AUTO SERVER RESTART IN 30 SECONDS! - LOG OUT NOW OR YOU MAY LOSE YOUR GEAR
﻿17:09:30 : RCon admin #0: (Global) AUTO SERVER RESTART IN 30 SECONDS! - LOG OUT NOW OR YOU MAY LOSE YOUR GEAR
﻿17:09:30 : RCon admin #0: (Global) AUTO SERVER RESTART IN 30 SECONDS! - LOG OUT NOW OR YOU MAY LOSE YOUR GEAR
﻿17:09:30 : RCon admin #0: (Global) AUTO SERVER RESTART IN 30 SECONDS! - LOG OUT NOW OR YOU MAY LOSE YOUR GEAR
﻿17:09:30 : RCon admin #0: (Global) AUTO SERVER RESTART IN 30 SECONDS! - LOG OUT NOW OR YOU MAY LOSE YOUR GEAR
﻿17:09:30 : RCon admin #0: (Global) AUTO SERVER RESTART IN 30 SECONDS! - LOG OUT NOW OR YOU MAY LOSE YOUR GEAR
﻿17:19:30 : RCon admin #0: (Global) AUTO SERVER RESTART IN 30 SECONDS! - LOG OUT NOW OR YOU MAY LOSE YOUR GEAR
﻿17:19:30 : RCon admin #0: (Global) AUTO SERVER RESTART IN 30 SECONDS! - LOG OUT NOW OR YOU MAY LOSE YOUR GEAR
﻿17:19:30 : RCon admin #0: (Global) AUTO SERVER RESTART IN 30 SECONDS! - LOG OUT NOW OR YOU MAY LOSE YOUR GEAR
﻿17:19:30 : RCon admin #0: (Global) AUTO SERVER RESTART IN 30 SECONDS! - LOG OUT NOW OR YOU MAY LOSE YOUR GEAR
﻿17:19:30 : RCon admin #0: (Global) AUTO SERVER RESTART IN 30 SECONDS! - LOG OUT NOW OR YOU MAY LOSE YOUR GEAR
﻿17:29:30 : RCon admin #0: (Global) AUTO SERVER RESTART IN 30 SECONDS! - LOG OUT NOW OR YOU MAY LOSE YOUR GEAR
﻿17:29:30 : RCon admin #0: (Global) AUTO SERVER RESTART IN 30 SECONDS! - LOG OUT NOW OR YOU MAY LOSE YOUR GEAR
﻿17:29:30 : RCon admin #0: (Global) AUTO SERVER RESTART IN 30 SECONDS! - LOG OUT NOW OR YOU MAY LOSE YOUR GEAR
﻿17:29:30 : RCon admin #0: (Global) AUTO SERVER RESTART IN 30 SECONDS! - LOG OUT NOW OR YOU MAY LOSE YOUR GEAR
﻿17:29:30 : RCon admin #0: (Global) AUTO SERVER RESTART IN 30 SECONDS! - LOG OUT NOW OR YOU MAY LOSE YOUR GEAR
﻿17:39:30 : RCon admin #0: (Global) AUTO SERVER RESTART IN 30 SECONDS! - LOG OUT NOW OR YOU MAY LOSE YOUR GEAR
﻿17:39:30 : RCon admin #0: (Global) AUTO SERVER RESTART IN 30 SECONDS! - LOG OUT NOW OR YOU MAY LOSE YOUR GEAR
﻿17:39:30 : RCon admin #0: (Global) AUTO SERVER RESTART IN 30 SECONDS! - LOG OUT NOW OR YOU MAY LOSE YOUR GEAR
﻿17:39:30 : RCon admin #0: (Global) AUTO SERVER RESTART IN 30 SECONDS! - LOG OUT NOW OR YOU MAY LOSE YOUR GEAR
﻿17:39:30 : RCon admin #0: (Global) AUTO SERVER RESTART IN 30 SECONDS! - LOG OUT NOW OR YOU MAY LOSE YOUR GEAR
﻿17:49:30 : RCon admin #0: (Global) AUTO SERVER RESTART IN 30 SECONDS! - LOG OUT NOW OR YOU MAY LOSE YOUR GEAR
﻿17:49:30 : RCon admin #0: (Global) AUTO SERVER RESTART IN 30 SECONDS! - LOG OUT NOW OR YOU MAY LOSE YOUR GEAR
﻿17:49:30 : RCon admin #0: (Global) AUTO SERVER RESTART IN 30 SECONDS! - LOG OUT NOW OR YOU MAY LOSE YOUR GEAR
﻿17:49:30 : RCon admin #0: (Global) AUTO SERVER RESTART IN 30 SECONDS! - LOG OUT NOW OR YOU MAY LOSE YOUR GEAR
﻿17:49:30 : RCon admin #0: (Global) AUTO SERVER RESTART IN 30 SECONDS! - LOG OUT NOW OR YOU MAY LOSE YOUR GEAR
﻿17:55:00 : RCon admin #0: (Global) AUTO SERVER RESTART IN 5 MINUTES
﻿17:57:00 : RCon admin #0: (Global) AUTO SERVER RESTART IN 3 MINUTES
﻿17:59:00 : RCon admin #0: (Global) AUTO SERVER RESTART IN 1 MINUTE
﻿17:59:30 : RCon admin #0: (Global) AUTO SERVER RESTART IN 30 SECONDS! - LOG OUT NOW OR YOU MAY LOSE YOUR GEAR
﻿17:59:30 : RCon admin #0: (Global) AUTO SERVER RESTART IN 30 SECONDS! - LOG OUT NOW OR YOU MAY LOSE YOUR GEAR
﻿17:59:30 : RCon admin #0: (Global) AUTO SERVER RESTART IN 30 SECONDS! - LOG OUT NOW OR YOU MAY LOSE YOUR GEAR
﻿17:59:30 : RCon admin #0: (Global) AUTO SERVER RESTART IN 30 SECONDS! - LOG OUT NOW OR YOU MAY LOSE YOUR GEAR
﻿17:59:30 : RCon admin #0: (Global) AUTO SERVER RESTART IN 30 SECONDS! - LOG OUT NOW OR YOU MAY LOSE YOUR GEAR
﻿17:59:30 : RCon admin #0: (Global) AUTO SERVER RESTART IN 30 SECONDS! - LOG OUT NOW OR YOU MAY LOSE YOUR GEAR
﻿18:09:30 : RCon admin #0: (Global) AUTO SERVER RESTART IN 30 SECONDS! - LOG OUT NOW OR YOU MAY LOSE YOUR GEAR
﻿18:09:30 : RCon admin #0: (Global) AUTO SERVER RESTART IN 30 SECONDS! - LOG OUT NOW OR YOU MAY LOSE YOUR GEAR
﻿18:09:30 : RCon admin #0: (Global) AUTO SERVER RESTART IN 30 SECONDS! - LOG OUT NOW OR YOU MAY LOSE YOUR GEAR
﻿18:09:30 : RCon admin #0: (Global) AUTO SERVER RESTART IN 30 SECONDS! - LOG OUT NOW OR YOU MAY LOSE YOUR GEAR
﻿18:09:30 : RCon admin #0: (Global) AUTO SERVER RESTART IN 30 SECONDS! - LOG OUT NOW OR YOU MAY LOSE YOUR GEAR
﻿18:09:30 : RCon admin #0: (Global) AUTO SERVER RESTART IN 30 SECONDS! - LOG OUT NOW OR YOU MAY LOSE YOUR GEAR
﻿22:07:10 : Rcon client logging in
﻿22:07:10 : RCon admin #0 (127.0.0.1:49615) logged in
﻿22:09:08 : Rcon client logging in
﻿22:09:08 : RCon admin #0 (127.0.0.1:60151) logged in
﻿22:09:58 : Player #0 Airdale (67.9.176.108:2304) connected
﻿22:09:59 : Player #0 Airdale - GUID: 4569474b826a832e14ee2bd2d296a86a (unverified)
﻿22:10:00 : Verified GUID (4569474b826a832e14ee2bd2d296a86a) of player #0 Airdale
﻿22:10:00 : Player #0 Airdale - Legacy GUID: 49f010cacc8146d3e0909e8a1331beaa
﻿22:10:37 : Player #1 jesquik (66.31.45.174:2304) connected
﻿22:10:37 : Player #2 Devin (216.164.56.45:2304) connected
﻿22:10:37 : RCon admin #0: (To Airdale) BEC : You have about 60 seconds left to join the mission.
﻿22:10:38 : Player #2 Devin - GUID: 70d0226d5fe225de9b766952171301bb (unverified)
﻿22:10:38 : Player #1 jesquik - GUID: 3c96bf37ad015cb45df0628318a128d4 (unverified)
﻿22:10:38 : Verified GUID (70d0226d5fe225de9b766952171301bb) of player #2 Devin
﻿22:10:38 : Verified GUID (3c96bf37ad015cb45df0628318a128d4) of player #1 jesquik
﻿22:10:39 : Player #2 Devin - Legacy GUID: 493138e0bd15927af73605234a5a90a5
﻿22:10:39 : Player #1 jesquik - Legacy GUID: 6eb27d76b28885f2c56fe9c7469de086
﻿22:11:01 : RCon admin #0: (To Airdale) BEC : You have about 30 seconds left to join the mission.
﻿22:11:11 : RCon admin #0: (To jesquik) BEC : You have about 60 seconds left to join the mission.
﻿22:11:11 : RCon admin #0: (To Devin) BEC : You have about 60 seconds left to join the mission.
﻿22:40:03 : Lost Connection!
﻿22:40:03 : Closing socket & exiting!
﻿22:42:58 : Rcon client logging in
﻿22:42:58 : RCon admin #0 (127.0.0.1:62243) logged in
﻿22:45:57 : Player #0 Devin (216.164.56.45:2304) connected
﻿22:45:58 : Player #0 Devin - GUID: 70d0226d5fe225de9b766952171301bb (unverified)
﻿22:45:58 : Verified GUID (70d0226d5fe225de9b766952171301bb) of player #0 Devin
﻿22:45:58 : Player #0 Devin - Legacy GUID: 493138e0bd15927af73605234a5a90a5
﻿22:46:30 : RCon admin #0: (To Devin) BEC : You have about 60 seconds left to join the mission.
﻿22:46:58 : RCon admin #0: (To Devin) BEC : You have about 30 seconds left to join the mission.
﻿22:50:49 : Player #1 Airdale (67.9.176.108:2304) connected
﻿22:50:49 : Player #0 Devin disconnected
﻿22:50:50 : Player #1 Airdale - GUID: 4569474b826a832e14ee2bd2d296a86a (unverified)
﻿22:50:50 : Verified GUID (4569474b826a832e14ee2bd2d296a86a) of player #1 Airdale
﻿22:50:51 : Player #1 Airdale - Legacy GUID: 49f010cacc8146d3e0909e8a1331beaa
﻿22:54:25 : Rcon client logging in
﻿22:54:26 : RCon admin #0 (127.0.0.1:64604) logged in
﻿22:54:40 : Player #0 Airdale (67.9.176.108:2304) connected
﻿22:54:41 : Player #0 Airdale - GUID: 4569474b826a832e14ee2bd2d296a86a (unverified)
﻿22:54:41 : Verified GUID (4569474b826a832e14ee2bd2d296a86a) of player #0 Airdale
﻿22:54:41 : Player #0 Airdale - Legacy GUID: 49f010cacc8146d3e0909e8a1331beaa
﻿22:55:18 : RCon admin #0: (To Airdale) BEC : You have about 60 seconds left to join the mission.
﻿22:55:42 : RCon admin #0: (To Airdale) BEC : You have about 30 seconds left to join the mission.
﻿22:57:30 : Player #1 jesquik (66.31.45.174:2304) connected
﻿22:57:31 : Player #1 jesquik - GUID: 3c96bf37ad015cb45df0628318a128d4 (unverified)
﻿22:57:31 : Verified GUID (3c96bf37ad015cb45df0628318a128d4) of player #1 jesquik
﻿22:57:32 : Player #1 jesquik - Legacy GUID: 6eb27d76b28885f2c56fe9c7469de086
﻿22:58:04 : RCon admin #0: (To jesquik) BEC : You have about 60 seconds left to join the mission.
﻿23:00:28 : Lost Connection!
﻿23:00:28 : Closing socket & exiting!
﻿23:02:54 : Rcon client logging in
﻿23:02:54 : RCon admin #0 (127.0.0.1:51466) logged in
﻿23:03:00 : Player #1 Airdale (67.9.176.108:2304) connected
﻿23:03:01 : Player #1 Airdale - GUID: 4569474b826a832e14ee2bd2d296a86a (unverified)
﻿23:03:02 : Verified GUID (4569474b826a832e14ee2bd2d296a86a) of player #1 Airdale
﻿23:03:02 : Player #1 Airdale - Legacy GUID: 49f010cacc8146d3e0909e8a1331beaa
﻿23:03:42 : RCon admin #0: (To jesquik) BEC : You have about 60 seconds left to join the mission.
﻿23:03:42 : RCon admin #0: (To Airdale) BEC : You have about 60 seconds left to join the mission.
﻿23:03:57 : RCon admin #0: (To jesquik) BEC : You have about 30 seconds left to join the mission.
﻿23:04:02 : RCon admin #0: (To Airdale) BEC : You have about 30 seconds left to join the mission.
﻿23:04:11 : RCon admin #0: (To jesquik) BEC : You have about 15 seconds left to join the mission.
﻿23:04:19 : RCon admin #0: (To Airdale) BEC : You have about 15 seconds left to join the mission.
﻿23:13:32 : Player #1 Airdale disconnected
﻿23:26:48 : Rcon client logging in
﻿23:26:48 : RCon admin #0 (127.0.0.1:57467) logged in
﻿23:27:18 : Player #0 jesquik (66.31.45.174:2304) connected
﻿23:27:19 : Player #0 jesquik - GUID: 3c96bf37ad015cb45df0628318a128d4 (unverified)
﻿23:27:19 : Verified GUID (3c96bf37ad015cb45df0628318a128d4) of player #0 jesquik
﻿23:27:20 : Player #0 jesquik - Legacy GUID: 6eb27d76b28885f2c56fe9c7469de086
﻿23:28:00 : RCon admin #0: (To jesquik) BEC : You have about 60 seconds left to join the mission.
﻿23:28:20 : RCon admin #0: (To jesquik) BEC : You have about 30 seconds left to join the mission.
﻿23:28:36 : RCon admin #0: (To jesquik) BEC : You have about 15 seconds left to join the mission.
﻿23:46:12 : Lost Connection!
﻿23:46:12 : Closing socket & exiting!
