00:09:30 : RCon admin #0: (Global) AUTO SERVER RESTART IN 30 SECONDS! - LOG OUT NOW OR YOU MAY LOSE YOUR GEAR
﻿00:19:30 : RCon admin #0: (Global) AUTO SERVER RESTART IN 30 SECONDS! - LOG OUT NOW OR YOU MAY LOSE YOUR GEAR
﻿00:29:30 : RCon admin #0: (Global) AUTO SERVER RESTART IN 30 SECONDS! - LOG OUT NOW OR YOU MAY LOSE YOUR GEAR
﻿00:39:30 : RCon admin #0: (Global) AUTO SERVER RESTART IN 30 SECONDS! - LOG OUT NOW OR YOU MAY LOSE YOUR GEAR
﻿00:49:30 : RCon admin #0: (Global) AUTO SERVER RESTART IN 30 SECONDS! - LOG OUT NOW OR YOU MAY LOSE YOUR GEAR
﻿00:59:30 : RCon admin #0: (Global) AUTO SERVER RESTART IN 30 SECONDS! - LOG OUT NOW OR YOU MAY LOSE YOUR GEAR
﻿01:09:30 : RCon admin #0: (Global) AUTO SERVER RESTART IN 30 SECONDS! - LOG OUT NOW OR YOU MAY LOSE YOUR GEAR
﻿01:19:30 : RCon admin #0: (Global) AUTO SERVER RESTART IN 30 SECONDS! - LOG OUT NOW OR YOU MAY LOSE YOUR GEAR
﻿01:29:30 : RCon admin #0: (Global) AUTO SERVER RESTART IN 30 SECONDS! - LOG OUT NOW OR YOU MAY LOSE YOUR GEAR
﻿01:39:30 : RCon admin #0: (Global) AUTO SERVER RESTART IN 30 SECONDS! - LOG OUT NOW OR YOU MAY LOSE YOUR GEAR
﻿01:49:30 : RCon admin #0: (Global) AUTO SERVER RESTART IN 30 SECONDS! - LOG OUT NOW OR YOU MAY LOSE YOUR GEAR
﻿01:59:30 : RCon admin #0: (Global) AUTO SERVER RESTART IN 30 SECONDS! - LOG OUT NOW OR YOU MAY LOSE YOUR GEAR
﻿02:09:30 : RCon admin #0: (Global) AUTO SERVER RESTART IN 30 SECONDS! - LOG OUT NOW OR YOU MAY LOSE YOUR GEAR
﻿02:19:30 : RCon admin #0: (Global) AUTO SERVER RESTART IN 30 SECONDS! - LOG OUT NOW OR YOU MAY LOSE YOUR GEAR
﻿02:29:30 : RCon admin #0: (Global) AUTO SERVER RESTART IN 30 SECONDS! - LOG OUT NOW OR YOU MAY LOSE YOUR GEAR
﻿02:39:30 : RCon admin #0: (Global) AUTO SERVER RESTART IN 30 SECONDS! - LOG OUT NOW OR YOU MAY LOSE YOUR GEAR
﻿02:49:30 : RCon admin #0: (Global) AUTO SERVER RESTART IN 30 SECONDS! - LOG OUT NOW OR YOU MAY LOSE YOUR GEAR
﻿02:55:00 : RCon admin #0: (Global) AUTO SERVER RESTART IN 5 MINUTES
﻿02:57:00 : RCon admin #0: (Global) AUTO SERVER RESTART IN 3 MINUTES
﻿02:59:00 : RCon admin #0: (Global) AUTO SERVER RESTART IN 1 MINUTE
﻿02:59:30 : RCon admin #0: (Global) AUTO SERVER RESTART IN 30 SECONDS! - LOG OUT NOW OR YOU MAY LOSE YOUR GEAR
﻿03:09:30 : RCon admin #0: (Global) AUTO SERVER RESTART IN 30 SECONDS! - LOG OUT NOW OR YOU MAY LOSE YOUR GEAR
﻿03:19:30 : RCon admin #0: (Global) AUTO SERVER RESTART IN 30 SECONDS! - LOG OUT NOW OR YOU MAY LOSE YOUR GEAR
﻿03:29:30 : RCon admin #0: (Global) AUTO SERVER RESTART IN 30 SECONDS! - LOG OUT NOW OR YOU MAY LOSE YOUR GEAR
﻿03:39:30 : RCon admin #0: (Global) AUTO SERVER RESTART IN 30 SECONDS! - LOG OUT NOW OR YOU MAY LOSE YOUR GEAR
﻿03:49:30 : RCon admin #0: (Global) AUTO SERVER RESTART IN 30 SECONDS! - LOG OUT NOW OR YOU MAY LOSE YOUR GEAR
﻿03:59:30 : RCon admin #0: (Global) AUTO SERVER RESTART IN 30 SECONDS! - LOG OUT NOW OR YOU MAY LOSE YOUR GEAR
﻿04:09:30 : RCon admin #0: (Global) AUTO SERVER RESTART IN 30 SECONDS! - LOG OUT NOW OR YOU MAY LOSE YOUR GEAR
﻿04:13:45 : No Valid response. Trying to reconnect.!
﻿04:13:45 : Rcon client logging in
﻿04:13:45 : RCon admin #0 (127.0.0.1:51382) logged in
﻿04:19:30 : RCon admin #0: (Global) AUTO SERVER RESTART IN 30 SECONDS! - LOG OUT NOW OR YOU MAY LOSE YOUR GEAR
﻿04:29:30 : RCon admin #0: (Global) AUTO SERVER RESTART IN 30 SECONDS! - LOG OUT NOW OR YOU MAY LOSE YOUR GEAR
﻿04:39:30 : RCon admin #0: (Global) AUTO SERVER RESTART IN 30 SECONDS! - LOG OUT NOW OR YOU MAY LOSE YOUR GEAR
﻿04:49:30 : RCon admin #0: (Global) AUTO SERVER RESTART IN 30 SECONDS! - LOG OUT NOW OR YOU MAY LOSE YOUR GEAR
﻿04:59:30 : RCon admin #0: (Global) AUTO SERVER RESTART IN 30 SECONDS! - LOG OUT NOW OR YOU MAY LOSE YOUR GEAR
﻿05:09:30 : RCon admin #0: (Global) AUTO SERVER RESTART IN 30 SECONDS! - LOG OUT NOW OR YOU MAY LOSE YOUR GEAR
﻿05:19:30 : RCon admin #0: (Global) AUTO SERVER RESTART IN 30 SECONDS! - LOG OUT NOW OR YOU MAY LOSE YOUR GEAR
﻿05:29:30 : RCon admin #0: (Global) AUTO SERVER RESTART IN 30 SECONDS! - LOG OUT NOW OR YOU MAY LOSE YOUR GEAR
﻿05:39:30 : RCon admin #0: (Global) AUTO SERVER RESTART IN 30 SECONDS! - LOG OUT NOW OR YOU MAY LOSE YOUR GEAR
﻿05:49:30 : RCon admin #0: (Global) AUTO SERVER RESTART IN 30 SECONDS! - LOG OUT NOW OR YOU MAY LOSE YOUR GEAR
﻿05:55:00 : RCon admin #0: (Global) AUTO SERVER RESTART IN 5 MINUTES
﻿05:57:00 : RCon admin #0: (Global) AUTO SERVER RESTART IN 3 MINUTES
﻿05:59:00 : RCon admin #0: (Global) AUTO SERVER RESTART IN 1 MINUTE
﻿05:59:30 : RCon admin #0: (Global) AUTO SERVER RESTART IN 30 SECONDS! - LOG OUT NOW OR YOU MAY LOSE YOUR GEAR
﻿06:09:30 : RCon admin #0: (Global) AUTO SERVER RESTART IN 30 SECONDS! - LOG OUT NOW OR YOU MAY LOSE YOUR GEAR
﻿06:19:30 : RCon admin #0: (Global) AUTO SERVER RESTART IN 30 SECONDS! - LOG OUT NOW OR YOU MAY LOSE YOUR GEAR
﻿06:29:30 : RCon admin #0: (Global) AUTO SERVER RESTART IN 30 SECONDS! - LOG OUT NOW OR YOU MAY LOSE YOUR GEAR
﻿06:39:30 : RCon admin #0: (Global) AUTO SERVER RESTART IN 30 SECONDS! - LOG OUT NOW OR YOU MAY LOSE YOUR GEAR
﻿06:49:30 : RCon admin #0: (Global) AUTO SERVER RESTART IN 30 SECONDS! - LOG OUT NOW OR YOU MAY LOSE YOUR GEAR
﻿06:59:30 : RCon admin #0: (Global) AUTO SERVER RESTART IN 30 SECONDS! - LOG OUT NOW OR YOU MAY LOSE YOUR GEAR
﻿07:09:30 : RCon admin #0: (Global) AUTO SERVER RESTART IN 30 SECONDS! - LOG OUT NOW OR YOU MAY LOSE YOUR GEAR
﻿07:19:30 : RCon admin #0: (Global) AUTO SERVER RESTART IN 30 SECONDS! - LOG OUT NOW OR YOU MAY LOSE YOUR GEAR
﻿07:29:30 : RCon admin #0: (Global) AUTO SERVER RESTART IN 30 SECONDS! - LOG OUT NOW OR YOU MAY LOSE YOUR GEAR
﻿07:39:30 : RCon admin #0: (Global) AUTO SERVER RESTART IN 30 SECONDS! - LOG OUT NOW OR YOU MAY LOSE YOUR GEAR
﻿07:49:30 : RCon admin #0: (Global) AUTO SERVER RESTART IN 30 SECONDS! - LOG OUT NOW OR YOU MAY LOSE YOUR GEAR
﻿07:59:30 : RCon admin #0: (Global) AUTO SERVER RESTART IN 30 SECONDS! - LOG OUT NOW OR YOU MAY LOSE YOUR GEAR
﻿08:09:30 : RCon admin #0: (Global) AUTO SERVER RESTART IN 30 SECONDS! - LOG OUT NOW OR YOU MAY LOSE YOUR GEAR
﻿08:19:30 : RCon admin #0: (Global) AUTO SERVER RESTART IN 30 SECONDS! - LOG OUT NOW OR YOU MAY LOSE YOUR GEAR
﻿08:26:16 : Lost Connection!
﻿08:26:16 : Closing socket & exiting!
﻿17:36:48 : Rcon client logging in
﻿17:36:48 : RCon admin #0 (127.0.0.1:60662) logged in
﻿17:37:39 : Player #0 Devin (216.164.56.45:2304) connected
﻿17:37:40 : Player #0 Devin - GUID: 70d0226d5fe225de9b766952171301bb (unverified)
﻿17:37:40 : Verified GUID (70d0226d5fe225de9b766952171301bb) of player #0 Devin
﻿17:37:40 : Player #0 Devin - Legacy GUID: 493138e0bd15927af73605234a5a90a5
﻿17:37:57 : Player #0 Devin (70d0226d5fe225de9b766952171301bb) has been kicked by BattlEye: Game restart required
﻿17:39:52 : Player #0 Devin (216.164.56.45:2304) connected
﻿17:39:53 : Player #0 Devin - GUID: 70d0226d5fe225de9b766952171301bb (unverified)
﻿17:39:53 : Verified GUID (70d0226d5fe225de9b766952171301bb) of player #0 Devin
﻿17:39:53 : Player #0 Devin - Legacy GUID: 493138e0bd15927af73605234a5a90a5
﻿17:39:59 : Player #1 Devin (2) (216.164.56.45:2316) connected
﻿17:40:00 : Player #1 Devin (2) disconnected
﻿17:40:03 : Player #0 Devin disconnected
﻿17:40:15 : Player #0 Devin (216.164.56.45:2304) connected
﻿17:40:16 : Player #0 Devin - GUID: 70d0226d5fe225de9b766952171301bb (unverified)
﻿17:40:16 : Verified GUID (70d0226d5fe225de9b766952171301bb) of player #0 Devin
﻿17:40:17 : Player #0 Devin - Legacy GUID: 493138e0bd15927af73605234a5a90a5
﻿17:40:18 : Player #0 Devin disconnected
﻿17:40:22 : Player #0 Devin (216.164.56.45:2304) connected
﻿17:40:23 : Player #0 Devin - GUID: 70d0226d5fe225de9b766952171301bb (unverified)
﻿17:40:23 : Verified GUID (70d0226d5fe225de9b766952171301bb) of player #0 Devin
﻿17:40:24 : Player #0 Devin - Legacy GUID: 493138e0bd15927af73605234a5a90a5
﻿17:40:24 : Player #0 Devin disconnected
﻿17:41:02 : Player #0 Devin (216.164.56.45:2304) connected
﻿17:41:03 : Player #0 Devin - GUID: 70d0226d5fe225de9b766952171301bb (unverified)
﻿17:41:03 : Verified GUID (70d0226d5fe225de9b766952171301bb) of player #0 Devin
﻿17:41:04 : Player #0 Devin - Legacy GUID: 493138e0bd15927af73605234a5a90a5
﻿17:41:36 : RCon admin #0: (To Devin) BEC : You have about 60 seconds left to join the mission.
﻿17:42:11 : Player #0 Devin disconnected
﻿17:42:22 : Lost Connection!
﻿17:42:22 : Closing socket & exiting!
﻿17:44:01 : Rcon client logging in
﻿17:44:01 : RCon admin #0 (127.0.0.1:57916) logged in
﻿17:44:43 : Player #0 Devin (216.164.56.45:2304) connected
﻿17:44:44 : Player #0 Devin - GUID: 70d0226d5fe225de9b766952171301bb (unverified)
﻿17:44:44 : Verified GUID (70d0226d5fe225de9b766952171301bb) of player #0 Devin
﻿17:44:45 : Player #0 Devin - Legacy GUID: 493138e0bd15927af73605234a5a90a5
﻿17:48:21 : Player #0 Devin disconnected
﻿17:48:35 : Lost Connection!
﻿17:48:35 : Closing socket & exiting!
﻿17:49:07 : Rcon client logging in
﻿17:49:07 : RCon admin #0 (127.0.0.1:54449) logged in
﻿17:49:28 : Player #0 Devin (216.164.56.45:2304) connected
﻿17:49:29 : Player #0 Devin - GUID: 70d0226d5fe225de9b766952171301bb (unverified)
﻿17:49:29 : Verified GUID (70d0226d5fe225de9b766952171301bb) of player #0 Devin
﻿17:49:30 : Player #0 Devin - Legacy GUID: 493138e0bd15927af73605234a5a90a5
﻿17:50:03 : RCon admin #0: (To Devin) BEC : You have about 60 seconds left to join the mission.
﻿17:55:00 : RCon admin #0: (Global) AUTO SERVER RESTART IN 5 MINUTES
﻿17:57:00 : RCon admin #0: (Global) AUTO SERVER RESTART IN 3 MINUTES
﻿17:59:00 : RCon admin #0: (Global) AUTO SERVER RESTART IN 1 MINUTE
﻿17:59:30 : RCon admin #0: (Global) AUTO SERVER RESTART IN 30 SECONDS! - LOG OUT NOW OR YOU MAY LOSE YOUR GEAR
﻿18:07:02 : Player #0 Devin disconnected
﻿18:09:30 : RCon admin #0: (Global) AUTO SERVER RESTART IN 30 SECONDS! - LOG OUT NOW OR YOU MAY LOSE YOUR GEAR
﻿18:19:30 : RCon admin #0: (Global) AUTO SERVER RESTART IN 30 SECONDS! - LOG OUT NOW OR YOU MAY LOSE YOUR GEAR
﻿18:29:30 : RCon admin #0: (Global) AUTO SERVER RESTART IN 30 SECONDS! - LOG OUT NOW OR YOU MAY LOSE YOUR GEAR
﻿18:39:30 : RCon admin #0: (Global) AUTO SERVER RESTART IN 30 SECONDS! - LOG OUT NOW OR YOU MAY LOSE YOUR GEAR
﻿18:49:30 : RCon admin #0: (Global) AUTO SERVER RESTART IN 30 SECONDS! - LOG OUT NOW OR YOU MAY LOSE YOUR GEAR
﻿18:59:30 : RCon admin #0: (Global) AUTO SERVER RESTART IN 30 SECONDS! - LOG OUT NOW OR YOU MAY LOSE YOUR GEAR
﻿20:08:56 : Rcon client logging in
﻿20:08:56 : RCon admin #0 (127.0.0.1:52580) logged in
﻿20:10:14 : Player #0 Devin (216.164.56.45:2304) connected
﻿20:10:14 : Player #0 Devin - GUID: 70d0226d5fe225de9b766952171301bb (unverified)
﻿20:10:15 : Verified GUID (70d0226d5fe225de9b766952171301bb) of player #0 Devin
﻿20:10:15 : Player #0 Devin - Legacy GUID: 493138e0bd15927af73605234a5a90a5
﻿20:10:27 : Player #1 jesquik (66.31.44.105:2304) connected
﻿20:10:28 : Player #1 jesquik - GUID: 3c96bf37ad015cb45df0628318a128d4 (unverified)
﻿20:10:29 : Verified GUID (3c96bf37ad015cb45df0628318a128d4) of player #1 jesquik
﻿20:10:29 : Player #1 jesquik - Legacy GUID: 6eb27d76b28885f2c56fe9c7469de086
﻿20:11:02 : RCon admin #0: (To Devin) BEC : You have about 60 seconds left to join the mission.
﻿20:11:19 : Player #1 jesquik disconnected
﻿20:13:41 : Player #1 jesquik (66.31.44.105:2304) connected
﻿20:13:41 : Player #1 jesquik - GUID: 3c96bf37ad015cb45df0628318a128d4 (unverified)
﻿20:13:42 : Verified GUID (3c96bf37ad015cb45df0628318a128d4) of player #1 jesquik
﻿20:13:43 : Player #1 jesquik - Legacy GUID: 6eb27d76b28885f2c56fe9c7469de086
﻿20:16:13 : Player #1 jesquik - Legacy GUID: 6eb27d76b28885f2c56fe9c7469de086
﻿20:21:32 : Player #0 Devin disconnected
﻿20:25:30 : Lost Connection!
﻿20:25:30 : Closing socket & exiting!
﻿20:28:18 : Rcon client logging in
﻿20:28:18 : RCon admin #0 (127.0.0.1:65210) logged in
﻿20:33:00 : Player #0 jesquik (66.31.44.105:2304) connected
﻿20:33:00 : Player #0 jesquik - GUID: 3c96bf37ad015cb45df0628318a128d4 (unverified)
﻿20:33:01 : Verified GUID (3c96bf37ad015cb45df0628318a128d4) of player #0 jesquik
﻿20:33:01 : Player #0 jesquik - Legacy GUID: 6eb27d76b28885f2c56fe9c7469de086
﻿20:33:06 : Player #0 jesquik disconnected
﻿20:36:59 : Player #0 jesquik (66.31.44.105:2304) connected
﻿20:37:00 : Player #0 jesquik - GUID: 3c96bf37ad015cb45df0628318a128d4 (unverified)
﻿20:37:00 : Verified GUID (3c96bf37ad015cb45df0628318a128d4) of player #0 jesquik
﻿20:37:01 : Player #0 jesquik - Legacy GUID: 6eb27d76b28885f2c56fe9c7469de086
﻿20:37:33 : RCon admin #0: (To jesquik) BEC : You have about 60 seconds left to join the mission.
﻿20:38:01 : RCon admin #0: (To jesquik) BEC : You have about 30 seconds left to join the mission.
﻿20:55:00 : RCon admin #0: (Global) AUTO SERVER RESTART IN 5 MINUTES
﻿20:55:38 : Player #0 jesquik disconnected
﻿20:57:00 : RCon admin #0: (Global) AUTO SERVER RESTART IN 3 MINUTES
﻿20:59:00 : RCon admin #0: (Global) AUTO SERVER RESTART IN 1 MINUTE
﻿20:59:30 : RCon admin #0: (Global) AUTO SERVER RESTART IN 30 SECONDS! - LOG OUT NOW OR YOU MAY LOSE YOUR GEAR
﻿21:09:30 : RCon admin #0: (Global) AUTO SERVER RESTART IN 30 SECONDS! - LOG OUT NOW OR YOU MAY LOSE YOUR GEAR
﻿21:19:30 : RCon admin #0: (Global) AUTO SERVER RESTART IN 30 SECONDS! - LOG OUT NOW OR YOU MAY LOSE YOUR GEAR
﻿21:29:30 : RCon admin #0: (Global) AUTO SERVER RESTART IN 30 SECONDS! - LOG OUT NOW OR YOU MAY LOSE YOUR GEAR
﻿21:39:30 : RCon admin #0: (Global) AUTO SERVER RESTART IN 30 SECONDS! - LOG OUT NOW OR YOU MAY LOSE YOUR GEAR
﻿21:49:30 : RCon admin #0: (Global) AUTO SERVER RESTART IN 30 SECONDS! - LOG OUT NOW OR YOU MAY LOSE YOUR GEAR
﻿21:59:30 : RCon admin #0: (Global) AUTO SERVER RESTART IN 30 SECONDS! - LOG OUT NOW OR YOU MAY LOSE YOUR GEAR
﻿22:09:30 : RCon admin #0: (Global) AUTO SERVER RESTART IN 30 SECONDS! - LOG OUT NOW OR YOU MAY LOSE YOUR GEAR
﻿22:17:47 : Lost Connection!
﻿22:17:47 : Closing socket & exiting!
﻿22:46:43 : Rcon client logging in
﻿22:46:43 : RCon admin #0 (127.0.0.1:63332) logged in
﻿22:46:53 : Player #0 Devin (216.164.56.45:2304) connected
﻿22:46:53 : Player #0 Devin - GUID: 70d0226d5fe225de9b766952171301bb (unverified)
﻿22:46:54 : Verified GUID (70d0226d5fe225de9b766952171301bb) of player #0 Devin
﻿22:46:54 : Player #0 Devin - Legacy GUID: 493138e0bd15927af73605234a5a90a5
﻿22:47:27 : RCon admin #0: (To Devin) BEC : You have about 60 seconds left to join the mission.
﻿22:47:56 : RCon admin #0: (To Devin) BEC : You have about 30 seconds left to join the mission.
﻿23:18:53 : Lost Connection!
﻿23:18:53 : Closing socket & exiting!
