00:00:02 : Lost Connection!
﻿00:00:02 : Closing socket & exiting!
﻿00:00:33 : Rcon client logging in
﻿00:00:33 : RCon admin #0 (127.0.0.1:57108) logged in
﻿02:55:00 : RCon admin #0: (Global) AUTO SERVER RESTART IN 5 MINUTES
﻿02:57:00 : RCon admin #0: (Global) AUTO SERVER RESTART IN 3 MINUTES
﻿02:59:00 : RCon admin #0: (Global) AUTO SERVER RESTART IN 1 MINUTE
﻿02:59:30 : RCon admin #0: (Global) AUTO SERVER RESTART IN 30 SECONDS! - LOG OUT NOW OR YOU MAY LOSE YOUR GEAR
﻿03:00:02 : Lost Connection!
﻿03:00:02 : Closing socket & exiting!
﻿03:00:34 : Rcon client logging in
﻿03:00:34 : RCon admin #0 (127.0.0.1:60450) logged in
﻿04:26:50 : No Valid response. Trying to reconnect.!
﻿04:26:50 : Rcon client logging in
﻿04:26:50 : RCon admin #0 (127.0.0.1:60450) logged in
﻿05:55:00 : RCon admin #0: (Global) AUTO SERVER RESTART IN 5 MINUTES
﻿05:57:00 : RCon admin #0: (Global) AUTO SERVER RESTART IN 3 MINUTES
﻿05:59:00 : RCon admin #0: (Global) AUTO SERVER RESTART IN 1 MINUTE
﻿05:59:30 : RCon admin #0: (Global) AUTO SERVER RESTART IN 30 SECONDS! - LOG OUT NOW OR YOU MAY LOSE YOUR GEAR
﻿06:00:01 : Lost Connection!
﻿06:00:01 : Closing socket & exiting!
﻿06:00:33 : Rcon client logging in
﻿06:00:33 : RCon admin #0 (127.0.0.1:54080) logged in
﻿08:55:00 : RCon admin #0: (Global) AUTO SERVER RESTART IN 5 MINUTES
﻿08:57:00 : RCon admin #0: (Global) AUTO SERVER RESTART IN 3 MINUTES
﻿08:59:00 : RCon admin #0: (Global) AUTO SERVER RESTART IN 1 MINUTE
﻿08:59:30 : RCon admin #0: (Global) AUTO SERVER RESTART IN 30 SECONDS! - LOG OUT NOW OR YOU MAY LOSE YOUR GEAR
﻿09:00:02 : Lost Connection!
﻿09:00:02 : Closing socket & exiting!
﻿09:00:33 : Rcon client logging in
﻿09:00:33 : RCon admin #0 (127.0.0.1:64990) logged in
﻿09:25:58 : Rcon client logging in
﻿09:25:58 : RCon admin #0 (127.0.0.1:50812) logged in
﻿09:27:48 : Player #0 Devin (216.164.56.45:2304) connected
﻿09:27:49 : Player #0 Devin - GUID: 70d0226d5fe225de9b766952171301bb (unverified)
﻿09:27:49 : Verified GUID (70d0226d5fe225de9b766952171301bb) of player #0 Devin
﻿09:27:51 : Player #0 Devin - Legacy GUID: 493138e0bd15927af73605234a5a90a5
﻿09:28:32 : RCon admin #0: (To Devin) BEC : You have about 60 seconds left to join the mission.
﻿09:28:51 : RCon admin #0: (To Devin) BEC : You have about 30 seconds left to join the mission.
﻿09:29:08 : RCon admin #0: (To Devin) BEC : You have about 15 seconds left to join the mission.
﻿09:30:46 : Player #0 Devin disconnected
﻿11:08:27 : Lost Connection!
﻿11:08:27 : Closing socket & exiting!
﻿11:09:37 : Rcon client logging in
﻿11:09:37 : RCon admin #0 (127.0.0.1:55818) logged in
﻿11:18:18 : Player #0 Devin (216.164.56.45:2304) connected
﻿11:18:19 : Player #0 Devin - GUID: 70d0226d5fe225de9b766952171301bb (unverified)
﻿11:18:20 : Player #0 Devin - Legacy GUID: 493138e0bd15927af73605234a5a90a5
﻿11:18:20 : Verified GUID (70d0226d5fe225de9b766952171301bb) of player #0 Devin
﻿11:18:20 : Could not connect to BE Master
﻿11:18:20 : Update attempt failed
﻿11:19:01 : RCon admin #0: (To Devin) BEC : You have about 60 seconds left to join the mission.
﻿11:19:21 : RCon admin #0: (To Devin) BEC : You have about 30 seconds left to join the mission.
﻿11:20:16 : Could not connect to BE Master
﻿11:20:16 : Update attempt failed
﻿11:21:44 : Player #0 Devin disconnected
﻿11:36:48 : Rcon client logging in
﻿11:36:48 : RCon admin #0 (127.0.0.1:49992) logged in
﻿11:40:29 : Player #0 Devin (216.164.56.45:2304) connected
﻿11:40:30 : Player #0 Devin - GUID: 70d0226d5fe225de9b766952171301bb (unverified)
﻿11:40:30 : Verified GUID (70d0226d5fe225de9b766952171301bb) of player #0 Devin
﻿11:40:30 : Player #0 Devin - Legacy GUID: 493138e0bd15927af73605234a5a90a5
﻿11:40:30 : Could not connect to BE Master
﻿11:40:30 : Update attempt failed
﻿11:41:12 : RCon admin #0: (To Devin) BEC : You have about 60 seconds left to join the mission.
﻿11:41:32 : RCon admin #0: (To Devin) BEC : You have about 30 seconds left to join the mission.
﻿11:41:48 : RCon admin #0: (To Devin) BEC : You have about 15 seconds left to join the mission.
﻿11:42:03 : Player #0 Devin (70d0226d5fe225de9b766952171301bb) has been kicked by BattlEye: Admin Kick (BEC : Lobby idling to long)
﻿11:43:02 : Player #0 Devin (216.164.56.45:2304) connected
﻿11:43:03 : Player #0 Devin - GUID: 70d0226d5fe225de9b766952171301bb (unverified)
﻿11:43:03 : Verified GUID (70d0226d5fe225de9b766952171301bb) of player #0 Devin
﻿11:43:03 : Could not connect to BE Master
﻿11:43:03 : Update attempt failed
﻿11:43:03 : Player #0 Devin - Legacy GUID: 493138e0bd15927af73605234a5a90a5
﻿11:43:34 : RCon admin #0: (To Devin) BEC : You have about 60 seconds left to join the mission.
﻿11:44:16 : Player #0 Devin disconnected
﻿11:52:00 : Lost Connection!
﻿11:52:00 : Closing socket & exiting!
﻿11:57:49 : Rcon client logging in
﻿11:57:49 : RCon admin #0 (127.0.0.1:61698) logged in
﻿11:59:00 : RCon admin #0: (Global) AUTO SERVER RESTART IN 1 MINUTE
﻿11:59:05 : Player #0 Devin (216.164.56.45:2304) connected
﻿11:59:06 : Player #0 Devin - GUID: 70d0226d5fe225de9b766952171301bb (unverified)
﻿11:59:06 : Verified GUID (70d0226d5fe225de9b766952171301bb) of player #0 Devin
﻿11:59:06 : Player #0 Devin - Legacy GUID: 493138e0bd15927af73605234a5a90a5
﻿11:59:42 : RCon admin #0: (Global) AUTO SERVER RESTART IN 30 SECONDS! - LOG OUT NOW OR YOU MAY LOSE YOUR GEAR
﻿11:59:42 : RCon admin #0: (To Devin) BEC : You have about 60 seconds left to join the mission.
﻿12:00:01 : Lost Connection!
﻿12:00:01 : Closing socket & exiting!
﻿12:00:33 : Rcon client logging in
﻿12:00:33 : RCon admin #0 (127.0.0.1:61705) logged in
﻿12:01:08 : Player #0 Devin (216.164.56.45:2304) connected
﻿12:01:09 : Player #0 Devin - GUID: 70d0226d5fe225de9b766952171301bb (unverified)
﻿12:01:09 : Verified GUID (70d0226d5fe225de9b766952171301bb) of player #0 Devin
﻿12:01:09 : Player #0 Devin - Legacy GUID: 493138e0bd15927af73605234a5a90a5
﻿12:01:40 : RCon admin #0: (To Devin) BEC : You have about 60 seconds left to join the mission.
﻿12:02:14 : RCon admin #0: (To Devin) BEC : You have about 30 seconds left to join the mission.
﻿12:02:32 : RCon admin #0: (To Devin) BEC : You have about 15 seconds left to join the mission.
﻿12:10:42 : Player #0 Devin disconnected
﻿12:12:41 : Rcon client logging in
﻿12:12:41 : RCon admin #0 (127.0.0.1:63045) logged in
﻿12:13:26 : Player #0 Devin (216.164.56.45:2304) connected
﻿12:13:26 : Player #0 Devin - GUID: 70d0226d5fe225de9b766952171301bb (unverified)
﻿12:13:27 : Verified GUID (70d0226d5fe225de9b766952171301bb) of player #0 Devin
﻿12:13:27 : Player #0 Devin - Legacy GUID: 493138e0bd15927af73605234a5a90a5
﻿12:14:06 : RCon admin #0: (To Devin) BEC : You have about 60 seconds left to join the mission.
﻿12:14:54 : Player #0 Devin disconnected
﻿12:15:04 : Lost Connection!
﻿12:15:04 : Closing socket & exiting!
﻿12:28:49 : Rcon client logging in
﻿12:28:49 : RCon admin #0 (127.0.0.1:63167) logged in
﻿12:29:49 : Player #0 Devin (216.164.56.45:2304) connected
﻿12:29:50 : Player #0 Devin - GUID: 70d0226d5fe225de9b766952171301bb (unverified)
﻿12:29:51 : Verified GUID (70d0226d5fe225de9b766952171301bb) of player #0 Devin
﻿12:29:51 : Player #0 Devin - Legacy GUID: 493138e0bd15927af73605234a5a90a5
﻿12:30:24 : RCon admin #0: (To Devin) BEC : You have about 60 seconds left to join the mission.
﻿12:34:07 : Player #0 Devin disconnected
﻿12:34:34 : Lost Connection!
﻿12:34:34 : Closing socket & exiting!
﻿12:34:52 : Lost Connection!
﻿12:34:52 : Closing socket & exiting!
﻿12:38:34 : Rcon client logging in
﻿12:38:34 : RCon admin #0 (127.0.0.1:65448) logged in
﻿14:55:00 : RCon admin #0: (Global) AUTO SERVER RESTART IN 5 MINUTES
﻿14:57:00 : RCon admin #0: (Global) AUTO SERVER RESTART IN 3 MINUTES
﻿14:59:00 : RCon admin #0: (Global) AUTO SERVER RESTART IN 1 MINUTE
﻿14:59:30 : RCon admin #0: (Global) AUTO SERVER RESTART IN 30 SECONDS! - LOG OUT NOW OR YOU MAY LOSE YOUR GEAR
﻿15:00:01 : Lost Connection!
﻿15:00:01 : Closing socket & exiting!
﻿15:00:33 : Rcon client logging in
﻿15:00:33 : RCon admin #0 (127.0.0.1:54047) logged in
﻿17:55:00 : RCon admin #0: (Global) AUTO SERVER RESTART IN 5 MINUTES
﻿17:57:00 : RCon admin #0: (Global) AUTO SERVER RESTART IN 3 MINUTES
﻿17:59:00 : RCon admin #0: (Global) AUTO SERVER RESTART IN 1 MINUTE
﻿17:59:30 : RCon admin #0: (Global) AUTO SERVER RESTART IN 30 SECONDS! - LOG OUT NOW OR YOU MAY LOSE YOUR GEAR
﻿18:00:02 : Lost Connection!
﻿18:00:02 : Closing socket & exiting!
﻿18:00:33 : Rcon client logging in
﻿18:00:33 : RCon admin #0 (127.0.0.1:61460) logged in
﻿19:36:44 : Player #0 Ben (82.45.36.210:2304) connected
﻿19:36:47 : Player #0 Ben disconnected
﻿20:55:00 : RCon admin #0: (Global) AUTO SERVER RESTART IN 5 MINUTES
﻿20:57:00 : RCon admin #0: (Global) AUTO SERVER RESTART IN 3 MINUTES
﻿20:59:00 : RCon admin #0: (Global) AUTO SERVER RESTART IN 1 MINUTE
﻿20:59:30 : RCon admin #0: (Global) AUTO SERVER RESTART IN 30 SECONDS! - LOG OUT NOW OR YOU MAY LOSE YOUR GEAR
﻿21:00:00 : Lost Connection!
﻿21:00:00 : Closing socket & exiting!
﻿21:00:33 : Rcon client logging in
﻿21:00:33 : RCon admin #0 (127.0.0.1:53697) logged in
﻿23:55:00 : RCon admin #0: (Global) AUTO SERVER RESTART IN 5 MINUTES
﻿23:57:00 : RCon admin #0: (Global) AUTO SERVER RESTART IN 3 MINUTES
﻿23:59:00 : RCon admin #0: (Global) AUTO SERVER RESTART IN 1 MINUTE
﻿23:59:30 : RCon admin #0: (Global) AUTO SERVER RESTART IN 30 SECONDS! - LOG OUT NOW OR YOU MAY LOSE YOUR GEAR
