00:00:04 : Player #1 Roy disconnected
﻿00:00:43 : Rcon client logging in
﻿00:00:43 : RCon admin #0 (127.0.0.1:65163) logged in
﻿00:08:43 : Player #0 Roy (173.20.136.194:2304) connected
﻿00:08:45 : Player #0 Roy - GUID: e636fc521a6cb8ed7e00d2750429c22c (unverified)
﻿00:08:45 : Verified GUID (e636fc521a6cb8ed7e00d2750429c22c) of player #0 Roy
﻿00:08:47 : Player #0 Roy - Legacy GUID: dce9f0f5de1cd350335982934e42d0a2
﻿01:55:29 : Player #0 Roy disconnected
﻿02:35:32 : Player #0 JIgnatius (49.145.81.230:18959) connected
﻿02:35:41 : Player #0 JIgnatius - GUID: 7d94d2ad11c9e100d165ecb7338f6641 (unverified)
﻿02:35:41 : Verified GUID (7d94d2ad11c9e100d165ecb7338f6641) of player #0 JIgnatius
﻿02:35:42 : Player #0 JIgnatius - Legacy GUID: 0caad0393f0de84927b41e7970cb03a7
﻿02:40:43 : Player #0 JIgnatius (7d94d2ad11c9e100d165ecb7338f6641) has been kicked by BattlEye: Ping too high (437)
﻿02:55:00 : RCon admin #0: (Global) AUTO SERVER RESTART IN 5 MINUTES
﻿02:57:00 : RCon admin #0: (Global) AUTO SERVER RESTART IN 3 MINUTES
﻿02:59:00 : RCon admin #0: (Global) AUTO SERVER RESTART IN 1 MINUTE
﻿02:59:30 : RCon admin #0: (Global) AUTO SERVER RESTART IN 30 SECONDS! - LOG OUT NOW OR YOU MAY LOSE YOUR GEAR
﻿03:00:44 : Rcon client logging in
﻿03:00:44 : RCon admin #0 (127.0.0.1:49953) logged in
﻿05:55:00 : RCon admin #0: (Global) AUTO SERVER RESTART IN 5 MINUTES
﻿05:57:00 : RCon admin #0: (Global) AUTO SERVER RESTART IN 3 MINUTES
﻿05:59:00 : RCon admin #0: (Global) AUTO SERVER RESTART IN 1 MINUTE
﻿05:59:30 : RCon admin #0: (Global) AUTO SERVER RESTART IN 30 SECONDS! - LOG OUT NOW OR YOU MAY LOSE YOUR GEAR
﻿06:00:45 : Rcon client logging in
﻿06:00:45 : RCon admin #0 (127.0.0.1:58472) logged in
﻿07:25:44 : Player #0 Johny (188.23.170.243:51514) connected
﻿07:25:45 : Player #0 Johny - GUID: 19fe010bb9117445f91721b1571abd27 (unverified)
﻿07:25:45 : Verified GUID (19fe010bb9117445f91721b1571abd27) of player #0 Johny
﻿07:25:45 : Player #0 Johny - Legacy GUID: da799e78aa6b04a944355cff4d87f246
﻿07:27:56 : Player #0 Johny disconnected
﻿07:29:26 : Player #0 Johny (188.23.170.243:51514) connected
﻿07:29:27 : Player #0 Johny - GUID: 19fe010bb9117445f91721b1571abd27 (unverified)
﻿07:29:28 : Verified GUID (19fe010bb9117445f91721b1571abd27) of player #0 Johny
﻿07:29:29 : Player #0 Johny - Legacy GUID: da799e78aa6b04a944355cff4d87f246
﻿08:55:00 : RCon admin #0: (Global) AUTO SERVER RESTART IN 5 MINUTES
﻿08:57:00 : RCon admin #0: (Global) AUTO SERVER RESTART IN 3 MINUTES
﻿08:58:12 : Player #0 Johny disconnected
﻿08:59:00 : RCon admin #0: (Global) AUTO SERVER RESTART IN 1 MINUTE
﻿08:59:30 : RCon admin #0: (Global) AUTO SERVER RESTART IN 30 SECONDS! - LOG OUT NOW OR YOU MAY LOSE YOUR GEAR
﻿09:00:43 : Rcon client logging in
﻿09:00:43 : RCon admin #0 (127.0.0.1:65489) logged in
﻿10:20:07 : Player #0 Johny (188.23.170.243:60991) connected
﻿10:20:09 : Player #0 Johny - Legacy GUID: da799e78aa6b04a944355cff4d87f246
﻿10:20:09 : Player #0 Johny - GUID: 19fe010bb9117445f91721b1571abd27 (unverified)
﻿10:20:09 : Verified GUID (19fe010bb9117445f91721b1571abd27) of player #0 Johny
﻿11:55:00 : RCon admin #0: (Global) AUTO SERVER RESTART IN 5 MINUTES
﻿11:57:00 : RCon admin #0: (Global) AUTO SERVER RESTART IN 3 MINUTES
﻿11:58:36 : RCon admin #1 (66.31.45.174:61845) logged in
﻿11:59:00 : RCon admin #0: (Global) AUTO SERVER RESTART IN 1 MINUTE
﻿11:59:08 : Player #0 Johny disconnected
﻿11:59:30 : RCon admin #0: (Global) AUTO SERVER RESTART IN 30 SECONDS! - LOG OUT NOW OR YOU MAY LOSE YOUR GEAR
﻿13:47:43 : Rcon client logging in
﻿13:47:43 : RCon admin #0 (127.0.0.1:53549) logged in
﻿13:48:14 : Player #0 Devin (216.164.56.45:2304) connected
﻿13:48:15 : Player #0 Devin - GUID: 70d0226d5fe225de9b766952171301bb (unverified)
﻿13:48:15 : Player #0 Devin - Legacy GUID: 493138e0bd15927af73605234a5a90a5
﻿13:48:15 : Verified GUID (70d0226d5fe225de9b766952171301bb) of player #0 Devin
﻿13:50:13 : Player #1 NcA (66.31.45.174:2304) connected
﻿13:50:14 : Player #1 NcA - GUID: 004e52e117c4353b9126ff8cae92894b (unverified)
﻿13:50:14 : Verified GUID (004e52e117c4353b9126ff8cae92894b) of player #1 NcA
﻿13:50:15 : Player #1 NcA - Legacy GUID: 0b47253664861c70f6399123e9106d52
﻿13:50:17 : RCon admin #0: (To Devin) BEC : You have about 60 seconds left to join the mission.
﻿13:50:48 : RCon admin #0: (To Devin) BEC : You have about 30 seconds left to join the mission.
﻿13:53:26 : Player #1 NcA disconnected
﻿13:53:50 : Player #0 Devin disconnected
﻿14:15:59 : Player #0 Norris (75.111.32.95:2304) connected
﻿14:16:00 : Player #0 Norris - GUID: 4e2c4105bb26d8ab4119c809da1af09d (unverified)
﻿14:16:02 : Verified GUID (4e2c4105bb26d8ab4119c809da1af09d) of player #0 Norris
﻿14:16:02 : Player #0 Norris - Legacy GUID: c699d88a6adf74f6c773b1cef1928e78
﻿14:16:08 : Player #0 Norris disconnected
﻿14:18:09 : Player #0 Norris (75.111.32.95:2304) connected
﻿14:18:10 : Player #0 Norris - GUID: 4e2c4105bb26d8ab4119c809da1af09d (unverified)
﻿14:18:11 : Verified GUID (4e2c4105bb26d8ab4119c809da1af09d) of player #0 Norris
﻿14:18:12 : Player #0 Norris - Legacy GUID: c699d88a6adf74f6c773b1cef1928e78
﻿14:28:37 : Player #1 neB (82.45.36.210:2304) connected
﻿14:28:39 : Player #1 neB - GUID: 5bf4327b174f63c3fcce14efa48d0d3c (unverified)
﻿14:28:39 : Verified GUID (5bf4327b174f63c3fcce14efa48d0d3c) of player #1 neB
﻿14:28:39 : Player #1 neB - Legacy GUID: eb87f77c8855c9cd5434b81ead3bfdf6
﻿14:35:48 : Player #2 Johny (188.23.169.175:55299) connected
﻿14:35:48 : Player #2 Johny - GUID: 19fe010bb9117445f91721b1571abd27 (unverified)
﻿14:35:49 : Verified GUID (19fe010bb9117445f91721b1571abd27) of player #2 Johny
﻿14:35:50 : Player #2 Johny - Legacy GUID: da799e78aa6b04a944355cff4d87f246
﻿14:37:02 : Player #1 neB disconnected
﻿14:37:27 : Player #2 Johny disconnected
﻿14:40:10 : Player #1 NewYork (176.97.9.2:2304) connected
﻿14:40:11 : Player #1 NewYork - GUID: dbb3f0296111464f18978ea9e3d2cded (unverified)
﻿14:40:12 : Verified GUID (dbb3f0296111464f18978ea9e3d2cded) of player #1 NewYork
﻿14:40:12 : Player #1 NewYork - Legacy GUID: 6ce9f031b13c670ce3247dbfa1bb9f72
﻿14:41:02 : Player #2 Jake (74.70.160.43:2304) connected
﻿14:41:03 : Player #2 Jake - GUID: dda1253bec18eeb61023ece3d6ab10b0 (unverified)
﻿14:41:03 : Verified GUID (dda1253bec18eeb61023ece3d6ab10b0) of player #2 Jake
﻿14:41:04 : Player #2 Jake disconnected
﻿14:42:12 : RCon admin #0: (To NewYork) BEC : You have about 60 seconds left to join the mission.
﻿14:55:00 : RCon admin #0: (Global) AUTO SERVER RESTART IN 5 MINUTES
﻿14:56:49 : Player #1 NewYork disconnected
﻿14:57:00 : RCon admin #0: (Global) AUTO SERVER RESTART IN 3 MINUTES
﻿14:58:20 : Player #1 alex (107.10.187.16:2304) connected
﻿14:58:21 : Player #1 alex - GUID: 0e3448e99b86248bb60cbb0cbe77204a (unverified)
﻿14:58:21 : Verified GUID (0e3448e99b86248bb60cbb0cbe77204a) of player #1 alex
﻿14:58:22 : Player #1 alex - Legacy GUID: 1dd7e4d316fdec03584310b958a2e7e4
﻿14:58:24 : Player #1 alex disconnected
﻿14:59:00 : RCon admin #0: (Global) AUTO SERVER RESTART IN 1 MINUTE
﻿14:59:30 : RCon admin #0: (Global) AUTO SERVER RESTART IN 30 SECONDS! - LOG OUT NOW OR YOU MAY LOSE YOUR GEAR
﻿15:01:49 : Rcon client logging in
﻿15:01:49 : RCon admin #0 (127.0.0.1:61073) logged in
﻿15:06:53 : Player #0 Norris (75.111.32.95:2304) connected
﻿15:06:54 : Player #0 Norris - GUID: 4e2c4105bb26d8ab4119c809da1af09d (unverified)
﻿15:06:55 : Verified GUID (4e2c4105bb26d8ab4119c809da1af09d) of player #0 Norris
﻿15:06:55 : Player #0 Norris - Legacy GUID: c699d88a6adf74f6c773b1cef1928e78
﻿15:07:34 : Player #1 Burt (99.182.29.30:2304) connected
﻿15:07:36 : Player #1 Burt - GUID: 3090e2f99b0a349dc1e8d8182ad080da (unverified)
﻿15:07:36 : Verified GUID (3090e2f99b0a349dc1e8d8182ad080da) of player #1 Burt
﻿15:07:37 : Player #1 Burt - Legacy GUID: 8f5d0c3458d5717c2434e316e9efc8f7
﻿15:08:17 : Player #1 Burt disconnected
﻿15:08:59 : RCon admin #0: (To Norris) BEC : You have about 60 seconds left to join the mission.
﻿15:10:30 : Player #1 Burt (99.182.29.30:2304) connected
﻿15:10:30 : Player #1 Burt - GUID: 3090e2f99b0a349dc1e8d8182ad080da (unverified)
﻿15:10:31 : Verified GUID (3090e2f99b0a349dc1e8d8182ad080da) of player #1 Burt
﻿15:10:32 : Player #1 Burt - Legacy GUID: 8f5d0c3458d5717c2434e316e9efc8f7
﻿15:12:32 : RCon admin #0: (To Burt) BEC : You have about 60 seconds left to join the mission.
﻿15:31:27 : RCon admin #0: (To Burt) BEC : You have about 60 seconds left to join the mission.
﻿15:31:58 : RCon admin #0: (To Burt) BEC : You have about 30 seconds left to join the mission.
﻿15:32:13 : RCon admin #0: (To Burt) BEC : You have about 15 seconds left to join the mission.
﻿15:32:30 : Player #1 Burt (3090e2f99b0a349dc1e8d8182ad080da) has been kicked by BattlEye: Admin Kick (BEC : Lobby idling to long)
﻿15:56:44 : RCon admin #1 (66.31.45.174:63111) logged in
﻿15:58:15 : RCon admin #1: (Global) Hello Mr. Norris
﻿16:01:16 : Player #1 Burt (99.182.29.30:2304) connected
﻿16:01:17 : Player #1 Burt - GUID: 3090e2f99b0a349dc1e8d8182ad080da (unverified)
﻿16:01:18 : Verified GUID (3090e2f99b0a349dc1e8d8182ad080da) of player #1 Burt
﻿16:01:19 : Player #1 Burt - Legacy GUID: 8f5d0c3458d5717c2434e316e9efc8f7
﻿16:07:15 : RCon admin #0: (To Burt) BEC : You have about 60 seconds left to join the mission.
﻿16:07:46 : RCon admin #0: (To Burt) BEC : You have about 30 seconds left to join the mission.
﻿16:08:01 : RCon admin #0: (To Burt) BEC : You have about 15 seconds left to join the mission.
﻿16:15:54 : Player #2 neB (82.45.36.210:2304) connected
﻿16:15:55 : Player #2 neB - GUID: 5bf4327b174f63c3fcce14efa48d0d3c (unverified)
﻿16:15:55 : Verified GUID (5bf4327b174f63c3fcce14efa48d0d3c) of player #2 neB
﻿16:15:56 : Player #2 neB - Legacy GUID: eb87f77c8855c9cd5434b81ead3bfdf6
﻿16:16:42 : RCon admin #1: (To neB) oi neB, I see you!
﻿16:17:31 : RCon admin #1: (To neB) nope, just being admin-y
﻿16:54:25 : RCon admin #0: (To Burt) BEC : You have about 60 seconds left to join the mission.
﻿16:54:56 : RCon admin #0: (To Burt) BEC : You have about 30 seconds left to join the mission.
﻿16:55:10 : RCon admin #0: (To Burt) BEC : You have about 15 seconds left to join the mission.
﻿16:55:27 : Player #1 Burt (3090e2f99b0a349dc1e8d8182ad080da) has been kicked by BattlEye: Admin Kick (BEC : Lobby idling to long)
﻿17:10:42 : RCon admin #1: (To neB) we should play insurgency
﻿17:24:15 : Player #1 peter (93.34.66.241:60689) connected
﻿17:24:20 : Player #1 peter disconnected
﻿17:24:30 : Player #2 neB disconnected
﻿17:26:12 : Player #1 peter (93.34.66.241:60689) connected
﻿17:26:33 : Player #1 peter disconnected
﻿17:30:43 : Player #1 peter (93.34.66.241:60533) connected
﻿17:30:49 : Player #1 peter disconnected
﻿17:49:58 : Could not connect to BE Master
﻿17:49:58 : Update attempt failed
﻿17:52:14 : Could not connect to BE Master
﻿17:52:14 : Update attempt failed
﻿17:54:30 : Could not connect to BE Master
﻿17:54:30 : Update attempt failed
﻿17:54:52 : Player #0 Norris disconnected
﻿17:55:00 : RCon admin #0: (Global) AUTO SERVER RESTART IN 5 MINUTES
﻿17:57:00 : RCon admin #0: (Global) AUTO SERVER RESTART IN 3 MINUTES
﻿17:59:00 : RCon admin #0: (Global) AUTO SERVER RESTART IN 1 MINUTE
﻿17:59:30 : RCon admin #0: (Global) AUTO SERVER RESTART IN 30 SECONDS! - LOG OUT NOW OR YOU MAY LOSE YOUR GEAR
﻿18:01:39 : Rcon client logging in
﻿18:01:39 : RCon admin #0 (127.0.0.1:61867) logged in
﻿18:01:45 : Player #0 Mist (122.106.162.172:2304) connected
﻿18:01:46 : Player #0 Mist - GUID: d43966d0a56434cc4e46dcbd390ce9dd (unverified)
﻿18:01:46 : Player #0 Mist - Legacy GUID: 120f1d0d1e0c3868438416a1512268b7
﻿18:01:46 : Verified GUID (d43966d0a56434cc4e46dcbd390ce9dd) of player #0 Mist
﻿18:02:06 : Could not connect to BE Master
﻿18:02:06 : Update attempt failed
﻿18:04:01 : Player #0 Mist disconnected
﻿18:04:22 : Could not connect to BE Master
﻿18:04:22 : Update attempt failed
﻿18:05:30 : Player #0 Noodlehax (60.242.154.121:2304) connected
﻿18:05:32 : Player #0 Noodlehax - GUID: 1b58aaf79339b864cacd93c0d565e46c (unverified)
﻿18:05:32 : Verified GUID (1b58aaf79339b864cacd93c0d565e46c) of player #0 Noodlehax
﻿18:05:32 : Player #0 Noodlehax - Legacy GUID: 7498d2df99c4cc9ab84f52fb07c0a8dd
﻿18:05:48 : Player #0 Noodlehax disconnected
﻿18:05:52 : Player #0 Noodlehax (60.242.154.121:2304) connected
﻿18:05:53 : Player #0 Noodlehax - GUID: 1b58aaf79339b864cacd93c0d565e46c (unverified)
﻿18:05:53 : Verified GUID (1b58aaf79339b864cacd93c0d565e46c) of player #0 Noodlehax
﻿18:05:54 : Player #0 Noodlehax - Legacy GUID: 7498d2df99c4cc9ab84f52fb07c0a8dd
﻿18:06:38 : Could not connect to BE Master
﻿18:06:38 : Update attempt failed
﻿18:08:54 : Could not connect to BE Master
﻿18:08:54 : Update attempt failed
﻿18:09:51 : Player #0 Noodlehax disconnected
﻿18:39:35 : Player #0 jesquik (66.31.45.174:2304) connected
﻿18:39:36 : Player #0 jesquik - GUID: 3c96bf37ad015cb45df0628318a128d4 (unverified)
﻿18:39:36 : Verified GUID (3c96bf37ad015cb45df0628318a128d4) of player #0 jesquik
﻿18:39:37 : Player #0 jesquik - Legacy GUID: 6eb27d76b28885f2c56fe9c7469de086
﻿18:39:44 : Player #0 jesquik disconnected
﻿18:39:56 : Could not connect to BE Master
﻿18:39:56 : Update attempt failed
﻿19:25:50 : Player #0 Norris (75.111.32.95:2304) connected
﻿19:25:51 : Player #0 Norris - GUID: 4e2c4105bb26d8ab4119c809da1af09d (unverified)
﻿19:25:52 : Verified GUID (4e2c4105bb26d8ab4119c809da1af09d) of player #0 Norris
﻿19:25:53 : Player #0 Norris - Legacy GUID: c699d88a6adf74f6c773b1cef1928e78
﻿19:26:12 : Could not connect to BE Master
﻿19:26:12 : Update attempt failed
﻿19:28:28 : Could not connect to BE Master
﻿19:28:28 : Update attempt failed
﻿19:30:44 : Could not connect to BE Master
﻿19:30:44 : Update attempt failed
﻿19:33:00 : Could not connect to BE Master
﻿19:33:00 : Update attempt failed
﻿19:35:16 : Could not connect to BE Master
﻿19:35:16 : Update attempt failed
﻿19:37:32 : Could not connect to BE Master
﻿19:37:32 : Update attempt failed
﻿19:39:48 : Could not connect to BE Master
﻿19:39:48 : Update attempt failed
﻿19:42:04 : Could not connect to BE Master
﻿19:42:04 : Update attempt failed
﻿19:44:20 : Could not connect to BE Master
﻿19:44:20 : Update attempt failed
﻿19:46:36 : Could not connect to BE Master
﻿19:46:36 : Update attempt failed
﻿19:46:54 : Player #1 Mist (122.106.162.172:2304) connected
﻿19:46:55 : Player #1 Mist - GUID: d43966d0a56434cc4e46dcbd390ce9dd (unverified)
﻿19:46:55 : Verified GUID (d43966d0a56434cc4e46dcbd390ce9dd) of player #1 Mist
﻿19:46:56 : Player #1 Mist - Legacy GUID: 120f1d0d1e0c3868438416a1512268b7
﻿19:48:52 : Could not connect to BE Master
﻿19:48:52 : Update attempt failed
﻿19:49:34 : Player #1 Mist disconnected
﻿19:51:08 : Could not connect to BE Master
﻿19:51:08 : Update attempt failed
﻿19:53:24 : Could not connect to BE Master
﻿19:53:24 : Update attempt failed
﻿19:55:40 : Could not connect to BE Master
﻿19:55:40 : Update attempt failed
﻿19:57:56 : Could not connect to BE Master
﻿19:57:56 : Update attempt failed
﻿20:00:12 : Could not connect to BE Master
﻿20:00:12 : Update attempt failed
﻿20:02:28 : Could not connect to BE Master
﻿20:02:28 : Update attempt failed
﻿20:03:03 : Player #1 crygaming (71.9.179.131:2304) connected
﻿20:03:05 : Player #1 crygaming - GUID: 14b25d4620f08105e76ea26476cb7d30 (unverified)
﻿20:03:05 : Verified GUID (14b25d4620f08105e76ea26476cb7d30) of player #1 crygaming
﻿20:03:05 : Player #1 crygaming - Legacy GUID: 99468cd9b00058319f44df4f45a526da
﻿20:04:44 : Could not connect to BE Master
﻿20:04:44 : Update attempt failed
﻿20:05:06 : RCon admin #0: (To crygaming) BEC : You have about 60 seconds left to join the mission.
﻿20:05:37 : RCon admin #0: (To crygaming) BEC : You have about 30 seconds left to join the mission.
﻿20:05:51 : RCon admin #0: (To crygaming) BEC : You have about 15 seconds left to join the mission.
﻿20:06:08 : Player #1 crygaming (14b25d4620f08105e76ea26476cb7d30) has been kicked by BattlEye: Admin Kick (BEC : Lobby idling to long)
﻿20:07:00 : Could not connect to BE Master
﻿20:07:00 : Update attempt failed
﻿20:09:16 : Could not connect to BE Master
﻿20:09:16 : Update attempt failed
﻿20:11:32 : Could not connect to BE Master
﻿20:11:32 : Update attempt failed
﻿20:13:48 : Could not connect to BE Master
﻿20:13:48 : Update attempt failed
﻿20:15:07 : Player #1 Roy (173.20.136.194:2304) connected
﻿20:15:08 : Player #1 Roy - GUID: e636fc521a6cb8ed7e00d2750429c22c (unverified)
﻿20:15:08 : Verified GUID (e636fc521a6cb8ed7e00d2750429c22c) of player #1 Roy
﻿20:15:09 : Player #1 Roy - Legacy GUID: dce9f0f5de1cd350335982934e42d0a2
﻿20:16:04 : Could not connect to BE Master
﻿20:16:04 : Update attempt failed
﻿20:18:20 : Could not connect to BE Master
﻿20:18:20 : Update attempt failed
﻿20:19:38 : Player #2 neB (82.45.36.210:2304) connected
﻿20:19:39 : Player #2 neB - GUID: 5bf4327b174f63c3fcce14efa48d0d3c (unverified)
﻿20:19:39 : Verified GUID (5bf4327b174f63c3fcce14efa48d0d3c) of player #2 neB
﻿20:19:41 : Player #2 neB - Legacy GUID: eb87f77c8855c9cd5434b81ead3bfdf6
﻿20:20:36 : Could not connect to BE Master
﻿20:20:36 : Update attempt failed
﻿20:22:52 : Could not connect to BE Master
﻿20:22:52 : Update attempt failed
﻿20:25:08 : Could not connect to BE Master
﻿20:25:08 : Update attempt failed
﻿20:27:24 : Could not connect to BE Master
﻿20:27:24 : Update attempt failed
﻿20:28:08 : Player #2 neB disconnected
﻿20:29:40 : Could not connect to BE Master
﻿20:29:40 : Update attempt failed
﻿20:31:56 : Could not connect to BE Master
﻿20:31:56 : Update attempt failed
﻿20:34:12 : Could not connect to BE Master
﻿20:34:12 : Update attempt failed
﻿20:36:28 : Could not connect to BE Master
﻿20:36:28 : Update attempt failed
﻿20:38:44 : Could not connect to BE Master
﻿20:38:44 : Update attempt failed
﻿20:41:00 : Could not connect to BE Master
﻿20:41:00 : Update attempt failed
﻿20:43:16 : Could not connect to BE Master
﻿20:43:16 : Update attempt failed
﻿20:45:32 : Could not connect to BE Master
﻿20:45:32 : Update attempt failed
﻿20:47:45 : RCon admin #1 (66.31.45.174:52166) logged in
﻿20:47:48 : Could not connect to BE Master
﻿20:47:48 : Update attempt failed
﻿20:50:04 : Could not connect to BE Master
﻿20:50:04 : Update attempt failed
﻿20:52:20 : Could not connect to BE Master
﻿20:52:20 : Update attempt failed
﻿20:54:36 : Could not connect to BE Master
﻿20:54:36 : Update attempt failed
﻿20:55:00 : RCon admin #0: (Global) AUTO SERVER RESTART IN 5 MINUTES
﻿20:56:52 : Could not connect to BE Master
﻿20:56:52 : Update attempt failed
﻿20:57:00 : RCon admin #0: (Global) AUTO SERVER RESTART IN 3 MINUTES
﻿20:57:40 : Player #0 Norris disconnected
﻿20:59:00 : RCon admin #0: (Global) AUTO SERVER RESTART IN 1 MINUTE
﻿20:59:08 : Could not connect to BE Master
﻿20:59:08 : Update attempt failed
﻿20:59:30 : RCon admin #0: (Global) AUTO SERVER RESTART IN 30 SECONDS! - LOG OUT NOW OR YOU MAY LOSE YOUR GEAR
﻿21:00:04 : Player #1 Roy disconnected
﻿21:01:40 : Rcon client logging in
﻿21:01:40 : RCon admin #0 (127.0.0.1:60071) logged in
﻿21:05:53 : RCon admin #1 (66.31.45.174:64402) logged in
﻿21:07:32 : Player #0 Roy (173.20.136.194:2304) connected
﻿21:07:34 : Player #0 Roy - GUID: e636fc521a6cb8ed7e00d2750429c22c (unverified)
﻿21:07:34 : Verified GUID (e636fc521a6cb8ed7e00d2750429c22c) of player #0 Roy
﻿21:07:36 : Player #0 Roy - Legacy GUID: dce9f0f5de1cd350335982934e42d0a2
﻿21:07:57 : Could not connect to BE Master
﻿21:07:57 : Update attempt failed
﻿21:10:12 : Could not connect to BE Master
﻿21:10:12 : Update attempt failed
﻿21:12:28 : Could not connect to BE Master
﻿21:12:29 : Update attempt failed
﻿21:14:45 : Could not connect to BE Master
﻿21:14:45 : Update attempt failed
﻿21:17:01 : Could not connect to BE Master
﻿21:17:01 : Update attempt failed
﻿21:19:17 : Could not connect to BE Master
﻿21:19:17 : Update attempt failed
﻿21:21:33 : Could not connect to BE Master
﻿21:21:33 : Update attempt failed
﻿21:23:49 : Could not connect to BE Master
﻿21:23:49 : Update attempt failed
﻿21:26:05 : Could not connect to BE Master
﻿21:26:05 : Update attempt failed
﻿21:26:29 : Player #1 Peahead (90.210.248.176:2304) connected
﻿21:26:29 : Player #1 Peahead - GUID: e61d2ab0252931ad70102a59f6174578 (unverified)
﻿21:26:30 : Verified GUID (e61d2ab0252931ad70102a59f6174578) of player #1 Peahead
﻿21:26:31 : Player #1 Peahead - Legacy GUID: 7c02950eee0c8cc0c763e89f2a7c4c93
﻿21:26:31 : Player #1 Peahead disconnected
﻿21:27:50 : Player #1 Peahead (90.210.248.176:2304) connected
﻿21:27:51 : Player #1 Peahead - GUID: e61d2ab0252931ad70102a59f6174578 (unverified)
﻿21:27:51 : Verified GUID (e61d2ab0252931ad70102a59f6174578) of player #1 Peahead
﻿21:27:52 : Player #1 Peahead disconnected
﻿21:28:21 : Could not connect to BE Master
﻿21:28:21 : Update attempt failed
﻿21:30:02 : Player #1 Peahead (90.210.248.176:2304) connected
﻿21:30:03 : Player #1 Peahead - GUID: e61d2ab0252931ad70102a59f6174578 (unverified)
﻿21:30:03 : Verified GUID (e61d2ab0252931ad70102a59f6174578) of player #1 Peahead
﻿21:30:04 : Player #1 Peahead - Legacy GUID: 7c02950eee0c8cc0c763e89f2a7c4c93
﻿21:30:09 : Player #1 Peahead disconnected
﻿21:30:37 : Could not connect to BE Master
﻿21:30:37 : Update attempt failed
﻿21:32:53 : Could not connect to BE Master
﻿21:32:53 : Update attempt failed
﻿21:35:09 : Could not connect to BE Master
﻿21:35:09 : Update attempt failed
﻿21:37:25 : Could not connect to BE Master
﻿21:37:25 : Update attempt failed
﻿21:39:41 : Could not connect to BE Master
﻿21:39:41 : Update attempt failed
﻿21:41:57 : Could not connect to BE Master
﻿21:41:57 : Update attempt failed
﻿21:44:13 : Could not connect to BE Master
﻿21:44:13 : Update attempt failed
﻿21:46:29 : Could not connect to BE Master
﻿21:46:29 : Update attempt failed
﻿21:48:45 : Could not connect to BE Master
﻿21:48:45 : Update attempt failed
﻿21:51:01 : Could not connect to BE Master
﻿21:51:01 : Update attempt failed
﻿21:53:17 : Could not connect to BE Master
﻿21:53:17 : Update attempt failed
﻿21:55:33 : Could not connect to BE Master
﻿21:55:33 : Update attempt failed
﻿21:57:49 : Could not connect to BE Master
﻿21:57:49 : Update attempt failed
﻿22:00:05 : Could not connect to BE Master
﻿22:00:05 : Update attempt failed
﻿22:02:21 : Could not connect to BE Master
﻿22:02:21 : Update attempt failed
﻿22:04:37 : Could not connect to BE Master
﻿22:04:37 : Update attempt failed
﻿22:06:53 : Could not connect to BE Master
﻿22:06:53 : Update attempt failed
﻿22:09:09 : Could not connect to BE Master
﻿22:09:09 : Update attempt failed
﻿22:11:25 : Could not connect to BE Master
﻿22:11:25 : Update attempt failed
﻿22:13:41 : Could not connect to BE Master
﻿22:13:41 : Update attempt failed
﻿22:13:47 : Player #1 Tucker (173.81.183.129:2304) connected
﻿22:13:56 : Player #1 Tucker - GUID: 50784fb7bac4ffa9d67470330e4f57a0 (unverified)
﻿22:13:57 : Verified GUID (50784fb7bac4ffa9d67470330e4f57a0) of player #1 Tucker
﻿22:13:57 : Player #1 Tucker disconnected
﻿22:15:57 : Could not connect to BE Master
﻿22:15:57 : Update attempt failed
﻿22:18:13 : Could not connect to BE Master
﻿22:18:13 : Update attempt failed
﻿22:20:29 : Could not connect to BE Master
﻿22:20:29 : Update attempt failed
﻿22:22:45 : Could not connect to BE Master
﻿22:22:45 : Update attempt failed
﻿22:25:01 : Could not connect to BE Master
﻿22:25:01 : Update attempt failed
