20:02:05 : Rcon client logging in
﻿20:02:05 : RCon admin #0 (127.0.0.1:60434) logged in
﻿20:12:10 : Player #0 Airdale (67.9.176.108:2304) connected
﻿20:12:11 : Player #0 Airdale - GUID: 4569474b826a832e14ee2bd2d296a86a (unverified)
﻿20:12:12 : Verified GUID (4569474b826a832e14ee2bd2d296a86a) of player #0 Airdale
﻿20:12:12 : Player #0 Airdale - Legacy GUID: 49f010cacc8146d3e0909e8a1331beaa
﻿20:12:12 : Player #0 Airdale disconnected
﻿20:12:17 : Player #0 Airdale (67.9.176.108:2304) connected
﻿20:12:18 : Player #0 Airdale - GUID: 4569474b826a832e14ee2bd2d296a86a (unverified)
﻿20:12:18 : Verified GUID (4569474b826a832e14ee2bd2d296a86a) of player #0 Airdale
﻿20:12:18 : Player #0 Airdale disconnected
﻿20:13:19 : Player #0 Airdale (67.9.176.108:2304) connected
﻿20:13:19 : Player #0 Airdale - GUID: 4569474b826a832e14ee2bd2d296a86a (unverified)
﻿20:13:20 : Verified GUID (4569474b826a832e14ee2bd2d296a86a) of player #0 Airdale
﻿20:13:20 : Player #0 Airdale disconnected
﻿20:15:14 : Player #0 Airdale (67.9.176.108:2304) connected
﻿20:15:15 : Player #0 Airdale - GUID: 4569474b826a832e14ee2bd2d296a86a (unverified)
﻿20:15:15 : Verified GUID (4569474b826a832e14ee2bd2d296a86a) of player #0 Airdale
﻿20:15:16 : Player #0 Airdale - Legacy GUID: 49f010cacc8146d3e0909e8a1331beaa
﻿20:15:17 : Player #0 Airdale disconnected
﻿20:22:56 : Player #0 Airdale (67.9.176.108:2304) connected
﻿20:22:57 : Player #0 Airdale - GUID: 4569474b826a832e14ee2bd2d296a86a (unverified)
﻿20:22:58 : Verified GUID (4569474b826a832e14ee2bd2d296a86a) of player #0 Airdale
﻿20:22:58 : Player #0 Airdale disconnected
﻿20:25:05 : Player #0 Airdale (67.9.176.108:2304) connected
﻿20:25:05 : Player #0 Airdale - GUID: 4569474b826a832e14ee2bd2d296a86a (unverified)
﻿20:25:06 : Verified GUID (4569474b826a832e14ee2bd2d296a86a) of player #0 Airdale
﻿20:25:06 : Player #0 Airdale - Legacy GUID: 49f010cacc8146d3e0909e8a1331beaa
﻿20:25:39 : RCon admin #0: (To Airdale) BEC : You have about 60 seconds left to join the mission.
﻿20:26:10 : RCon admin #0: (To Airdale) BEC : You have about 30 seconds left to join the mission.
﻿20:26:24 : RCon admin #0: (To Airdale) BEC : You have about 15 seconds left to join the mission.
﻿20:26:39 : Player #0 Airdale (4569474b826a832e14ee2bd2d296a86a) has been kicked by BattlEye: Admin Kick (BEC : Lobby idling to long)
﻿20:27:07 : Player #0 Airdale (67.9.176.108:2304) connected
﻿20:27:08 : Player #0 Airdale - GUID: 4569474b826a832e14ee2bd2d296a86a (unverified)
﻿20:27:08 : Verified GUID (4569474b826a832e14ee2bd2d296a86a) of player #0 Airdale
﻿20:27:09 : Player #0 Airdale - Legacy GUID: 49f010cacc8146d3e0909e8a1331beaa
﻿20:55:00 : RCon admin #0: (Global) AUTO SERVER RESTART IN 5 MINUTES
﻿20:57:00 : RCon admin #0: (Global) AUTO SERVER RESTART IN 3 MINUTES
﻿20:58:18 : Player #0 Airdale disconnected
﻿20:59:00 : RCon admin #0: (Global) AUTO SERVER RESTART IN 1 MINUTE
﻿20:59:30 : RCon admin #0: (Global) AUTO SERVER RESTART IN 30 SECONDS! - LOG OUT NOW OR YOU MAY LOSE YOUR GEAR
﻿21:09:30 : RCon admin #0: (Global) AUTO SERVER RESTART IN 30 SECONDS! - LOG OUT NOW OR YOU MAY LOSE YOUR GEAR
﻿21:19:30 : RCon admin #0: (Global) AUTO SERVER RESTART IN 30 SECONDS! - LOG OUT NOW OR YOU MAY LOSE YOUR GEAR
﻿21:20:03 : Player #0 Airdale (67.9.176.108:2304) connected
﻿21:20:03 : Player #0 Airdale - GUID: 4569474b826a832e14ee2bd2d296a86a (unverified)
﻿21:20:04 : Verified GUID (4569474b826a832e14ee2bd2d296a86a) of player #0 Airdale
﻿21:20:05 : Player #0 Airdale - Legacy GUID: 49f010cacc8146d3e0909e8a1331beaa
﻿21:29:30 : RCon admin #0: (Global) AUTO SERVER RESTART IN 30 SECONDS! - LOG OUT NOW OR YOU MAY LOSE YOUR GEAR
﻿21:39:30 : RCon admin #0: (Global) AUTO SERVER RESTART IN 30 SECONDS! - LOG OUT NOW OR YOU MAY LOSE YOUR GEAR
﻿21:40:45 : Player #0 Airdale disconnected
﻿21:41:58 : Player #0 Airdale (67.9.176.108:2304) connected
﻿21:42:00 : Player #0 Airdale - GUID: 4569474b826a832e14ee2bd2d296a86a (unverified)
﻿21:42:00 : Verified GUID (4569474b826a832e14ee2bd2d296a86a) of player #0 Airdale
﻿21:42:00 : Player #0 Airdale - Legacy GUID: 49f010cacc8146d3e0909e8a1331beaa
﻿21:42:32 : RCon admin #0: (To Airdale) BEC : You have about 60 seconds left to join the mission.
﻿21:49:30 : RCon admin #0: (Global) AUTO SERVER RESTART IN 30 SECONDS! - LOG OUT NOW OR YOU MAY LOSE YOUR GEAR
﻿21:59:30 : RCon admin #0: (Global) AUTO SERVER RESTART IN 30 SECONDS! - LOG OUT NOW OR YOU MAY LOSE YOUR GEAR
﻿22:09:30 : RCon admin #0: (Global) AUTO SERVER RESTART IN 30 SECONDS! - LOG OUT NOW OR YOU MAY LOSE YOUR GEAR
﻿22:17:08 : RCon admin #0: (To Airdale) BEC : You have about 60 seconds left to join the mission.
﻿22:19:30 : RCon admin #0: (Global) AUTO SERVER RESTART IN 30 SECONDS! - LOG OUT NOW OR YOU MAY LOSE YOUR GEAR
﻿22:25:02 : Player #0 Airdale disconnected
﻿22:29:30 : RCon admin #0: (Global) AUTO SERVER RESTART IN 30 SECONDS! - LOG OUT NOW OR YOU MAY LOSE YOUR GEAR
﻿22:39:30 : RCon admin #0: (Global) AUTO SERVER RESTART IN 30 SECONDS! - LOG OUT NOW OR YOU MAY LOSE YOUR GEAR
﻿22:49:30 : RCon admin #0: (Global) AUTO SERVER RESTART IN 30 SECONDS! - LOG OUT NOW OR YOU MAY LOSE YOUR GEAR
﻿22:59:30 : RCon admin #0: (Global) AUTO SERVER RESTART IN 30 SECONDS! - LOG OUT NOW OR YOU MAY LOSE YOUR GEAR
﻿23:09:30 : RCon admin #0: (Global) AUTO SERVER RESTART IN 30 SECONDS! - LOG OUT NOW OR YOU MAY LOSE YOUR GEAR
﻿23:19:30 : RCon admin #0: (Global) AUTO SERVER RESTART IN 30 SECONDS! - LOG OUT NOW OR YOU MAY LOSE YOUR GEAR
﻿23:29:30 : RCon admin #0: (Global) AUTO SERVER RESTART IN 30 SECONDS! - LOG OUT NOW OR YOU MAY LOSE YOUR GEAR
﻿23:39:30 : RCon admin #0: (Global) AUTO SERVER RESTART IN 30 SECONDS! - LOG OUT NOW OR YOU MAY LOSE YOUR GEAR
﻿23:49:30 : RCon admin #0: (Global) AUTO SERVER RESTART IN 30 SECONDS! - LOG OUT NOW OR YOU MAY LOSE YOUR GEAR
﻿23:55:00 : RCon admin #0: (Global) AUTO SERVER RESTART IN 5 MINUTES
﻿23:57:00 : RCon admin #0: (Global) AUTO SERVER RESTART IN 3 MINUTES
﻿23:59:00 : RCon admin #0: (Global) AUTO SERVER RESTART IN 1 MINUTE
﻿23:59:30 : RCon admin #0: (Global) AUTO SERVER RESTART IN 30 SECONDS! - LOG OUT NOW OR YOU MAY LOSE YOUR GEAR
﻿23:59:30 : RCon admin #0: (Global) AUTO SERVER RESTART IN 30 SECONDS! - LOG OUT NOW OR YOU MAY LOSE YOUR GEAR
