00:01:43 : Rcon client logging in
﻿00:01:43 : RCon admin #0 (127.0.0.1:65074) logged in
﻿00:05:17 : Player #0 NcA (66.31.45.174:2304) connected
﻿00:05:18 : Player #0 NcA - GUID: 004e52e117c4353b9126ff8cae92894b (unverified)
﻿00:05:18 : Verified GUID (004e52e117c4353b9126ff8cae92894b) of player #0 NcA
﻿00:05:18 : Player #0 NcA - Legacy GUID: 0b47253664861c70f6399123e9106d52
﻿00:10:44 : Player #0 NcA disconnected
﻿00:14:40 : Player #0 NcA (66.31.45.174:2304) connected
﻿00:14:41 : Player #0 NcA - GUID: 004e52e117c4353b9126ff8cae92894b (unverified)
﻿00:14:41 : Verified GUID (004e52e117c4353b9126ff8cae92894b) of player #0 NcA
﻿00:14:42 : Player #0 NcA - Legacy GUID: 0b47253664861c70f6399123e9106d52
﻿00:16:43 : RCon admin #0: (To NcA) BEC : You have about 60 seconds left to join the mission.
﻿00:17:14 : RCon admin #0: (To NcA) BEC : You have about 30 seconds left to join the mission.
﻿00:17:28 : RCon admin #0: (To NcA) BEC : You have about 15 seconds left to join the mission.
﻿00:17:45 : Player #0 NcA (004e52e117c4353b9126ff8cae92894b) has been kicked by BattlEye: Admin Kick (BEC : Lobby idling to long)
﻿00:46:07 : Player #0 Roy (173.20.136.194:2304) connected
﻿00:46:08 : Player #0 Roy - GUID: e636fc521a6cb8ed7e00d2750429c22c (unverified)
﻿00:46:08 : Verified GUID (e636fc521a6cb8ed7e00d2750429c22c) of player #0 Roy
﻿00:46:09 : Player #0 Roy - Legacy GUID: dce9f0f5de1cd350335982934e42d0a2
﻿01:03:40 : Player #1 Heguo (72.130.158.152:48312) connected
﻿01:03:41 : Player #1 Heguo - GUID: c9533a3c95f914b57c4a2be92884fc16 (unverified)
﻿01:03:42 : Verified GUID (c9533a3c95f914b57c4a2be92884fc16) of player #1 Heguo
﻿01:03:43 : Player #1 Heguo - Legacy GUID: b89941ffd28f46c4a3c429422109c882
﻿01:13:23 : Player #1 Heguo disconnected
﻿02:19:59 : Player #0 Roy disconnected
﻿02:55:00 : RCon admin #0: (Global) AUTO SERVER RESTART IN 5 MINUTES
﻿02:57:00 : RCon admin #0: (Global) AUTO SERVER RESTART IN 3 MINUTES
﻿02:58:10 : Player #0 Heguo (72.130.158.152:47506) connected
﻿02:58:10 : Player #0 Heguo - GUID: c9533a3c95f914b57c4a2be92884fc16 (unverified)
﻿02:58:11 : Verified GUID (c9533a3c95f914b57c4a2be92884fc16) of player #0 Heguo
﻿02:58:12 : Player #0 Heguo - Legacy GUID: b89941ffd28f46c4a3c429422109c882
﻿02:59:00 : RCon admin #0: (Global) AUTO SERVER RESTART IN 1 MINUTE
﻿02:59:30 : RCon admin #0: (Global) AUTO SERVER RESTART IN 30 SECONDS! - LOG OUT NOW OR YOU MAY LOSE YOUR GEAR
﻿03:01:39 : Rcon client logging in
﻿03:01:39 : RCon admin #0 (127.0.0.1:63812) logged in
﻿05:55:00 : RCon admin #0: (Global) AUTO SERVER RESTART IN 5 MINUTES
﻿05:57:00 : RCon admin #0: (Global) AUTO SERVER RESTART IN 3 MINUTES
﻿05:59:00 : RCon admin #0: (Global) AUTO SERVER RESTART IN 1 MINUTE
﻿05:59:30 : RCon admin #0: (Global) AUTO SERVER RESTART IN 30 SECONDS! - LOG OUT NOW OR YOU MAY LOSE YOUR GEAR
﻿06:01:42 : Rcon client logging in
﻿06:01:42 : RCon admin #0 (127.0.0.1:57854) logged in
﻿08:55:00 : RCon admin #0: (Global) AUTO SERVER RESTART IN 5 MINUTES
﻿08:57:00 : RCon admin #0: (Global) AUTO SERVER RESTART IN 3 MINUTES
﻿08:59:00 : RCon admin #0: (Global) AUTO SERVER RESTART IN 1 MINUTE
﻿08:59:30 : RCon admin #0: (Global) AUTO SERVER RESTART IN 30 SECONDS! - LOG OUT NOW OR YOU MAY LOSE YOUR GEAR
﻿09:01:42 : Rcon client logging in
﻿09:01:42 : RCon admin #0 (127.0.0.1:54789) logged in
﻿09:09:12 : Player #0 Hobbsy (2.221.42.2:2304) connected
﻿09:09:13 : Player #0 Hobbsy - GUID: 8fa30010d8d5e431f4f14473dc40394a (unverified)
﻿09:09:13 : Verified GUID (8fa30010d8d5e431f4f14473dc40394a) of player #0 Hobbsy
﻿09:09:13 : Player #0 Hobbsy - Legacy GUID: 3bf863acc3cd0ea327a445c55587cdb4
﻿10:01:33 : Player #1 drac (70.114.135.92:2304) connected
﻿10:01:34 : Player #1 drac - GUID: b25a07698ccfa56249c0294d6a83b121 (unverified)
﻿10:01:35 : Player #1 drac - Legacy GUID: b5ea15a999f4ef2564d0bf89033cc526
﻿10:01:35 : Verified GUID (b25a07698ccfa56249c0294d6a83b121) of player #1 drac
﻿10:01:54 : Player #1 drac disconnected
﻿10:02:32 : Player #1 Cartoon (70.114.135.92:2304) connected
﻿10:02:33 : Player #1 Cartoon - GUID: b25a07698ccfa56249c0294d6a83b121 (unverified)
﻿10:02:34 : Player #1 Cartoon - Legacy GUID: b5ea15a999f4ef2564d0bf89033cc526
﻿10:02:35 : Verified GUID (b25a07698ccfa56249c0294d6a83b121) of player #1 Cartoon
﻿10:07:52 : RCon admin #0: (To Hobbsy) BEC : You have about 60 seconds left to join the mission.
﻿10:08:23 : RCon admin #0: (To Hobbsy) BEC : You have about 30 seconds left to join the mission.
﻿10:08:38 : RCon admin #0: (To Hobbsy) BEC : You have about 15 seconds left to join the mission.
﻿10:08:55 : Player #0 Hobbsy (8fa30010d8d5e431f4f14473dc40394a) has been kicked by BattlEye: Admin Kick (BEC : Lobby idling to long)
﻿10:09:33 : RCon admin #0: (To Cartoon) BEC : You have about 60 seconds left to join the mission.
﻿10:10:04 : RCon admin #0: (To Cartoon) BEC : You have about 30 seconds left to join the mission.
﻿10:10:19 : RCon admin #0: (To Cartoon) BEC : You have about 15 seconds left to join the mission.
﻿10:10:35 : Player #1 Cartoon (b25a07698ccfa56249c0294d6a83b121) has been kicked by BattlEye: Admin Kick (BEC : Lobby idling to long)
﻿10:11:07 : Player #0 Cartoon (70.114.135.92:2304) connected
﻿10:11:08 : Player #0 Cartoon - GUID: b25a07698ccfa56249c0294d6a83b121 (unverified)
﻿10:11:08 : Verified GUID (b25a07698ccfa56249c0294d6a83b121) of player #0 Cartoon
﻿10:11:09 : Player #0 Cartoon - Legacy GUID: b5ea15a999f4ef2564d0bf89033cc526
﻿10:17:51 : Player #0 Cartoon disconnected
﻿10:54:06 : Player #0 NcA (66.31.45.174:2304) connected
﻿10:54:07 : Player #0 NcA - GUID: 004e52e117c4353b9126ff8cae92894b (unverified)
﻿10:54:07 : Verified GUID (004e52e117c4353b9126ff8cae92894b) of player #0 NcA
﻿10:54:08 : Player #0 NcA - Legacy GUID: 0b47253664861c70f6399123e9106d52
﻿11:03:34 : Player #0 NcA disconnected
﻿11:55:00 : RCon admin #0: (Global) AUTO SERVER RESTART IN 5 MINUTES
﻿11:57:00 : RCon admin #0: (Global) AUTO SERVER RESTART IN 3 MINUTES
﻿11:59:00 : RCon admin #0: (Global) AUTO SERVER RESTART IN 1 MINUTE
﻿11:59:30 : RCon admin #0: (Global) AUTO SERVER RESTART IN 30 SECONDS! - LOG OUT NOW OR YOU MAY LOSE YOUR GEAR
﻿12:01:38 : Rcon client logging in
﻿12:01:38 : RCon admin #0 (127.0.0.1:52691) logged in
﻿12:20:19 : Closing socket & exiting!
﻿16:28:08 : Rcon client logging in
﻿16:28:09 : RCon admin #0 (127.0.0.1:58421) logged in
﻿17:05:17 : Player #0 neB (82.45.36.210:2304) connected
﻿17:05:18 : Player #0 neB - GUID: 5bf4327b174f63c3fcce14efa48d0d3c (unverified)
﻿17:05:19 : Verified GUID (5bf4327b174f63c3fcce14efa48d0d3c) of player #0 neB
﻿17:05:20 : Player #0 neB - Legacy GUID: eb87f77c8855c9cd5434b81ead3bfdf6
﻿17:08:01 : Player #0 neB disconnected
﻿17:18:29 : Player #0 Chuck (68.114.141.35:2304) connected
﻿17:18:30 : Player #0 Chuck - GUID: 673da3e6a96b20bfce01000602a49d30 (unverified)
﻿17:18:30 : Verified GUID (673da3e6a96b20bfce01000602a49d30) of player #0 Chuck
﻿17:18:31 : Player #0 Chuck - Legacy GUID: dc3d338dfb65b573035d9ebd06d1d9fa
﻿17:22:09 : Player #1 NcA (66.31.45.174:2304) connected
﻿17:22:09 : Player #1 NcA - GUID: 004e52e117c4353b9126ff8cae92894b (unverified)
﻿17:22:10 : Verified GUID (004e52e117c4353b9126ff8cae92894b) of player #1 NcA
﻿17:22:11 : Player #1 NcA - Legacy GUID: 0b47253664861c70f6399123e9106d52
﻿17:23:30 : Player #2 Valdarok (81.102.101.209:2304) connected
﻿17:23:31 : Player #2 Valdarok - GUID: c3a759f7787c2c4a32cdc3ca6d324015 (unverified)
﻿17:23:31 : Verified GUID (c3a759f7787c2c4a32cdc3ca6d324015) of player #2 Valdarok
﻿17:23:32 : Player #2 Valdarok - Legacy GUID: 3c3e0d6761680d5d8e21d37129fcb167
﻿17:25:46 : Player #3 Jake (74.70.160.43:2304) connected
﻿17:25:46 : Player #3 Jake - GUID: dda1253bec18eeb61023ece3d6ab10b0 (unverified)
﻿17:25:47 : Verified GUID (dda1253bec18eeb61023ece3d6ab10b0) of player #3 Jake
﻿17:25:47 : Player #3 Jake disconnected
﻿17:33:39 : Player #3 Jake (74.70.160.43:2304) connected
﻿17:33:40 : Player #3 Jake - GUID: dda1253bec18eeb61023ece3d6ab10b0 (unverified)
﻿17:33:40 : Verified GUID (dda1253bec18eeb61023ece3d6ab10b0) of player #3 Jake
﻿17:33:41 : Player #3 Jake disconnected
﻿17:41:45 : Player #3 neB (82.45.36.210:2304) connected
﻿17:41:45 : Player #3 neB - GUID: 5bf4327b174f63c3fcce14efa48d0d3c (unverified)
﻿17:41:46 : Verified GUID (5bf4327b174f63c3fcce14efa48d0d3c) of player #3 neB
﻿17:41:47 : Player #3 neB - Legacy GUID: eb87f77c8855c9cd5434b81ead3bfdf6
﻿17:48:46 : Player #4 BTTFGuyman (50.34.160.154:2304) connected
﻿17:48:48 : Player #4 BTTFGuyman - GUID: 2538bb902c1d0643276ac3d17340d88e (unverified)
﻿17:48:48 : Verified GUID (2538bb902c1d0643276ac3d17340d88e) of player #4 BTTFGuyman
﻿17:48:48 : Player #4 BTTFGuyman - Legacy GUID: be6e98b8aa1326b534182d7c92037365
﻿17:55:00 : RCon admin #0: (Global) AUTO SERVER RESTART IN 5 MINUTES
﻿17:57:00 : RCon admin #0: (Global) AUTO SERVER RESTART IN 3 MINUTES
﻿17:57:26 : Player #0 Chuck disconnected
﻿17:57:56 : Player #1 NcA disconnected
﻿17:58:38 : Player #3 neB disconnected
﻿17:59:00 : RCon admin #0: (Global) AUTO SERVER RESTART IN 1 MINUTE
﻿17:59:23 : Player #2 Valdarok disconnected
﻿17:59:30 : RCon admin #0: (Global) AUTO SERVER RESTART IN 30 SECONDS! - LOG OUT NOW OR YOU MAY LOSE YOUR GEAR
﻿18:00:42 : Rcon client logging in
﻿18:00:42 : RCon admin #0 (127.0.0.1:61625) logged in
﻿18:01:02 : Player #0 BTTFGuyman (50.34.160.154:2304) connected
﻿18:01:02 : Player #0 BTTFGuyman - GUID: 2538bb902c1d0643276ac3d17340d88e (unverified)
﻿18:01:03 : Verified GUID (2538bb902c1d0643276ac3d17340d88e) of player #0 BTTFGuyman
﻿18:01:03 : Player #0 BTTFGuyman - Legacy GUID: be6e98b8aa1326b534182d7c92037365
﻿18:01:20 : Player #1 NcA (66.31.45.174:2304) connected
﻿18:01:42 : Player #1 NcA - GUID: 004e52e117c4353b9126ff8cae92894b (unverified)
﻿18:01:43 : Player #1 NcA - Legacy GUID: 0b47253664861c70f6399123e9106d52
﻿18:01:43 : Verified GUID (004e52e117c4353b9126ff8cae92894b) of player #1 NcA
﻿18:02:50 : Player #2 neB (82.45.36.210:2304) connected
﻿18:02:51 : Player #2 neB - GUID: 5bf4327b174f63c3fcce14efa48d0d3c (unverified)
﻿18:02:51 : Verified GUID (5bf4327b174f63c3fcce14efa48d0d3c) of player #2 neB
﻿18:02:52 : Player #2 neB - Legacy GUID: eb87f77c8855c9cd5434b81ead3bfdf6
﻿18:02:56 : Player #3 Valdarok (81.102.101.209:2304) connected
﻿18:02:57 : Player #3 Valdarok - GUID: c3a759f7787c2c4a32cdc3ca6d324015 (unverified)
﻿18:02:57 : Verified GUID (c3a759f7787c2c4a32cdc3ca6d324015) of player #3 Valdarok
﻿18:02:58 : Player #3 Valdarok - Legacy GUID: 3c3e0d6761680d5d8e21d37129fcb167
﻿18:03:10 : Player #4 Chuck (68.114.141.35:2304) connected
﻿18:03:11 : Player #4 Chuck - GUID: 673da3e6a96b20bfce01000602a49d30 (unverified)
﻿18:03:11 : Verified GUID (673da3e6a96b20bfce01000602a49d30) of player #4 Chuck
﻿18:03:12 : Player #4 Chuck - Legacy GUID: dc3d338dfb65b573035d9ebd06d1d9fa
﻿18:04:59 : RCon admin #0: (To Valdarok) BEC : You have about 60 seconds left to join the mission.
﻿18:05:30 : RCon admin #0: (To Valdarok) BEC : You have about 30 seconds left to join the mission.
﻿18:05:44 : RCon admin #0: (To Valdarok) BEC : You have about 15 seconds left to join the mission.
﻿18:06:01 : Player #3 Valdarok (c3a759f7787c2c4a32cdc3ca6d324015) has been kicked by BattlEye: Admin Kick (BEC : Lobby idling to long)
﻿18:12:13 : Player #2 neB disconnected
﻿18:12:26 : Player #1 NcA disconnected
﻿18:12:37 : Player #4 Chuck disconnected
﻿18:17:30 : Player #1 Roy (173.20.136.194:2304) connected
﻿18:17:31 : Player #1 Roy - GUID: e636fc521a6cb8ed7e00d2750429c22c (unverified)
﻿18:17:31 : Verified GUID (e636fc521a6cb8ed7e00d2750429c22c) of player #1 Roy
﻿18:17:32 : Player #1 Roy - Legacy GUID: dce9f0f5de1cd350335982934e42d0a2
﻿18:35:59 : Player #0 BTTFGuyman disconnected
﻿18:40:52 : Player #0 Jake  (108.73.62.205:2304) connected
﻿18:40:53 : Player #0 Jake  - GUID: 418cceeb073e00bd6a8f03c275371011 (unverified)
﻿18:40:54 : Verified GUID (418cceeb073e00bd6a8f03c275371011) of player #0 Jake 
﻿18:40:54 : Player #0 Jake  - Legacy GUID: ddbedefc8ee9d0dfe009d7defd3c24c1
﻿18:42:54 : RCon admin #0: (To Jake ) BEC : You have about 60 seconds left to join the mission.
﻿18:53:06 : Player #0 Jake  disconnected
﻿18:56:35 : Player #0 Noodlehax (60.242.154.121:2304) connected
﻿18:56:36 : Player #0 Noodlehax - GUID: 1b58aaf79339b864cacd93c0d565e46c (unverified)
﻿18:56:36 : Verified GUID (1b58aaf79339b864cacd93c0d565e46c) of player #0 Noodlehax
﻿18:56:37 : Player #0 Noodlehax - Legacy GUID: 7498d2df99c4cc9ab84f52fb07c0a8dd
﻿19:05:35 : RCon admin #0: (To Roy) BEC : You have about 60 seconds left to join the mission.
﻿19:06:06 : RCon admin #0: (To Roy) BEC : You have about 30 seconds left to join the mission.
﻿19:06:13 : Player #1 Roy disconnected
﻿19:11:30 : Player #1 AVDPiXELS (122.106.147.141:2304) connected
﻿19:11:31 : Player #1 AVDPiXELS - GUID: 9eb5ab5e675818b887f95b90ffb4cbf9 (unverified)
﻿19:11:31 : Verified GUID (9eb5ab5e675818b887f95b90ffb4cbf9) of player #1 AVDPiXELS
﻿19:11:32 : Player #1 AVDPiXELS - Legacy GUID: 2719b3b8d3863484fd32cef9fdbfb4b6
﻿19:12:29 : Player #2 Chuck (68.114.141.35:2304) connected
﻿19:12:30 : Player #2 Chuck - GUID: 673da3e6a96b20bfce01000602a49d30 (unverified)
﻿19:12:30 : Verified GUID (673da3e6a96b20bfce01000602a49d30) of player #2 Chuck
﻿19:12:31 : Player #2 Chuck - Legacy GUID: dc3d338dfb65b573035d9ebd06d1d9fa
﻿19:12:42 : Player #2 Chuck disconnected
﻿19:14:03 : Player #1 AVDPiXELS - Legacy GUID: 2719b3b8d3863484fd32cef9fdbfb4b6
﻿19:17:14 : Player #2 Roy (173.20.136.194:2304) connected
﻿19:17:15 : Player #2 Roy - GUID: e636fc521a6cb8ed7e00d2750429c22c (unverified)
﻿19:17:15 : Verified GUID (e636fc521a6cb8ed7e00d2750429c22c) of player #2 Roy
﻿19:17:16 : Player #2 Roy - Legacy GUID: dce9f0f5de1cd350335982934e42d0a2
﻿19:43:27 : Player #3 Klufus (98.118.30.201:2304) connected
﻿19:43:29 : Player #3 Klufus - GUID: 74f6c943c33cd858454b845130d818e6 (unverified)
﻿19:43:29 : Verified GUID (74f6c943c33cd858454b845130d818e6) of player #3 Klufus
﻿19:43:30 : Player #3 Klufus - Legacy GUID: fd5cd312ad7a2f9337585640544bfe0b
﻿19:43:37 : Player #3 Klufus disconnected
﻿19:48:35 : Player #3 neB (82.45.36.210:2304) connected
﻿19:48:36 : Player #3 neB - GUID: 5bf4327b174f63c3fcce14efa48d0d3c (unverified)
﻿19:48:37 : Verified GUID (5bf4327b174f63c3fcce14efa48d0d3c) of player #3 neB
﻿19:48:38 : Player #3 neB - Legacy GUID: eb87f77c8855c9cd5434b81ead3bfdf6
﻿19:48:54 : Player #4 BTTFGuyman (50.34.160.154:2304) connected
﻿19:49:01 : Player #4 BTTFGuyman - GUID: 2538bb902c1d0643276ac3d17340d88e (unverified)
﻿19:49:01 : Verified GUID (2538bb902c1d0643276ac3d17340d88e) of player #4 BTTFGuyman
﻿19:49:02 : Player #4 BTTFGuyman - Legacy GUID: be6e98b8aa1326b534182d7c92037365
﻿19:51:39 : Player #5 Chuck (68.114.141.35:2304) connected
﻿19:51:40 : Player #5 Chuck - GUID: 673da3e6a96b20bfce01000602a49d30 (unverified)
﻿19:51:40 : Verified GUID (673da3e6a96b20bfce01000602a49d30) of player #5 Chuck
﻿19:51:42 : Player #5 Chuck - Legacy GUID: dc3d338dfb65b573035d9ebd06d1d9fa
﻿19:51:42 : Player #6 Taylor (50.47.211.108:2304) connected
﻿19:51:44 : Player #6 Taylor - GUID: 5c6da4fbf8a0e707001b27444e66a16b (unverified)
﻿19:51:45 : Verified GUID (5c6da4fbf8a0e707001b27444e66a16b) of player #6 Taylor
﻿19:51:46 : Player #6 Taylor - Legacy GUID: 2510fadebb132aa66684179a927ba34c
﻿19:54:42 : Player #1 AVDPiXELS disconnected
﻿19:54:45 : Player #0 Noodlehax disconnected
﻿19:55:14 : Player #0 NcA (66.31.45.174:2304) connected
﻿19:55:15 : Player #0 NcA - GUID: 004e52e117c4353b9126ff8cae92894b (unverified)
﻿19:55:15 : Verified GUID (004e52e117c4353b9126ff8cae92894b) of player #0 NcA
﻿19:55:16 : Player #0 NcA - Legacy GUID: 0b47253664861c70f6399123e9106d52
﻿19:58:34 : Player #4 BTTFGuyman (2538bb902c1d0643276ac3d17340d88e) has been kicked by BattlEye: Client not responding
﻿20:00:14 : Player #1 BTTFGuyman (50.34.160.154:2304) connected
﻿20:00:15 : Player #1 BTTFGuyman - GUID: 2538bb902c1d0643276ac3d17340d88e (unverified)
﻿20:00:15 : Verified GUID (2538bb902c1d0643276ac3d17340d88e) of player #1 BTTFGuyman
﻿20:00:16 : Player #1 BTTFGuyman - Legacy GUID: be6e98b8aa1326b534182d7c92037365
﻿20:04:57 : Player #4 iConnorN (108.18.107.95:2304) connected
﻿20:04:59 : Player #4 iConnorN - GUID: e38ca0239fe347ee94010856ee3d349f (unverified)
﻿20:04:59 : Verified GUID (e38ca0239fe347ee94010856ee3d349f) of player #4 iConnorN
﻿20:04:59 : Player #4 iConnorN - Legacy GUID: 013c22835fcd45c286edd9a006ea863a
﻿20:05:20 : Player #4 iConnorN disconnected
﻿20:05:26 : Player #4 iConnorN (108.18.107.95:2304) connected
﻿20:05:27 : Player #4 iConnorN - GUID: e38ca0239fe347ee94010856ee3d349f (unverified)
﻿20:05:27 : Verified GUID (e38ca0239fe347ee94010856ee3d349f) of player #4 iConnorN
﻿20:05:28 : Player #4 iConnorN - Legacy GUID: 013c22835fcd45c286edd9a006ea863a
﻿20:28:59 : Player #6 Taylor disconnected
﻿20:29:02 : Player #1 BTTFGuyman disconnected
﻿20:39:23 : Player #3 neB (5bf4327b174f63c3fcce14efa48d0d3c) has been kicked by BattlEye: Client not responding
﻿20:39:44 : Player #1 neB (82.45.36.210:2304) connected
﻿20:39:45 : Player #1 neB - GUID: 5bf4327b174f63c3fcce14efa48d0d3c (unverified)
﻿20:39:45 : Verified GUID (5bf4327b174f63c3fcce14efa48d0d3c) of player #1 neB
﻿20:39:46 : Player #1 neB - Legacy GUID: eb87f77c8855c9cd5434b81ead3bfdf6
﻿20:47:51 : Player #3 TheAmazingAussie (118.208.9.180:2304) connected
﻿20:47:53 : Player #3 TheAmazingAussie - GUID: bdffbac2d40364f7c6a5ab398cf94403 (unverified)
﻿20:47:54 : Verified GUID (bdffbac2d40364f7c6a5ab398cf94403) of player #3 TheAmazingAussie
﻿20:47:55 : Player #3 TheAmazingAussie - Legacy GUID: 58022cc8be7afe6bab36ed7a07b58ee4
﻿20:49:54 : RCon admin #0: (To TheAmazingAussie) BEC : You have about 60 seconds left to join the mission.
﻿20:55:00 : RCon admin #0: (Global) AUTO SERVER RESTART IN 5 MINUTES
﻿20:57:00 : RCon admin #0: (Global) AUTO SERVER RESTART IN 3 MINUTES
﻿20:57:24 : Player #4 iConnorN disconnected
﻿20:57:32 : Player #5 Chuck disconnected
﻿20:59:00 : RCon admin #0: (Global) AUTO SERVER RESTART IN 1 MINUTE
﻿20:59:16 : RCon admin #0: (To NcA) BEC : You have about 60 seconds left to join the mission.
﻿20:59:26 : Player #1 neB disconnected
﻿20:59:30 : RCon admin #0: (Global) AUTO SERVER RESTART IN 30 SECONDS! - LOG OUT NOW OR YOU MAY LOSE YOUR GEAR
﻿20:59:47 : RCon admin #0: (To NcA) BEC : You have about 30 seconds left to join the mission.
﻿21:00:01 : RCon admin #0: (To NcA) BEC : You have about 15 seconds left to join the mission.
﻿21:00:05 : Player #3 TheAmazingAussie disconnected
﻿21:00:08 : Player #2 Roy disconnected
﻿21:00:42 : Rcon client logging in
﻿21:00:42 : RCon admin #0 (127.0.0.1:63585) logged in
﻿21:01:57 : Player #0 NcA (66.31.45.174:2304) connected
﻿21:01:58 : Player #0 NcA - GUID: 004e52e117c4353b9126ff8cae92894b (unverified)
﻿21:01:58 : Verified GUID (004e52e117c4353b9126ff8cae92894b) of player #0 NcA
﻿21:01:58 : Player #0 NcA - Legacy GUID: 0b47253664861c70f6399123e9106d52
﻿21:03:38 : Player #1 Chuck (68.114.141.35:2304) connected
﻿21:03:39 : Player #1 Chuck - GUID: 673da3e6a96b20bfce01000602a49d30 (unverified)
﻿21:03:39 : Verified GUID (673da3e6a96b20bfce01000602a49d30) of player #1 Chuck
﻿21:03:40 : Player #1 Chuck - Legacy GUID: dc3d338dfb65b573035d9ebd06d1d9fa
﻿21:03:48 : Player #2 neB (82.45.36.210:2304) connected
﻿21:03:49 : Player #2 neB - GUID: 5bf4327b174f63c3fcce14efa48d0d3c (unverified)
﻿21:03:50 : Verified GUID (5bf4327b174f63c3fcce14efa48d0d3c) of player #2 neB
﻿21:03:51 : Player #2 neB - Legacy GUID: eb87f77c8855c9cd5434b81ead3bfdf6
﻿21:04:22 : Player #3 TheAmazingAussie (118.208.9.180:2304) connected
﻿21:04:24 : Player #3 TheAmazingAussie - GUID: bdffbac2d40364f7c6a5ab398cf94403 (unverified)
﻿21:04:24 : Player #3 TheAmazingAussie - Legacy GUID: 58022cc8be7afe6bab36ed7a07b58ee4
﻿21:04:24 : Verified GUID (bdffbac2d40364f7c6a5ab398cf94403) of player #3 TheAmazingAussie
﻿21:19:24 : Player #4 Roy (173.20.136.194:2304) connected
﻿21:19:25 : Player #4 Roy - GUID: e636fc521a6cb8ed7e00d2750429c22c (unverified)
﻿21:19:25 : Verified GUID (e636fc521a6cb8ed7e00d2750429c22c) of player #4 Roy
﻿21:19:26 : Player #4 Roy - Legacy GUID: dce9f0f5de1cd350335982934e42d0a2
﻿21:32:33 : Player #3 TheAmazingAussie disconnected
﻿21:40:28 : Player #3 Twin (66.130.75.98:2304) connected
﻿21:40:29 : Player #3 Twin - GUID: 5253803ac7d6a91fc4e9bb686d9a5c15 (unverified)
﻿21:40:29 : Verified GUID (5253803ac7d6a91fc4e9bb686d9a5c15) of player #3 Twin
﻿21:40:30 : Player #3 Twin disconnected
﻿21:52:53 : Player #4 Roy disconnected
﻿22:14:38 : Player #3 Roggie (74.196.176.131:2304) connected
﻿22:14:39 : Player #3 Roggie - GUID: c402047213b206785eb7d6b1ff633c19 (unverified)
﻿22:14:39 : Verified GUID (c402047213b206785eb7d6b1ff633c19) of player #3 Roggie
﻿22:14:40 : Player #3 Roggie - Legacy GUID: 36c665dc6ff2a290f7158aa3e058b127
﻿22:17:10 : Player #3 Roggie - Legacy GUID: 36c665dc6ff2a290f7158aa3e058b127
﻿22:20:30 : Player #4 Roy (173.20.136.194:2304) connected
﻿22:20:30 : Player #4 Roy - GUID: e636fc521a6cb8ed7e00d2750429c22c (unverified)
﻿22:20:31 : Verified GUID (e636fc521a6cb8ed7e00d2750429c22c) of player #4 Roy
﻿22:20:32 : Player #4 Roy - Legacy GUID: dce9f0f5de1cd350335982934e42d0a2
﻿22:24:38 : Player #3 Roggie disconnected
﻿22:46:28 : Player #0 NcA disconnected
﻿23:18:15 : Player #1 Chuck disconnected
﻿23:32:30 : Player #0 TheAmazingAussie (118.208.9.180:2304) connected
﻿23:32:34 : Player #0 TheAmazingAussie - GUID: bdffbac2d40364f7c6a5ab398cf94403 (unverified)
﻿23:32:34 : Verified GUID (bdffbac2d40364f7c6a5ab398cf94403) of player #0 TheAmazingAussie
﻿23:32:34 : Player #0 TheAmazingAussie - Legacy GUID: 58022cc8be7afe6bab36ed7a07b58ee4
﻿23:34:53 : Failed to receive from BE Master (2)
﻿23:34:53 : Update attempt failed
﻿23:55:00 : RCon admin #0: (Global) AUTO SERVER RESTART IN 5 MINUTES
﻿23:55:58 : Player #2 neB disconnected
﻿23:56:29 : Player #1 jesquik (66.31.45.174:2304) connected
﻿23:56:29 : Player #1 jesquik - GUID: 3c96bf37ad015cb45df0628318a128d4 (unverified)
﻿23:56:30 : Verified GUID (3c96bf37ad015cb45df0628318a128d4) of player #1 jesquik
﻿23:56:31 : Player #1 jesquik - Legacy GUID: 6eb27d76b28885f2c56fe9c7469de086
﻿23:57:00 : RCon admin #0: (Global) AUTO SERVER RESTART IN 3 MINUTES
﻿23:58:30 : RCon admin #0: (To jesquik) BEC : You have about 60 seconds left to join the mission.
﻿23:58:35 : Player #1 jesquik disconnected
﻿23:58:41 : Player #0 TheAmazingAussie disconnected
﻿23:59:00 : RCon admin #0: (Global) AUTO SERVER RESTART IN 1 MINUTE
﻿23:59:30 : RCon admin #0: (Global) AUTO SERVER RESTART IN 30 SECONDS! - LOG OUT NOW OR YOU MAY LOSE YOUR GEAR
﻿23:59:58 : Lost Connection!
﻿23:59:58 : Closing socket & exiting!
