00:00:01 : Lost Connection!
﻿00:00:01 : Closing socket & exiting!
﻿00:00:41 : Rcon client logging in
﻿00:00:41 : RCon admin #0 (127.0.0.1:61224) logged in
﻿01:25:39 : Player #0 Stan (24.13.229.31:2304) connected
﻿01:25:40 : Player #0 Stan - GUID: 9dd5cfd69657d9702d922e38ace59418 (unverified)
﻿01:25:41 : Verified GUID (9dd5cfd69657d9702d922e38ace59418) of player #0 Stan
﻿01:25:41 : Player #0 Stan - Legacy GUID: a61a6e299d019f8848923e8d68eb5772
﻿01:28:12 : Player #0 Stan - Legacy GUID: a61a6e299d019f8848923e8d68eb5772
﻿01:40:33 : Player #0 Stan disconnected
﻿02:21:02 : Player #0 Kinz (97.93.6.156:2304) connected
﻿02:21:03 : Player #0 Kinz - GUID: f5e90903ab1cb97d4dc8f23bf6b1949c (unverified)
﻿02:21:03 : Verified GUID (f5e90903ab1cb97d4dc8f23bf6b1949c) of player #0 Kinz
﻿02:21:04 : Player #0 Kinz - Legacy GUID: 02ec7f1241c103169093f811f196e59e
﻿02:21:20 : Player #0 Kinz disconnected
﻿02:55:00 : RCon admin #0: (Global) AUTO SERVER RESTART IN 5 MINUTES
﻿02:57:00 : RCon admin #0: (Global) AUTO SERVER RESTART IN 3 MINUTES
﻿02:59:00 : RCon admin #0: (Global) AUTO SERVER RESTART IN 1 MINUTE
﻿02:59:30 : RCon admin #0: (Global) AUTO SERVER RESTART IN 30 SECONDS! - LOG OUT NOW OR YOU MAY LOSE YOUR GEAR
﻿03:00:00 : Lost Connection!
﻿03:00:00 : Closing socket & exiting!
﻿03:00:41 : Rcon client logging in
﻿03:00:41 : RCon admin #0 (127.0.0.1:50431) logged in
﻿05:55:00 : RCon admin #0: (Global) AUTO SERVER RESTART IN 5 MINUTES
﻿05:57:00 : RCon admin #0: (Global) AUTO SERVER RESTART IN 3 MINUTES
﻿05:59:00 : RCon admin #0: (Global) AUTO SERVER RESTART IN 1 MINUTE
﻿05:59:30 : RCon admin #0: (Global) AUTO SERVER RESTART IN 30 SECONDS! - LOG OUT NOW OR YOU MAY LOSE YOUR GEAR
﻿06:00:01 : Lost Connection!
﻿06:00:01 : Closing socket & exiting!
﻿06:00:41 : Rcon client logging in
﻿06:00:41 : RCon admin #0 (127.0.0.1:53036) logged in
﻿08:55:00 : RCon admin #0: (Global) AUTO SERVER RESTART IN 5 MINUTES
﻿08:57:00 : RCon admin #0: (Global) AUTO SERVER RESTART IN 3 MINUTES
﻿08:59:00 : RCon admin #0: (Global) AUTO SERVER RESTART IN 1 MINUTE
﻿08:59:30 : RCon admin #0: (Global) AUTO SERVER RESTART IN 30 SECONDS! - LOG OUT NOW OR YOU MAY LOSE YOUR GEAR
﻿09:00:01 : Lost Connection!
﻿09:00:01 : Closing socket & exiting!
﻿09:00:41 : Rcon client logging in
﻿09:00:41 : RCon admin #0 (127.0.0.1:53285) logged in
﻿14:22:11 : Rcon client logging in
﻿14:22:11 : RCon admin #0 (127.0.0.1:52361) logged in
﻿14:55:00 : RCon admin #0: (Global) AUTO SERVER RESTART IN 5 MINUTES
﻿14:57:00 : RCon admin #0: (Global) AUTO SERVER RESTART IN 3 MINUTES
﻿14:59:00 : RCon admin #0: (Global) AUTO SERVER RESTART IN 1 MINUTE
﻿14:59:30 : RCon admin #0: (Global) AUTO SERVER RESTART IN 30 SECONDS! - LOG OUT NOW OR YOU MAY LOSE YOUR GEAR
﻿15:00:01 : Lost Connection!
﻿15:00:01 : Closing socket & exiting!
﻿15:00:34 : Rcon client logging in
﻿15:00:34 : RCon admin #0 (127.0.0.1:63164) logged in
﻿16:10:24 : Rcon client logging in
﻿16:10:24 : RCon admin #0 (127.0.0.1:63333) logged in
﻿16:10:36 : Player #0 Devin (216.164.56.45:2304) connected
﻿16:10:37 : Player #0 Devin - GUID: 70d0226d5fe225de9b766952171301bb (unverified)
﻿16:10:38 : Player #0 Devin - Legacy GUID: 493138e0bd15927af73605234a5a90a5
﻿16:11:11 : Player #0 Devin disconnected
﻿16:11:38 : Player #0 Devin (216.164.56.45:2304) connected
﻿16:11:38 : Player #0 Devin - GUID: 70d0226d5fe225de9b766952171301bb (unverified)
﻿16:11:39 : Player #0 Devin - Legacy GUID: 493138e0bd15927af73605234a5a90a5
﻿16:12:28 : Player #0 Devin disconnected
﻿16:16:45 : Lost Connection!
﻿16:16:45 : Closing socket & exiting!
﻿16:17:33 : Rcon client logging in
﻿16:17:33 : RCon admin #0 (127.0.0.1:52436) logged in
﻿16:18:22 : Player #0 Devin (216.164.56.45:2304) connected
﻿16:18:23 : Player #0 Devin - GUID: 70d0226d5fe225de9b766952171301bb (unverified)
﻿16:18:24 : Player #0 Devin - Legacy GUID: 493138e0bd15927af73605234a5a90a5
﻿16:19:50 : Lost Connection!
﻿16:19:50 : Closing socket & exiting!
﻿16:20:36 : Rcon client logging in
﻿16:20:36 : RCon admin #0 (127.0.0.1:55882) logged in
﻿16:21:11 : Player #0 Devin (216.164.56.45:2304) connected
﻿16:21:12 : Player #0 Devin - GUID: 70d0226d5fe225de9b766952171301bb (unverified)
﻿16:21:12 : Verified GUID (70d0226d5fe225de9b766952171301bb) of player #0 Devin
﻿16:21:13 : Player #0 Devin - Legacy GUID: 493138e0bd15927af73605234a5a90a5
﻿16:21:17 : Player #0 Devin disconnected
﻿16:21:58 : Lost Connection!
﻿16:21:58 : Closing socket & exiting!
﻿16:22:27 : Rcon client logging in
﻿16:22:27 : RCon admin #0 (127.0.0.1:55883) logged in
﻿16:22:40 : Player #0 Devin (216.164.56.45:2304) connected
﻿16:22:41 : Player #0 Devin - GUID: 70d0226d5fe225de9b766952171301bb (unverified)
﻿16:22:41 : Verified GUID (70d0226d5fe225de9b766952171301bb) of player #0 Devin
﻿16:22:42 : Player #0 Devin - Legacy GUID: 493138e0bd15927af73605234a5a90a5
﻿16:24:20 : Player #0 Devin disconnected
﻿16:24:51 : Lost Connection!
﻿16:24:51 : Closing socket & exiting!
﻿16:40:02 : Rcon client logging in
﻿16:40:02 : RCon admin #0 (127.0.0.1:52453) logged in
﻿16:40:54 : Player #0 NcA (66.31.45.174:2304) connected
﻿16:40:54 : Player #0 NcA - GUID: 004e52e117c4353b9126ff8cae92894b (unverified)
﻿16:40:55 : Verified GUID (004e52e117c4353b9126ff8cae92894b) of player #0 NcA
﻿16:40:55 : Player #0 NcA - Legacy GUID: 0b47253664861c70f6399123e9106d52
﻿16:45:18 : Player #0 NcA disconnected
﻿17:55:00 : RCon admin #0: (Global) AUTO SERVER RESTART IN 5 MINUTES
﻿17:57:00 : RCon admin #0: (Global) AUTO SERVER RESTART IN 3 MINUTES
﻿17:59:00 : RCon admin #0: (Global) AUTO SERVER RESTART IN 1 MINUTE
﻿17:59:30 : RCon admin #0: (Global) AUTO SERVER RESTART IN 30 SECONDS! - LOG OUT NOW OR YOU MAY LOSE YOUR GEAR
﻿18:09:30 : RCon admin #0: (Global) AUTO SERVER RESTART IN 30 SECONDS! - LOG OUT NOW OR YOU MAY LOSE YOUR GEAR
﻿18:19:30 : RCon admin #0: (Global) AUTO SERVER RESTART IN 30 SECONDS! - LOG OUT NOW OR YOU MAY LOSE YOUR GEAR
﻿18:26:30 : Player #0 iConnorN (108.18.107.95:2304) connected
﻿18:26:31 : Player #0 iConnorN - GUID: e38ca0239fe347ee94010856ee3d349f (unverified)
﻿18:26:31 : Player #0 iConnorN disconnected
﻿18:29:30 : RCon admin #0: (Global) AUTO SERVER RESTART IN 30 SECONDS! - LOG OUT NOW OR YOU MAY LOSE YOUR GEAR
﻿18:39:30 : RCon admin #0: (Global) AUTO SERVER RESTART IN 30 SECONDS! - LOG OUT NOW OR YOU MAY LOSE YOUR GEAR
﻿18:49:30 : RCon admin #0: (Global) AUTO SERVER RESTART IN 30 SECONDS! - LOG OUT NOW OR YOU MAY LOSE YOUR GEAR
﻿18:59:30 : RCon admin #0: (Global) AUTO SERVER RESTART IN 30 SECONDS! - LOG OUT NOW OR YOU MAY LOSE YOUR GEAR
﻿19:09:30 : RCon admin #0: (Global) AUTO SERVER RESTART IN 30 SECONDS! - LOG OUT NOW OR YOU MAY LOSE YOUR GEAR
﻿19:17:56 : Player #0 crygaming (71.9.179.131:2304) connected
﻿19:17:58 : Player #0 crygaming - GUID: 14b25d4620f08105e76ea26476cb7d30 (unverified)
﻿19:17:59 : Verified GUID (14b25d4620f08105e76ea26476cb7d30) of player #0 crygaming
﻿19:18:00 : Player #0 crygaming - Legacy GUID: 99468cd9b00058319f44df4f45a526da
﻿19:18:04 : Player #0 crygaming disconnected
﻿19:19:30 : RCon admin #0: (Global) AUTO SERVER RESTART IN 30 SECONDS! - LOG OUT NOW OR YOU MAY LOSE YOUR GEAR
﻿19:29:30 : RCon admin #0: (Global) AUTO SERVER RESTART IN 30 SECONDS! - LOG OUT NOW OR YOU MAY LOSE YOUR GEAR
﻿19:39:30 : RCon admin #0: (Global) AUTO SERVER RESTART IN 30 SECONDS! - LOG OUT NOW OR YOU MAY LOSE YOUR GEAR
﻿19:49:30 : RCon admin #0: (Global) AUTO SERVER RESTART IN 30 SECONDS! - LOG OUT NOW OR YOU MAY LOSE YOUR GEAR
﻿19:59:30 : RCon admin #0: (Global) AUTO SERVER RESTART IN 30 SECONDS! - LOG OUT NOW OR YOU MAY LOSE YOUR GEAR
﻿20:09:30 : RCon admin #0: (Global) AUTO SERVER RESTART IN 30 SECONDS! - LOG OUT NOW OR YOU MAY LOSE YOUR GEAR
﻿20:19:30 : RCon admin #0: (Global) AUTO SERVER RESTART IN 30 SECONDS! - LOG OUT NOW OR YOU MAY LOSE YOUR GEAR
