00:09:30 : RCon admin #0: (Global) AUTO SERVER RESTART IN 30 SECONDS! - LOG OUT NOW OR YOU MAY LOSE YOUR GEAR
﻿00:19:30 : RCon admin #0: (Global) AUTO SERVER RESTART IN 30 SECONDS! - LOG OUT NOW OR YOU MAY LOSE YOUR GEAR
﻿00:29:30 : RCon admin #0: (Global) AUTO SERVER RESTART IN 30 SECONDS! - LOG OUT NOW OR YOU MAY LOSE YOUR GEAR
﻿00:39:30 : RCon admin #0: (Global) AUTO SERVER RESTART IN 30 SECONDS! - LOG OUT NOW OR YOU MAY LOSE YOUR GEAR
﻿00:49:30 : RCon admin #0: (Global) AUTO SERVER RESTART IN 30 SECONDS! - LOG OUT NOW OR YOU MAY LOSE YOUR GEAR
﻿00:59:30 : RCon admin #0: (Global) AUTO SERVER RESTART IN 30 SECONDS! - LOG OUT NOW OR YOU MAY LOSE YOUR GEAR
﻿01:09:30 : RCon admin #0: (Global) AUTO SERVER RESTART IN 30 SECONDS! - LOG OUT NOW OR YOU MAY LOSE YOUR GEAR
﻿01:19:30 : RCon admin #0: (Global) AUTO SERVER RESTART IN 30 SECONDS! - LOG OUT NOW OR YOU MAY LOSE YOUR GEAR
﻿01:29:30 : RCon admin #0: (Global) AUTO SERVER RESTART IN 30 SECONDS! - LOG OUT NOW OR YOU MAY LOSE YOUR GEAR
﻿01:39:30 : RCon admin #0: (Global) AUTO SERVER RESTART IN 30 SECONDS! - LOG OUT NOW OR YOU MAY LOSE YOUR GEAR
﻿01:49:30 : RCon admin #0: (Global) AUTO SERVER RESTART IN 30 SECONDS! - LOG OUT NOW OR YOU MAY LOSE YOUR GEAR
﻿01:59:30 : RCon admin #0: (Global) AUTO SERVER RESTART IN 30 SECONDS! - LOG OUT NOW OR YOU MAY LOSE YOUR GEAR
﻿02:09:30 : RCon admin #0: (Global) AUTO SERVER RESTART IN 30 SECONDS! - LOG OUT NOW OR YOU MAY LOSE YOUR GEAR
﻿02:19:30 : RCon admin #0: (Global) AUTO SERVER RESTART IN 30 SECONDS! - LOG OUT NOW OR YOU MAY LOSE YOUR GEAR
﻿02:29:30 : RCon admin #0: (Global) AUTO SERVER RESTART IN 30 SECONDS! - LOG OUT NOW OR YOU MAY LOSE YOUR GEAR
﻿02:39:30 : RCon admin #0: (Global) AUTO SERVER RESTART IN 30 SECONDS! - LOG OUT NOW OR YOU MAY LOSE YOUR GEAR
﻿02:49:30 : RCon admin #0: (Global) AUTO SERVER RESTART IN 30 SECONDS! - LOG OUT NOW OR YOU MAY LOSE YOUR GEAR
﻿02:55:00 : RCon admin #0: (Global) AUTO SERVER RESTART IN 5 MINUTES
﻿02:57:00 : RCon admin #0: (Global) AUTO SERVER RESTART IN 3 MINUTES
﻿02:59:00 : RCon admin #0: (Global) AUTO SERVER RESTART IN 1 MINUTE
﻿02:59:30 : RCon admin #0: (Global) AUTO SERVER RESTART IN 30 SECONDS! - LOG OUT NOW OR YOU MAY LOSE YOUR GEAR
﻿03:09:30 : RCon admin #0: (Global) AUTO SERVER RESTART IN 30 SECONDS! - LOG OUT NOW OR YOU MAY LOSE YOUR GEAR
﻿03:19:30 : RCon admin #0: (Global) AUTO SERVER RESTART IN 30 SECONDS! - LOG OUT NOW OR YOU MAY LOSE YOUR GEAR
﻿03:29:30 : RCon admin #0: (Global) AUTO SERVER RESTART IN 30 SECONDS! - LOG OUT NOW OR YOU MAY LOSE YOUR GEAR
﻿03:39:30 : RCon admin #0: (Global) AUTO SERVER RESTART IN 30 SECONDS! - LOG OUT NOW OR YOU MAY LOSE YOUR GEAR
﻿03:49:30 : RCon admin #0: (Global) AUTO SERVER RESTART IN 30 SECONDS! - LOG OUT NOW OR YOU MAY LOSE YOUR GEAR
﻿03:59:30 : RCon admin #0: (Global) AUTO SERVER RESTART IN 30 SECONDS! - LOG OUT NOW OR YOU MAY LOSE YOUR GEAR
﻿04:09:30 : RCon admin #0: (Global) AUTO SERVER RESTART IN 30 SECONDS! - LOG OUT NOW OR YOU MAY LOSE YOUR GEAR
﻿04:19:30 : RCon admin #0: (Global) AUTO SERVER RESTART IN 30 SECONDS! - LOG OUT NOW OR YOU MAY LOSE YOUR GEAR
﻿04:29:30 : RCon admin #0: (Global) AUTO SERVER RESTART IN 30 SECONDS! - LOG OUT NOW OR YOU MAY LOSE YOUR GEAR
﻿04:39:30 : RCon admin #0: (Global) AUTO SERVER RESTART IN 30 SECONDS! - LOG OUT NOW OR YOU MAY LOSE YOUR GEAR
﻿04:49:30 : RCon admin #0: (Global) AUTO SERVER RESTART IN 30 SECONDS! - LOG OUT NOW OR YOU MAY LOSE YOUR GEAR
﻿04:59:30 : RCon admin #0: (Global) AUTO SERVER RESTART IN 30 SECONDS! - LOG OUT NOW OR YOU MAY LOSE YOUR GEAR
﻿05:09:30 : RCon admin #0: (Global) AUTO SERVER RESTART IN 30 SECONDS! - LOG OUT NOW OR YOU MAY LOSE YOUR GEAR
﻿05:19:30 : RCon admin #0: (Global) AUTO SERVER RESTART IN 30 SECONDS! - LOG OUT NOW OR YOU MAY LOSE YOUR GEAR
﻿05:29:30 : RCon admin #0: (Global) AUTO SERVER RESTART IN 30 SECONDS! - LOG OUT NOW OR YOU MAY LOSE YOUR GEAR
﻿05:39:30 : RCon admin #0: (Global) AUTO SERVER RESTART IN 30 SECONDS! - LOG OUT NOW OR YOU MAY LOSE YOUR GEAR
﻿05:49:30 : RCon admin #0: (Global) AUTO SERVER RESTART IN 30 SECONDS! - LOG OUT NOW OR YOU MAY LOSE YOUR GEAR
﻿05:55:00 : RCon admin #0: (Global) AUTO SERVER RESTART IN 5 MINUTES
﻿05:57:00 : RCon admin #0: (Global) AUTO SERVER RESTART IN 3 MINUTES
﻿05:59:00 : RCon admin #0: (Global) AUTO SERVER RESTART IN 1 MINUTE
﻿05:59:30 : RCon admin #0: (Global) AUTO SERVER RESTART IN 30 SECONDS! - LOG OUT NOW OR YOU MAY LOSE YOUR GEAR
﻿06:09:30 : RCon admin #0: (Global) AUTO SERVER RESTART IN 30 SECONDS! - LOG OUT NOW OR YOU MAY LOSE YOUR GEAR
﻿06:19:30 : RCon admin #0: (Global) AUTO SERVER RESTART IN 30 SECONDS! - LOG OUT NOW OR YOU MAY LOSE YOUR GEAR
﻿06:29:30 : RCon admin #0: (Global) AUTO SERVER RESTART IN 30 SECONDS! - LOG OUT NOW OR YOU MAY LOSE YOUR GEAR
﻿06:39:30 : RCon admin #0: (Global) AUTO SERVER RESTART IN 30 SECONDS! - LOG OUT NOW OR YOU MAY LOSE YOUR GEAR
﻿06:49:30 : RCon admin #0: (Global) AUTO SERVER RESTART IN 30 SECONDS! - LOG OUT NOW OR YOU MAY LOSE YOUR GEAR
﻿06:59:30 : RCon admin #0: (Global) AUTO SERVER RESTART IN 30 SECONDS! - LOG OUT NOW OR YOU MAY LOSE YOUR GEAR
﻿07:09:30 : RCon admin #0: (Global) AUTO SERVER RESTART IN 30 SECONDS! - LOG OUT NOW OR YOU MAY LOSE YOUR GEAR
﻿07:19:30 : RCon admin #0: (Global) AUTO SERVER RESTART IN 30 SECONDS! - LOG OUT NOW OR YOU MAY LOSE YOUR GEAR
﻿07:29:30 : RCon admin #0: (Global) AUTO SERVER RESTART IN 30 SECONDS! - LOG OUT NOW OR YOU MAY LOSE YOUR GEAR
﻿07:39:30 : RCon admin #0: (Global) AUTO SERVER RESTART IN 30 SECONDS! - LOG OUT NOW OR YOU MAY LOSE YOUR GEAR
﻿07:49:30 : RCon admin #0: (Global) AUTO SERVER RESTART IN 30 SECONDS! - LOG OUT NOW OR YOU MAY LOSE YOUR GEAR
﻿07:59:30 : RCon admin #0: (Global) AUTO SERVER RESTART IN 30 SECONDS! - LOG OUT NOW OR YOU MAY LOSE YOUR GEAR
﻿08:09:30 : RCon admin #0: (Global) AUTO SERVER RESTART IN 30 SECONDS! - LOG OUT NOW OR YOU MAY LOSE YOUR GEAR
﻿08:19:30 : RCon admin #0: (Global) AUTO SERVER RESTART IN 30 SECONDS! - LOG OUT NOW OR YOU MAY LOSE YOUR GEAR
﻿08:29:30 : RCon admin #0: (Global) AUTO SERVER RESTART IN 30 SECONDS! - LOG OUT NOW OR YOU MAY LOSE YOUR GEAR
﻿08:35:31 : Player #0 Carbonoid (66.30.112.69:2304) connected
﻿08:35:32 : Player #0 Carbonoid - GUID: 972fa863a0555009a12bd329b177b181 (unverified)
﻿08:35:32 : Player #0 Carbonoid - Legacy GUID: d0998e822d3a3466c43f64fbaefb64c4
﻿08:35:32 : Verified GUID (972fa863a0555009a12bd329b177b181) of player #0 Carbonoid
﻿08:36:07 : RCon admin #0: (To Carbonoid) BEC : You have about 60 seconds left to join the mission.
﻿08:36:33 : RCon admin #0: (To Carbonoid) BEC : You have about 30 seconds left to join the mission.
﻿08:36:50 : RCon admin #0: (To Carbonoid) BEC : You have about 15 seconds left to join the mission.
﻿08:39:30 : RCon admin #0: (Global) AUTO SERVER RESTART IN 30 SECONDS! - LOG OUT NOW OR YOU MAY LOSE YOUR GEAR
﻿08:49:30 : RCon admin #0: (Global) AUTO SERVER RESTART IN 30 SECONDS! - LOG OUT NOW OR YOU MAY LOSE YOUR GEAR
﻿08:55:00 : RCon admin #0: (Global) AUTO SERVER RESTART IN 5 MINUTES
﻿08:57:00 : RCon admin #0: (Global) AUTO SERVER RESTART IN 3 MINUTES
﻿08:59:00 : RCon admin #0: (Global) AUTO SERVER RESTART IN 1 MINUTE
﻿08:59:30 : RCon admin #0: (Global) AUTO SERVER RESTART IN 30 SECONDS! - LOG OUT NOW OR YOU MAY LOSE YOUR GEAR
﻿09:09:30 : RCon admin #0: (Global) AUTO SERVER RESTART IN 30 SECONDS! - LOG OUT NOW OR YOU MAY LOSE YOUR GEAR
﻿09:10:30 : Player #0 Carbonoid disconnected
﻿09:19:30 : RCon admin #0: (Global) AUTO SERVER RESTART IN 30 SECONDS! - LOG OUT NOW OR YOU MAY LOSE YOUR GEAR
﻿09:29:30 : RCon admin #0: (Global) AUTO SERVER RESTART IN 30 SECONDS! - LOG OUT NOW OR YOU MAY LOSE YOUR GEAR
﻿09:39:30 : RCon admin #0: (Global) AUTO SERVER RESTART IN 30 SECONDS! - LOG OUT NOW OR YOU MAY LOSE YOUR GEAR
﻿09:49:30 : RCon admin #0: (Global) AUTO SERVER RESTART IN 30 SECONDS! - LOG OUT NOW OR YOU MAY LOSE YOUR GEAR
﻿09:59:30 : RCon admin #0: (Global) AUTO SERVER RESTART IN 30 SECONDS! - LOG OUT NOW OR YOU MAY LOSE YOUR GEAR
﻿10:09:30 : RCon admin #0: (Global) AUTO SERVER RESTART IN 30 SECONDS! - LOG OUT NOW OR YOU MAY LOSE YOUR GEAR
﻿10:19:30 : RCon admin #0: (Global) AUTO SERVER RESTART IN 30 SECONDS! - LOG OUT NOW OR YOU MAY LOSE YOUR GEAR
﻿10:29:30 : RCon admin #0: (Global) AUTO SERVER RESTART IN 30 SECONDS! - LOG OUT NOW OR YOU MAY LOSE YOUR GEAR
﻿10:39:30 : RCon admin #0: (Global) AUTO SERVER RESTART IN 30 SECONDS! - LOG OUT NOW OR YOU MAY LOSE YOUR GEAR
﻿10:49:30 : RCon admin #0: (Global) AUTO SERVER RESTART IN 30 SECONDS! - LOG OUT NOW OR YOU MAY LOSE YOUR GEAR
﻿10:59:30 : RCon admin #0: (Global) AUTO SERVER RESTART IN 30 SECONDS! - LOG OUT NOW OR YOU MAY LOSE YOUR GEAR
﻿11:09:30 : RCon admin #0: (Global) AUTO SERVER RESTART IN 30 SECONDS! - LOG OUT NOW OR YOU MAY LOSE YOUR GEAR
﻿11:23:56 : Rcon client logging in
﻿11:23:56 : RCon admin #0 (127.0.0.1:53642) logged in
﻿11:24:33 : Player #0 Devin (216.164.56.45:2304) connected
﻿11:24:34 : Player #0 Devin - GUID: 70d0226d5fe225de9b766952171301bb (unverified)
﻿11:24:34 : Verified GUID (70d0226d5fe225de9b766952171301bb) of player #0 Devin
﻿11:24:34 : Player #0 Devin - Legacy GUID: 493138e0bd15927af73605234a5a90a5
﻿11:25:07 : RCon admin #0: (To Devin) BEC : You have about 60 seconds left to join the mission.
﻿11:25:35 : RCon admin #0: (To Devin) BEC : You have about 30 seconds left to join the mission.
﻿11:25:52 : RCon admin #0: (To Devin) BEC : You have about 15 seconds left to join the mission.
﻿11:26:06 : Player #0 Devin (70d0226d5fe225de9b766952171301bb) has been kicked by BattlEye: Admin Kick (BEC : Lobby idling to long)
﻿11:27:41 : Player #0 Devin (216.164.56.45:2304) connected
﻿11:27:42 : Player #0 Devin - GUID: 70d0226d5fe225de9b766952171301bb (unverified)
﻿11:27:42 : Verified GUID (70d0226d5fe225de9b766952171301bb) of player #0 Devin
﻿11:27:43 : Player #0 Devin - Legacy GUID: 493138e0bd15927af73605234a5a90a5
﻿11:28:16 : RCon admin #0: (To Devin) BEC : You have about 60 seconds left to join the mission.
﻿11:30:39 : Player #0 Devin disconnected
﻿11:55:00 : RCon admin #0: (Global) AUTO SERVER RESTART IN 5 MINUTES
﻿11:57:00 : RCon admin #0: (Global) AUTO SERVER RESTART IN 3 MINUTES
﻿11:59:00 : RCon admin #0: (Global) AUTO SERVER RESTART IN 1 MINUTE
﻿11:59:30 : RCon admin #0: (Global) AUTO SERVER RESTART IN 30 SECONDS! - LOG OUT NOW OR YOU MAY LOSE YOUR GEAR
﻿12:00:35 : No Valid response. Trying to reconnect.!
﻿12:00:39 : No Valid response. Trying to reconnect.!
﻿12:00:43 : No Valid response. Trying to reconnect.!
﻿12:00:44 : No Valid response. Trying to reconnect.!
﻿12:00:47 : Lost Connection!
﻿12:00:47 : Closing socket & exiting!
﻿12:00:48 : No Valid response. Trying to reconnect.!
﻿12:00:52 : No Valid response. Trying to reconnect.!
﻿12:00:56 : Lost Connection!
﻿12:00:56 : Closing socket & exiting!
﻿12:17:46 : Rcon client logging in
﻿12:17:46 : RCon admin #0 (127.0.0.1:57059) logged in
﻿12:24:58 : Lost Connection!
﻿12:24:58 : Closing socket & exiting!
﻿12:25:30 : Rcon client logging in
﻿12:25:30 : RCon admin #0 (127.0.0.1:51775) logged in
﻿13:56:48 : Player #0 Carbonoid (66.30.112.69:2304) connected
﻿13:56:49 : Player #0 Carbonoid - GUID: 972fa863a0555009a12bd329b177b181 (unverified)
﻿13:56:49 : Verified GUID (972fa863a0555009a12bd329b177b181) of player #0 Carbonoid
﻿13:56:49 : Player #0 Carbonoid - Legacy GUID: d0998e822d3a3466c43f64fbaefb64c4
﻿13:57:23 : RCon admin #0: (To Carbonoid) BEC : You have about 60 seconds left to join the mission.
﻿13:58:09 : RCon admin #0: (To Carbonoid) BEC : You have about 30 seconds left to join the mission.
﻿13:58:09 : RCon admin #0: (To Carbonoid) BEC : You have about 15 seconds left to join the mission.
﻿13:58:23 : Player #0 Carbonoid (972fa863a0555009a12bd329b177b181) has been kicked by BattlEye: Admin Kick (BEC : Lobby idling to long)
﻿14:01:31 : Player #0 Carbonoid (66.30.112.69:2304) connected
﻿14:01:32 : Player #0 Carbonoid - GUID: 972fa863a0555009a12bd329b177b181 (unverified)
﻿14:01:32 : Verified GUID (972fa863a0555009a12bd329b177b181) of player #0 Carbonoid
﻿14:01:32 : Player #0 Carbonoid - Legacy GUID: d0998e822d3a3466c43f64fbaefb64c4
﻿14:02:03 : RCon admin #0: (To Carbonoid) BEC : You have about 60 seconds left to join the mission.
﻿14:21:54 : Lost Connection!
﻿14:21:54 : Closing socket & exiting!
﻿14:23:14 : Rcon client logging in
﻿14:23:14 : RCon admin #0 (127.0.0.1:54597) logged in
﻿14:24:22 : Lost Connection!
﻿14:24:22 : Closing socket & exiting!
﻿14:51:19 : Rcon client logging in
﻿14:51:19 : RCon admin #0 (127.0.0.1:61461) logged in
﻿14:59:37 : Rcon client logging in
﻿14:59:37 : RCon admin #0 (127.0.0.1:60291) logged in
﻿14:59:54 : Lost Connection!
﻿14:59:54 : Closing socket & exiting!
﻿15:28:29 : Rcon client logging in
﻿15:28:29 : RCon admin #0 (127.0.0.1:51988) logged in
﻿15:30:52 : Lost Connection!
﻿15:30:52 : Closing socket & exiting!
﻿15:31:24 : Rcon client logging in
﻿15:31:24 : RCon admin #0 (127.0.0.1:49915) logged in
﻿17:55:00 : RCon admin #0: (Global) AUTO SERVER RESTART IN 5 MINUTES
﻿17:57:00 : RCon admin #0: (Global) AUTO SERVER RESTART IN 3 MINUTES
﻿17:59:00 : RCon admin #0: (Global) AUTO SERVER RESTART IN 1 MINUTE
﻿17:59:30 : RCon admin #0: (Global) AUTO SERVER RESTART IN 30 SECONDS! - LOG OUT NOW OR YOU MAY LOSE YOUR GEAR
﻿18:00:01 : Lost Connection!
﻿18:00:01 : Closing socket & exiting!
﻿18:00:33 : Rcon client logging in
﻿18:00:33 : RCon admin #0 (127.0.0.1:54481) logged in
﻿20:55:00 : RCon admin #0: (Global) AUTO SERVER RESTART IN 5 MINUTES
﻿20:57:00 : RCon admin #0: (Global) AUTO SERVER RESTART IN 3 MINUTES
﻿20:59:00 : RCon admin #0: (Global) AUTO SERVER RESTART IN 1 MINUTE
﻿20:59:30 : RCon admin #0: (Global) AUTO SERVER RESTART IN 30 SECONDS! - LOG OUT NOW OR YOU MAY LOSE YOUR GEAR
﻿21:00:02 : Lost Connection!
﻿21:00:02 : Closing socket & exiting!
﻿21:00:33 : Rcon client logging in
﻿21:00:33 : RCon admin #0 (127.0.0.1:55518) logged in
﻿23:55:00 : RCon admin #0: (Global) AUTO SERVER RESTART IN 5 MINUTES
﻿23:57:00 : RCon admin #0: (Global) AUTO SERVER RESTART IN 3 MINUTES
﻿23:59:00 : RCon admin #0: (Global) AUTO SERVER RESTART IN 1 MINUTE
﻿23:59:30 : RCon admin #0: (Global) AUTO SERVER RESTART IN 30 SECONDS! - LOG OUT NOW OR YOU MAY LOSE YOUR GEAR
