00:00:02 : Lost Connection!
﻿00:00:02 : Closing socket & exiting!
﻿00:00:33 : Rcon client logging in
﻿00:00:33 : RCon admin #0 (127.0.0.1:57228) logged in
﻿00:12:08 : Player #0 iConnorN (108.18.107.95:2704) connected
﻿00:12:08 : Player #0 iConnorN - GUID: e38ca0239fe347ee94010856ee3d349f (unverified)
﻿00:12:09 : Verified GUID (e38ca0239fe347ee94010856ee3d349f) of player #0 iConnorN
﻿00:12:09 : Player #0 iConnorN - Legacy GUID: 013c22835fcd45c286edd9a006ea863a
﻿00:12:14 : Player #0 iConnorN disconnected
﻿00:12:23 : Player #0 iConnorN (108.18.107.95:2704) connected
﻿00:12:24 : Player #0 iConnorN - GUID: e38ca0239fe347ee94010856ee3d349f (unverified)
﻿00:12:24 : Verified GUID (e38ca0239fe347ee94010856ee3d349f) of player #0 iConnorN
﻿00:12:25 : Player #0 iConnorN - Legacy GUID: 013c22835fcd45c286edd9a006ea863a
﻿00:13:11 : Player #1 Mist (122.106.162.172:2304) connected
﻿00:13:11 : Player #1 Mist - GUID: d43966d0a56434cc4e46dcbd390ce9dd (unverified)
﻿00:13:12 : Verified GUID (d43966d0a56434cc4e46dcbd390ce9dd) of player #1 Mist
﻿00:13:13 : Player #1 Mist - Legacy GUID: 120f1d0d1e0c3868438416a1512268b7
﻿00:14:55 : Player #0 iConnorN - Legacy GUID: 013c22835fcd45c286edd9a006ea863a
﻿01:13:29 : Player #1 Mist disconnected
﻿01:17:12 : Player #1 Mist (122.106.162.172:2304) connected
﻿01:17:12 : Player #1 Mist - GUID: d43966d0a56434cc4e46dcbd390ce9dd (unverified)
﻿01:17:13 : Verified GUID (d43966d0a56434cc4e46dcbd390ce9dd) of player #1 Mist
﻿01:17:14 : Player #1 Mist - Legacy GUID: 120f1d0d1e0c3868438416a1512268b7
﻿01:17:45 : RCon admin #0: (To Mist) BEC : You have about 60 seconds left to join the mission.
﻿01:18:14 : RCon admin #0: (To Mist) BEC : You have about 30 seconds left to join the mission.
﻿02:10:24 : Player #0 iConnorN disconnected
﻿02:10:29 : Player #0 iConnorN (108.18.107.95:2704) connected
﻿02:10:30 : Player #0 iConnorN - GUID: e38ca0239fe347ee94010856ee3d349f (unverified)
﻿02:10:30 : Verified GUID (e38ca0239fe347ee94010856ee3d349f) of player #0 iConnorN
﻿02:10:31 : Player #0 iConnorN - Legacy GUID: 013c22835fcd45c286edd9a006ea863a
﻿02:10:46 : Player #1 Mist disconnected
﻿02:10:55 : Player #0 iConnorN disconnected
﻿02:55:00 : RCon admin #0: (Global) AUTO SERVER RESTART IN 5 MINUTES
﻿02:57:00 : RCon admin #0: (Global) AUTO SERVER RESTART IN 3 MINUTES
﻿02:59:00 : RCon admin #0: (Global) AUTO SERVER RESTART IN 1 MINUTE
﻿02:59:30 : RCon admin #0: (Global) AUTO SERVER RESTART IN 30 SECONDS! - LOG OUT NOW OR YOU MAY LOSE YOUR GEAR
﻿03:00:02 : Lost Connection!
﻿03:00:02 : Closing socket & exiting!
﻿03:00:33 : Rcon client logging in
﻿03:00:34 : RCon admin #0 (127.0.0.1:64729) logged in
﻿05:55:00 : RCon admin #0: (Global) AUTO SERVER RESTART IN 5 MINUTES
﻿05:57:00 : RCon admin #0: (Global) AUTO SERVER RESTART IN 3 MINUTES
﻿05:59:00 : RCon admin #0: (Global) AUTO SERVER RESTART IN 1 MINUTE
﻿05:59:30 : RCon admin #0: (Global) AUTO SERVER RESTART IN 30 SECONDS! - LOG OUT NOW OR YOU MAY LOSE YOUR GEAR
﻿06:00:01 : Lost Connection!
﻿06:00:01 : Closing socket & exiting!
﻿06:00:33 : Rcon client logging in
﻿06:00:33 : RCon admin #0 (127.0.0.1:59140) logged in
﻿08:55:00 : RCon admin #0: (Global) AUTO SERVER RESTART IN 5 MINUTES
﻿08:57:00 : RCon admin #0: (Global) AUTO SERVER RESTART IN 3 MINUTES
﻿08:59:00 : RCon admin #0: (Global) AUTO SERVER RESTART IN 1 MINUTE
﻿08:59:30 : RCon admin #0: (Global) AUTO SERVER RESTART IN 30 SECONDS! - LOG OUT NOW OR YOU MAY LOSE YOUR GEAR
﻿09:00:02 : Lost Connection!
﻿09:00:02 : Closing socket & exiting!
﻿09:00:33 : Rcon client logging in
﻿09:00:33 : RCon admin #0 (127.0.0.1:55668) logged in
﻿11:55:00 : RCon admin #0: (Global) AUTO SERVER RESTART IN 5 MINUTES
﻿11:57:00 : RCon admin #0: (Global) AUTO SERVER RESTART IN 3 MINUTES
﻿11:59:00 : RCon admin #0: (Global) AUTO SERVER RESTART IN 1 MINUTE
﻿11:59:30 : RCon admin #0: (Global) AUTO SERVER RESTART IN 30 SECONDS! - LOG OUT NOW OR YOU MAY LOSE YOUR GEAR
﻿12:00:02 : Lost Connection!
﻿12:00:02 : Closing socket & exiting!
﻿12:00:33 : Rcon client logging in
﻿12:00:33 : RCon admin #0 (127.0.0.1:64346) logged in
﻿14:22:03 : Player #0 Juan (190.72.70.91:2304) connected
﻿14:22:03 : Player #0 Juan - GUID: 159fda592b1f25fc30d01ce537d7387b (unverified)
﻿14:22:04 : Verified GUID (159fda592b1f25fc30d01ce537d7387b) of player #0 Juan
﻿14:22:04 : Player #0 Juan - Legacy GUID: 1bf45693296e2e44a1e336c5ae18bc94
﻿14:22:37 : RCon admin #0: (To Juan) BEC : You have about 60 seconds left to join the mission.
﻿14:23:05 : RCon admin #0: (To Juan) BEC : You have about 30 seconds left to join the mission.
﻿14:23:21 : RCon admin #0: (To Juan) BEC : You have about 15 seconds left to join the mission.
﻿14:23:36 : Player #0 Juan (159fda592b1f25fc30d01ce537d7387b) has been kicked by BattlEye: Admin Kick (BEC : Lobby idling to long)
﻿14:55:00 : RCon admin #0: (Global) AUTO SERVER RESTART IN 5 MINUTES
﻿14:57:00 : RCon admin #0: (Global) AUTO SERVER RESTART IN 3 MINUTES
﻿14:59:00 : RCon admin #0: (Global) AUTO SERVER RESTART IN 1 MINUTE
﻿14:59:30 : RCon admin #0: (Global) AUTO SERVER RESTART IN 30 SECONDS! - LOG OUT NOW OR YOU MAY LOSE YOUR GEAR
﻿15:00:02 : Lost Connection!
﻿15:00:02 : Closing socket & exiting!
﻿15:00:33 : Rcon client logging in
﻿15:00:33 : RCon admin #0 (127.0.0.1:60749) logged in
﻿15:34:30 : Player #0 Mist (122.106.162.172:2304) connected
﻿15:34:31 : Player #0 Mist - GUID: d43966d0a56434cc4e46dcbd390ce9dd (unverified)
﻿15:34:32 : Player #0 Mist - Legacy GUID: 120f1d0d1e0c3868438416a1512268b7
﻿15:34:32 : Verified GUID (d43966d0a56434cc4e46dcbd390ce9dd) of player #0 Mist
﻿15:35:12 : RCon admin #0: (To Mist) BEC : You have about 60 seconds left to join the mission.
﻿15:38:57 : RCon admin #0: (To Mist) BEC : You have about 60 seconds left to join the mission.
﻿15:39:26 : RCon admin #0: (To Mist) BEC : You have about 30 seconds left to join the mission.
﻿15:39:43 : RCon admin #0: (To Mist) BEC : You have about 15 seconds left to join the mission.
﻿15:39:57 : Player #0 Mist (d43966d0a56434cc4e46dcbd390ce9dd) has been kicked by BattlEye: Admin Kick (BEC : Lobby idling to long)
﻿15:51:35 : Player #0 Mist (122.106.162.172:2304) connected
﻿15:51:36 : Player #0 Mist - GUID: d43966d0a56434cc4e46dcbd390ce9dd (unverified)
﻿15:51:36 : Verified GUID (d43966d0a56434cc4e46dcbd390ce9dd) of player #0 Mist
﻿15:51:37 : Player #0 Mist - Legacy GUID: 120f1d0d1e0c3868438416a1512268b7
﻿16:15:47 : Player #0 Mist disconnected
﻿17:55:00 : RCon admin #0: (Global) AUTO SERVER RESTART IN 5 MINUTES
﻿17:57:00 : RCon admin #0: (Global) AUTO SERVER RESTART IN 3 MINUTES
﻿17:59:00 : RCon admin #0: (Global) AUTO SERVER RESTART IN 1 MINUTE
﻿17:59:30 : RCon admin #0: (Global) AUTO SERVER RESTART IN 30 SECONDS! - LOG OUT NOW OR YOU MAY LOSE YOUR GEAR
﻿18:00:02 : Lost Connection!
﻿18:00:02 : Closing socket & exiting!
﻿18:00:33 : Rcon client logging in
﻿18:00:33 : RCon admin #0 (127.0.0.1:52607) logged in
﻿19:47:12 : Player #0 jesquik (66.31.45.174:2304) connected
﻿19:47:14 : Player #0 jesquik - GUID: 3c96bf37ad015cb45df0628318a128d4 (unverified)
﻿19:47:14 : Verified GUID (3c96bf37ad015cb45df0628318a128d4) of player #0 jesquik
﻿19:47:14 : Player #0 jesquik - Legacy GUID: 6eb27d76b28885f2c56fe9c7469de086
﻿19:48:45 : Player #0 jesquik (3c96bf37ad015cb45df0628318a128d4) has been kicked by BattlEye: Admin Kick (BEC : Lobby idling to long)
﻿19:54:24 : Lost Connection!
﻿19:54:24 : Closing socket & exiting!
﻿20:13:26 : Rcon client logging in
﻿20:13:26 : RCon admin #0 (127.0.0.1:57506) logged in
﻿20:23:10 : Player #0 jesquik (66.31.45.174:2304) connected
﻿20:23:11 : Player #0 jesquik - GUID: 3c96bf37ad015cb45df0628318a128d4 (unverified)
﻿20:23:11 : Verified GUID (3c96bf37ad015cb45df0628318a128d4) of player #0 jesquik
﻿20:23:11 : Player #0 jesquik - Legacy GUID: 6eb27d76b28885f2c56fe9c7469de086
﻿20:23:48 : RCon admin #0: (To jesquik) BEC : You have about 60 seconds left to join the mission.
﻿20:24:12 : RCon admin #0: (To jesquik) BEC : You have about 30 seconds left to join the mission.
﻿20:24:29 : RCon admin #0: (To jesquik) BEC : You have about 15 seconds left to join the mission.
﻿20:24:43 : Player #0 jesquik (3c96bf37ad015cb45df0628318a128d4) has been kicked by BattlEye: Admin Kick (BEC : Lobby idling to long)
﻿20:30:34 : Player #0 jesquik (66.31.45.174:2304) connected
﻿20:30:35 : Player #0 jesquik - GUID: 3c96bf37ad015cb45df0628318a128d4 (unverified)
﻿20:30:35 : Verified GUID (3c96bf37ad015cb45df0628318a128d4) of player #0 jesquik
﻿20:30:35 : Player #0 jesquik - Legacy GUID: 6eb27d76b28885f2c56fe9c7469de086
﻿20:31:07 : RCon admin #0: (To jesquik) BEC : You have about 60 seconds left to join the mission.
﻿20:31:36 : RCon admin #0: (To jesquik) BEC : You have about 30 seconds left to join the mission.
﻿20:31:53 : RCon admin #0: (To jesquik) BEC : You have about 15 seconds left to join the mission.
﻿20:47:54 : Player #1 iConnorN (108.18.107.95:2304) connected
﻿20:47:55 : Player #1 iConnorN - GUID: e38ca0239fe347ee94010856ee3d349f (unverified)
﻿20:47:56 : Verified GUID (e38ca0239fe347ee94010856ee3d349f) of player #1 iConnorN
﻿20:47:58 : Player #1 iConnorN - Legacy GUID: 013c22835fcd45c286edd9a006ea863a
﻿20:48:29 : RCon admin #0: (To iConnorN) BEC : You have about 60 seconds left to join the mission.
﻿20:50:14 : Player #2 Mist (122.106.162.172:2304) connected
﻿20:50:15 : Player #2 Mist - GUID: d43966d0a56434cc4e46dcbd390ce9dd (unverified)
﻿20:50:15 : Verified GUID (d43966d0a56434cc4e46dcbd390ce9dd) of player #2 Mist
﻿20:50:16 : Player #2 Mist - Legacy GUID: 120f1d0d1e0c3868438416a1512268b7
﻿20:50:24 : Player #3 Jeremy (75.168.248.91:2304) connected
﻿20:50:25 : Player #3 Jeremy - GUID: f9b189bf9351605ab032cba0be80f6d0 (unverified)
﻿20:50:26 : Verified GUID (f9b189bf9351605ab032cba0be80f6d0) of player #3 Jeremy
﻿20:50:26 : Player #3 Jeremy - Legacy GUID: 55bd1a87bec923f796dd71cdfdc78501
﻿20:50:26 : Player #3 Jeremy disconnected
﻿20:50:48 : RCon admin #0: (To Mist) BEC : You have about 60 seconds left to join the mission.
﻿20:51:34 : RCon admin #0: (To jesquik) BEC : You have about 60 seconds left to join the mission.
﻿20:52:02 : RCon admin #0: (To jesquik) BEC : You have about 30 seconds left to join the mission.
﻿20:52:19 : RCon admin #0: (To jesquik) BEC : You have about 15 seconds left to join the mission.
﻿20:52:34 : Player #0 jesquik (3c96bf37ad015cb45df0628318a128d4) has been kicked by BattlEye: Admin Kick (BEC : Lobby idling to long)
﻿20:52:38 : Player #0 jesquik (66.31.45.174:2304) connected
﻿20:52:39 : Player #0 jesquik - GUID: 3c96bf37ad015cb45df0628318a128d4 (unverified)
﻿20:52:40 : Verified GUID (3c96bf37ad015cb45df0628318a128d4) of player #0 jesquik
﻿20:52:41 : Player #0 jesquik - Legacy GUID: 6eb27d76b28885f2c56fe9c7469de086
﻿20:53:09 : Player #3 Devin (216.164.56.45:2304) connected
﻿20:53:10 : Player #3 Devin - GUID: 70d0226d5fe225de9b766952171301bb (unverified)
﻿20:53:11 : Verified GUID (70d0226d5fe225de9b766952171301bb) of player #3 Devin
﻿20:53:11 : Player #3 Devin - Legacy GUID: 493138e0bd15927af73605234a5a90a5
﻿20:55:00 : RCon admin #0: (Global) AUTO SERVER RESTART IN 5 MINUTES
﻿20:55:41 : Player #3 Devin - Legacy GUID: 493138e0bd15927af73605234a5a90a5
﻿20:57:00 : RCon admin #0: (Global) AUTO SERVER RESTART IN 3 MINUTES
﻿20:57:24 : Player #2 Mist disconnected
﻿20:59:00 : RCon admin #0: (Global) AUTO SERVER RESTART IN 1 MINUTE
﻿20:59:30 : Player #3 Devin disconnected
﻿20:59:30 : RCon admin #0: (Global) AUTO SERVER RESTART IN 30 SECONDS! - LOG OUT NOW OR YOU MAY LOSE YOUR GEAR
﻿21:00:01 : Lost Connection!
﻿21:00:01 : Closing socket & exiting!
﻿21:02:24 : Rcon client logging in
﻿21:02:24 : RCon admin #0 (127.0.0.1:63316) logged in
﻿21:02:41 : Player #1 Mist (122.106.162.172:2304) connected
﻿21:02:59 : Player #1 Mist - GUID: d43966d0a56434cc4e46dcbd390ce9dd (unverified)
﻿21:02:59 : Verified GUID (d43966d0a56434cc4e46dcbd390ce9dd) of player #1 Mist
﻿21:02:59 : Player #1 Mist - Legacy GUID: 120f1d0d1e0c3868438416a1512268b7
﻿21:04:20 : Could not connect to BE Master
﻿21:04:20 : Update attempt failed
﻿21:07:04 : Player #2 jesquik (66.31.45.174:2304) connected
﻿21:07:05 : Player #2 jesquik - GUID: 3c96bf37ad015cb45df0628318a128d4 (unverified)
﻿21:07:05 : Verified GUID (3c96bf37ad015cb45df0628318a128d4) of player #2 jesquik
﻿21:07:06 : Player #2 jesquik - Legacy GUID: 6eb27d76b28885f2c56fe9c7469de086
﻿21:09:05 : RCon admin #0: (To jesquik) BEC : You have about 60 seconds left to join the mission.
﻿21:09:37 : RCon admin #0: (To jesquik) BEC : You have about 30 seconds left to join the mission.
﻿21:09:51 : RCon admin #0: (To jesquik) BEC : You have about 15 seconds left to join the mission.
﻿21:10:08 : Player #2 jesquik (3c96bf37ad015cb45df0628318a128d4) has been kicked by BattlEye: Admin Kick (BEC : Lobby idling to long)
﻿21:15:58 : Player #2 jesquik (66.31.45.174:2304) connected
﻿21:15:58 : Player #2 jesquik - GUID: 3c96bf37ad015cb45df0628318a128d4 (unverified)
﻿21:15:59 : Verified GUID (3c96bf37ad015cb45df0628318a128d4) of player #2 jesquik
﻿21:16:00 : Player #2 jesquik - Legacy GUID: 6eb27d76b28885f2c56fe9c7469de086
﻿21:35:02 : Player #3 Devin (216.164.56.45:2304) connected
﻿21:35:02 : Player #3 Devin - GUID: 70d0226d5fe225de9b766952171301bb (unverified)
﻿21:35:03 : Verified GUID (70d0226d5fe225de9b766952171301bb) of player #3 Devin
﻿21:35:04 : Player #3 Devin - Legacy GUID: 493138e0bd15927af73605234a5a90a5
﻿21:44:33 : Player #3 Devin disconnected
﻿21:58:47 : Player #2 jesquik disconnected
﻿22:03:58 : Player #0 iConnorN disconnected
﻿22:04:03 : Player #1 Mist disconnected
﻿23:55:00 : RCon admin #0: (Global) AUTO SERVER RESTART IN 5 MINUTES
﻿23:57:00 : RCon admin #0: (Global) AUTO SERVER RESTART IN 3 MINUTES
﻿23:59:00 : RCon admin #0: (Global) AUTO SERVER RESTART IN 1 MINUTE
﻿23:59:30 : RCon admin #0: (Global) AUTO SERVER RESTART IN 30 SECONDS! - LOG OUT NOW OR YOU MAY LOSE YOUR GEAR
