00:00:01 : Lost Connection!
﻿00:00:01 : Closing socket & exiting!
﻿00:00:33 : Rcon client logging in
﻿00:00:33 : RCon admin #0 (127.0.0.1:52166) logged in
﻿02:55:00 : RCon admin #0: (Global) AUTO SERVER RESTART IN 5 MINUTES
﻿02:57:00 : RCon admin #0: (Global) AUTO SERVER RESTART IN 3 MINUTES
﻿02:59:00 : RCon admin #0: (Global) AUTO SERVER RESTART IN 1 MINUTE
﻿02:59:30 : RCon admin #0: (Global) AUTO SERVER RESTART IN 30 SECONDS! - LOG OUT NOW OR YOU MAY LOSE YOUR GEAR
﻿03:00:02 : Lost Connection!
﻿03:00:02 : Closing socket & exiting!
﻿03:00:33 : Rcon client logging in
﻿03:00:33 : RCon admin #0 (127.0.0.1:62904) logged in
﻿05:55:00 : RCon admin #0: (Global) AUTO SERVER RESTART IN 5 MINUTES
﻿05:57:00 : RCon admin #0: (Global) AUTO SERVER RESTART IN 3 MINUTES
﻿05:59:00 : RCon admin #0: (Global) AUTO SERVER RESTART IN 1 MINUTE
﻿05:59:30 : RCon admin #0: (Global) AUTO SERVER RESTART IN 30 SECONDS! - LOG OUT NOW OR YOU MAY LOSE YOUR GEAR
﻿06:00:02 : Lost Connection!
﻿06:00:02 : Closing socket & exiting!
﻿06:00:33 : Rcon client logging in
﻿06:00:33 : RCon admin #0 (127.0.0.1:61764) logged in
﻿08:55:00 : RCon admin #0: (Global) AUTO SERVER RESTART IN 5 MINUTES
﻿08:57:00 : RCon admin #0: (Global) AUTO SERVER RESTART IN 3 MINUTES
﻿08:59:00 : RCon admin #0: (Global) AUTO SERVER RESTART IN 1 MINUTE
﻿08:59:30 : RCon admin #0: (Global) AUTO SERVER RESTART IN 30 SECONDS! - LOG OUT NOW OR YOU MAY LOSE YOUR GEAR
﻿09:00:02 : Lost Connection!
﻿09:00:02 : Closing socket & exiting!
﻿09:00:33 : Rcon client logging in
﻿09:00:33 : RCon admin #0 (127.0.0.1:52329) logged in
﻿11:55:00 : RCon admin #0: (Global) AUTO SERVER RESTART IN 5 MINUTES
﻿11:57:00 : RCon admin #0: (Global) AUTO SERVER RESTART IN 3 MINUTES
﻿11:59:00 : RCon admin #0: (Global) AUTO SERVER RESTART IN 1 MINUTE
﻿11:59:30 : RCon admin #0: (Global) AUTO SERVER RESTART IN 30 SECONDS! - LOG OUT NOW OR YOU MAY LOSE YOUR GEAR
﻿12:00:02 : Lost Connection!
﻿12:00:02 : Closing socket & exiting!
﻿12:00:33 : Rcon client logging in
﻿12:00:33 : RCon admin #0 (127.0.0.1:52697) logged in
﻿14:55:00 : RCon admin #0: (Global) AUTO SERVER RESTART IN 5 MINUTES
﻿14:57:00 : RCon admin #0: (Global) AUTO SERVER RESTART IN 3 MINUTES
﻿14:59:00 : RCon admin #0: (Global) AUTO SERVER RESTART IN 1 MINUTE
﻿14:59:30 : RCon admin #0: (Global) AUTO SERVER RESTART IN 30 SECONDS! - LOG OUT NOW OR YOU MAY LOSE YOUR GEAR
﻿15:00:02 : Lost Connection!
﻿15:00:02 : Closing socket & exiting!
﻿15:00:33 : Rcon client logging in
﻿15:00:33 : RCon admin #0 (127.0.0.1:61151) logged in
﻿17:55:00 : RCon admin #0: (Global) AUTO SERVER RESTART IN 5 MINUTES
﻿17:57:00 : RCon admin #0: (Global) AUTO SERVER RESTART IN 3 MINUTES
﻿17:59:00 : RCon admin #0: (Global) AUTO SERVER RESTART IN 1 MINUTE
﻿17:59:30 : RCon admin #0: (Global) AUTO SERVER RESTART IN 30 SECONDS! - LOG OUT NOW OR YOU MAY LOSE YOUR GEAR
﻿18:00:02 : Lost Connection!
﻿18:00:02 : Closing socket & exiting!
﻿18:00:33 : Rcon client logging in
﻿18:00:33 : RCon admin #0 (127.0.0.1:59363) logged in
﻿20:55:00 : RCon admin #0: (Global) AUTO SERVER RESTART IN 5 MINUTES
﻿20:57:00 : RCon admin #0: (Global) AUTO SERVER RESTART IN 3 MINUTES
﻿20:59:00 : RCon admin #0: (Global) AUTO SERVER RESTART IN 1 MINUTE
﻿20:59:30 : RCon admin #0: (Global) AUTO SERVER RESTART IN 30 SECONDS! - LOG OUT NOW OR YOU MAY LOSE YOUR GEAR
﻿21:00:02 : Lost Connection!
﻿21:00:02 : Closing socket & exiting!
﻿21:00:33 : Rcon client logging in
﻿21:00:33 : RCon admin #0 (127.0.0.1:62993) logged in
﻿21:35:52 : Player #0 Mist (122.106.162.172:2304) connected
﻿21:35:53 : Player #0 Mist disconnected
﻿21:37:06 : Player #0 Mist (122.106.162.172:2304) connected
﻿21:37:07 : Player #0 Mist - GUID: d43966d0a56434cc4e46dcbd390ce9dd (unverified)
﻿21:37:07 : Verified GUID (d43966d0a56434cc4e46dcbd390ce9dd) of player #0 Mist
﻿21:37:08 : Player #0 Mist - Legacy GUID: 120f1d0d1e0c3868438416a1512268b7
﻿21:37:38 : RCon admin #0: (To Mist) BEC : You have about 60 seconds left to join the mission.
﻿21:38:07 : RCon admin #0: (To Mist) BEC : You have about 30 seconds left to join the mission.
﻿21:38:24 : RCon admin #0: (To Mist) BEC : You have about 15 seconds left to join the mission.
﻿21:38:43 : Player #0 Mist (d43966d0a56434cc4e46dcbd390ce9dd) has been kicked by BattlEye: Admin Kick (BEC : Lobby idling to long)
﻿21:39:01 : Player #0 Mist (122.106.162.172:2304) connected
﻿21:39:02 : Player #0 Mist disconnected
﻿21:39:06 : Player #0 Mist (122.106.162.172:2304) connected
﻿21:39:07 : Player #0 Mist - GUID: d43966d0a56434cc4e46dcbd390ce9dd (unverified)
﻿21:39:08 : Verified GUID (d43966d0a56434cc4e46dcbd390ce9dd) of player #0 Mist
﻿21:39:08 : Player #0 Mist - Legacy GUID: 120f1d0d1e0c3868438416a1512268b7
﻿21:40:25 : Player #1 Noodlehax (60.242.154.121:2304) connected
﻿21:40:26 : Player #1 Noodlehax - GUID: 1b58aaf79339b864cacd93c0d565e46c (unverified)
﻿21:40:26 : Verified GUID (1b58aaf79339b864cacd93c0d565e46c) of player #1 Noodlehax
﻿21:40:27 : Player #1 Noodlehax - Legacy GUID: 7498d2df99c4cc9ab84f52fb07c0a8dd
﻿21:40:57 : RCon admin #0: (To Noodlehax) BEC : You have about 60 seconds left to join the mission.
﻿21:41:13 : Player #1 Noodlehax (1b58aaf79339b864cacd93c0d565e46c) has been kicked by BattlEye: Ping too high (344)
﻿21:44:47 : Player #1 AVDPiXELS (122.106.147.141:2304) connected
﻿21:44:48 : Player #1 AVDPiXELS - GUID: 9eb5ab5e675818b887f95b90ffb4cbf9 (unverified)
﻿21:44:48 : Verified GUID (9eb5ab5e675818b887f95b90ffb4cbf9) of player #1 AVDPiXELS
﻿21:44:49 : Player #1 AVDPiXELS disconnected
﻿21:46:46 : Player #1 AVDPiXELS (122.106.147.141:2304) connected
﻿21:46:47 : Player #1 AVDPiXELS - GUID: 9eb5ab5e675818b887f95b90ffb4cbf9 (unverified)
﻿21:46:48 : Verified GUID (9eb5ab5e675818b887f95b90ffb4cbf9) of player #1 AVDPiXELS
﻿21:46:49 : Player #1 AVDPiXELS - Legacy GUID: 2719b3b8d3863484fd32cef9fdbfb4b6
﻿21:47:19 : RCon admin #0: (To AVDPiXELS) BEC : You have about 60 seconds left to join the mission.
﻿21:51:28 : Player #1 AVDPiXELS disconnected
﻿21:52:02 : Player #1 Noodlehax (60.242.154.121:2304) connected
﻿21:52:03 : Player #1 Noodlehax - GUID: 1b58aaf79339b864cacd93c0d565e46c (unverified)
﻿21:52:03 : Verified GUID (1b58aaf79339b864cacd93c0d565e46c) of player #1 Noodlehax
﻿21:52:04 : Player #1 Noodlehax - Legacy GUID: 7498d2df99c4cc9ab84f52fb07c0a8dd
﻿21:52:26 : Player #2 AVDPiXELS (122.106.147.141:2304) connected
﻿21:52:27 : Player #2 AVDPiXELS - GUID: 9eb5ab5e675818b887f95b90ffb4cbf9 (unverified)
﻿21:52:28 : Verified GUID (9eb5ab5e675818b887f95b90ffb4cbf9) of player #2 AVDPiXELS
﻿21:52:29 : Player #2 AVDPiXELS - Legacy GUID: 2719b3b8d3863484fd32cef9fdbfb4b6
﻿21:52:36 : RCon admin #0: (To Noodlehax) BEC : You have about 60 seconds left to join the mission.
﻿21:52:50 : Player #1 Noodlehax (1b58aaf79339b864cacd93c0d565e46c) has been kicked by BattlEye: Ping too high (328)
﻿21:56:23 : Player #1 Noodlehax (60.242.154.121:2304) connected
﻿21:56:24 : Player #1 Noodlehax - GUID: 1b58aaf79339b864cacd93c0d565e46c (unverified)
﻿21:56:26 : Player #1 Noodlehax - Legacy GUID: 7498d2df99c4cc9ab84f52fb07c0a8dd
﻿21:56:57 : RCon admin #0: (To Noodlehax) BEC : You have about 60 seconds left to join the mission.
﻿21:57:09 : Player #1 Noodlehax disconnected
﻿21:57:19 : Player #1 Noodlehax (60.242.154.121:2304) connected
﻿21:57:20 : Player #1 Noodlehax - GUID: 1b58aaf79339b864cacd93c0d565e46c (unverified)
﻿21:57:21 : Player #1 Noodlehax - Legacy GUID: 7498d2df99c4cc9ab84f52fb07c0a8dd
﻿21:57:22 : Verified GUID (1b58aaf79339b864cacd93c0d565e46c) of player #1 Noodlehax
﻿21:57:53 : RCon admin #0: (To Noodlehax) BEC : You have about 60 seconds left to join the mission.
﻿21:58:08 : Player #1 Noodlehax (1b58aaf79339b864cacd93c0d565e46c) has been kicked by BattlEye: Ping too high (344)
﻿21:59:01 : Player #0 Mist (d43966d0a56434cc4e46dcbd390ce9dd) has been kicked by BattlEye: Ping too high (1062)
﻿22:04:29 : Player #2 AVDPiXELS disconnected
﻿23:55:00 : RCon admin #0: (Global) AUTO SERVER RESTART IN 5 MINUTES
﻿23:57:00 : RCon admin #0: (Global) AUTO SERVER RESTART IN 3 MINUTES
﻿23:59:00 : RCon admin #0: (Global) AUTO SERVER RESTART IN 1 MINUTE
﻿23:59:30 : RCon admin #0: (Global) AUTO SERVER RESTART IN 30 SECONDS! - LOG OUT NOW OR YOU MAY LOSE YOUR GEAR
