00:15:30 : Rcon client logging in
﻿00:15:30 : RCon admin #0 (127.0.0.1:54350) logged in
﻿00:17:24 : Player #0 Devin (216.164.56.45:2304) connected
﻿00:17:25 : Player #0 Devin - GUID: 70d0226d5fe225de9b766952171301bb (unverified)
﻿00:17:25 : Verified GUID (70d0226d5fe225de9b766952171301bb) of player #0 Devin
﻿00:17:26 : Player #0 Devin - Legacy GUID: 493138e0bd15927af73605234a5a90a5
﻿00:18:03 : RCon admin #0: (To Devin) BEC : You have about 60 seconds left to join the mission.
﻿00:18:26 : RCon admin #0: (To Devin) BEC : You have about 30 seconds left to join the mission.
﻿00:19:24 : Player #0 Devin disconnected
﻿00:20:06 : Lost Connection!
﻿00:20:06 : Closing socket & exiting!
﻿00:21:10 : Rcon client logging in
﻿00:21:10 : RCon admin #0 (127.0.0.1:64811) logged in
﻿00:22:03 : Player #0 Devin (216.164.56.45:2304) connected
﻿00:22:04 : Player #0 Devin - GUID: 70d0226d5fe225de9b766952171301bb (unverified)
﻿00:22:05 : Verified GUID (70d0226d5fe225de9b766952171301bb) of player #0 Devin
﻿00:22:05 : Player #0 Devin - Legacy GUID: 493138e0bd15927af73605234a5a90a5
﻿00:22:37 : RCon admin #0: (To Devin) BEC : You have about 60 seconds left to join the mission.
﻿00:23:05 : RCon admin #0: (To Devin) BEC : You have about 30 seconds left to join the mission.
﻿00:26:07 : Player #0 Devin disconnected
﻿00:28:29 : Lost Connection!
﻿00:28:29 : Closing socket & exiting!
﻿01:03:24 : Rcon client logging in
﻿01:03:24 : RCon admin #0 (127.0.0.1:55132) logged in
﻿01:03:35 : Player #0 Devin (216.164.56.45:2304) connected
﻿01:03:35 : Player #0 Devin - GUID: 70d0226d5fe225de9b766952171301bb (unverified)
﻿01:03:36 : Verified GUID (70d0226d5fe225de9b766952171301bb) of player #0 Devin
﻿01:03:36 : Player #0 Devin - Legacy GUID: 493138e0bd15927af73605234a5a90a5
﻿01:04:15 : RCon admin #0: (To Devin) BEC : You have about 60 seconds left to join the mission.
﻿01:04:36 : RCon admin #0: (To Devin) BEC : You have about 30 seconds left to join the mission.
﻿01:09:56 : Player #0 Devin disconnected
﻿01:19:05 : Rcon client logging in
﻿01:19:05 : RCon admin #0 (127.0.0.1:51001) logged in
﻿01:22:45 : Player #0 Devin (216.164.56.45:2304) connected
﻿01:22:45 : Player #0 Devin - GUID: 70d0226d5fe225de9b766952171301bb (unverified)
﻿01:22:46 : Verified GUID (70d0226d5fe225de9b766952171301bb) of player #0 Devin
﻿01:22:46 : Player #0 Devin - Legacy GUID: 493138e0bd15927af73605234a5a90a5
﻿01:23:17 : RCon admin #0: (To Devin) BEC : You have about 60 seconds left to join the mission.
﻿01:23:48 : RCon admin #0: (To Devin) BEC : You have about 30 seconds left to join the mission.
﻿01:32:38 : Rcon client logging in
﻿01:32:38 : RCon admin #0 (127.0.0.1:61191) logged in
﻿01:32:47 : Player #0 Devin (216.164.56.45:2304) connected
﻿01:32:48 : Player #0 Devin - GUID: 70d0226d5fe225de9b766952171301bb (unverified)
﻿01:32:48 : Verified GUID (70d0226d5fe225de9b766952171301bb) of player #0 Devin
﻿01:32:49 : Player #0 Devin - Legacy GUID: 493138e0bd15927af73605234a5a90a5
﻿01:33:20 : RCon admin #0: (To Devin) BEC : You have about 60 seconds left to join the mission.
﻿01:33:48 : RCon admin #0: (To Devin) BEC : You have about 30 seconds left to join the mission.
﻿01:36:19 : Lost Connection!
﻿01:36:19 : Closing socket & exiting!
﻿01:38:52 : Rcon client logging in
﻿01:38:52 : RCon admin #0 (127.0.0.1:60446) logged in
﻿01:39:08 : Player #0 Devin (216.164.56.45:2304) connected
﻿01:39:08 : Player #0 Devin - GUID: 70d0226d5fe225de9b766952171301bb (unverified)
﻿01:39:09 : Verified GUID (70d0226d5fe225de9b766952171301bb) of player #0 Devin
﻿01:39:09 : Player #0 Devin - Legacy GUID: 493138e0bd15927af73605234a5a90a5
﻿01:39:41 : RCon admin #0: (To Devin) BEC : You have about 60 seconds left to join the mission.
﻿01:40:09 : RCon admin #0: (To Devin) BEC : You have about 30 seconds left to join the mission.
﻿01:40:37 : Player #0 Devin disconnected
﻿01:44:00 : Rcon client logging in
﻿01:44:00 : RCon admin #0 (127.0.0.1:53113) logged in
﻿01:44:12 : Player #0 Devin (216.164.56.45:2304) connected
﻿01:44:13 : Player #0 Devin - GUID: 70d0226d5fe225de9b766952171301bb (unverified)
﻿01:44:13 : Verified GUID (70d0226d5fe225de9b766952171301bb) of player #0 Devin
﻿01:44:14 : Player #0 Devin - Legacy GUID: 493138e0bd15927af73605234a5a90a5
﻿01:45:13 : Player #0 Devin disconnected
﻿01:46:48 : Player #0 Devin (216.164.56.45:2304) connected
﻿01:46:48 : Player #0 Devin - GUID: 70d0226d5fe225de9b766952171301bb (unverified)
﻿01:46:49 : Verified GUID (70d0226d5fe225de9b766952171301bb) of player #0 Devin
﻿01:46:50 : Player #0 Devin - Legacy GUID: 493138e0bd15927af73605234a5a90a5
﻿01:47:22 : RCon admin #0: (To Devin) BEC : You have about 60 seconds left to join the mission.
﻿01:47:43 : Player #0 Devin disconnected
﻿01:49:44 : Lost Connection!
﻿01:49:44 : Closing socket & exiting!
﻿01:55:24 : Lost Connection!
﻿01:55:24 : Closing socket & exiting!
﻿01:56:18 : Rcon client logging in
﻿01:56:18 : RCon admin #0 (127.0.0.1:61170) logged in
﻿01:56:52 : Player #0 Devin (216.164.56.45:2304) connected
﻿01:56:53 : Player #0 Devin - GUID: 70d0226d5fe225de9b766952171301bb (unverified)
﻿01:56:53 : Verified GUID (70d0226d5fe225de9b766952171301bb) of player #0 Devin
﻿01:56:54 : Player #0 Devin - Legacy GUID: 493138e0bd15927af73605234a5a90a5
﻿01:57:26 : RCon admin #0: (To Devin) BEC : You have about 60 seconds left to join the mission.
﻿01:57:54 : RCon admin #0: (To Devin) BEC : You have about 30 seconds left to join the mission.
﻿02:05:12 : Player #0 Devin disconnected
﻿02:05:57 : Lost Connection!
﻿02:05:57 : Closing socket & exiting!
﻿11:30:42 : Rcon client logging in
﻿11:30:42 : RCon admin #0 (127.0.0.1:64182) logged in
﻿11:34:06 : Player #0 Devin (216.164.56.45:2304) connected
﻿11:34:07 : Player #0 Devin - GUID: 70d0226d5fe225de9b766952171301bb (unverified)
﻿11:34:08 : Verified GUID (70d0226d5fe225de9b766952171301bb) of player #0 Devin
﻿11:34:08 : Player #0 Devin - Legacy GUID: 493138e0bd15927af73605234a5a90a5
﻿11:34:12 : Player #0 Devin disconnected
﻿11:37:36 : Player #0 Devin (216.164.56.45:2304) connected
﻿11:37:37 : Player #0 Devin - GUID: 70d0226d5fe225de9b766952171301bb (unverified)
﻿11:37:37 : Verified GUID (70d0226d5fe225de9b766952171301bb) of player #0 Devin
﻿11:37:38 : Player #0 Devin - Legacy GUID: 493138e0bd15927af73605234a5a90a5
﻿11:38:18 : RCon admin #0: (To Devin) BEC : You have about 60 seconds left to join the mission.
﻿11:38:40 : RCon admin #0: (To Devin) BEC : You have about 30 seconds left to join the mission.
﻿11:45:42 : Player #0 Devin disconnected
﻿11:46:32 : Lost Connection!
﻿11:46:32 : Closing socket & exiting!
﻿12:03:21 : Rcon client logging in
﻿12:03:21 : RCon admin #0 (127.0.0.1:49866) logged in
﻿12:04:20 : Player #0 Devin (216.164.56.45:2304) connected
﻿12:04:21 : Player #0 Devin - GUID: 70d0226d5fe225de9b766952171301bb (unverified)
﻿12:04:21 : Verified GUID (70d0226d5fe225de9b766952171301bb) of player #0 Devin
﻿12:04:22 : Player #0 Devin - Legacy GUID: 493138e0bd15927af73605234a5a90a5
﻿12:05:00 : RCon admin #0: (To Devin) BEC : You have about 60 seconds left to join the mission.
﻿12:05:23 : RCon admin #0: (To Devin) BEC : You have about 30 seconds left to join the mission.
﻿12:06:26 : Player #0 Devin disconnected
﻿12:06:38 : Lost Connection!
﻿12:06:38 : Closing socket & exiting!
﻿12:12:07 : Rcon client logging in
﻿12:12:07 : RCon admin #0 (127.0.0.1:49997) logged in
﻿12:12:39 : Player #0 Devin (216.164.56.45:2304) connected
﻿12:12:39 : Player #0 Devin - GUID: 70d0226d5fe225de9b766952171301bb (unverified)
﻿12:12:40 : Verified GUID (70d0226d5fe225de9b766952171301bb) of player #0 Devin
﻿12:12:40 : Player #0 Devin - Legacy GUID: 493138e0bd15927af73605234a5a90a5
﻿12:13:16 : RCon admin #0: (To Devin) BEC : You have about 60 seconds left to join the mission.
﻿12:13:41 : RCon admin #0: (To Devin) BEC : You have about 30 seconds left to join the mission.
﻿12:15:21 : Player #0 Devin disconnected
﻿12:26:05 : Lost Connection!
﻿12:26:05 : Closing socket & exiting!
﻿12:27:41 : Rcon client logging in
﻿12:27:41 : RCon admin #0 (127.0.0.1:65118) logged in
﻿12:27:44 : Player #0 Devin (216.164.56.45:2304) connected
﻿12:27:44 : Player #0 Devin - GUID: 70d0226d5fe225de9b766952171301bb (unverified)
﻿12:27:45 : Player #0 Devin - Legacy GUID: 493138e0bd15927af73605234a5a90a5
﻿12:27:55 : Player #0 Devin disconnected
﻿12:28:37 : Player #0 Devin (216.164.56.45:2304) connected
﻿12:28:38 : Player #0 Devin - GUID: 70d0226d5fe225de9b766952171301bb (unverified)
﻿12:28:39 : Player #0 Devin - Legacy GUID: 493138e0bd15927af73605234a5a90a5
﻿12:29:10 : RCon admin #0: (To Devin) BEC : You have about 60 seconds left to join the mission.
﻿12:29:12 : Verified GUID (70d0226d5fe225de9b766952171301bb) of player #0 Devin
﻿12:29:45 : RCon admin #0: (To Devin) BEC : You have about 30 seconds left to join the mission.
﻿12:29:55 : RCon admin #0: (To Devin) BEC : You have about 15 seconds left to join the mission.
﻿12:30:10 : Player #0 Devin (70d0226d5fe225de9b766952171301bb) has been kicked by BattlEye: Admin Kick (BEC : Lobby idling to long)
﻿12:30:42 : Player #0 Devin (216.164.56.45:2304) connected
﻿12:30:43 : Player #0 Devin - GUID: 70d0226d5fe225de9b766952171301bb (unverified)
﻿12:30:43 : Verified GUID (70d0226d5fe225de9b766952171301bb) of player #0 Devin
﻿12:30:44 : Player #0 Devin - Legacy GUID: 493138e0bd15927af73605234a5a90a5
﻿12:31:17 : RCon admin #0: (To Devin) BEC : You have about 60 seconds left to join the mission.
﻿12:32:22 : Player #0 Devin disconnected
﻿12:34:17 : Lost Connection!
﻿12:34:17 : Closing socket & exiting!
﻿12:38:22 : Rcon client logging in
﻿12:38:22 : RCon admin #0 (127.0.0.1:55601) logged in
﻿12:38:46 : Player #0 Devin (216.164.56.45:2304) connected
﻿12:38:47 : Player #0 Devin - GUID: 70d0226d5fe225de9b766952171301bb (unverified)
﻿12:38:47 : Verified GUID (70d0226d5fe225de9b766952171301bb) of player #0 Devin
﻿12:38:48 : Player #0 Devin - Legacy GUID: 493138e0bd15927af73605234a5a90a5
﻿12:39:20 : RCon admin #0: (To Devin) BEC : You have about 60 seconds left to join the mission.
﻿12:39:48 : RCon admin #0: (To Devin) BEC : You have about 30 seconds left to join the mission.
﻿12:42:06 : Player #0 Devin disconnected
﻿13:09:43 : Rcon client logging in
﻿13:09:43 : RCon admin #0 (127.0.0.1:55487) logged in
﻿13:10:20 : Player #0 Devin (216.164.56.45:2304) connected
﻿13:10:21 : Player #0 Devin - GUID: 70d0226d5fe225de9b766952171301bb (unverified)
﻿13:10:21 : Verified GUID (70d0226d5fe225de9b766952171301bb) of player #0 Devin
﻿13:10:22 : Player #0 Devin - Legacy GUID: 493138e0bd15927af73605234a5a90a5
﻿13:10:57 : RCon admin #0: (To Devin) BEC : You have about 60 seconds left to join the mission.
﻿13:11:22 : RCon admin #0: (To Devin) BEC : You have about 30 seconds left to join the mission.
﻿13:13:06 : Player #0 Devin disconnected
﻿13:13:19 : Lost Connection!
﻿13:13:19 : Closing socket & exiting!
﻿17:36:46 : Rcon client logging in
﻿17:36:46 : RCon admin #0 (127.0.0.1:58030) logged in
﻿17:42:24 : Lost Connection!
﻿17:42:24 : Closing socket & exiting!
﻿17:42:56 : Rcon client logging in
﻿17:42:56 : RCon admin #0 (127.0.0.1:51402) logged in
﻿17:43:19 : Player #0 Devin (216.164.56.45:2304) connected
﻿17:43:20 : Player #0 Devin - GUID: 70d0226d5fe225de9b766952171301bb (unverified)
﻿17:43:21 : Verified GUID (70d0226d5fe225de9b766952171301bb) of player #0 Devin
﻿17:43:21 : Player #0 Devin - Legacy GUID: 493138e0bd15927af73605234a5a90a5
﻿17:44:08 : RCon admin #0: (To Devin) BEC : You have about 60 seconds left to join the mission.
﻿17:44:23 : RCon admin #0: (To Devin) BEC : You have about 30 seconds left to join the mission.
﻿17:44:39 : RCon admin #0: (To Devin) BEC : You have about 15 seconds left to join the mission.
﻿17:50:15 : Player #0 Devin disconnected
﻿17:51:18 : Lost Connection!
﻿17:51:18 : Closing socket & exiting!
﻿17:52:22 : Rcon client logging in
﻿17:52:22 : RCon admin #0 (127.0.0.1:58868) logged in
﻿17:53:05 : Player #0 Devin (216.164.56.45:2304) connected
﻿17:53:06 : Player #0 Devin - GUID: 70d0226d5fe225de9b766952171301bb (unverified)
﻿17:53:06 : Verified GUID (70d0226d5fe225de9b766952171301bb) of player #0 Devin
﻿17:53:07 : Player #0 Devin - Legacy GUID: 493138e0bd15927af73605234a5a90a5
﻿17:55:00 : RCon admin #0: (Global) AUTO SERVER RESTART IN 5 MINUTES
﻿17:57:00 : RCon admin #0: (Global) AUTO SERVER RESTART IN 3 MINUTES
﻿17:59:00 : RCon admin #0: (Global) AUTO SERVER RESTART IN 1 MINUTE
﻿17:59:30 : RCon admin #0: (Global) AUTO SERVER RESTART IN 30 SECONDS! - LOG OUT NOW OR YOU MAY LOSE YOUR GEAR
﻿18:04:54 : Player #0 Devin disconnected
﻿18:34:42 : Rcon client logging in
﻿18:34:42 : RCon admin #0 (127.0.0.1:54997) logged in
﻿18:43:11 : Lost Connection!
﻿18:43:11 : Closing socket & exiting!
﻿18:47:11 : Rcon client logging in
﻿18:47:11 : RCon admin #0 (127.0.0.1:53205) logged in
﻿18:49:52 : Player #0 Devin (216.164.56.45:2304) connected
﻿18:49:52 : Player #0 Devin - GUID: 70d0226d5fe225de9b766952171301bb (unverified)
﻿18:49:53 : Verified GUID (70d0226d5fe225de9b766952171301bb) of player #0 Devin
﻿18:49:53 : Player #0 Devin - Legacy GUID: 493138e0bd15927af73605234a5a90a5
﻿18:50:18 : Player #1 jesquik (66.31.44.105:2304) connected
﻿18:50:19 : Player #1 jesquik - GUID: 3c96bf37ad015cb45df0628318a128d4 (unverified)
﻿18:50:19 : Verified GUID (3c96bf37ad015cb45df0628318a128d4) of player #1 jesquik
﻿18:50:20 : Player #1 jesquik - Legacy GUID: 6eb27d76b28885f2c56fe9c7469de086
﻿18:50:24 : Player #1 jesquik disconnected
﻿18:50:25 : RCon admin #0: (To Devin) BEC : You have about 60 seconds left to join the mission.
﻿18:52:19 : Player #1 jesquik (66.31.44.105:2304) connected
﻿18:52:20 : Player #1 jesquik - GUID: 3c96bf37ad015cb45df0628318a128d4 (unverified)
﻿18:52:20 : Verified GUID (3c96bf37ad015cb45df0628318a128d4) of player #1 jesquik
﻿18:52:21 : Player #1 jesquik - Legacy GUID: 6eb27d76b28885f2c56fe9c7469de086
﻿18:52:52 : RCon admin #0: (To jesquik) BEC : You have about 60 seconds left to join the mission.
﻿18:53:21 : RCon admin #0: (To jesquik) BEC : You have about 30 seconds left to join the mission.
﻿18:53:36 : Player #0 Devin disconnected
﻿18:53:37 : RCon admin #0: (To jesquik) BEC : You have about 15 seconds left to join the mission.
﻿18:54:38 : Player #1 jesquik disconnected
﻿18:54:47 : Lost Connection!
﻿18:54:47 : Closing socket & exiting!
﻿18:55:35 : Rcon client logging in
﻿18:55:35 : RCon admin #0 (127.0.0.1:58279) logged in
﻿18:59:13 : Player #0 Devin (216.164.56.45:2304) connected
﻿18:59:14 : Player #0 Devin - GUID: 70d0226d5fe225de9b766952171301bb (unverified)
﻿18:59:14 : Verified GUID (70d0226d5fe225de9b766952171301bb) of player #0 Devin
﻿18:59:15 : Player #0 Devin - Legacy GUID: 493138e0bd15927af73605234a5a90a5
﻿18:59:47 : RCon admin #0: (To Devin) BEC : You have about 60 seconds left to join the mission.
﻿18:59:56 : Player #1 jesquik (66.31.44.105:2304) connected
﻿18:59:57 : Player #1 jesquik - GUID: 3c96bf37ad015cb45df0628318a128d4 (unverified)
﻿18:59:58 : Verified GUID (3c96bf37ad015cb45df0628318a128d4) of player #1 jesquik
﻿18:59:58 : Player #1 jesquik - Legacy GUID: 6eb27d76b28885f2c56fe9c7469de086
﻿19:00:31 : RCon admin #0: (To jesquik) BEC : You have about 60 seconds left to join the mission.
﻿19:00:34 : Player #0 Devin disconnected
﻿19:02:19 : Rcon client logging in
﻿19:02:19 : RCon admin #0 (127.0.0.1:58280) logged in
﻿19:02:59 : Player #0 Devin (216.164.56.45:2304) connected
﻿19:02:59 : Player #0 Devin - GUID: 70d0226d5fe225de9b766952171301bb (unverified)
﻿19:03:00 : Verified GUID (70d0226d5fe225de9b766952171301bb) of player #0 Devin
﻿19:03:00 : Player #0 Devin - Legacy GUID: 493138e0bd15927af73605234a5a90a5
﻿19:03:31 : RCon admin #0: (To Devin) BEC : You have about 60 seconds left to join the mission.
﻿19:04:18 : Player #0 Devin disconnected
﻿19:06:50 : Rcon client logging in
﻿19:06:50 : RCon admin #0 (127.0.0.1:58858) logged in
﻿19:07:40 : Player #0 Devin (216.164.56.45:2304) connected
﻿19:07:40 : Player #0 Devin - GUID: 70d0226d5fe225de9b766952171301bb (unverified)
﻿19:07:41 : Verified GUID (70d0226d5fe225de9b766952171301bb) of player #0 Devin
﻿19:07:41 : Player #0 Devin - Legacy GUID: 493138e0bd15927af73605234a5a90a5
﻿19:09:09 : Player #1 jesquik (66.31.44.105:2304) connected
﻿19:09:09 : Player #1 jesquik - GUID: 3c96bf37ad015cb45df0628318a128d4 (unverified)
﻿19:09:10 : Verified GUID (3c96bf37ad015cb45df0628318a128d4) of player #1 jesquik
﻿19:09:11 : Player #1 jesquik - Legacy GUID: 6eb27d76b28885f2c56fe9c7469de086
﻿19:17:05 : Player #0 Devin disconnected
﻿19:22:15 : Player #0 Lt.Ghost (73.8.187.21:2304) connected
﻿19:22:16 : Player #0 Lt.Ghost - GUID: 5cae8775f0d98100b1efd24d759a6d29 (unverified)
﻿19:22:16 : Verified GUID (5cae8775f0d98100b1efd24d759a6d29) of player #0 Lt.Ghost
﻿19:22:17 : Player #0 Lt.Ghost disconnected
﻿20:04:34 : Lost Connection!
﻿20:04:34 : Closing socket & exiting!
﻿20:31:08 : Rcon client logging in
﻿20:31:08 : RCon admin #0 (127.0.0.1:58200) logged in
﻿20:55:00 : RCon admin #0: (Global) AUTO SERVER RESTART IN 5 MINUTES
﻿20:57:00 : RCon admin #0: (Global) AUTO SERVER RESTART IN 3 MINUTES
﻿20:59:00 : RCon admin #0: (Global) AUTO SERVER RESTART IN 1 MINUTE
﻿20:59:30 : RCon admin #0: (Global) AUTO SERVER RESTART IN 30 SECONDS! - LOG OUT NOW OR YOU MAY LOSE YOUR GEAR
﻿21:09:30 : RCon admin #0: (Global) AUTO SERVER RESTART IN 30 SECONDS! - LOG OUT NOW OR YOU MAY LOSE YOUR GEAR
﻿21:19:30 : RCon admin #0: (Global) AUTO SERVER RESTART IN 30 SECONDS! - LOG OUT NOW OR YOU MAY LOSE YOUR GEAR
﻿21:29:30 : RCon admin #0: (Global) AUTO SERVER RESTART IN 30 SECONDS! - LOG OUT NOW OR YOU MAY LOSE YOUR GEAR
﻿21:39:30 : RCon admin #0: (Global) AUTO SERVER RESTART IN 30 SECONDS! - LOG OUT NOW OR YOU MAY LOSE YOUR GEAR
﻿21:49:30 : RCon admin #0: (Global) AUTO SERVER RESTART IN 30 SECONDS! - LOG OUT NOW OR YOU MAY LOSE YOUR GEAR
﻿21:59:30 : RCon admin #0: (Global) AUTO SERVER RESTART IN 30 SECONDS! - LOG OUT NOW OR YOU MAY LOSE YOUR GEAR
﻿22:09:30 : RCon admin #0: (Global) AUTO SERVER RESTART IN 30 SECONDS! - LOG OUT NOW OR YOU MAY LOSE YOUR GEAR
﻿22:19:30 : RCon admin #0: (Global) AUTO SERVER RESTART IN 30 SECONDS! - LOG OUT NOW OR YOU MAY LOSE YOUR GEAR
﻿22:28:22 : Lost Connection!
﻿22:28:22 : Closing socket & exiting!
