00:00:02 : Lost Connection!
﻿00:00:02 : Closing socket & exiting!
﻿00:00:33 : Rcon client logging in
﻿00:00:33 : RCon admin #0 (127.0.0.1:61798) logged in
﻿02:55:00 : RCon admin #0: (Global) AUTO SERVER RESTART IN 5 MINUTES
﻿02:57:00 : RCon admin #0: (Global) AUTO SERVER RESTART IN 3 MINUTES
﻿02:59:00 : RCon admin #0: (Global) AUTO SERVER RESTART IN 1 MINUTE
﻿02:59:30 : RCon admin #0: (Global) AUTO SERVER RESTART IN 30 SECONDS! - LOG OUT NOW OR YOU MAY LOSE YOUR GEAR
﻿03:00:02 : Lost Connection!
﻿03:00:02 : Closing socket & exiting!
﻿03:00:33 : Rcon client logging in
﻿03:00:33 : RCon admin #0 (127.0.0.1:53378) logged in
﻿05:55:00 : RCon admin #0: (Global) AUTO SERVER RESTART IN 5 MINUTES
﻿05:57:00 : RCon admin #0: (Global) AUTO SERVER RESTART IN 3 MINUTES
﻿05:59:00 : RCon admin #0: (Global) AUTO SERVER RESTART IN 1 MINUTE
﻿05:59:30 : RCon admin #0: (Global) AUTO SERVER RESTART IN 30 SECONDS! - LOG OUT NOW OR YOU MAY LOSE YOUR GEAR
﻿06:00:02 : Lost Connection!
﻿06:00:02 : Closing socket & exiting!
﻿06:00:33 : Rcon client logging in
﻿06:00:33 : RCon admin #0 (127.0.0.1:55807) logged in
﻿08:55:00 : RCon admin #0: (Global) AUTO SERVER RESTART IN 5 MINUTES
﻿08:57:00 : RCon admin #0: (Global) AUTO SERVER RESTART IN 3 MINUTES
﻿08:59:00 : RCon admin #0: (Global) AUTO SERVER RESTART IN 1 MINUTE
﻿08:59:30 : RCon admin #0: (Global) AUTO SERVER RESTART IN 30 SECONDS! - LOG OUT NOW OR YOU MAY LOSE YOUR GEAR
﻿09:00:02 : Lost Connection!
﻿09:00:02 : Closing socket & exiting!
﻿09:00:33 : Rcon client logging in
﻿09:00:33 : RCon admin #0 (127.0.0.1:63374) logged in
﻿09:45:45 : Lost Connection!
﻿09:45:45 : Closing socket & exiting!
﻿10:50:09 : Rcon client logging in
﻿10:50:09 : RCon admin #0 (127.0.0.1:62053) logged in
﻿11:55:00 : RCon admin #0: (Global) AUTO SERVER RESTART IN 5 MINUTES
﻿11:57:00 : RCon admin #0: (Global) AUTO SERVER RESTART IN 3 MINUTES
﻿11:59:00 : RCon admin #0: (Global) AUTO SERVER RESTART IN 1 MINUTE
﻿11:59:30 : RCon admin #0: (Global) AUTO SERVER RESTART IN 30 SECONDS! - LOG OUT NOW OR YOU MAY LOSE YOUR GEAR
﻿12:00:02 : Lost Connection!
﻿12:00:02 : Closing socket & exiting!
﻿12:00:33 : Rcon client logging in
﻿12:00:33 : RCon admin #0 (127.0.0.1:65427) logged in
﻿14:55:00 : RCon admin #0: (Global) AUTO SERVER RESTART IN 5 MINUTES
﻿14:57:00 : RCon admin #0: (Global) AUTO SERVER RESTART IN 3 MINUTES
﻿14:59:00 : RCon admin #0: (Global) AUTO SERVER RESTART IN 1 MINUTE
﻿14:59:30 : RCon admin #0: (Global) AUTO SERVER RESTART IN 30 SECONDS! - LOG OUT NOW OR YOU MAY LOSE YOUR GEAR
﻿15:00:02 : Lost Connection!
﻿15:00:02 : Closing socket & exiting!
﻿15:00:33 : Rcon client logging in
﻿15:00:33 : RCon admin #0 (127.0.0.1:61865) logged in
﻿16:37:12 : Lost Connection!
﻿16:37:12 : Closing socket & exiting!
﻿16:37:44 : Rcon client logging in
﻿16:37:44 : RCon admin #0 (127.0.0.1:64420) logged in
﻿16:39:01 : Player #0 Devin (216.164.56.45:2304) connected
﻿16:39:02 : Player #0 Devin - GUID: 70d0226d5fe225de9b766952171301bb (unverified)
﻿16:39:02 : Player #0 Devin - Legacy GUID: 493138e0bd15927af73605234a5a90a5
﻿16:39:03 : Verified GUID (70d0226d5fe225de9b766952171301bb) of player #0 Devin
﻿16:41:34 : Player #0 Devin - Legacy GUID: 493138e0bd15927af73605234a5a90a5
﻿16:48:45 : Player #0 Devin disconnected
﻿17:26:56 : Player #0 Mist (122.106.162.172:2304) connected
﻿17:26:57 : Player #0 Mist - GUID: d43966d0a56434cc4e46dcbd390ce9dd (unverified)
﻿17:26:58 : Verified GUID (d43966d0a56434cc4e46dcbd390ce9dd) of player #0 Mist
﻿17:26:58 : Player #0 Mist disconnected
﻿17:28:11 : Player #0 Mist (122.106.162.172:2304) connected
﻿17:28:11 : Player #0 Mist - GUID: d43966d0a56434cc4e46dcbd390ce9dd (unverified)
﻿17:28:12 : Verified GUID (d43966d0a56434cc4e46dcbd390ce9dd) of player #0 Mist
﻿17:28:13 : Player #0 Mist - Legacy GUID: 120f1d0d1e0c3868438416a1512268b7
﻿17:28:45 : RCon admin #0: (To Mist) BEC : You have about 60 seconds left to join the mission.
﻿17:29:09 : Player #1 iConnorN (108.18.107.95:2304) connected
﻿17:29:09 : Player #1 iConnorN - GUID: e38ca0239fe347ee94010856ee3d349f (unverified)
﻿17:29:10 : Verified GUID (e38ca0239fe347ee94010856ee3d349f) of player #1 iConnorN
﻿17:29:10 : Player #1 iConnorN disconnected
﻿17:29:20 : Player #0 Mist disconnected
﻿17:29:29 : Player #0 iConnorN (108.18.107.95:2304) connected
﻿17:29:29 : Player #0 iConnorN - GUID: e38ca0239fe347ee94010856ee3d349f (unverified)
﻿17:29:30 : Verified GUID (e38ca0239fe347ee94010856ee3d349f) of player #0 iConnorN
﻿17:29:30 : Player #0 iConnorN disconnected
﻿17:30:26 : Player #0 iConnorN (108.18.107.95:2304) connected
﻿17:30:27 : Player #0 iConnorN - GUID: e38ca0239fe347ee94010856ee3d349f (unverified)
﻿17:30:27 : Verified GUID (e38ca0239fe347ee94010856ee3d349f) of player #0 iConnorN
﻿17:30:28 : Player #0 iConnorN - Legacy GUID: 013c22835fcd45c286edd9a006ea863a
﻿17:30:59 : RCon admin #0: (To iConnorN) BEC : You have about 60 seconds left to join the mission.
﻿17:33:28 : Player #1 Mist (122.106.162.172:2304) connected
﻿17:33:29 : Player #1 Mist - GUID: d43966d0a56434cc4e46dcbd390ce9dd (unverified)
﻿17:33:29 : Verified GUID (d43966d0a56434cc4e46dcbd390ce9dd) of player #1 Mist
﻿17:33:30 : Player #1 Mist - Legacy GUID: 120f1d0d1e0c3868438416a1512268b7
﻿17:34:33 : Player #1 Mist disconnected
﻿17:38:58 : Player #1 Mist (122.106.162.172:2304) connected
﻿17:38:59 : Player #1 Mist - GUID: d43966d0a56434cc4e46dcbd390ce9dd (unverified)
﻿17:39:00 : Verified GUID (d43966d0a56434cc4e46dcbd390ce9dd) of player #1 Mist
﻿17:39:01 : Player #1 Mist - Legacy GUID: 120f1d0d1e0c3868438416a1512268b7
﻿17:39:33 : RCon admin #0: (To Mist) BEC : You have about 60 seconds left to join the mission.
﻿17:40:07 : Player #1 Mist disconnected
﻿17:43:06 : Player #1 Ayzerr (86.40.231.131:2304) connected
﻿17:43:07 : Player #1 Ayzerr - GUID: d842b56617216edff01a64989c7b4612 (unverified)
﻿17:43:07 : Verified GUID (d842b56617216edff01a64989c7b4612) of player #1 Ayzerr
﻿17:43:07 : Player #1 Ayzerr disconnected
﻿17:43:38 : Player #1 Mist (122.106.162.172:2304) connected
﻿17:43:39 : Player #1 Mist - GUID: d43966d0a56434cc4e46dcbd390ce9dd (unverified)
﻿17:43:40 : Verified GUID (d43966d0a56434cc4e46dcbd390ce9dd) of player #1 Mist
﻿17:43:41 : Player #1 Mist - Legacy GUID: 120f1d0d1e0c3868438416a1512268b7
﻿17:43:51 : Player #0 iConnorN disconnected
﻿17:44:45 : Player #1 Mist disconnected
﻿17:46:03 : Player #0 Ayzerr (86.40.231.131:2304) connected
﻿17:46:03 : Player #0 Ayzerr - GUID: d842b56617216edff01a64989c7b4612 (unverified)
﻿17:46:04 : Verified GUID (d842b56617216edff01a64989c7b4612) of player #0 Ayzerr
﻿17:46:05 : Player #0 Ayzerr - Legacy GUID: a25d60ea1262ccb50f759a0c90319762
﻿17:46:18 : Player #1 Mist (122.106.162.172:2304) connected
﻿17:46:19 : Player #1 Mist - GUID: d43966d0a56434cc4e46dcbd390ce9dd (unverified)
﻿17:46:19 : Verified GUID (d43966d0a56434cc4e46dcbd390ce9dd) of player #1 Mist
﻿17:46:20 : Player #1 Mist - Legacy GUID: 120f1d0d1e0c3868438416a1512268b7
﻿17:46:52 : RCon admin #0: (To Mist) BEC : You have about 60 seconds left to join the mission.
﻿17:48:20 : Player #2 iConnorN (108.18.107.95:2304) connected
﻿17:48:21 : Player #2 iConnorN - GUID: e38ca0239fe347ee94010856ee3d349f (unverified)
﻿17:48:21 : Verified GUID (e38ca0239fe347ee94010856ee3d349f) of player #2 iConnorN
﻿17:48:22 : Player #2 iConnorN - Legacy GUID: 013c22835fcd45c286edd9a006ea863a
﻿17:48:35 : Player #0 Ayzerr - Legacy GUID: a25d60ea1262ccb50f759a0c90319762
﻿17:48:54 : RCon admin #0: (To iConnorN) BEC : You have about 60 seconds left to join the mission.
﻿17:55:00 : RCon admin #0: (Global) AUTO SERVER RESTART IN 5 MINUTES
﻿17:57:00 : RCon admin #0: (Global) AUTO SERVER RESTART IN 3 MINUTES
﻿17:59:00 : RCon admin #0: (Global) AUTO SERVER RESTART IN 1 MINUTE
﻿17:59:21 : Player #1 Mist disconnected
﻿17:59:30 : RCon admin #0: (Global) AUTO SERVER RESTART IN 30 SECONDS! - LOG OUT NOW OR YOU MAY LOSE YOUR GEAR
﻿17:59:57 : Lost Connection!
﻿17:59:57 : Closing socket & exiting!
﻿18:00:44 : Rcon client logging in
﻿18:00:44 : RCon admin #0 (127.0.0.1:51542) logged in
﻿18:01:23 : RCon admin #0: (To Ayzerr) BEC : You have about 60 seconds left to join the mission.
﻿18:01:47 : Player #1 iConnorN (108.18.107.95:2304) connected
﻿18:01:48 : Player #1 iConnorN - GUID: e38ca0239fe347ee94010856ee3d349f (unverified)
﻿18:01:48 : Verified GUID (e38ca0239fe347ee94010856ee3d349f) of player #1 iConnorN
﻿18:01:49 : Player #1 iConnorN - Legacy GUID: 013c22835fcd45c286edd9a006ea863a
﻿18:02:04 : Player #2 Mist (122.106.162.172:2304) connected
﻿18:02:05 : Player #2 Mist - GUID: d43966d0a56434cc4e46dcbd390ce9dd (unverified)
﻿18:02:06 : Verified GUID (d43966d0a56434cc4e46dcbd390ce9dd) of player #2 Mist
﻿18:02:07 : Player #2 Mist - Legacy GUID: 120f1d0d1e0c3868438416a1512268b7
﻿18:02:20 : RCon admin #0: (To iConnorN) BEC : You have about 60 seconds left to join the mission.
﻿18:02:34 : Player #3 Issam (70.30.240.4:2304) connected
﻿18:02:36 : Player #3 Issam - GUID: 6b069a217c0e8a18df6e2adf183522ad (unverified)
﻿18:02:36 : Verified GUID (6b069a217c0e8a18df6e2adf183522ad) of player #3 Issam
﻿18:02:36 : Player #3 Issam - Legacy GUID: b3cf2ccbe8698523d641d403b8e8b907
﻿18:02:37 : Player #3 Issam disconnected
﻿18:02:39 : RCon admin #0: (To Mist) BEC : You have about 60 seconds left to join the mission.
﻿18:40:39 : Player #3 Devin (216.164.56.45:2304) connected
﻿18:40:39 : Player #3 Devin - GUID: 70d0226d5fe225de9b766952171301bb (unverified)
﻿18:40:40 : Verified GUID (70d0226d5fe225de9b766952171301bb) of player #3 Devin
﻿18:40:41 : Player #3 Devin - Legacy GUID: 493138e0bd15927af73605234a5a90a5
﻿18:41:13 : RCon admin #0: (To Devin) BEC : You have about 60 seconds left to join the mission.
﻿18:42:11 : Player #2 Mist (d43966d0a56434cc4e46dcbd390ce9dd) has been kicked by BattlEye: Ping too high (265)
﻿18:42:24 : Player #2 Mist (122.106.162.172:2304) connected
﻿18:42:25 : Player #2 Mist - GUID: d43966d0a56434cc4e46dcbd390ce9dd (unverified)
﻿18:42:25 : Verified GUID (d43966d0a56434cc4e46dcbd390ce9dd) of player #2 Mist
﻿18:42:26 : Player #2 Mist - Legacy GUID: 120f1d0d1e0c3868438416a1512268b7
﻿19:16:01 : RCon admin #0: (To iConnorN) BEC : You have about 60 seconds left to join the mission.
﻿19:16:17 : RCon admin #0: (To Ayzerr) BEC : You have about 60 seconds left to join the mission.
﻿19:16:29 : RCon admin #0: (To iConnorN) BEC : You have about 30 seconds left to join the mission.
﻿19:16:46 : RCon admin #0: (To iConnorN) BEC : You have about 15 seconds left to join the mission.
﻿19:17:01 : Player #1 iConnorN (e38ca0239fe347ee94010856ee3d349f) has been kicked by BattlEye: Admin Kick (BEC : Lobby idling to long)
﻿19:17:28 : Player #1 iConnorN (108.18.107.95:2304) connected
﻿19:17:29 : Player #1 iConnorN - GUID: e38ca0239fe347ee94010856ee3d349f (unverified)
﻿19:17:29 : Verified GUID (e38ca0239fe347ee94010856ee3d349f) of player #1 iConnorN
﻿19:17:30 : Player #1 iConnorN - Legacy GUID: 013c22835fcd45c286edd9a006ea863a
﻿19:18:01 : RCon admin #0: (To iConnorN) BEC : You have about 60 seconds left to join the mission.
﻿19:18:29 : RCon admin #0: (To iConnorN) BEC : You have about 30 seconds left to join the mission.
﻿19:19:45 : Player #4 luigi (71.7.189.32:2304) connected
﻿19:19:45 : Player #4 luigi - GUID: cacc4188837aeaee636c548d473a0e1a (unverified)
﻿19:19:46 : Verified GUID (cacc4188837aeaee636c548d473a0e1a) of player #4 luigi
﻿19:19:46 : Player #4 luigi disconnected
﻿19:20:50 : Player #4 User (76.69.241.189:2304) connected
﻿19:20:51 : Player #4 User - GUID: 362325ff526e07e0013d682c6690dfc6 (unverified)
﻿19:20:51 : Verified GUID (362325ff526e07e0013d682c6690dfc6) of player #4 User
﻿19:20:51 : Player #4 User disconnected
﻿19:34:05 : Player #2 Mist (d43966d0a56434cc4e46dcbd390ce9dd) has been kicked by BattlEye: Ping too high (282)
﻿19:34:19 : Player #2 Mist (122.106.162.172:2304) connected
﻿19:34:20 : Player #2 Mist - GUID: d43966d0a56434cc4e46dcbd390ce9dd (unverified)
﻿19:34:20 : Verified GUID (d43966d0a56434cc4e46dcbd390ce9dd) of player #2 Mist
﻿19:34:21 : Player #2 Mist - Legacy GUID: 120f1d0d1e0c3868438416a1512268b7
﻿19:34:44 : RCon admin #0: (To Ayzerr) BEC : You have about 60 seconds left to join the mission.
﻿19:38:43 : Player #2 Mist (d43966d0a56434cc4e46dcbd390ce9dd) has been kicked by BattlEye: Ping too high (266)
﻿19:38:52 : Player #2 Mist (122.106.162.172:2304) connected
﻿19:38:53 : Player #2 Mist - GUID: d43966d0a56434cc4e46dcbd390ce9dd (unverified)
﻿19:38:53 : Verified GUID (d43966d0a56434cc4e46dcbd390ce9dd) of player #2 Mist
﻿19:38:54 : Player #2 Mist - Legacy GUID: 120f1d0d1e0c3868438416a1512268b7
﻿19:39:44 : Player #2 Mist (d43966d0a56434cc4e46dcbd390ce9dd) has been kicked by BattlEye: Ping too high (265)
﻿19:39:54 : Player #3 Devin disconnected
﻿19:43:05 : Player #2 Mist (122.106.162.172:2304) connected
﻿19:43:06 : Player #2 Mist - GUID: d43966d0a56434cc4e46dcbd390ce9dd (unverified)
﻿19:43:06 : Verified GUID (d43966d0a56434cc4e46dcbd390ce9dd) of player #2 Mist
﻿19:43:07 : Player #2 Mist - Legacy GUID: 120f1d0d1e0c3868438416a1512268b7
﻿19:43:39 : RCon admin #0: (To Mist) BEC : You have about 60 seconds left to join the mission.
﻿19:44:08 : RCon admin #0: (To Mist) BEC : You have about 30 seconds left to join the mission.
﻿19:44:25 : RCon admin #0: (To Mist) BEC : You have about 15 seconds left to join the mission.
﻿19:44:39 : Player #2 Mist (d43966d0a56434cc4e46dcbd390ce9dd) has been kicked by BattlEye: Admin Kick (BEC : Lobby idling to long)
﻿19:44:51 : Lost Connection!
﻿19:44:51 : Closing socket & exiting!
﻿19:48:47 : Rcon client logging in
﻿19:48:47 : RCon admin #0 (127.0.0.1:49316) logged in
﻿19:50:14 : Player #0 Mist (122.106.162.172:2304) connected
﻿19:50:15 : Player #0 Mist - GUID: d43966d0a56434cc4e46dcbd390ce9dd (unverified)
﻿19:50:16 : Verified GUID (d43966d0a56434cc4e46dcbd390ce9dd) of player #0 Mist
﻿19:50:16 : Player #0 Mist - Legacy GUID: 120f1d0d1e0c3868438416a1512268b7
﻿19:50:48 : RCon admin #0: (To Mist) BEC : You have about 60 seconds left to join the mission.
﻿19:51:24 : RCon admin #0: (To Mist) BEC : You have about 30 seconds left to join the mission.
﻿19:51:42 : Player #1 Meeko (24.99.156.219:2304) connected
﻿19:51:42 : RCon admin #0: (To Mist) BEC : You have about 15 seconds left to join the mission.
﻿19:51:43 : Player #1 Meeko - GUID: 59e15b075ea08be295c791792656c562 (unverified)
﻿19:51:45 : Player #1 Meeko - Legacy GUID: 41e36d4bd7e0d0eed1672de2c1425d2c
﻿19:51:56 : Player #1 Meeko disconnected
﻿20:10:25 : Player #0 Mist disconnected
﻿20:55:00 : RCon admin #0: (Global) AUTO SERVER RESTART IN 5 MINUTES
﻿20:57:00 : RCon admin #0: (Global) AUTO SERVER RESTART IN 3 MINUTES
﻿20:59:00 : RCon admin #0: (Global) AUTO SERVER RESTART IN 1 MINUTE
﻿20:59:30 : RCon admin #0: (Global) AUTO SERVER RESTART IN 30 SECONDS! - LOG OUT NOW OR YOU MAY LOSE YOUR GEAR
﻿21:00:02 : Lost Connection!
﻿21:00:02 : Closing socket & exiting!
﻿21:00:33 : Rcon client logging in
﻿21:00:33 : RCon admin #0 (127.0.0.1:54163) logged in
﻿23:55:00 : RCon admin #0: (Global) AUTO SERVER RESTART IN 5 MINUTES
﻿23:57:00 : RCon admin #0: (Global) AUTO SERVER RESTART IN 3 MINUTES
﻿23:59:00 : RCon admin #0: (Global) AUTO SERVER RESTART IN 1 MINUTE
﻿23:59:30 : RCon admin #0: (Global) AUTO SERVER RESTART IN 30 SECONDS! - LOG OUT NOW OR YOU MAY LOSE YOUR GEAR
