00:00:02 : Lost Connection!
﻿00:00:02 : Closing socket & exiting!
﻿00:00:33 : Rcon client logging in
﻿00:00:33 : RCon admin #0 (127.0.0.1:56437) logged in
﻿02:55:00 : RCon admin #0: (Global) AUTO SERVER RESTART IN 5 MINUTES
﻿02:57:00 : RCon admin #0: (Global) AUTO SERVER RESTART IN 3 MINUTES
﻿02:59:00 : RCon admin #0: (Global) AUTO SERVER RESTART IN 1 MINUTE
﻿02:59:30 : RCon admin #0: (Global) AUTO SERVER RESTART IN 30 SECONDS! - LOG OUT NOW OR YOU MAY LOSE YOUR GEAR
﻿03:00:02 : Lost Connection!
﻿03:00:02 : Closing socket & exiting!
﻿03:00:34 : Rcon client logging in
﻿03:00:34 : RCon admin #0 (127.0.0.1:63381) logged in
﻿05:55:00 : RCon admin #0: (Global) AUTO SERVER RESTART IN 5 MINUTES
﻿05:57:00 : RCon admin #0: (Global) AUTO SERVER RESTART IN 3 MINUTES
﻿05:59:00 : RCon admin #0: (Global) AUTO SERVER RESTART IN 1 MINUTE
﻿05:59:30 : RCon admin #0: (Global) AUTO SERVER RESTART IN 30 SECONDS! - LOG OUT NOW OR YOU MAY LOSE YOUR GEAR
﻿06:00:01 : Lost Connection!
﻿06:00:01 : Closing socket & exiting!
﻿06:00:33 : Rcon client logging in
﻿06:00:33 : RCon admin #0 (127.0.0.1:50728) logged in
﻿08:55:00 : RCon admin #0: (Global) AUTO SERVER RESTART IN 5 MINUTES
﻿08:57:00 : RCon admin #0: (Global) AUTO SERVER RESTART IN 3 MINUTES
﻿08:59:00 : RCon admin #0: (Global) AUTO SERVER RESTART IN 1 MINUTE
﻿08:59:30 : RCon admin #0: (Global) AUTO SERVER RESTART IN 30 SECONDS! - LOG OUT NOW OR YOU MAY LOSE YOUR GEAR
﻿09:00:02 : Lost Connection!
﻿09:00:02 : Closing socket & exiting!
﻿09:00:33 : Rcon client logging in
﻿09:00:33 : RCon admin #0 (127.0.0.1:55242) logged in
﻿11:55:00 : RCon admin #0: (Global) AUTO SERVER RESTART IN 5 MINUTES
﻿11:57:00 : RCon admin #0: (Global) AUTO SERVER RESTART IN 3 MINUTES
﻿11:59:00 : RCon admin #0: (Global) AUTO SERVER RESTART IN 1 MINUTE
﻿11:59:30 : RCon admin #0: (Global) AUTO SERVER RESTART IN 30 SECONDS! - LOG OUT NOW OR YOU MAY LOSE YOUR GEAR
﻿12:00:02 : Lost Connection!
﻿12:00:02 : Closing socket & exiting!
﻿12:00:33 : Rcon client logging in
﻿12:00:33 : RCon admin #0 (127.0.0.1:58006) logged in
﻿14:55:00 : RCon admin #0: (Global) AUTO SERVER RESTART IN 5 MINUTES
﻿14:57:00 : RCon admin #0: (Global) AUTO SERVER RESTART IN 3 MINUTES
﻿14:59:00 : RCon admin #0: (Global) AUTO SERVER RESTART IN 1 MINUTE
﻿14:59:30 : RCon admin #0: (Global) AUTO SERVER RESTART IN 30 SECONDS! - LOG OUT NOW OR YOU MAY LOSE YOUR GEAR
﻿15:00:02 : Lost Connection!
﻿15:00:02 : Closing socket & exiting!
﻿15:00:33 : Rcon client logging in
﻿15:00:33 : RCon admin #0 (127.0.0.1:54118) logged in
﻿17:55:00 : RCon admin #0: (Global) AUTO SERVER RESTART IN 5 MINUTES
﻿17:57:00 : RCon admin #0: (Global) AUTO SERVER RESTART IN 3 MINUTES
﻿17:59:00 : RCon admin #0: (Global) AUTO SERVER RESTART IN 1 MINUTE
﻿17:59:30 : RCon admin #0: (Global) AUTO SERVER RESTART IN 30 SECONDS! - LOG OUT NOW OR YOU MAY LOSE YOUR GEAR
﻿18:00:02 : Lost Connection!
﻿18:00:02 : Closing socket & exiting!
﻿18:00:33 : Rcon client logging in
﻿18:00:33 : RCon admin #0 (127.0.0.1:50141) logged in
﻿18:28:14 : Player #0 Carbonoid (66.30.112.69:2304) connected
﻿18:28:15 : Player #0 Carbonoid - GUID: 972fa863a0555009a12bd329b177b181 (unverified)
﻿18:28:15 : Verified GUID (972fa863a0555009a12bd329b177b181) of player #0 Carbonoid
﻿18:28:17 : Player #0 Carbonoid - Legacy GUID: d0998e822d3a3466c43f64fbaefb64c4
﻿18:28:51 : RCon admin #0: (To Carbonoid) BEC : You have about 60 seconds left to join the mission.
﻿18:29:17 : RCon admin #0: (To Carbonoid) BEC : You have about 30 seconds left to join the mission.
﻿18:29:34 : RCon admin #0: (To Carbonoid) BEC : You have about 15 seconds left to join the mission.
﻿18:51:49 : Could not connect to BE Master
﻿18:51:49 : Update attempt failed
﻿18:53:45 : Could not connect to BE Master
﻿18:53:45 : Update attempt failed
﻿18:55:42 : Could not connect to BE Master
﻿18:55:42 : Update attempt failed
﻿18:57:58 : Could not connect to BE Master
﻿18:57:58 : Update attempt failed
﻿19:02:32 : Failed to receive from BE Master (2)
﻿19:02:32 : Update attempt failed
﻿19:04:36 : Player #0 Carbonoid - Legacy GUID: d0998e822d3a3466c43f64fbaefb64c4
﻿20:11:16 : Player #0 Carbonoid disconnected
﻿20:55:00 : RCon admin #0: (Global) AUTO SERVER RESTART IN 5 MINUTES
﻿20:57:00 : RCon admin #0: (Global) AUTO SERVER RESTART IN 3 MINUTES
﻿20:59:00 : RCon admin #0: (Global) AUTO SERVER RESTART IN 1 MINUTE
﻿20:59:30 : RCon admin #0: (Global) AUTO SERVER RESTART IN 30 SECONDS! - LOG OUT NOW OR YOU MAY LOSE YOUR GEAR
﻿21:00:02 : Lost Connection!
﻿21:00:02 : Closing socket & exiting!
﻿21:00:33 : Rcon client logging in
﻿21:00:33 : RCon admin #0 (127.0.0.1:62244) logged in
