17:39:52 : Side: Mist: test
17:55:05 : Side: Mist: roger
17:55:41 : Side: Mist: can you also give the rcon stuff?
18:36:16 : Direct: Ayzerr: /Shitty.techno.enabled false;
18:39:11 : Side: iConnorN: scrubs
18:39:17 : Side: iConnorN: cant kill me at klen 
18:39:28 : Side: iConnorN: simulating actual side chat
18:39:28 : Side: Ayzerr: fuk u fagit mi base is massive den urs
18:42:25 : Side: Devin: hmm, side not supposed to be on
18:42:39 : Side: Devin: ill fix the battleye kicking
18:42:50 : Side: iConnorN: So the traders are really easy to defend
18:43:02 : Side: iConnorN: with multi story buildings. Its not a bad thing tho
18:43:21 : Side: Devin: yea, thats what we want
18:43:45 : Side: Devin: we want it to be risky, but not super easy to be sniped
18:43:52 : Side: iConnorN: Yeah
18:43:59 : Side: iConnorN: Lots of cover in here
18:44:13 : Side: Devin: it should mainly be CQC with SOME chance of being sniped if you are careless
18:45:02 : Direct: Mist: PHISHTV.SOMEHTINGSOMTEHITNG
18:45:06 : Direct: Ayzerr: phishtv.teamspeak3.com
18:45:14 : Direct: Ayzerr: pass = 15
19:04:50 : Side: Ayzerr: Blaze it
