21:05:02 : Group: Mist: scrub
21:05:05 : Group: Mist: get rekt
21:05:37 : Group: Mist: can you even connect
22:02:18 : Direct: iConnorN: c1
22:38:33 : Vehicle: AVDPiXELS: /WHAT THE FUCK
22:38:41 : Vehicle: AVDPiXELS: WHAT THE ACTUAL FUCK
22:38:57 : Direct: AVDPiXELS: ummmm
22:39:04 : Vehicle: AVDPiXELS: this is not what V tec is
22:40:29 : Vehicle: AVDPiXELS: i am so lost
22:40:44 : Vehicle: AVDPiXELS: more lost than an asian tourist
22:42:08 : Vehicle: AVDPiXELS: y u no vtex
22:43:49 : Direct: AVDPiXELS: nurrrr
22:44:13 : Direct: AVDPiXELS: wtf is going on
22:44:24 : Direct: AVDPiXELS: is that a cow
22:45:22 : Vehicle: AVDPiXELS: ummmmmm
22:45:38 : Vehicle: iConnorN: SHOOT MIST
22:46:20 : Vehicle: AVDPiXELS: i am so fucking lost
22:46:53 : Vehicle: iConnorN: TANKS OP
22:50:07 : Direct: AVDPiXELS: y u look at my titties
22:51:40 : Direct: Mist: RIP AVD
22:51:45 : Direct: Mist: WE WILL REMEMBER YOU
22:51:47 : Direct: AVDPiXELS: im alive faggots
22:51:57 : Direct: AVDPiXELS: lelelelelel
22:52:37 : Direct: AVDPiXELS: guess who's back, back again
22:52:45 : Direct: AVDPiXELS: wow
22:52:48 : Direct: AVDPiXELS: really
22:53:43 : Direct: AVDPiXELS: where is my lawyer
22:54:08 : Direct: AVDPiXELS: I believe I need to apply for compensation in the form ov V-TEC DOHC
22:54:17 : Direct: AVDPiXELS: or signs
22:54:37 : Direct: AVDPiXELS: uwotm8
22:55:56 : Direct: AVDPiXELS: yall better be laughing now
22:57:16 : Direct: AVDPiXELS: knock knock
22:57:30 : Direct: AVDPiXELS: KNOCK KNOCK
22:58:24 : Direct: AVDPiXELS: nuuurrrr
