17:06:13 : Direct: Devin: tag
17:28:11 : Direct: Devin: build
17:28:33 : Direct: NcA: can't tag as friendly
17:28:46 : Direct: Devin: now try
17:29:08 : Direct: Devin: database black magic
17:30:33 : Direct: NcA: broken
17:30:52 : Direct: Devin: wtf....
17:31:01 : Direct: NcA: it's good
17:31:05 : Direct: NcA: think I derped
17:31:08 : Direct: Devin: oh, ok
17:31:09 : Direct: Devin: whew
17:31:15 : Direct: NcA: couldn't see the object
17:31:16 : Direct: Devin: you can see menu?
17:31:21 : Direct: NcA: but, garage door
17:31:25 : Direct: NcA: yup
17:32:31 : Direct: NcA: ow
17:33:01 : Side: Devin: neeed to disable side
17:33:15 : Side: Devin: ok, now that we know its working
17:33:31 : Side: NcA: yup
17:33:39 : Side: Devin: log off
17:33:44 : Side: Devin: gonna bring down and then back up
17:33:47 : Side: Devin: to verify
17:33:55 : Side: NcA: kk
17:33:57 : Side: NcA: 1 sec
17:39:05 : Direct: Devin: its broken again
17:39:23 : Direct: NcA: building altogether?
17:39:27 : Direct: NcA: or snapping?
17:39:34 : Direct: Devin: no, same syptoms as before
17:39:54 : Direct: Devin: try to buy
17:39:56 : Direct: NcA: traders are back here?
17:40:14 : Direct: NcA: can sell
17:40:24 : Direct: Devin: buying broken
17:41:17 : Direct: NcA: worked
17:41:21 : Direct: NcA: sorts
17:41:34 : Direct: NcA: yup
17:41:37 : Direct: NcA: I have bacon
