BattlEye for A2
D:E:\SteamLibrary
D:E:\SteamLibrary\steamapps
D:E:\SteamLibrary\steamapps\common
D:E:\SteamLibrary\steamapps\common\Arma 2
D:E:\SteamLibrary\steamapps\common\Arma 2\BattlEye
F:E:\SteamLibrary\steamapps\common\Arma 2\BattlEye\BEClient.dll
F:E:\SteamLibrary\steamapps\common\Arma 2\BattlEye\BEServer.dll
F:E:\SteamLibrary\steamapps\common\Arma 2\BattlEye\UninstallBE.csv
F:E:\SteamLibrary\steamapps\common\Arma 2\BattlEye\UnInstallBE.exe
D:C:\Users
D:C:\Users\Phobix
D:C:\Users\Phobix\AppData
D:C:\Users\Phobix\AppData\Roaming
D:C:\Users\Phobix\AppData\Roaming\Microsoft
D:C:\Users\Phobix\AppData\Roaming\Microsoft\Windows
D:C:\Users\Phobix\AppData\Roaming\Microsoft\Windows\Start Menu
D:C:\Users\Phobix\AppData\Roaming\Microsoft\Windows\Start Menu\Programs
D:C:\Users\Phobix\AppData\Roaming\Microsoft\Windows\Start Menu\Programs\Bohemia Interactive
D:C:\Users\Phobix\AppData\Roaming\Microsoft\Windows\Start Menu\Programs\Bohemia Interactive\ArmA 2
D:C:\Users\Phobix\AppData\Roaming\Microsoft\Windows\Start Menu\Programs\Bohemia Interactive\ArmA 2\BattlEye
F:C:\Users\Phobix\AppData\Roaming\Microsoft\Windows\Start Menu\Programs\Bohemia Interactive\ArmA 2\BattlEye\Uninstall BattlEye.lnk
K:Software\Microsoft\Windows\CurrentVersion\Uninstall\BattlEye for A2
K:Software\Bohemia Interactive\ArmA 2\BattlEye
F:E:\SteamLibrary\steamapps\common\Arma 2\BattlEye\UnInstallBE.log
